<?xml version="1.0" encoding="utf-8" standalone="no"?>
<!--This file represents the results of running a test suite-->
<test-results name="C:\Development\Remotion\trunk\Remotion\ObjectBinding\UnitTests\bin\Debug\Remotion.ObjectBinding.UnitTests.dll" total="1414" errors="0" failures="0" not-run="31" inconclusive="0" ignored="31" skipped="0" invalid="0" date="2011-03-30" time="13:42:49">
  <environment nunit-version="2.5.9.10348" clr-version="2.0.50727.4952" os-version="Microsoft Windows NT 6.1.7600.0" platform="Win32NT" cwd="C:\Development\Remotion\trunk\prereq\Tools\NUnit 2.5\bin\net-2.0" machine-name="AT-VIE-DEV-53" user="michael.ketting" user-domain="RUBICON" />
  <culture-info current-culture="de-AT" current-uiculture="en-US" />
  <test-suite type="Assembly" name="C:\Development\Remotion\trunk\Remotion\ObjectBinding\UnitTests\bin\Debug\Remotion.ObjectBinding.UnitTests.dll" executed="True" result="Success" success="True" time="25.889" asserts="0">
    <results>
      <test-suite type="Namespace" name="Remotion" executed="True" result="Success" success="True" time="25.734" asserts="0">
        <results>
          <test-suite type="Namespace" name="ObjectBinding" executed="True" result="Success" success="True" time="25.562" asserts="0">
            <results>
              <test-suite type="Namespace" name="UnitTests" executed="True" result="Success" success="True" time="25.468" asserts="0">
                <results>
                  <test-suite type="TestFixture" name="BocLegacyServiceConfigurationServiceTest" executed="True" result="Success" success="True" time="0.266" asserts="0">
                    <results>
                      <test-case name="Remotion.ObjectBinding.UnitTests.BocLegacyServiceConfigurationServiceTest.GetConfiguration" executed="True" result="Success" success="True" time="0.130" asserts="1" />
                      <test-case name="Remotion.ObjectBinding.UnitTests.BocLegacyServiceConfigurationServiceTest.RegisterLegacyTypesToNewDefaultServiceLocator" executed="True" result="Success" success="True" time="0.121" asserts="23" />
                    </results>
                  </test-suite>
                  <test-suite type="Namespace" name="Core" executed="True" result="Success" success="True" time="7.646" asserts="0">
                    <results>
                      <test-suite type="Namespace" name="BindableObject" executed="True" result="Success" success="True" time="5.864" asserts="0">
                        <results>
                          <test-suite type="TestFixture" name="BindableObjectBaseImplementationTest" executed="True" result="Success" success="True" time="2.021" asserts="0">
                            <results>
                              <test-case name="Remotion.ObjectBinding.UnitTests.Core.BindableObject.BindableObjectBaseImplementationTest.BaseDisplayName" executed="True" result="Success" success="True" time="2.011" asserts="1" />
                              <test-case name="Remotion.ObjectBinding.UnitTests.Core.BindableObject.BindableObjectBaseImplementationTest.Create" executed="True" result="Success" success="True" time="0.004" asserts="2" />
                              <test-case name="Remotion.ObjectBinding.UnitTests.Core.BindableObject.BindableObjectBaseImplementationTest.Deserialization" executed="True" result="Success" success="True" time="0.004" asserts="2" />
                              <test-case name="Remotion.ObjectBinding.UnitTests.Core.BindableObject.BindableObjectBaseImplementationTest.DisplayName_ViaImplementation_Default" executed="True" result="Success" success="True" time="0.001" asserts="1" />
                              <test-case name="Remotion.ObjectBinding.UnitTests.Core.BindableObject.BindableObjectBaseImplementationTest.DisplayName_ViaImplementation_Overridden" executed="True" result="Success" success="True" time="0.001" asserts="1" />
                            </results>
                          </test-suite>
                          <test-suite type="TestFixture" name="BindableObjectBaseIntegrationTest" executed="True" result="Success" success="True" time="0.073" asserts="0">
                            <results>
                              <test-case name="Remotion.ObjectBinding.UnitTests.Core.BindableObject.BindableObjectBaseIntegrationTest.BusinessObjectClass" executed="True" result="Success" success="True" time="0.002" asserts="4" />
                              <test-case name="Remotion.ObjectBinding.UnitTests.Core.BindableObject.BindableObjectBaseIntegrationTest.ClassDerivedFromBindableObjectBaseOverridingMixinMethod" executed="True" result="Success" success="True" time="0.023" asserts="3" />
                              <test-case name="Remotion.ObjectBinding.UnitTests.Core.BindableObject.BindableObjectBaseIntegrationTest.DisplayName_Default" executed="True" result="Success" success="True" time="0.000" asserts="1" />
                              <test-case name="Remotion.ObjectBinding.UnitTests.Core.BindableObject.BindableObjectBaseIntegrationTest.DisplayName_Overridden" executed="True" result="Success" success="True" time="0.000" asserts="1" />
                              <test-case name="Remotion.ObjectBinding.UnitTests.Core.BindableObject.BindableObjectBaseIntegrationTest.DisplayNameSafe_Default" executed="True" result="Success" success="True" time="0.002" asserts="1" />
                              <test-case name="Remotion.ObjectBinding.UnitTests.Core.BindableObject.BindableObjectBaseIntegrationTest.DisplayNameSafe_Overridden" executed="True" result="Success" success="True" time="0.010" asserts="1" />
                              <test-case name="Remotion.ObjectBinding.UnitTests.Core.BindableObject.BindableObjectBaseIntegrationTest.GetProperty" executed="True" result="Success" success="True" time="0.003" asserts="1" />
                              <test-case name="Remotion.ObjectBinding.UnitTests.Core.BindableObject.BindableObjectBaseIntegrationTest.GetProperty_ExplicitInterfaceScalar" executed="True" result="Success" success="True" time="0.021" asserts="1" />
                              <test-case name="Remotion.ObjectBinding.UnitTests.Core.BindableObject.BindableObjectBaseIntegrationTest.GetProperty_ImplicitInterfaceReadOnlyScalar_WithReadWriteImplementation" executed="True" result="Success" success="True" time="0.002" asserts="1" />
                              <test-case name="Remotion.ObjectBinding.UnitTests.Core.BindableObject.BindableObjectBaseIntegrationTest.GetProperty_ImplicitInterfaceScalar" executed="True" result="Success" success="True" time="0.001" asserts="1" />
                              <test-case name="Remotion.ObjectBinding.UnitTests.Core.BindableObject.BindableObjectBaseIntegrationTest.GetProvider" executed="True" result="Success" success="True" time="0.001" asserts="2" />
                              <test-case name="Remotion.ObjectBinding.UnitTests.Core.BindableObject.BindableObjectBaseIntegrationTest.SetProperty" executed="True" result="Success" success="True" time="0.002" asserts="1" />
                              <test-case name="Remotion.ObjectBinding.UnitTests.Core.BindableObject.BindableObjectBaseIntegrationTest.SetProperty_ExplicitInterfaceScalar" executed="True" result="Success" success="True" time="0.001" asserts="1" />
                              <test-case name="Remotion.ObjectBinding.UnitTests.Core.BindableObject.BindableObjectBaseIntegrationTest.SetProperty_ImplicitInterfaceReadOnlyScalar_WithReadWriteImplementation" executed="False" result="Ignored">
                                <reason>
                                  <message><![CDATA[COMMONS-1439]]></message>
                                </reason>
                              </test-case>
                              <test-case name="Remotion.ObjectBinding.UnitTests.Core.BindableObject.BindableObjectBaseIntegrationTest.SetProperty_ImplicitInterfaceScalar" executed="True" result="Success" success="True" time="0.001" asserts="1" />
                            </results>
                          </test-suite>
                          <test-suite type="TestFixture" name="BindableObjectBaseTest" executed="True" result="Success" success="True" time="0.394" asserts="0">
                            <results>
                              <test-case name="Remotion.ObjectBinding.UnitTests.Core.BindableObject.BindableObjectBaseTest.BindableObjectBaseClassAttribute" executed="True" result="Success" success="True" time="0.296" asserts="1" />
                              <test-case name="Remotion.ObjectBinding.UnitTests.Core.BindableObject.BindableObjectBaseTest.BindableObjectProviderAttribute" executed="True" result="Success" success="True" time="0.002" asserts="1" />
                              <test-case name="Remotion.ObjectBinding.UnitTests.Core.BindableObject.BindableObjectBaseTest.BusinessObjectClass" executed="True" result="Success" success="True" time="0.038" asserts="1" />
                              <test-case name="Remotion.ObjectBinding.UnitTests.Core.BindableObject.BindableObjectBaseTest.CreateImplementation" executed="True" result="Success" success="True" time="0.001" asserts="1" />
                              <test-case name="Remotion.ObjectBinding.UnitTests.Core.BindableObject.BindableObjectBaseTest.DisplayName" executed="True" result="Success" success="True" time="0.005" asserts="1" />
                              <test-case name="Remotion.ObjectBinding.UnitTests.Core.BindableObject.BindableObjectBaseTest.DisplayNameSafe" executed="True" result="Success" success="True" time="0.002" asserts="1" />
                              <test-case name="Remotion.ObjectBinding.UnitTests.Core.BindableObject.BindableObjectBaseTest.GetProperty" executed="True" result="Success" success="True" time="0.041" asserts="1" />
                              <test-case name="Remotion.ObjectBinding.UnitTests.Core.BindableObject.BindableObjectBaseTest.GetPropertyString" executed="True" result="Success" success="True" time="0.002" asserts="1" />
                              <test-case name="Remotion.ObjectBinding.UnitTests.Core.BindableObject.BindableObjectBaseTest.Implementation_IsInitialized" executed="True" result="Success" success="True" time="0.001" asserts="1" />
                              <test-case name="Remotion.ObjectBinding.UnitTests.Core.BindableObject.BindableObjectBaseTest.Serialization" executed="True" result="Success" success="True" time="0.001" asserts="1" />
                              <test-case name="Remotion.ObjectBinding.UnitTests.Core.BindableObject.BindableObjectBaseTest.SetProperty" executed="True" result="Success" success="True" time="0.003" asserts="0" />
                            </results>
                          </test-suite>
                          <test-suite type="TestFixture" name="BindableObjectClassTest" executed="True" result="Success" success="True" time="0.244" asserts="0">
                            <results>
                              <test-case name="Remotion.ObjectBinding.UnitTests.Core.BindableObject.BindableObjectClassTest.GetPropertyDefinition" executed="True" result="Success" success="True" time="0.122" asserts="8" />
                              <test-case name="Remotion.ObjectBinding.UnitTests.Core.BindableObject.BindableObjectClassTest.GetPropertyDefinition_ForMixedProperty" executed="True" result="Success" success="True" time="0.030" asserts="8" />
                              <test-case name="Remotion.ObjectBinding.UnitTests.Core.BindableObject.BindableObjectClassTest.GetPropertyDefinition_FromOverriddenPropertiesProperty" executed="True" result="Success" success="True" time="0.056" asserts="2" />
                              <test-case name="Remotion.ObjectBinding.UnitTests.Core.BindableObject.BindableObjectClassTest.GetPropertyDefinition_WithInvalidPropertyName" executed="True" result="Success" success="True" time="0.008" asserts="0" />
                              <test-case name="Remotion.ObjectBinding.UnitTests.Core.BindableObject.BindableObjectClassTest.GetPropertyDefinitions" executed="True" result="Success" success="True" time="0.009" asserts="92" />
                              <test-case name="Remotion.ObjectBinding.UnitTests.Core.BindableObject.BindableObjectClassTest.GetPropertyDefinitions_FromOverriddenPropertiesProperty" executed="True" result="Success" success="True" time="0.002" asserts="2" />
                              <test-case name="Remotion.ObjectBinding.UnitTests.Core.BindableObject.BindableObjectClassTest.HasPropertyDefinition" executed="True" result="Success" success="True" time="0.005" asserts="2" />
                              <test-case name="Remotion.ObjectBinding.UnitTests.Core.BindableObject.BindableObjectClassTest.HasPropertyDefinition_ForMixedProperty" executed="True" result="Success" success="True" time="0.006" asserts="1" />
                              <test-case name="Remotion.ObjectBinding.UnitTests.Core.BindableObject.BindableObjectClassTest.HasPropertyDefinition_FromOverriddenPropertiesProperty" executed="True" result="Success" success="True" time="0.001" asserts="3" />
                              <test-case name="Remotion.ObjectBinding.UnitTests.Core.BindableObject.BindableObjectClassTest.Initialize" executed="True" result="Success" success="True" time="0.002" asserts="7" />
                              <test-case name="Remotion.ObjectBinding.UnitTests.Core.BindableObject.BindableObjectClassTest.Initialize_WithGeneric" executed="True" result="Success" success="True" time="0.000" asserts="1" />
                              <test-case name="Remotion.ObjectBinding.UnitTests.Core.BindableObject.BindableObjectClassTest.Initialize_WithTypeDerivedFromBindableObjectBase" executed="True" result="Success" success="True" time="0.001" asserts="2" />
                              <test-case name="Remotion.ObjectBinding.UnitTests.Core.BindableObject.BindableObjectClassTest.Initialize_WithUnmixedType" executed="True" result="Success" success="True" time="0.000" asserts="2" />
                              <test-case name="Remotion.ObjectBinding.UnitTests.Core.BindableObject.BindableObjectClassTest.SetPropertyDefinitions" executed="True" result="Success" success="True" time="0.002" asserts="5" />
                            </results>
                          </test-suite>
                          <test-suite type="TestFixture" name="BindableObjectClassWithIdentityTest" executed="True" result="Success" success="True" time="0.109" asserts="0">
                            <results>
                              <test-case name="Remotion.ObjectBinding.UnitTests.Core.BindableObject.BindableObjectClassWithIdentityTest.GetObject_WithCustomService" executed="True" result="Success" success="True" time="0.080" asserts="1" />
                              <test-case name="Remotion.ObjectBinding.UnitTests.Core.BindableObject.BindableObjectClassWithIdentityTest.GetObject_WithDefaultService" executed="True" result="Success" success="True" time="0.026" asserts="1" />
                              <test-case name="Remotion.ObjectBinding.UnitTests.Core.BindableObject.BindableObjectClassWithIdentityTest.GetObject_WithoutService" executed="True" result="Success" success="True" time="0.002" asserts="0" />
                              <test-case name="Remotion.ObjectBinding.UnitTests.Core.BindableObject.BindableObjectClassWithIdentityTest.Initialize" executed="True" result="Success" success="True" time="0.001" asserts="4" />
                            </results>
                          </test-suite>
                          <test-suite type="Namespace" name="BindableObjectDataSourceTests" executed="True" result="Success" success="True" time="0.614" asserts="0">
                            <results>
                              <test-suite type="TestFixture" name="DesignTime" executed="True" result="Success" success="True" time="0.571" asserts="0">
                                <results>
                                  <test-case name="Remotion.ObjectBinding.UnitTests.Core.BindableObject.BindableObjectDataSourceTests.DesignTime.GetAndSetType" executed="True" result="Success" success="True" time="0.541" asserts="2" />
                                  <test-case name="Remotion.ObjectBinding.UnitTests.Core.BindableObject.BindableObjectDataSourceTests.DesignTime.GetBusinessObjectClass" executed="True" result="Success" success="True" time="0.011" asserts="2" />
                                  <test-case name="Remotion.ObjectBinding.UnitTests.Core.BindableObject.BindableObjectDataSourceTests.DesignTime.GetBusinessObjectClass_SameTwice" executed="True" result="Success" success="True" time="0.006" asserts="2" />
                                  <test-case name="Remotion.ObjectBinding.UnitTests.Core.BindableObject.BindableObjectDataSourceTests.DesignTime.GetBusinessObjectClass_WithNonBindableType" executed="True" result="Success" success="True" time="0.004" asserts="0" />
                                  <test-case name="Remotion.ObjectBinding.UnitTests.Core.BindableObject.BindableObjectDataSourceTests.DesignTime.GetBusinessObjectClass_WithTypeDerivedFromBaseClass" executed="True" result="Success" success="True" time="0.005" asserts="2" />
                                  <test-case name="Remotion.ObjectBinding.UnitTests.Core.BindableObject.BindableObjectDataSourceTests.DesignTime.GetType_WithNull" executed="True" result="Success" success="True" time="0.003" asserts="1" />
                                </results>
                              </test-suite>
                              <test-suite type="TestFixture" name="RunTime" executed="True" result="Success" success="True" time="0.041" asserts="0">
                                <results>
                                  <test-case name="Remotion.ObjectBinding.UnitTests.Core.BindableObject.BindableObjectDataSourceTests.RunTime.GetAndSetBusinessObject" executed="True" result="Success" success="True" time="0.033" asserts="1" />
                                  <test-case name="Remotion.ObjectBinding.UnitTests.Core.BindableObject.BindableObjectDataSourceTests.RunTime.GetAndSetType" executed="True" result="Success" success="True" time="0.002" asserts="2" />
                                  <test-case name="Remotion.ObjectBinding.UnitTests.Core.BindableObject.BindableObjectDataSourceTests.RunTime.GetAndSetType_WithNull" executed="True" result="Success" success="True" time="0.001" asserts="1" />
                                  <test-case name="Remotion.ObjectBinding.UnitTests.Core.BindableObject.BindableObjectDataSourceTests.RunTime.GetBusinessObjectClass_WithoutType" executed="True" result="Success" success="True" time="0.001" asserts="2" />
                                  <test-case name="Remotion.ObjectBinding.UnitTests.Core.BindableObject.BindableObjectDataSourceTests.RunTime.GetBusinessObjectClass_WithTypeNotUsingBindableObjectMixin" executed="True" result="Success" success="True" time="0.001" asserts="0" />
                                  <test-case name="Remotion.ObjectBinding.UnitTests.Core.BindableObject.BindableObjectDataSourceTests.RunTime.GetBusinessObjectClass_WithValidType" executed="True" result="Success" success="True" time="0.002" asserts="1" />
                                </results>
                              </test-suite>
                            </results>
                          </test-suite>
                          <test-suite type="TestFixture" name="BindableObjectDefaultValueStrategyTest" executed="True" result="Success" success="True" time="0.057" asserts="0">
                            <results>
                              <test-case name="Remotion.ObjectBinding.UnitTests.Core.BindableObject.BindableObjectDefaultValueStrategyTest.IsDefaultValue" executed="True" result="Success" success="True" time="0.055" asserts="1" />
                            </results>
                          </test-suite>
                          <test-suite type="TestFixture" name="BindableObjectGlobalizationServiceTest" executed="True" result="Success" success="True" time="0.106" asserts="0">
                            <results>
                              <test-case name="Remotion.ObjectBinding.UnitTests.Core.BindableObject.BindableObjectGlobalizationServiceTest.GetBooleanValueDisplayName" executed="True" result="Success" success="True" time="0.009" asserts="2" />
                              <test-case name="Remotion.ObjectBinding.UnitTests.Core.BindableObject.BindableObjectGlobalizationServiceTest.GetEnumerationValueDisplayName" executed="True" result="Success" success="True" time="0.004" asserts="3" />
                              <test-case name="Remotion.ObjectBinding.UnitTests.Core.BindableObject.BindableObjectGlobalizationServiceTest.GetEnumerationValueDisplayName_WithDescription" executed="True" result="Success" success="True" time="0.003" asserts="3" />
                              <test-case name="Remotion.ObjectBinding.UnitTests.Core.BindableObject.BindableObjectGlobalizationServiceTest.GetEnumerationValueDisplayName_WithoutResources" executed="True" result="Success" success="True" time="0.001" asserts="3" />
                              <test-case name="Remotion.ObjectBinding.UnitTests.Core.BindableObject.BindableObjectGlobalizationServiceTest.GetExtensibleEnumerationValueDisplayName" executed="True" result="Success" success="True" time="0.005" asserts="3" />
                              <test-case name="Remotion.ObjectBinding.UnitTests.Core.BindableObject.BindableObjectGlobalizationServiceTest.GetPropertyDisplayName" executed="True" result="Success" success="True" time="0.017" asserts="2" />
                              <test-case name="Remotion.ObjectBinding.UnitTests.Core.BindableObject.BindableObjectGlobalizationServiceTest.GetPropertyDisplayName_WithMixin" executed="True" result="Success" success="True" time="0.013" asserts="2" />
                              <test-case name="Remotion.ObjectBinding.UnitTests.Core.BindableObject.BindableObjectGlobalizationServiceTest.GetPropertyDisplayName_WithoutMultiLingualResourcesAttribute" executed="True" result="Success" success="True" time="0.000" asserts="2" />
                              <test-case name="Remotion.ObjectBinding.UnitTests.Core.BindableObject.BindableObjectGlobalizationServiceTest.GetPropertyDisplayName_WithoutResourceForProperty" executed="True" result="Success" success="True" time="0.001" asserts="2" />
                              <test-case name="Remotion.ObjectBinding.UnitTests.Core.BindableObject.BindableObjectGlobalizationServiceTest.GetPropertyDisplayName_WithPropertyAddedByMixin" executed="True" result="Success" success="True" time="0.014" asserts="1" />
                              <test-case name="Remotion.ObjectBinding.UnitTests.Core.BindableObject.BindableObjectGlobalizationServiceTest.GetPropertyDisplayName_WithTwoMixins_WithDependency_IntegrationTest" executed="False" result="Ignored">
                                <reason>
                                  <message><![CDATA[BindableObjectGlobalizationService currently does not support dynamic changes to the mixin configuration. (TODO: change that)]]></message>
                                </reason>
                              </test-case>
                              <test-case name="Remotion.ObjectBinding.UnitTests.Core.BindableObject.BindableObjectGlobalizationServiceTest.GetPropertyDisplayName_WithTwoMixins_WithDependency1_IntegrationTest" executed="True" result="Success" success="True" time="0.023" asserts="2" />
                              <test-case name="Remotion.ObjectBinding.UnitTests.Core.BindableObject.BindableObjectGlobalizationServiceTest.GetPropertyDisplayName_WithTwoMixins_WithDependency2_IntegrationTest" executed="True" result="Success" success="True" time="0.010" asserts="2" />
                            </results>
                          </test-suite>
                          <test-suite type="TestFixture" name="BindableObjectMetadataFactoryTest" executed="True" result="Success" success="True" time="0.016" asserts="0">
                            <results>
                              <test-case name="Remotion.ObjectBinding.UnitTests.Core.BindableObject.BindableObjectMetadataFactoryTest.CreateClassReflector" executed="True" result="Success" success="True" time="0.001" asserts="2" />
                              <test-case name="Remotion.ObjectBinding.UnitTests.Core.BindableObject.BindableObjectMetadataFactoryTest.CreatePropertyFinder" executed="True" result="Success" success="True" time="0.001" asserts="2" />
                              <test-case name="Remotion.ObjectBinding.UnitTests.Core.BindableObject.BindableObjectMetadataFactoryTest.CreatePropertyReflector" executed="True" result="Success" success="True" time="0.001" asserts="2" />
                              <test-case name="Remotion.ObjectBinding.UnitTests.Core.BindableObject.BindableObjectMetadataFactoryTest.Instantiate_WithMixin" executed="True" result="Success" success="True" time="0.009" asserts="2" />
                            </results>
                          </test-suite>
                          <test-suite type="Namespace" name="BindableObjectMixinTests" executed="True" result="Success" success="True" time="0.274" asserts="0">
                            <results>
                              <test-suite type="TestFixture" name="Common" executed="True" result="Success" success="True" time="0.041" asserts="0">
                                <results>
                                  <test-case name="Remotion.ObjectBinding.UnitTests.Core.BindableObject.BindableObjectMixinTests.Common.DisplayName" executed="True" result="Success" success="True" time="0.007" asserts="1" />
                                  <test-case name="Remotion.ObjectBinding.UnitTests.Core.BindableObject.BindableObjectMixinTests.Common.GetProvider" executed="True" result="Success" success="True" time="0.000" asserts="2" />
                                  <test-case name="Remotion.ObjectBinding.UnitTests.Core.BindableObject.BindableObjectMixinTests.Common.InstantiateMixedType" executed="True" result="Success" success="True" time="0.001" asserts="1" />
                                  <test-case name="Remotion.ObjectBinding.UnitTests.Core.BindableObject.BindableObjectMixinTests.Common.SerializeAndDeserialize" executed="True" result="Success" success="True" time="0.029" asserts="2" />
                                  <test-case name="Remotion.ObjectBinding.UnitTests.Core.BindableObject.BindableObjectMixinTests.Common.SerializeAndDeserialize_WithNewBindableObjectProvider" executed="True" result="Success" success="True" time="0.004" asserts="1" />
                                </results>
                              </test-suite>
                              <test-suite type="TestFixture" name="DefaultValueTest" executed="True" result="Success" success="True" time="0.027" asserts="0">
                                <results>
                                  <test-case name="Remotion.ObjectBinding.UnitTests.Core.BindableObject.BindableObjectMixinTests.DefaultValueTest.GetProperty_NormallyReturnsNonNull" executed="True" result="Success" success="True" time="0.025" asserts="2" />
                                  <test-case name="Remotion.ObjectBinding.UnitTests.Core.BindableObject.BindableObjectMixinTests.DefaultValueTest.GetProperty_ReturnsNonNull_WhenDefaultValueTrueOnList" executed="True" result="Success" success="True" time="0.001" asserts="2" />
                                  <test-case name="Remotion.ObjectBinding.UnitTests.Core.BindableObject.BindableObjectMixinTests.DefaultValueTest.GetProperty_ReturnsNull_WhenDefaultValueTrue" executed="True" result="Success" success="True" time="0.000" asserts="1" />
                                </results>
                              </test-suite>
                              <test-suite type="TestFixture" name="GetBusinessObjectClass" executed="True" result="Success" success="True" time="0.031" asserts="0">
                                <results>
                                  <test-case name="Remotion.ObjectBinding.UnitTests.Core.BindableObject.BindableObjectMixinTests.GetBusinessObjectClass.FromClass" executed="True" result="Success" success="True" time="0.002" asserts="3" />
                                  <test-case name="Remotion.ObjectBinding.UnitTests.Core.BindableObject.BindableObjectMixinTests.GetBusinessObjectClass.FromInterface" executed="True" result="Success" success="True" time="0.002" asserts="3" />
                                  <test-case name="Remotion.ObjectBinding.UnitTests.Core.BindableObject.BindableObjectMixinTests.GetBusinessObjectClass.LazyInitialization_KeepsMixinConfigurationOfConstructionTime" executed="True" result="Success" success="True" time="0.017" asserts="2" />
                                  <test-case name="Remotion.ObjectBinding.UnitTests.Core.BindableObject.BindableObjectMixinTests.GetBusinessObjectClass.LazyInitialization_KeepsMixinConfigurationOfDeserializationTime" executed="True" result="Success" success="True" time="0.006" asserts="2" />
                                  <test-case name="Remotion.ObjectBinding.UnitTests.Core.BindableObject.BindableObjectMixinTests.GetBusinessObjectClass.LazyInitialization_KeepsProviderOfConstructionTime" executed="True" result="Success" success="True" time="0.003" asserts="3" />
                                </results>
                              </test-suite>
                              <test-suite type="TestFixture" name="GetDisplayName" executed="True" result="Success" success="True" time="0.119" asserts="0">
                                <results>
                                  <test-case name="Remotion.ObjectBinding.UnitTests.Core.BindableObject.BindableObjectMixinTests.GetDisplayName.DisplayName" executed="True" result="Success" success="True" time="0.026" asserts="1" />
                                  <test-case name="Remotion.ObjectBinding.UnitTests.Core.BindableObject.BindableObjectMixinTests.GetDisplayName.DisplayNameSafe_WithoutOverriddenDisplayName" executed="True" result="Success" success="True" time="0.049" asserts="1" />
                                  <test-case name="Remotion.ObjectBinding.UnitTests.Core.BindableObject.BindableObjectMixinTests.GetDisplayName.DisplayNameSafe_WithOverriddenDisplayNameAndAccessGranted" executed="True" result="Success" success="True" time="0.029" asserts="1" />
                                  <test-case name="Remotion.ObjectBinding.UnitTests.Core.BindableObject.BindableObjectMixinTests.GetDisplayName.DisplayNameSafe_WithOverriddenDisplayNameAndWithAccessDenied" executed="True" result="Success" success="True" time="0.002" asserts="1" />
                                  <test-case name="Remotion.ObjectBinding.UnitTests.Core.BindableObject.BindableObjectMixinTests.GetDisplayName.OverriddenDisplayName" executed="True" result="Success" success="True" time="0.013" asserts="1" />
                                </results>
                              </test-suite>
                              <test-suite type="TestFixture" name="GetProperty" executed="True" result="Success" success="True" time="0.005" asserts="0">
                                <results>
                                  <test-case name="Remotion.ObjectBinding.UnitTests.Core.BindableObject.BindableObjectMixinTests.GetProperty.WithBusinessObjectProperty" executed="True" result="Success" success="True" time="0.002" asserts="1" />
                                  <test-case name="Remotion.ObjectBinding.UnitTests.Core.BindableObject.BindableObjectMixinTests.GetProperty.WithoutGetter" executed="False" result="Ignored">
                                    <reason>
                                      <message><![CDATA[TODO: discuss desired behavior]]></message>
                                    </reason>
                                  </test-case>
                                  <test-case name="Remotion.ObjectBinding.UnitTests.Core.BindableObject.BindableObjectMixinTests.GetProperty.WithPropertyIdentifier" executed="True" result="Success" success="True" time="0.001" asserts="1" />
                                </results>
                              </test-suite>
                              <test-suite type="TestFixture" name="GetPropertyString" executed="True" result="Success" success="True" time="0.033" asserts="0">
                                <results>
                                  <test-case name="Remotion.ObjectBinding.UnitTests.Core.BindableObject.BindableObjectMixinTests.GetPropertyString.FromIdentifier" executed="True" result="Success" success="True" time="0.031" asserts="2" />
                                  <test-case name="Remotion.ObjectBinding.UnitTests.Core.BindableObject.BindableObjectMixinTests.GetPropertyString.FromProperty" executed="True" result="Success" success="True" time="0.002" asserts="2" />
                                </results>
                              </test-suite>
                              <test-suite type="TestFixture" name="SetProperty" executed="True" result="Success" success="True" time="0.006" asserts="0">
                                <results>
                                  <test-case name="Remotion.ObjectBinding.UnitTests.Core.BindableObject.BindableObjectMixinTests.SetProperty.WithBusinessObjectProperty" executed="True" result="Success" success="True" time="0.002" asserts="1" />
                                  <test-case name="Remotion.ObjectBinding.UnitTests.Core.BindableObject.BindableObjectMixinTests.SetProperty.WithoutSetter" executed="False" result="Ignored">
                                    <reason>
                                      <message><![CDATA[TODO: discuss desired behavior]]></message>
                                    </reason>
                                  </test-case>
                                  <test-case name="Remotion.ObjectBinding.UnitTests.Core.BindableObject.BindableObjectMixinTests.SetProperty.WithPropertyIdentifier" executed="True" result="Success" success="True" time="0.002" asserts="1" />
                                </results>
                              </test-suite>
                            </results>
                          </test-suite>
                          <test-suite type="TestFixture" name="BindableObjectProviderAttributeTest" executed="True" result="Success" success="True" time="0.001" asserts="0">
                            <results>
                              <test-case name="Remotion.ObjectBinding.UnitTests.Core.BindableObject.BindableObjectProviderAttributeTest.Initialize" executed="True" result="Success" success="True" time="0.000" asserts="1" />
                            </results>
                          </test-suite>
                          <test-suite type="TestFixture" name="BindableObjectProviderTest" executed="True" result="Success" success="True" time="0.119" asserts="0">
                            <results>
                              <test-case name="Remotion.ObjectBinding.UnitTests.Core.BindableObject.BindableObjectProviderTest.GetBindableObjectClass" executed="True" result="Success" success="True" time="0.060" asserts="1" />
                              <test-case name="Remotion.ObjectBinding.UnitTests.Core.BindableObject.BindableObjectProviderTest.GetBindableObjectClass_SameTwice" executed="True" result="Success" success="True" time="0.003" asserts="1" />
                              <test-case name="Remotion.ObjectBinding.UnitTests.Core.BindableObject.BindableObjectProviderTest.GetBindableObjectClass_WithTypeDerivedFromBindableObjectBase" executed="True" result="Success" success="True" time="0.002" asserts="2" />
                              <test-case name="Remotion.ObjectBinding.UnitTests.Core.BindableObject.BindableObjectProviderTest.GetBindableObjectClass_WithTypeDerivedFromBindableObjectWithIdentityBase" executed="True" result="Success" success="True" time="0.002" asserts="2" />
                              <test-case name="Remotion.ObjectBinding.UnitTests.Core.BindableObject.BindableObjectProviderTest.GetBindableObjectClass_WithTypeNotUsingBindableObjectMixin" executed="True" result="Success" success="True" time="0.001" asserts="2" />
                              <test-case name="Remotion.ObjectBinding.UnitTests.Core.BindableObject.BindableObjectProviderTest.GetMetadataFactory_WithDefaultFactory" executed="True" result="Success" success="True" time="0.002" asserts="1" />
                              <test-case name="Remotion.ObjectBinding.UnitTests.Core.BindableObject.BindableObjectProviderTest.GetMetadataFactoryForType_WithCustomMetadataFactory" executed="True" result="Success" success="True" time="0.001" asserts="1" />
                              <test-case name="Remotion.ObjectBinding.UnitTests.Core.BindableObject.BindableObjectProviderTest.GetProviderForBindableObjectType" executed="True" result="Success" success="True" time="0.001" asserts="2" />
                              <test-case name="Remotion.ObjectBinding.UnitTests.Core.BindableObject.BindableObjectProviderTest.GetProviderForBindableObjectType_WithAttributeFromMixinOverridingAttributeInheritedFromBase" executed="True" result="Success" success="True" time="0.013" asserts="3" />
                              <test-case name="Remotion.ObjectBinding.UnitTests.Core.BindableObject.BindableObjectProviderTest.GetProviderForBindableObjectType_WithAttributeFromTypeOverridingAttributeFromInheritedMixin" executed="True" result="Success" success="True" time="0.008" asserts="3" />
                              <test-case name="Remotion.ObjectBinding.UnitTests.Core.BindableObject.BindableObjectProviderTest.GetProviderForBindableObjectType_WithAttributeFromTypeOverridingAttributeFromMixin" executed="True" result="Success" success="True" time="0.008" asserts="3" />
                              <test-case name="Remotion.ObjectBinding.UnitTests.Core.BindableObject.BindableObjectProviderTest.GetProviderForBindableObjectType_WithIdentityType" executed="True" result="Success" success="True" time="0.001" asserts="3" />
                              <test-case name="Remotion.ObjectBinding.UnitTests.Core.BindableObject.BindableObjectProviderTest.GetProviderForBindableObjectType_WithInvalidProviderType" executed="True" result="Success" success="True" time="0.001" asserts="0" />
                              <test-case name="Remotion.ObjectBinding.UnitTests.Core.BindableObject.BindableObjectProviderTest.GetProviderForBindableObjectType_WithMissingAttributeType" executed="True" result="Success" success="True" time="0.001" asserts="0" />
                              <test-case name="Remotion.ObjectBinding.UnitTests.Core.BindableObject.BindableObjectProviderTest.GetServiceFactory_WithDefaultFactory" executed="True" result="Success" success="True" time="0.000" asserts="1" />
                              <test-case name="Remotion.ObjectBinding.UnitTests.Core.BindableObject.BindableObjectProviderTest.GetServiceFactory_WithMixin" executed="True" result="Success" success="True" time="0.007" asserts="2" />
                              <test-case name="Remotion.ObjectBinding.UnitTests.Core.BindableObject.BindableObjectProviderTest.GetServiceFactoryForType_WithCustomServiceFactory" executed="True" result="Success" success="True" time="0.001" asserts="1" />
                              <test-case name="Remotion.ObjectBinding.UnitTests.Core.BindableObject.BindableObjectProviderTest.IsBindableObjectImplementation_False" executed="True" result="Success" success="True" time="0.000" asserts="2" />
                              <test-case name="Remotion.ObjectBinding.UnitTests.Core.BindableObject.BindableObjectProviderTest.IsBindableObjectImplementation_TrueWithBase" executed="True" result="Success" success="True" time="0.001" asserts="1" />
                              <test-case name="Remotion.ObjectBinding.UnitTests.Core.BindableObject.BindableObjectProviderTest.IsBindableObjectImplementation_TrueWithMixin_ConcreteType" executed="True" result="Success" success="True" time="0.001" asserts="1" />
                              <test-case name="Remotion.ObjectBinding.UnitTests.Core.BindableObject.BindableObjectProviderTest.IsBindableObjectImplementation_TrueWithMixin_TargetType" executed="True" result="Success" success="True" time="0.000" asserts="1" />
                            </results>
                          </test-suite>
                          <test-suite type="TestFixture" name="BindableObjectServiceFactoryTest" executed="True" result="Success" success="True" time="0.046" asserts="0">
                            <results>
                              <test-case name="Remotion.ObjectBinding.UnitTests.Core.BindableObject.BindableObjectServiceFactoryTest.GetService_FromIBindableObjectGlobalizationService" executed="True" result="Success" success="True" time="0.039" asserts="1" />
                              <test-case name="Remotion.ObjectBinding.UnitTests.Core.BindableObject.BindableObjectServiceFactoryTest.GetService_FromIBusinessObjectStringFormatterService" executed="True" result="Success" success="True" time="0.001" asserts="1" />
                              <test-case name="Remotion.ObjectBinding.UnitTests.Core.BindableObject.BindableObjectServiceFactoryTest.GetService_FromIGetObjectService" executed="True" result="Success" success="True" time="0.001" asserts="1" />
                              <test-case name="Remotion.ObjectBinding.UnitTests.Core.BindableObject.BindableObjectServiceFactoryTest.GetService_FromISearchAvailableObjectsService" executed="True" result="Success" success="True" time="0.000" asserts="1" />
                            </results>
                          </test-suite>
                          <test-suite type="TestFixture" name="BindableObjectWithIdentityBaseImplementationTest" executed="True" result="Success" success="True" time="0.013" asserts="0">
                            <results>
                              <test-case name="Remotion.ObjectBinding.UnitTests.Core.BindableObject.BindableObjectWithIdentityBaseImplementationTest.BaseDisplayName" executed="True" result="Success" success="True" time="0.003" asserts="1" />
                              <test-case name="Remotion.ObjectBinding.UnitTests.Core.BindableObject.BindableObjectWithIdentityBaseImplementationTest.Create" executed="True" result="Success" success="True" time="0.000" asserts="2" />
                              <test-case name="Remotion.ObjectBinding.UnitTests.Core.BindableObject.BindableObjectWithIdentityBaseImplementationTest.Deserialization" executed="True" result="Success" success="True" time="0.003" asserts="2" />
                              <test-case name="Remotion.ObjectBinding.UnitTests.Core.BindableObject.BindableObjectWithIdentityBaseImplementationTest.DisplayName_ViaImplementation_Default" executed="True" result="Success" success="True" time="0.001" asserts="1" />
                              <test-case name="Remotion.ObjectBinding.UnitTests.Core.BindableObject.BindableObjectWithIdentityBaseImplementationTest.DisplayName_ViaImplementation_Overridden" executed="True" result="Success" success="True" time="0.002" asserts="1" />
                              <test-case name="Remotion.ObjectBinding.UnitTests.Core.BindableObject.BindableObjectWithIdentityBaseImplementationTest.UniqueIdentifierViaImplementation" executed="True" result="Success" success="True" time="0.001" asserts="1" />
                            </results>
                          </test-suite>
                          <test-suite type="TestFixture" name="BindableObjectWithIdentityBaseIntegrationTest" executed="True" result="Success" success="True" time="0.020" asserts="0">
                            <results>
                              <test-case name="Remotion.ObjectBinding.UnitTests.Core.BindableObject.BindableObjectWithIdentityBaseIntegrationTest.BusinessObjectClass" executed="True" result="Success" success="True" time="0.002" asserts="4" />
                              <test-case name="Remotion.ObjectBinding.UnitTests.Core.BindableObject.BindableObjectWithIdentityBaseIntegrationTest.ClassDerivedFromBindableObjectWithIdentityBaseOverridingMixinMethod" executed="True" result="Success" success="True" time="0.009" asserts="3" />
                              <test-case name="Remotion.ObjectBinding.UnitTests.Core.BindableObject.BindableObjectWithIdentityBaseIntegrationTest.DisplayName_Default" executed="True" result="Success" success="True" time="0.001" asserts="1" />
                              <test-case name="Remotion.ObjectBinding.UnitTests.Core.BindableObject.BindableObjectWithIdentityBaseIntegrationTest.DisplayName_Overridden" executed="True" result="Success" success="True" time="0.001" asserts="1" />
                              <test-case name="Remotion.ObjectBinding.UnitTests.Core.BindableObject.BindableObjectWithIdentityBaseIntegrationTest.DisplayNameSafe_Default" executed="True" result="Success" success="True" time="0.001" asserts="1" />
                              <test-case name="Remotion.ObjectBinding.UnitTests.Core.BindableObject.BindableObjectWithIdentityBaseIntegrationTest.DisplayNameSafe_Overridden" executed="True" result="Success" success="True" time="0.001" asserts="1" />
                              <test-case name="Remotion.ObjectBinding.UnitTests.Core.BindableObject.BindableObjectWithIdentityBaseIntegrationTest.GetProperty" executed="True" result="Success" success="True" time="0.001" asserts="1" />
                              <test-case name="Remotion.ObjectBinding.UnitTests.Core.BindableObject.BindableObjectWithIdentityBaseIntegrationTest.GetProvider" executed="True" result="Success" success="True" time="0.001" asserts="2" />
                              <test-case name="Remotion.ObjectBinding.UnitTests.Core.BindableObject.BindableObjectWithIdentityBaseIntegrationTest.SetProperty" executed="True" result="Success" success="True" time="0.001" asserts="1" />
                              <test-case name="Remotion.ObjectBinding.UnitTests.Core.BindableObject.BindableObjectWithIdentityBaseIntegrationTest.UniqueIdentifier" executed="True" result="Success" success="True" time="0.001" asserts="1" />
                            </results>
                          </test-suite>
                          <test-suite type="TestFixture" name="BindableObjectWithIdentityBaseTest" executed="True" result="Success" success="True" time="0.016" asserts="0">
                            <results>
                              <test-case name="Remotion.ObjectBinding.UnitTests.Core.BindableObject.BindableObjectWithIdentityBaseTest.BindableObjectBaseClassAttribute" executed="True" result="Success" success="True" time="0.002" asserts="1" />
                              <test-case name="Remotion.ObjectBinding.UnitTests.Core.BindableObject.BindableObjectWithIdentityBaseTest.BindableObjectProviderAttribute" executed="True" result="Success" success="True" time="0.000" asserts="1" />
                              <test-case name="Remotion.ObjectBinding.UnitTests.Core.BindableObject.BindableObjectWithIdentityBaseTest.BusinessObjectClass" executed="True" result="Success" success="True" time="0.001" asserts="1" />
                              <test-case name="Remotion.ObjectBinding.UnitTests.Core.BindableObject.BindableObjectWithIdentityBaseTest.CreateImplementation" executed="True" result="Success" success="True" time="0.001" asserts="1" />
                              <test-case name="Remotion.ObjectBinding.UnitTests.Core.BindableObject.BindableObjectWithIdentityBaseTest.DisplayName" executed="True" result="Success" success="True" time="0.001" asserts="1" />
                              <test-case name="Remotion.ObjectBinding.UnitTests.Core.BindableObject.BindableObjectWithIdentityBaseTest.DisplayNameSafe" executed="True" result="Success" success="True" time="0.001" asserts="1" />
                              <test-case name="Remotion.ObjectBinding.UnitTests.Core.BindableObject.BindableObjectWithIdentityBaseTest.GetProperty" executed="True" result="Success" success="True" time="0.001" asserts="1" />
                              <test-case name="Remotion.ObjectBinding.UnitTests.Core.BindableObject.BindableObjectWithIdentityBaseTest.GetPropertyString" executed="True" result="Success" success="True" time="0.002" asserts="1" />
                              <test-case name="Remotion.ObjectBinding.UnitTests.Core.BindableObject.BindableObjectWithIdentityBaseTest.Implementation_IsInitialized" executed="True" result="Success" success="True" time="0.001" asserts="1" />
                              <test-case name="Remotion.ObjectBinding.UnitTests.Core.BindableObject.BindableObjectWithIdentityBaseTest.Serialization" executed="True" result="Success" success="True" time="0.001" asserts="1" />
                              <test-case name="Remotion.ObjectBinding.UnitTests.Core.BindableObject.BindableObjectWithIdentityBaseTest.SetProperty" executed="True" result="Success" success="True" time="0.001" asserts="0" />
                              <test-case name="Remotion.ObjectBinding.UnitTests.Core.BindableObject.BindableObjectWithIdentityBaseTest.UniqueIdentifier" executed="True" result="Success" success="True" time="0.001" asserts="1" />
                            </results>
                          </test-suite>
                          <test-suite type="TestFixture" name="BindableObjectWithIdentityMixinTest" executed="True" result="Success" success="True" time="0.039" asserts="0">
                            <results>
                              <test-case name="Remotion.ObjectBinding.UnitTests.Core.BindableObject.BindableObjectWithIdentityMixinTest.DisplayName" executed="True" result="Success" success="True" time="0.014" asserts="1" />
                              <test-case name="Remotion.ObjectBinding.UnitTests.Core.BindableObject.BindableObjectWithIdentityMixinTest.GetProvider" executed="True" result="Success" success="True" time="0.000" asserts="2" />
                              <test-case name="Remotion.ObjectBinding.UnitTests.Core.BindableObject.BindableObjectWithIdentityMixinTest.GetUniqueIdentifier" executed="True" result="Success" success="True" time="0.004" asserts="1" />
                              <test-case name="Remotion.ObjectBinding.UnitTests.Core.BindableObject.BindableObjectWithIdentityMixinTest.HasMixin" executed="True" result="Success" success="True" time="0.001" asserts="3" />
                              <test-case name="Remotion.ObjectBinding.UnitTests.Core.BindableObject.BindableObjectWithIdentityMixinTest.InstantiateMixedType" executed="True" result="Success" success="True" time="0.001" asserts="1" />
                              <test-case name="Remotion.ObjectBinding.UnitTests.Core.BindableObject.BindableObjectWithIdentityMixinTest.SerializeAndDeserialize" executed="True" result="Success" success="True" time="0.013" asserts="2" />
                              <test-case name="Remotion.ObjectBinding.UnitTests.Core.BindableObject.BindableObjectWithIdentityMixinTest.SerializeAndDeserialize_WithNewBindableObjectProvider" executed="True" result="Success" success="True" time="0.004" asserts="1" />
                            </results>
                          </test-suite>
                          <test-suite type="TestFixture" name="BooleanPropertyTest" executed="True" result="Success" success="True" time="0.136" asserts="0">
                            <results>
                              <test-case name="Remotion.ObjectBinding.UnitTests.Core.BindableObject.BooleanPropertyTest.GetDefaultValue_Array" executed="True" result="Success" success="True" time="0.022" asserts="2" />
                              <test-case name="Remotion.ObjectBinding.UnitTests.Core.BindableObject.BooleanPropertyTest.GetDefaultValue_NullableArray" executed="True" result="Success" success="True" time="0.005" asserts="2" />
                              <test-case name="Remotion.ObjectBinding.UnitTests.Core.BindableObject.BooleanPropertyTest.GetDefaultValue_NullableScalar" executed="True" result="Success" success="True" time="0.004" asserts="2" />
                              <test-case name="Remotion.ObjectBinding.UnitTests.Core.BindableObject.BooleanPropertyTest.GetDefaultValue_Scalar" executed="True" result="Success" success="True" time="0.004" asserts="2" />
                              <test-case name="Remotion.ObjectBinding.UnitTests.Core.BindableObject.BooleanPropertyTest.GetDisplayName_WithGlobalizationSerivce" executed="True" result="Success" success="True" time="0.040" asserts="2" />
                              <test-case name="Remotion.ObjectBinding.UnitTests.Core.BindableObject.BooleanPropertyTest.GetDisplayName_WithoutGlobalizationSerivce" executed="True" result="Success" success="True" time="0.008" asserts="3" />
                              <test-case name="Remotion.ObjectBinding.UnitTests.Core.BindableObject.BooleanPropertyTest.IBusinessObjectEnumerationProperty_GetAllValues" executed="True" result="Success" success="True" time="0.008" asserts="13" />
                              <test-case name="Remotion.ObjectBinding.UnitTests.Core.BindableObject.BooleanPropertyTest.IBusinessObjectEnumerationProperty_GetEnabledValues" executed="True" result="Success" success="True" time="0.005" asserts="13" />
                              <test-case name="Remotion.ObjectBinding.UnitTests.Core.BindableObject.BooleanPropertyTest.IBusinessObjectEnumerationProperty_GetValueInfoByIdentifier_WithEmptyString" executed="True" result="Success" success="True" time="0.007" asserts="2" />
                              <test-case name="Remotion.ObjectBinding.UnitTests.Core.BindableObject.BooleanPropertyTest.IBusinessObjectEnumerationProperty_GetValueInfoByIdentifier_WithFalse" executed="True" result="Success" success="True" time="0.004" asserts="6" />
                              <test-case name="Remotion.ObjectBinding.UnitTests.Core.BindableObject.BooleanPropertyTest.IBusinessObjectEnumerationProperty_GetValueInfoByIdentifier_WithNull" executed="True" result="Success" success="True" time="0.003" asserts="2" />
                              <test-case name="Remotion.ObjectBinding.UnitTests.Core.BindableObject.BooleanPropertyTest.IBusinessObjectEnumerationProperty_GetValueInfoByIdentifier_WithTrue" executed="True" result="Success" success="True" time="0.003" asserts="6" />
                              <test-case name="Remotion.ObjectBinding.UnitTests.Core.BindableObject.BooleanPropertyTest.IBusinessObjectEnumerationProperty_GetValueInfoByValue_WithFalse" executed="True" result="Success" success="True" time="0.004" asserts="6" />
                              <test-case name="Remotion.ObjectBinding.UnitTests.Core.BindableObject.BooleanPropertyTest.IBusinessObjectEnumerationProperty_GetValueInfoByValue_WithNull" executed="True" result="Success" success="True" time="0.003" asserts="2" />
                              <test-case name="Remotion.ObjectBinding.UnitTests.Core.BindableObject.BooleanPropertyTest.IBusinessObjectEnumerationProperty_GetValueInfoByValue_WithTrue" executed="True" result="Success" success="True" time="0.005" asserts="6" />
                            </results>
                          </test-suite>
                          <test-suite type="TestFixture" name="ClassReflectorTest" executed="True" result="Success" success="True" time="0.189" asserts="0">
                            <results>
                              <test-case name="Remotion.ObjectBinding.UnitTests.Core.BindableObject.ClassReflectorTest.ClassReflector_CreatesBaseClass_CompatibleWithDerivedInstances" executed="True" result="Success" success="True" time="0.021" asserts="1" />
                              <test-case name="Remotion.ObjectBinding.UnitTests.Core.BindableObject.ClassReflectorTest.ClassReflector_CreatesBaseClass_CompatibleWithDerivedInstances_WithMixins" executed="True" result="Success" success="True" time="0.020" asserts="2" />
                              <test-case name="Remotion.ObjectBinding.UnitTests.Core.BindableObject.ClassReflectorTest.ClassReflector_CreatesBaseClass_CompatibleWithDerivedInstances_WithMixins_WithMixedProperty" executed="True" result="Success" success="True" time="0.005" asserts="2" />
                              <test-case name="Remotion.ObjectBinding.UnitTests.Core.BindableObject.ClassReflectorTest.ClassReflector_CreatesBaseClass_CompatibleWithDerivedInstances_WithMixins_WithOverriddenProperty" executed="False" result="Ignored">
                                <reason>
                                  <message><![CDATA[TODO: COMMONS-936]]></message>
                                </reason>
                              </test-case>
                              <test-case name="Remotion.ObjectBinding.UnitTests.Core.BindableObject.ClassReflectorTest.GetMetadata" executed="True" result="Success" success="True" time="0.003" asserts="6" />
                              <test-case name="Remotion.ObjectBinding.UnitTests.Core.BindableObject.ClassReflectorTest.GetMetadata_ForBindableObjectWithIdentity" executed="True" result="Success" success="True" time="0.002" asserts="3" />
                              <test-case name="Remotion.ObjectBinding.UnitTests.Core.BindableObject.ClassReflectorTest.GetMetadata_ForBindableObjectWithManualIdentity" executed="True" result="Success" success="True" time="0.002" asserts="2" />
                              <test-case name="Remotion.ObjectBinding.UnitTests.Core.BindableObject.ClassReflectorTest.GetMetadata_ForMixedPropertyWithSameName" executed="True" result="Success" success="True" time="0.067" asserts="0" />
                              <test-case name="Remotion.ObjectBinding.UnitTests.Core.BindableObject.ClassReflectorTest.GetMetadata_UsesFactory" executed="True" result="Success" success="True" time="0.064" asserts="8" />
                              <test-case name="Remotion.ObjectBinding.UnitTests.Core.BindableObject.ClassReflectorTest.Initialize" executed="True" result="Success" success="True" time="0.001" asserts="4" />
                            </results>
                          </test-suite>
                          <test-suite type="TestFixture" name="CompositeEnumerationValueFilterTest" executed="True" result="Success" success="True" time="0.076" asserts="0">
                            <results>
                              <test-case name="Remotion.ObjectBinding.UnitTests.Core.BindableObject.CompositeEnumerationValueFilterTest.IsEnabled_False" executed="True" result="Success" success="True" time="0.071" asserts="1" />
                              <test-case name="Remotion.ObjectBinding.UnitTests.Core.BindableObject.CompositeEnumerationValueFilterTest.IsEnabled_False_SecondFilterFalse" executed="True" result="Success" success="True" time="0.001" asserts="1" />
                              <test-case name="Remotion.ObjectBinding.UnitTests.Core.BindableObject.CompositeEnumerationValueFilterTest.IsEnabled_NullBusinessObject" executed="True" result="Success" success="True" time="0.001" asserts="1" />
                              <test-case name="Remotion.ObjectBinding.UnitTests.Core.BindableObject.CompositeEnumerationValueFilterTest.IsEnabled_True" executed="True" result="Success" success="True" time="0.001" asserts="1" />
                              <test-case name="Remotion.ObjectBinding.UnitTests.Core.BindableObject.CompositeEnumerationValueFilterTest.IsEnabled_True_WithTrueFilter" executed="True" result="Success" success="True" time="0.002" asserts="1" />
                            </results>
                          </test-suite>
                          <test-suite type="TestFixture" name="ConstantEnumerationValueFilterTest" executed="True" result="Success" success="True" time="0.006" asserts="0">
                            <results>
                              <test-case name="Remotion.ObjectBinding.UnitTests.Core.BindableObject.ConstantEnumerationValueFilterTest.Initialize" executed="True" result="Success" success="True" time="0.001" asserts="1" />
                              <test-case name="Remotion.ObjectBinding.UnitTests.Core.BindableObject.ConstantEnumerationValueFilterTest.Initialize_WithMismatchedEnumValues" executed="True" result="Success" success="True" time="0.001" asserts="0" />
                              <test-case name="Remotion.ObjectBinding.UnitTests.Core.BindableObject.ConstantEnumerationValueFilterTest.IsEnabled_WithFalse" executed="True" result="Success" success="True" time="0.003" asserts="1" />
                              <test-case name="Remotion.ObjectBinding.UnitTests.Core.BindableObject.ConstantEnumerationValueFilterTest.IsEnabled_WithTrue" executed="True" result="Success" success="True" time="0.001" asserts="1" />
                            </results>
                          </test-suite>
                          <test-suite type="TestFixture" name="DateTimePropertyTest" executed="True" result="Success" success="True" time="0.003" asserts="0">
                            <results>
                              <test-case name="Remotion.ObjectBinding.UnitTests.Core.BindableObject.DateTimePropertyTest.Initialize_DateProperty" executed="True" result="Success" success="True" time="0.002" asserts="2" />
                              <test-case name="Remotion.ObjectBinding.UnitTests.Core.BindableObject.DateTimePropertyTest.Initialize_DateTimeProperty" executed="True" result="Success" success="True" time="0.001" asserts="2" />
                            </results>
                          </test-suite>
                          <test-suite type="TestFixture" name="DisabledIdentifiersEnumerationFilterTest" executed="True" result="Success" success="True" time="0.003" asserts="0">
                            <results>
                              <test-case name="Remotion.ObjectBinding.UnitTests.Core.BindableObject.DisabledIdentifiersEnumerationFilterTest.IsEnabled_False" executed="True" result="Success" success="True" time="0.002" asserts="2" />
                              <test-case name="Remotion.ObjectBinding.UnitTests.Core.BindableObject.DisabledIdentifiersEnumerationFilterTest.IsEnabled_NullBusinessObject" executed="True" result="Success" success="True" time="0.000" asserts="1" />
                              <test-case name="Remotion.ObjectBinding.UnitTests.Core.BindableObject.DisabledIdentifiersEnumerationFilterTest.IsEnabled_True" executed="True" result="Success" success="True" time="0.001" asserts="2" />
                            </results>
                          </test-suite>
                          <test-suite type="TestFixture" name="DisableEnumValuesAttributeTest" executed="True" result="Success" success="True" time="0.007" asserts="0">
                            <results>
                              <test-case name="Remotion.ObjectBinding.UnitTests.Core.BindableObject.DisableEnumValuesAttributeTest.GetEnumerationValueFilter_FromEnumValueCtorWithArray" executed="True" result="Success" success="True" time="0.001" asserts="2" />
                              <test-case name="Remotion.ObjectBinding.UnitTests.Core.BindableObject.DisableEnumValuesAttributeTest.GetEnumerationValueFilter_FromEnumValueCtorWithFiveParameters" executed="True" result="Success" success="True" time="0.001" asserts="2" />
                              <test-case name="Remotion.ObjectBinding.UnitTests.Core.BindableObject.DisableEnumValuesAttributeTest.GetEnumerationValueFilter_FromEnumValueCtorWithFourParameters" executed="True" result="Success" success="True" time="0.001" asserts="2" />
                              <test-case name="Remotion.ObjectBinding.UnitTests.Core.BindableObject.DisableEnumValuesAttributeTest.GetEnumerationValueFilter_FromEnumValueCtorWithOneParameter" executed="True" result="Success" success="True" time="0.000" asserts="2" />
                              <test-case name="Remotion.ObjectBinding.UnitTests.Core.BindableObject.DisableEnumValuesAttributeTest.GetEnumerationValueFilter_FromEnumValueCtorWithThreeParameters" executed="True" result="Success" success="True" time="0.001" asserts="2" />
                              <test-case name="Remotion.ObjectBinding.UnitTests.Core.BindableObject.DisableEnumValuesAttributeTest.GetEnumerationValueFilter_FromEnumValueCtorWithTwoParameters" executed="True" result="Success" success="True" time="0.001" asserts="2" />
                              <test-case name="Remotion.ObjectBinding.UnitTests.Core.BindableObject.DisableEnumValuesAttributeTest.GetEnumerationValueFilter_FromFilterTypeCtor" executed="True" result="Success" success="True" time="0.001" asserts="1" />
                            </results>
                          </test-suite>
                          <test-suite type="TestFixture" name="DisableExtensibleEnumValuesAttributeTest" executed="True" result="Success" success="True" time="0.009" asserts="0">
                            <results>
                              <test-case name="Remotion.ObjectBinding.UnitTests.Core.BindableObject.DisableExtensibleEnumValuesAttributeTest.GetEnumerationValueFilter_FromEnumValueCtorWithArray" executed="True" result="Success" success="True" time="0.001" asserts="2" />
                              <test-case name="Remotion.ObjectBinding.UnitTests.Core.BindableObject.DisableExtensibleEnumValuesAttributeTest.GetEnumerationValueFilter_FromEnumValueCtorWithItems_1" executed="True" result="Success" success="True" time="0.000" asserts="2" />
                              <test-case name="Remotion.ObjectBinding.UnitTests.Core.BindableObject.DisableExtensibleEnumValuesAttributeTest.GetEnumerationValueFilter_FromEnumValueCtorWithItems_2" executed="True" result="Success" success="True" time="0.001" asserts="2" />
                              <test-case name="Remotion.ObjectBinding.UnitTests.Core.BindableObject.DisableExtensibleEnumValuesAttributeTest.GetEnumerationValueFilter_FromEnumValueCtorWithItems_3" executed="True" result="Success" success="True" time="0.001" asserts="2" />
                              <test-case name="Remotion.ObjectBinding.UnitTests.Core.BindableObject.DisableExtensibleEnumValuesAttributeTest.GetEnumerationValueFilter_FromEnumValueCtorWithItems_4" executed="True" result="Success" success="True" time="0.001" asserts="2" />
                              <test-case name="Remotion.ObjectBinding.UnitTests.Core.BindableObject.DisableExtensibleEnumValuesAttributeTest.GetEnumerationValueFilter_FromEnumValueCtorWithItems_5" executed="True" result="Success" success="True" time="0.001" asserts="2" />
                              <test-case name="Remotion.ObjectBinding.UnitTests.Core.BindableObject.DisableExtensibleEnumValuesAttributeTest.GetEnumerationValueFilter_FromFilterTypeCtor" executed="True" result="Success" success="True" time="0.003" asserts="1" />
                            </results>
                          </test-suite>
                          <test-suite type="Namespace" name="EnumerationPropertyTests" executed="True" result="Success" success="True" time="0.067" asserts="0">
                            <results>
                              <test-suite type="TestFixture" name="Common" executed="True" result="Success" success="True" time="0.006" asserts="0">
                                <results>
                                  <test-case name="Remotion.ObjectBinding.UnitTests.Core.BindableObject.EnumerationPropertyTests.Common.Initialize_FlagsEnum" executed="True" result="Success" success="True" time="0.003" asserts="1" />
                                  <test-case name="Remotion.ObjectBinding.UnitTests.Core.BindableObject.EnumerationPropertyTests.Common.Initialize_NullableWithUndefinedValue" executed="True" result="Success" success="True" time="0.001" asserts="1" />
                                  <test-case name="Remotion.ObjectBinding.UnitTests.Core.BindableObject.EnumerationPropertyTests.Common.Initialize_WithUndefinedEnumValueFromOtherType" executed="True" result="Success" success="True" time="0.002" asserts="1" />
                                </results>
                              </test-suite>
                              <test-suite type="TestFixture" name="ConvertFromNativePropertyType" executed="True" result="Success" success="True" time="0.006" asserts="0">
                                <results>
                                  <test-case name="Remotion.ObjectBinding.UnitTests.Core.BindableObject.EnumerationPropertyTests.ConvertFromNativePropertyType.EnumValueFromOtherType" executed="True" result="Success" success="True" time="0.002" asserts="2" />
                                  <test-case name="Remotion.ObjectBinding.UnitTests.Core.BindableObject.EnumerationPropertyTests.ConvertFromNativePropertyType.InvalidEnumValue" executed="True" result="Success" success="True" time="0.001" asserts="2" />
                                  <test-case name="Remotion.ObjectBinding.UnitTests.Core.BindableObject.EnumerationPropertyTests.ConvertFromNativePropertyType.Null" executed="True" result="Success" success="True" time="0.001" asserts="2" />
                                  <test-case name="Remotion.ObjectBinding.UnitTests.Core.BindableObject.EnumerationPropertyTests.ConvertFromNativePropertyType.UndefinedValue" executed="True" result="Success" success="True" time="0.001" asserts="2" />
                                  <test-case name="Remotion.ObjectBinding.UnitTests.Core.BindableObject.EnumerationPropertyTests.ConvertFromNativePropertyType.ValidValue" executed="True" result="Success" success="True" time="0.001" asserts="2" />
                                </results>
                              </test-suite>
                              <test-suite type="TestFixture" name="ConvertToNativePropertyType" executed="True" result="Success" success="True" time="0.006" asserts="0">
                                <results>
                                  <test-case name="Remotion.ObjectBinding.UnitTests.Core.BindableObject.EnumerationPropertyTests.ConvertToNativePropertyType.EnumValueFromOtherType" executed="True" result="Success" success="True" time="0.002" asserts="2" />
                                  <test-case name="Remotion.ObjectBinding.UnitTests.Core.BindableObject.EnumerationPropertyTests.ConvertToNativePropertyType.InvalidEnumValue" executed="True" result="Success" success="True" time="0.001" asserts="2" />
                                  <test-case name="Remotion.ObjectBinding.UnitTests.Core.BindableObject.EnumerationPropertyTests.ConvertToNativePropertyType.Null" executed="True" result="Success" success="True" time="0.000" asserts="2" />
                                  <test-case name="Remotion.ObjectBinding.UnitTests.Core.BindableObject.EnumerationPropertyTests.ConvertToNativePropertyType.UndefinedValue" executed="True" result="Success" success="True" time="0.001" asserts="2" />
                                  <test-case name="Remotion.ObjectBinding.UnitTests.Core.BindableObject.EnumerationPropertyTests.ConvertToNativePropertyType.ValidValue" executed="True" result="Success" success="True" time="0.001" asserts="2" />
                                </results>
                              </test-suite>
                              <test-suite type="TestFixture" name="GetAllValues" executed="True" result="Success" success="True" time="0.010" asserts="0">
                                <results>
                                  <test-case name="Remotion.ObjectBinding.UnitTests.Core.BindableObject.EnumerationPropertyTests.GetAllValues.Enum" executed="True" result="Success" success="True" time="0.006" asserts="28" />
                                  <test-case name="Remotion.ObjectBinding.UnitTests.Core.BindableObject.EnumerationPropertyTests.GetAllValues.NullableEnum" executed="True" result="Success" success="True" time="0.001" asserts="28" />
                                  <test-case name="Remotion.ObjectBinding.UnitTests.Core.BindableObject.EnumerationPropertyTests.GetAllValues.UndefinedValueEnum" executed="True" result="Success" success="True" time="0.002" asserts="18" />
                                </results>
                              </test-suite>
                              <test-suite type="TestFixture" name="GetEnabledValues" executed="True" result="Success" success="True" time="0.007" asserts="0">
                                <results>
                                  <test-case name="Remotion.ObjectBinding.UnitTests.Core.BindableObject.EnumerationPropertyTests.GetEnabledValues.DisableFromProperty" executed="True" result="Success" success="True" time="0.003" asserts="23" />
                                  <test-case name="Remotion.ObjectBinding.UnitTests.Core.BindableObject.EnumerationPropertyTests.GetEnabledValues.DisableFromPropertyType" executed="True" result="Success" success="True" time="0.001" asserts="23" />
                                  <test-case name="Remotion.ObjectBinding.UnitTests.Core.BindableObject.EnumerationPropertyTests.GetEnabledValues.DisableWithBusinessObject" executed="True" result="Success" success="True" time="0.003" asserts="18" />
                                </results>
                              </test-suite>
                              <test-suite type="TestFixture" name="GetValueInfoByIdentifier" executed="True" result="Success" success="True" time="0.013" asserts="0">
                                <results>
                                  <test-case name="Remotion.ObjectBinding.UnitTests.Core.BindableObject.EnumerationPropertyTests.GetValueInfoByIdentifier.Empty" executed="True" result="Success" success="True" time="0.002" asserts="2" />
                                  <test-case name="Remotion.ObjectBinding.UnitTests.Core.BindableObject.EnumerationPropertyTests.GetValueInfoByIdentifier.GetDisplayNameFromGlobalizationSerivce" executed="True" result="Success" success="True" time="0.006" asserts="6" />
                                  <test-case name="Remotion.ObjectBinding.UnitTests.Core.BindableObject.EnumerationPropertyTests.GetValueInfoByIdentifier.InvalidIdentifier" executed="True" result="Success" success="True" time="0.002" asserts="1" />
                                  <test-case name="Remotion.ObjectBinding.UnitTests.Core.BindableObject.EnumerationPropertyTests.GetValueInfoByIdentifier.Null" executed="True" result="Success" success="True" time="0.001" asserts="2" />
                                  <test-case name="Remotion.ObjectBinding.UnitTests.Core.BindableObject.EnumerationPropertyTests.GetValueInfoByIdentifier.UndefinedEnumValue" executed="True" result="Success" success="True" time="0.001" asserts="2" />
                                  <test-case name="Remotion.ObjectBinding.UnitTests.Core.BindableObject.EnumerationPropertyTests.GetValueInfoByIdentifier.ValidEnumValue" executed="True" result="Success" success="True" time="0.001" asserts="6" />
                                </results>
                              </test-suite>
                              <test-suite type="TestFixture" name="GetValueInfoByValue" executed="True" result="Success" success="True" time="0.013" asserts="0">
                                <results>
                                  <test-case name="Remotion.ObjectBinding.UnitTests.Core.BindableObject.EnumerationPropertyTests.GetValueInfoByValue.DisabledEnumValue" executed="True" result="Success" success="True" time="0.002" asserts="6" />
                                  <test-case name="Remotion.ObjectBinding.UnitTests.Core.BindableObject.EnumerationPropertyTests.GetValueInfoByValue.EnumValueFromOtherType" executed="True" result="Success" success="True" time="0.002" asserts="1" />
                                  <test-case name="Remotion.ObjectBinding.UnitTests.Core.BindableObject.EnumerationPropertyTests.GetValueInfoByValue.GetDisplayNameFromGlobalizationSerivce" executed="True" result="Success" success="True" time="0.002" asserts="6" />
                                  <test-case name="Remotion.ObjectBinding.UnitTests.Core.BindableObject.EnumerationPropertyTests.GetValueInfoByValue.InvalidEnumValue" executed="True" result="Success" success="True" time="0.002" asserts="6" />
                                  <test-case name="Remotion.ObjectBinding.UnitTests.Core.BindableObject.EnumerationPropertyTests.GetValueInfoByValue.Null" executed="True" result="Success" success="True" time="0.001" asserts="2" />
                                  <test-case name="Remotion.ObjectBinding.UnitTests.Core.BindableObject.EnumerationPropertyTests.GetValueInfoByValue.UndefinedEnumValue" executed="True" result="Success" success="True" time="0.001" asserts="2" />
                                  <test-case name="Remotion.ObjectBinding.UnitTests.Core.BindableObject.EnumerationPropertyTests.GetValueInfoByValue.ValidEnumValue" executed="True" result="Success" success="True" time="0.002" asserts="6" />
                                </results>
                              </test-suite>
                            </results>
                          </test-suite>
                          <test-suite type="TestFixture" name="EnumValueFilterProviderTest" executed="True" result="Success" success="True" time="0.056" asserts="0">
                            <results>
                              <test-case name="Remotion.ObjectBinding.UnitTests.Core.BindableObject.EnumValueFilterProviderTest.GetEnumerationValueFilter_FromAttributeProvider" executed="True" result="Success" success="True" time="0.005" asserts="2" />
                              <test-case name="Remotion.ObjectBinding.UnitTests.Core.BindableObject.EnumValueFilterProviderTest.GetEnumerationValueFilter_FromAttributeProvider_IntegrationTestWithNullablePropertyType" executed="True" result="Success" success="True" time="0.002" asserts="2" />
                              <test-case name="Remotion.ObjectBinding.UnitTests.Core.BindableObject.EnumValueFilterProviderTest.GetEnumerationValueFilter_FromAttributeProvider_IntegrationTestWithPropertyType" executed="True" result="Success" success="True" time="0.001" asserts="2" />
                              <test-case name="Remotion.ObjectBinding.UnitTests.Core.BindableObject.EnumValueFilterProviderTest.GetEnumerationValueFilter_FromAttributeProvider_Multiple" executed="True" result="Success" success="True" time="0.035" asserts="5" />
                              <test-case name="Remotion.ObjectBinding.UnitTests.Core.BindableObject.EnumValueFilterProviderTest.GetEnumerationValueFilter_FromAttributeProvider_WithNullableProperty" executed="True" result="Success" success="True" time="0.002" asserts="2" />
                              <test-case name="Remotion.ObjectBinding.UnitTests.Core.BindableObject.EnumValueFilterProviderTest.GetEnumerationValueFilter_FromPropertyInformation" executed="True" result="Success" success="True" time="0.006" asserts="1" />
                              <test-case name="Remotion.ObjectBinding.UnitTests.Core.BindableObject.EnumValueFilterProviderTest.GetEnumerationValueFilter_FromPropertyInformation_IntegrationTestWithNullableProperty" executed="True" result="Success" success="True" time="0.001" asserts="2" />
                              <test-case name="Remotion.ObjectBinding.UnitTests.Core.BindableObject.EnumValueFilterProviderTest.GetEnumerationValueFilter_FromPropertyInformation_IntegrationTestWithProperty" executed="True" result="Success" success="True" time="0.001" asserts="2" />
                              <test-case name="Remotion.ObjectBinding.UnitTests.Core.BindableObject.EnumValueFilterProviderTest.GetEnumerationValueFilter_None" executed="True" result="Success" success="True" time="0.003" asserts="2" />
                            </results>
                          </test-suite>
                          <test-suite type="TestFixture" name="ExtensibleEnumerationPropertyTest" executed="True" result="Success" success="True" time="0.179" asserts="0">
                            <results>
                              <test-case name="Remotion.ObjectBinding.UnitTests.Core.BindableObject.ExtensibleEnumerationPropertyTest.CreateEnumerationValueInfo_DisplayName_WithGlobalizationService" executed="True" result="Success" success="True" time="0.024" asserts="1" />
                              <test-case name="Remotion.ObjectBinding.UnitTests.Core.BindableObject.ExtensibleEnumerationPropertyTest.CreateEnumerationValueInfo_DisplayName_WithoutGlobalizationService" executed="True" result="Success" success="True" time="0.004" asserts="2" />
                              <test-case name="Remotion.ObjectBinding.UnitTests.Core.BindableObject.ExtensibleEnumerationPropertyTest.CreateEnumerationValueInfo_IsEnabled_False_ViaFilter" executed="True" result="Success" success="True" time="0.091" asserts="1" />
                              <test-case name="Remotion.ObjectBinding.UnitTests.Core.BindableObject.ExtensibleEnumerationPropertyTest.CreateEnumerationValueInfo_IsEnabled_True" executed="True" result="Success" success="True" time="0.004" asserts="1" />
                              <test-case name="Remotion.ObjectBinding.UnitTests.Core.BindableObject.ExtensibleEnumerationPropertyTest.CreateEnumerationValueInfo_ValueAndIdentifier" executed="True" result="Success" success="True" time="0.004" asserts="2" />
                              <test-case name="Remotion.ObjectBinding.UnitTests.Core.BindableObject.ExtensibleEnumerationPropertyTest.GetAllValues" executed="True" result="Success" success="True" time="0.006" asserts="4" />
                              <test-case name="Remotion.ObjectBinding.UnitTests.Core.BindableObject.ExtensibleEnumerationPropertyTest.GetEnabledValues" executed="True" result="Success" success="True" time="0.006" asserts="3" />
                              <test-case name="Remotion.ObjectBinding.UnitTests.Core.BindableObject.ExtensibleEnumerationPropertyTest.GetValueInfoByIdentifier" executed="True" result="Success" success="True" time="0.004" asserts="1" />
                              <test-case name="Remotion.ObjectBinding.UnitTests.Core.BindableObject.ExtensibleEnumerationPropertyTest.GetValueInfoByIdentifier_InvalidID" executed="True" result="Success" success="True" time="0.005" asserts="0" />
                              <test-case name="Remotion.ObjectBinding.UnitTests.Core.BindableObject.ExtensibleEnumerationPropertyTest.GetValueInfoByIdentifier_NullOrEmpty" executed="True" result="Success" success="True" time="0.005" asserts="2" />
                              <test-case name="Remotion.ObjectBinding.UnitTests.Core.BindableObject.ExtensibleEnumerationPropertyTest.GetValueInfoByValue" executed="True" result="Success" success="True" time="0.004" asserts="1" />
                              <test-case name="Remotion.ObjectBinding.UnitTests.Core.BindableObject.ExtensibleEnumerationPropertyTest.GetValueInfoByValue_InvalidType" executed="True" result="Success" success="True" time="0.004" asserts="1" />
                              <test-case name="Remotion.ObjectBinding.UnitTests.Core.BindableObject.ExtensibleEnumerationPropertyTest.GetValueInfoByValue_Null" executed="True" result="Success" success="True" time="0.004" asserts="1" />
                              <test-case name="Remotion.ObjectBinding.UnitTests.Core.BindableObject.ExtensibleEnumerationPropertyTest.GetValueInfoByValue_UndefinedValue" executed="True" result="Success" success="True" time="0.003" asserts="1" />
                              <test-case name="Remotion.ObjectBinding.UnitTests.Core.BindableObject.ExtensibleEnumerationPropertyTest.IsEnabled_IntegrationTest" executed="True" result="Success" success="True" time="0.008" asserts="6" />
                            </results>
                          </test-suite>
                          <test-suite type="TestFixture" name="GuidPropertyTest" executed="True" result="Success" success="True" time="0.015" asserts="0">
                            <results>
                              <test-case name="Remotion.ObjectBinding.UnitTests.Core.BindableObject.GuidPropertyTest.ConvertFromNativePropertyType_Array" executed="True" result="Success" success="True" time="0.004" asserts="4" />
                              <test-case name="Remotion.ObjectBinding.UnitTests.Core.BindableObject.GuidPropertyTest.ConvertFromNativePropertyType_NullableArray" executed="True" result="Success" success="True" time="0.002" asserts="2" />
                              <test-case name="Remotion.ObjectBinding.UnitTests.Core.BindableObject.GuidPropertyTest.ConvertFromNativePropertyType_Scalar" executed="True" result="Success" success="True" time="0.001" asserts="4" />
                              <test-case name="Remotion.ObjectBinding.UnitTests.Core.BindableObject.GuidPropertyTest.ConvertToNativePropertyType_Array" executed="True" result="Success" success="True" time="0.003" asserts="4" />
                              <test-case name="Remotion.ObjectBinding.UnitTests.Core.BindableObject.GuidPropertyTest.ConvertToNativePropertyType_NullableArray" executed="True" result="Success" success="True" time="0.002" asserts="2" />
                              <test-case name="Remotion.ObjectBinding.UnitTests.Core.BindableObject.GuidPropertyTest.ConvertToNativePropertyType_Scalar" executed="True" result="Success" success="True" time="0.001" asserts="5" />
                              <test-case name="Remotion.ObjectBinding.UnitTests.Core.BindableObject.GuidPropertyTest.Initialize" executed="True" result="Success" success="True" time="0.001" asserts="2" />
                            </results>
                          </test-suite>
                          <test-suite type="TestFixture" name="NullEnumerationValueFilterTest" executed="True" result="Success" success="True" time="0.000" asserts="0">
                            <results>
                              <test-case name="Remotion.ObjectBinding.UnitTests.Core.BindableObject.NullEnumerationValueFilterTest.IsEnabled" executed="True" result="Success" success="True" time="0.000" asserts="1" />
                            </results>
                          </test-suite>
                          <test-suite type="TestFixture" name="NumericPropertyTest" executed="True" result="Success" success="True" time="0.009" asserts="0">
                            <results>
                              <test-case name="Remotion.ObjectBinding.UnitTests.Core.BindableObject.NumericPropertyTest.Initialize_ByteProperty" executed="True" result="Success" success="True" time="0.001" asserts="3" />
                              <test-case name="Remotion.ObjectBinding.UnitTests.Core.BindableObject.NumericPropertyTest.Initialize_DecimalProperty" executed="True" result="Success" success="True" time="0.001" asserts="3" />
                              <test-case name="Remotion.ObjectBinding.UnitTests.Core.BindableObject.NumericPropertyTest.Initialize_DoubleProperty" executed="True" result="Success" success="True" time="0.001" asserts="3" />
                              <test-case name="Remotion.ObjectBinding.UnitTests.Core.BindableObject.NumericPropertyTest.Initialize_Int16Property" executed="True" result="Success" success="True" time="0.002" asserts="3" />
                              <test-case name="Remotion.ObjectBinding.UnitTests.Core.BindableObject.NumericPropertyTest.Initialize_Int32Property" executed="True" result="Success" success="True" time="0.001" asserts="3" />
                              <test-case name="Remotion.ObjectBinding.UnitTests.Core.BindableObject.NumericPropertyTest.Initialize_Int64Property" executed="True" result="Success" success="True" time="0.001" asserts="3" />
                              <test-case name="Remotion.ObjectBinding.UnitTests.Core.BindableObject.NumericPropertyTest.Initialize_SingleProperty" executed="True" result="Success" success="True" time="0.001" asserts="3" />
                            </results>
                          </test-suite>
                          <test-suite type="Namespace" name="PropertyBaseTests" executed="True" result="Success" success="True" time="0.095" asserts="0">
                            <results>
                              <test-suite type="TestFixture" name="Common" executed="True" result="Success" success="True" time="0.047" asserts="0">
                                <results>
                                  <test-case name="Remotion.ObjectBinding.UnitTests.Core.BindableObject.PropertyBaseTests.Common.ConvertFromNativePropertyType" executed="True" result="Success" success="True" time="0.002" asserts="2" />
                                  <test-case name="Remotion.ObjectBinding.UnitTests.Core.BindableObject.PropertyBaseTests.Common.ConvertToNativePropertyType_Scalar" executed="True" result="Success" success="True" time="0.001" asserts="2" />
                                  <test-case name="Remotion.ObjectBinding.UnitTests.Core.BindableObject.PropertyBaseTests.Common.GetDefaultValueStrategy" executed="True" result="Success" success="True" time="0.001" asserts="2" />
                                  <test-case name="Remotion.ObjectBinding.UnitTests.Core.BindableObject.PropertyBaseTests.Common.GetDisplayName_WithGlobalizationSerivce" executed="True" result="Success" success="True" time="0.003" asserts="2" />
                                  <test-case name="Remotion.ObjectBinding.UnitTests.Core.BindableObject.PropertyBaseTests.Common.GetDisplayName_WithoutGlobalizationSerivce" executed="True" result="Success" success="True" time="0.001" asserts="2" />
                                  <test-case name="Remotion.ObjectBinding.UnitTests.Core.BindableObject.PropertyBaseTests.Common.GetListInfo" executed="True" result="Success" success="True" time="0.001" asserts="3" />
                                  <test-case name="Remotion.ObjectBinding.UnitTests.Core.BindableObject.PropertyBaseTests.Common.GetListInfo_WithNonListProperty" executed="True" result="Success" success="True" time="0.001" asserts="2" />
                                  <test-case name="Remotion.ObjectBinding.UnitTests.Core.BindableObject.PropertyBaseTests.Common.GetReflectedClass_WithoutBusinessObjectClass" executed="True" result="Success" success="True" time="0.001" asserts="1" />
                                  <test-case name="Remotion.ObjectBinding.UnitTests.Core.BindableObject.PropertyBaseTests.Common.GetValue" executed="True" result="Success" success="True" time="0.002" asserts="2" />
                                  <test-case name="Remotion.ObjectBinding.UnitTests.Core.BindableObject.PropertyBaseTests.Common.GetValue_NoGetter" executed="True" result="Success" success="True" time="0.005" asserts="0" />
                                  <test-case name="Remotion.ObjectBinding.UnitTests.Core.BindableObject.PropertyBaseTests.Common.GetValue_NoSetter" executed="True" result="Success" success="True" time="0.004" asserts="0" />
                                  <test-case name="Remotion.ObjectBinding.UnitTests.Core.BindableObject.PropertyBaseTests.Common.GetValue_WithPrivatAccessor" executed="True" result="Success" success="True" time="0.003" asserts="2" />
                                  <test-case name="Remotion.ObjectBinding.UnitTests.Core.BindableObject.PropertyBaseTests.Common.Initialize" executed="True" result="Success" success="True" time="0.002" asserts="7" />
                                  <test-case name="Remotion.ObjectBinding.UnitTests.Core.BindableObject.PropertyBaseTests.Common.Initialize_IndexedProperty" executed="True" result="Success" success="True" time="0.001" asserts="0" />
                                  <test-case name="Remotion.ObjectBinding.UnitTests.Core.BindableObject.PropertyBaseTests.Common.SetAndGetReflectedClass" executed="True" result="Success" success="True" time="0.002" asserts="3" />
                                  <test-case name="Remotion.ObjectBinding.UnitTests.Core.BindableObject.PropertyBaseTests.Common.SetReflectedClass_FromDifferentProviders" executed="True" result="Success" success="True" time="0.002" asserts="1" />
                                  <test-case name="Remotion.ObjectBinding.UnitTests.Core.BindableObject.PropertyBaseTests.Common.SetReflectedClass_Twice" executed="True" result="Success" success="True" time="0.004" asserts="1" />
                                  <test-case name="Remotion.ObjectBinding.UnitTests.Core.BindableObject.PropertyBaseTests.Common.SetValue" executed="True" result="Success" success="True" time="0.002" asserts="2" />
                                  <test-case name="Remotion.ObjectBinding.UnitTests.Core.BindableObject.PropertyBaseTests.Common.SetValue_PrivateAccessor" executed="True" result="Success" success="True" time="0.002" asserts="2" />
                                </results>
                              </test-suite>
                              <test-suite type="TestFixture" name="SecurityTest" executed="True" result="Success" success="True" time="0.044" asserts="0">
                                <results>
                                  <test-case name="Remotion.ObjectBinding.UnitTests.Core.BindableObject.PropertyBaseTests.SecurityTest.IsAccessible" executed="True" result="Success" success="True" time="0.009" asserts="5" />
                                  <test-case name="Remotion.ObjectBinding.UnitTests.Core.BindableObject.PropertyBaseTests.SecurityTest.IsAccessibleForNonSecurableType" executed="True" result="Success" success="True" time="0.005" asserts="5" />
                                  <test-case name="Remotion.ObjectBinding.UnitTests.Core.BindableObject.PropertyBaseTests.SecurityTest.IsAccessibleOnExplicitInterfaceProperty" executed="True" result="Success" success="True" time="0.005" asserts="5" />
                                  <test-case name="Remotion.ObjectBinding.UnitTests.Core.BindableObject.PropertyBaseTests.SecurityTest.IsAccessibleWithoutObjectSecurityProvider" executed="True" result="Success" success="True" time="0.005" asserts="5" />
                                  <test-case name="Remotion.ObjectBinding.UnitTests.Core.BindableObject.PropertyBaseTests.SecurityTest.IsNotAccessible" executed="True" result="Success" success="True" time="0.007" asserts="5" />
                                  <test-case name="Remotion.ObjectBinding.UnitTests.Core.BindableObject.PropertyBaseTests.SecurityTest.IsNotReadOnly" executed="True" result="Success" success="True" time="0.003" asserts="5" />
                                  <test-case name="Remotion.ObjectBinding.UnitTests.Core.BindableObject.PropertyBaseTests.SecurityTest.IsNotReadOnlyForNonSecurableType" executed="True" result="Success" success="True" time="0.001" asserts="5" />
                                  <test-case name="Remotion.ObjectBinding.UnitTests.Core.BindableObject.PropertyBaseTests.SecurityTest.IsNotReadOnlyWithoutObjectSecurityProvider" executed="True" result="Success" success="True" time="0.001" asserts="5" />
                                  <test-case name="Remotion.ObjectBinding.UnitTests.Core.BindableObject.PropertyBaseTests.SecurityTest.IsReadOnly" executed="True" result="Success" success="True" time="0.002" asserts="5" />
                                  <test-case name="Remotion.ObjectBinding.UnitTests.Core.BindableObject.PropertyBaseTests.SecurityTest.IsReadOnlyForNonSecurableType" executed="True" result="Success" success="True" time="0.001" asserts="5" />
                                  <test-case name="Remotion.ObjectBinding.UnitTests.Core.BindableObject.PropertyBaseTests.SecurityTest.IsReadOnlyOnExplicitInterfaceProperty" executed="True" result="Success" success="True" time="0.002" asserts="5" />
                                </results>
                              </test-suite>
                            </results>
                          </test-suite>
                          <test-suite type="TestFixture" name="PropertyCollectionTest" executed="True" result="Success" success="True" time="0.005" asserts="0">
                            <results>
                              <test-case name="Remotion.ObjectBinding.UnitTests.Core.BindableObject.PropertyCollectionTest.Contains_KnownProperty" executed="True" result="Success" success="True" time="0.001" asserts="2" />
                              <test-case name="Remotion.ObjectBinding.UnitTests.Core.BindableObject.PropertyCollectionTest.Contains_UnkownProperty" executed="True" result="Success" success="True" time="0.001" asserts="2" />
                              <test-case name="Remotion.ObjectBinding.UnitTests.Core.BindableObject.PropertyCollectionTest.GetByName" executed="True" result="Success" success="True" time="0.001" asserts="2" />
                              <test-case name="Remotion.ObjectBinding.UnitTests.Core.BindableObject.PropertyCollectionTest.Initialize_AndToArray" executed="True" result="Success" success="True" time="0.001" asserts="2" />
                            </results>
                          </test-suite>
                          <test-suite type="Namespace" name="PropertyReflectorTests" executed="True" result="Success" success="True" time="0.146" asserts="0">
                            <results>
                              <test-suite type="TestFixture" name="Common" executed="True" result="Success" success="True" time="0.035" asserts="0">
                                <results>
                                  <test-case name="Remotion.ObjectBinding.UnitTests.Core.BindableObject.PropertyReflectorTests.Common.GetMetadata_WithBoolean" executed="True" result="Success" success="True" time="0.001" asserts="3" />
                                  <test-case name="Remotion.ObjectBinding.UnitTests.Core.BindableObject.PropertyReflectorTests.Common.GetMetadata_WithBusinessObject" executed="True" result="Success" success="True" time="0.001" asserts="3" />
                                  <test-case name="Remotion.ObjectBinding.UnitTests.Core.BindableObject.PropertyReflectorTests.Common.GetMetadata_WithByte" executed="True" result="Success" success="True" time="0.001" asserts="3" />
                                  <test-case name="Remotion.ObjectBinding.UnitTests.Core.BindableObject.PropertyReflectorTests.Common.GetMetadata_WithDate" executed="True" result="Success" success="True" time="0.001" asserts="3" />
                                  <test-case name="Remotion.ObjectBinding.UnitTests.Core.BindableObject.PropertyReflectorTests.Common.GetMetadata_WithDateTime" executed="True" result="Success" success="True" time="0.000" asserts="3" />
                                  <test-case name="Remotion.ObjectBinding.UnitTests.Core.BindableObject.PropertyReflectorTests.Common.GetMetadata_WithDecimal" executed="True" result="Success" success="True" time="0.000" asserts="3" />
                                  <test-case name="Remotion.ObjectBinding.UnitTests.Core.BindableObject.PropertyReflectorTests.Common.GetMetadata_WithDouble" executed="True" result="Success" success="True" time="0.001" asserts="3" />
                                  <test-case name="Remotion.ObjectBinding.UnitTests.Core.BindableObject.PropertyReflectorTests.Common.GetMetadata_WithEnum" executed="True" result="Success" success="True" time="0.001" asserts="3" />
                                  <test-case name="Remotion.ObjectBinding.UnitTests.Core.BindableObject.PropertyReflectorTests.Common.GetMetadata_WithEnumBase" executed="True" result="Success" success="True" time="0.001" asserts="3" />
                                  <test-case name="Remotion.ObjectBinding.UnitTests.Core.BindableObject.PropertyReflectorTests.Common.GetMetadata_WithExtensibleEnum" executed="True" result="Success" success="True" time="0.001" asserts="3" />
                                  <test-case name="Remotion.ObjectBinding.UnitTests.Core.BindableObject.PropertyReflectorTests.Common.GetMetadata_WithFlags" executed="True" result="Success" success="True" time="0.001" asserts="3" />
                                  <test-case name="Remotion.ObjectBinding.UnitTests.Core.BindableObject.PropertyReflectorTests.Common.GetMetadata_WithGuid" executed="True" result="Success" success="True" time="0.001" asserts="3" />
                                  <test-case name="Remotion.ObjectBinding.UnitTests.Core.BindableObject.PropertyReflectorTests.Common.GetMetadata_WithInt16" executed="True" result="Success" success="True" time="0.000" asserts="3" />
                                  <test-case name="Remotion.ObjectBinding.UnitTests.Core.BindableObject.PropertyReflectorTests.Common.GetMetadata_WithInt32" executed="True" result="Success" success="True" time="0.000" asserts="3" />
                                  <test-case name="Remotion.ObjectBinding.UnitTests.Core.BindableObject.PropertyReflectorTests.Common.GetMetadata_WithInt64" executed="True" result="Success" success="True" time="0.001" asserts="3" />
                                  <test-case name="Remotion.ObjectBinding.UnitTests.Core.BindableObject.PropertyReflectorTests.Common.GetMetadata_WithMaxLengthStringAttribute" executed="False" result="Ignored">
                                    <reason>
                                      <message><![CDATA[TODO: test]]></message>
                                    </reason>
                                  </test-case>
                                  <test-case name="Remotion.ObjectBinding.UnitTests.Core.BindableObject.PropertyReflectorTests.Common.GetMetadata_WithRequiredStringAttribute" executed="False" result="Ignored">
                                    <reason>
                                      <message><![CDATA[TODO: test]]></message>
                                    </reason>
                                  </test-case>
                                  <test-case name="Remotion.ObjectBinding.UnitTests.Core.BindableObject.PropertyReflectorTests.Common.GetMetadata_WithSingle" executed="True" result="Success" success="True" time="0.000" asserts="3" />
                                  <test-case name="Remotion.ObjectBinding.UnitTests.Core.BindableObject.PropertyReflectorTests.Common.GetMetadata_WithString" executed="True" result="Success" success="True" time="0.000" asserts="3" />
                                  <test-case name="Remotion.ObjectBinding.UnitTests.Core.BindableObject.PropertyReflectorTests.Common.Initialize" executed="True" result="Success" success="True" time="0.001" asserts="3" />
                                  <test-case name="Remotion.ObjectBinding.UnitTests.Core.BindableObject.PropertyReflectorTests.Common.Initialize_WithMixin" executed="True" result="Success" success="True" time="0.009" asserts="4" />
                                </results>
                              </test-suite>
                              <test-suite type="TestFixture" name="Extensibility" executed="True" result="Success" success="True" time="0.060" asserts="0">
                                <results>
                                  <test-case name="Remotion.ObjectBinding.UnitTests.Core.BindableObject.PropertyReflectorTests.Extensibility.GetMetadata_AddNewPropertyTypeFromMixin" executed="True" result="Success" success="True" time="0.055" asserts="3" />
                                  <test-case name="Remotion.ObjectBinding.UnitTests.Core.BindableObject.PropertyReflectorTests.Extensibility.GetMetadata_DefaultsToBaseImplementation" executed="True" result="Success" success="True" time="0.003" asserts="3" />
                                  <test-case name="Remotion.ObjectBinding.UnitTests.Core.BindableObject.PropertyReflectorTests.Extensibility.GetMetadata_SupportsPredifinedPropertyTypes" executed="True" result="Success" success="True" time="0.001" asserts="3" />
                                </results>
                              </test-suite>
                              <test-suite type="TestFixture" name="ListProperties" executed="True" result="Success" success="True" time="0.015" asserts="0">
                                <results>
                                  <test-case name="Remotion.ObjectBinding.UnitTests.Core.BindableObject.PropertyReflectorTests.ListProperties.GetMetadata_WithArray" executed="True" result="Success" success="True" time="0.001" asserts="11" />
                                  <test-case name="Remotion.ObjectBinding.UnitTests.Core.BindableObject.PropertyReflectorTests.ListProperties.GetMetadata_WithArrayList" executed="True" result="Success" success="True" time="0.003" asserts="11" />
                                  <test-case name="Remotion.ObjectBinding.UnitTests.Core.BindableObject.PropertyReflectorTests.ListProperties.GetMetadata_WithItemTypeAttributeOnOverride" executed="False" result="Ignored">
                                    <reason>
                                      <message><![CDATA[TODO: test]]></message>
                                    </reason>
                                  </test-case>
                                  <test-case name="Remotion.ObjectBinding.UnitTests.Core.BindableObject.PropertyReflectorTests.ListProperties.GetMetadata_WithListOfT" executed="True" result="Success" success="True" time="0.002" asserts="11" />
                                  <test-case name="Remotion.ObjectBinding.UnitTests.Core.BindableObject.PropertyReflectorTests.ListProperties.GetMetadata_WithMissingItemTypeAttributeOnIList" executed="False" result="Ignored">
                                    <reason>
                                      <message><![CDATA[TODO: test]]></message>
                                    </reason>
                                  </test-case>
                                  <test-case name="Remotion.ObjectBinding.UnitTests.Core.BindableObject.PropertyReflectorTests.ListProperties.GetMetadata_WithReadOnlyArray" executed="True" result="Success" success="True" time="0.002" asserts="11" />
                                  <test-case name="Remotion.ObjectBinding.UnitTests.Core.BindableObject.PropertyReflectorTests.ListProperties.GetMetadata_WithReadOnlyArrayList" executed="True" result="Success" success="True" time="0.002" asserts="11" />
                                  <test-case name="Remotion.ObjectBinding.UnitTests.Core.BindableObject.PropertyReflectorTests.ListProperties.GetMetadata_WithReadOnlyCollectionOfT" executed="True" result="Success" success="True" time="0.001" asserts="11" />
                                  <test-case name="Remotion.ObjectBinding.UnitTests.Core.BindableObject.PropertyReflectorTests.ListProperties.GetMetadata_WithReadOnlyCollectionOfTWithSetter" executed="True" result="Success" success="True" time="0.002" asserts="11" />
                                  <test-case name="Remotion.ObjectBinding.UnitTests.Core.BindableObject.PropertyReflectorTests.ListProperties.GetMetadata_WithReadOnlyListOfT" executed="True" result="Success" success="True" time="0.001" asserts="11" />
                                </results>
                              </test-suite>
                              <test-suite type="TestFixture" name="ReferenceType" executed="True" result="Success" success="True" time="0.017" asserts="0">
                                <results>
                                  <test-case name="Remotion.ObjectBinding.UnitTests.Core.BindableObject.PropertyReflectorTests.ReferenceType.GetMetadata_WithArray" executed="True" result="Success" success="True" time="0.002" asserts="11" />
                                  <test-case name="Remotion.ObjectBinding.UnitTests.Core.BindableObject.PropertyReflectorTests.ReferenceType.GetMetadata_WithReadOnlyAttributeScalar" executed="True" result="Success" success="True" time="0.002" asserts="9" />
                                  <test-case name="Remotion.ObjectBinding.UnitTests.Core.BindableObject.PropertyReflectorTests.ReferenceType.GetMetadata_WithReadOnlyExplicitInterfaceScalar" executed="True" result="Success" success="True" time="0.002" asserts="10" />
                                  <test-case name="Remotion.ObjectBinding.UnitTests.Core.BindableObject.PropertyReflectorTests.ReferenceType.GetMetadata_WithReadOnlyImplicitInterfaceScalar_FromReadWriteImplementation" executed="True" result="Success" success="True" time="0.001" asserts="9" />
                                  <test-case name="Remotion.ObjectBinding.UnitTests.Core.BindableObject.PropertyReflectorTests.ReferenceType.GetMetadata_WithReadOnlyMixedProperty" executed="True" result="Success" success="True" time="0.002" asserts="9" />
                                  <test-case name="Remotion.ObjectBinding.UnitTests.Core.BindableObject.PropertyReflectorTests.ReferenceType.GetMetadata_WithReadOnlyNonPublicSetterScalar" executed="True" result="Success" success="True" time="0.001" asserts="9" />
                                  <test-case name="Remotion.ObjectBinding.UnitTests.Core.BindableObject.PropertyReflectorTests.ReferenceType.GetMetadata_WithReadOnlyScalar" executed="True" result="Success" success="True" time="0.001" asserts="9" />
                                  <test-case name="Remotion.ObjectBinding.UnitTests.Core.BindableObject.PropertyReflectorTests.ReferenceType.GetMetadata_WithReadWriteExplicitInterfaceScalar" executed="True" result="Success" success="True" time="0.001" asserts="10" />
                                  <test-case name="Remotion.ObjectBinding.UnitTests.Core.BindableObject.PropertyReflectorTests.ReferenceType.GetMetadata_WithReadWriteImplicitInterfaceScalar_FromImplementation" executed="True" result="Success" success="True" time="0.001" asserts="9" />
                                  <test-case name="Remotion.ObjectBinding.UnitTests.Core.BindableObject.PropertyReflectorTests.ReferenceType.GetMetadata_WithReadWriteMixedProperty" executed="True" result="Success" success="True" time="0.001" asserts="10" />
                                  <test-case name="Remotion.ObjectBinding.UnitTests.Core.BindableObject.PropertyReflectorTests.ReferenceType.GetMetadata_WithScalar" executed="True" result="Success" success="True" time="0.001" asserts="9" />
                                </results>
                              </test-suite>
                              <test-suite type="TestFixture" name="ValueType" executed="True" result="Success" success="True" time="0.012" asserts="0">
                                <results>
                                  <test-case name="Remotion.ObjectBinding.UnitTests.Core.BindableObject.PropertyReflectorTests.ValueType.GetMetadata_WithArray" executed="True" result="Success" success="True" time="0.001" asserts="11" />
                                  <test-case name="Remotion.ObjectBinding.UnitTests.Core.BindableObject.PropertyReflectorTests.ValueType.GetMetadata_WithNullableArray" executed="True" result="Success" success="True" time="0.001" asserts="11" />
                                  <test-case name="Remotion.ObjectBinding.UnitTests.Core.BindableObject.PropertyReflectorTests.ValueType.GetMetadata_WithNullableScalar" executed="True" result="Success" success="True" time="0.002" asserts="9" />
                                  <test-case name="Remotion.ObjectBinding.UnitTests.Core.BindableObject.PropertyReflectorTests.ValueType.GetMetadata_WithReadOnlyAttributeScalar" executed="True" result="Success" success="True" time="0.001" asserts="9" />
                                  <test-case name="Remotion.ObjectBinding.UnitTests.Core.BindableObject.PropertyReflectorTests.ValueType.GetMetadata_WithReadOnlyNonPublicSetterScalar" executed="True" result="Success" success="True" time="0.002" asserts="9" />
                                  <test-case name="Remotion.ObjectBinding.UnitTests.Core.BindableObject.PropertyReflectorTests.ValueType.GetMetadata_WithReadOnlyScalar" executed="True" result="Success" success="True" time="0.001" asserts="9" />
                                  <test-case name="Remotion.ObjectBinding.UnitTests.Core.BindableObject.PropertyReflectorTests.ValueType.GetMetadata_WithScalar" executed="True" result="Success" success="True" time="0.001" asserts="9" />
                                  <test-case name="Remotion.ObjectBinding.UnitTests.Core.BindableObject.PropertyReflectorTests.ValueType.GetMetadata_WithUndefinedEnum" executed="True" result="Success" success="True" time="0.002" asserts="9" />
                                </results>
                              </test-suite>
                            </results>
                          </test-suite>
                          <test-suite type="Namespace" name="ReferencePropertyTests" executed="True" result="Success" success="True" time="0.219" asserts="0">
                            <results>
                              <test-suite type="TestFixture" name="Common" executed="True" result="Success" success="True" time="0.005" asserts="0">
                                <results>
                                  <test-case name="Remotion.ObjectBinding.UnitTests.Core.BindableObject.ReferencePropertyTests.Common.Create" executed="True" result="Success" success="True" time="0.002" asserts="1" />
                                  <test-case name="Remotion.ObjectBinding.UnitTests.Core.BindableObject.ReferencePropertyTests.Common.CreateIfNull" executed="True" result="Success" success="True" time="0.001" asserts="2" />
                                  <test-case name="Remotion.ObjectBinding.UnitTests.Core.BindableObject.ReferencePropertyTests.Common.Initialize_WithConcreteTypeNotImplementingIBusinessObject" executed="True" result="Success" success="True" time="0.001" asserts="1" />
                                  <test-case name="Remotion.ObjectBinding.UnitTests.Core.BindableObject.ReferencePropertyTests.Common.Initialize_WithMissmatchedConcreteType" executed="True" result="Success" success="True" time="0.001" asserts="1" />
                                </results>
                              </test-suite>
                              <test-suite type="TestFixture" name="GetReferenceClass" executed="True" result="Success" success="True" time="0.048" asserts="0">
                                <results>
                                  <test-case name="Remotion.ObjectBinding.UnitTests.Core.BindableObject.ReferencePropertyTests.GetReferenceClass.UseBindableObjectProvider" executed="True" result="Success" success="True" time="0.013" asserts="5" />
                                  <test-case name="Remotion.ObjectBinding.UnitTests.Core.BindableObject.ReferencePropertyTests.GetReferenceClass.UseBindableObjectProvider_WithBaseClass" executed="True" result="Success" success="True" time="0.002" asserts="5" />
                                  <test-case name="Remotion.ObjectBinding.UnitTests.Core.BindableObject.ReferencePropertyTests.GetReferenceClass.UseBusinessObjectClassService" executed="True" result="Success" success="True" time="0.030" asserts="2" />
                                  <test-case name="Remotion.ObjectBinding.UnitTests.Core.BindableObject.ReferencePropertyTests.GetReferenceClass.UseBusinessObjectClassService_WithoutService" executed="True" result="Success" success="True" time="0.001" asserts="1" />
                                  <test-case name="Remotion.ObjectBinding.UnitTests.Core.BindableObject.ReferencePropertyTests.GetReferenceClass.UseBusinessObjectClassService_WithServiceReturningNull" executed="True" result="Success" success="True" time="0.002" asserts="1" />
                                </results>
                              </test-suite>
                              <test-suite type="TestFixture" name="SearchAvailableObjects" executed="True" result="Success" success="True" time="0.116" asserts="0">
                                <results>
                                  <test-case name="Remotion.ObjectBinding.UnitTests.Core.BindableObject.ReferencePropertyTests.SearchAvailableObjects.Search_WithSearchNotSupported" executed="True" result="Success" success="True" time="0.074" asserts="1" />
                                  <test-case name="Remotion.ObjectBinding.UnitTests.Core.BindableObject.ReferencePropertyTests.SearchAvailableObjects.Search_WithSearchSupported" executed="True" result="Success" success="True" time="0.010" asserts="2" />
                                  <test-case name="Remotion.ObjectBinding.UnitTests.Core.BindableObject.ReferencePropertyTests.SearchAvailableObjects.Search_WithSearchSupportedAndReferencingObjectNull" executed="True" result="Success" success="True" time="0.032" asserts="2" />
                                </results>
                              </test-suite>
                              <test-suite type="TestFixture" name="SupportsSearchAvailableObjects" executed="True" result="Success" success="True" time="0.038" asserts="0">
                                <results>
                                  <test-case name="Remotion.ObjectBinding.UnitTests.Core.BindableObject.ReferencePropertyTests.SupportsSearchAvailableObjects.SearchServiceFromPropertyDeclaration" executed="True" result="Success" success="True" time="0.002" asserts="2" />
                                  <test-case name="Remotion.ObjectBinding.UnitTests.Core.BindableObject.ReferencePropertyTests.SupportsSearchAvailableObjects.SearchServiceFromPropertyType" executed="True" result="Success" success="True" time="0.003" asserts="2" />
                                  <test-case name="Remotion.ObjectBinding.UnitTests.Core.BindableObject.ReferencePropertyTests.SupportsSearchAvailableObjects.UnknownSearchService" executed="True" result="Success" success="True" time="0.002" asserts="2" />
                                  <test-case name="Remotion.ObjectBinding.UnitTests.Core.BindableObject.ReferencePropertyTests.SupportsSearchAvailableObjects.WithoutSearchServiceAttribute_AndDefaultSearchService_FromPropertyDeclaration" executed="True" result="Success" success="True" time="0.028" asserts="2" />
                                  <test-case name="Remotion.ObjectBinding.UnitTests.Core.BindableObject.ReferencePropertyTests.SupportsSearchAvailableObjects.WithoutSearchServiceAttribute_AndDefaultSearchService_FromPropertyType" executed="False" result="Ignored">
                                    <reason>
                                      <message><![CDATA[Extend fallback behavior to include property type.]]></message>
                                    </reason>
                                  </test-case>
                                  <test-case name="Remotion.ObjectBinding.UnitTests.Core.BindableObject.ReferencePropertyTests.SupportsSearchAvailableObjects.WithoutSearchServiceAttribute_AndNoDefaultSearchService_FromPropertyDeclaration" executed="True" result="Success" success="True" time="0.001" asserts="2" />
                                  <test-case name="Remotion.ObjectBinding.UnitTests.Core.BindableObject.ReferencePropertyTests.SupportsSearchAvailableObjects.WithoutSearchServiceAttribute_AndNoDefaultSearchService_FromPropertyType" executed="False" result="Ignored">
                                    <reason>
                                      <message><![CDATA[Extend fallback behavior to include property type.]]></message>
                                    </reason>
                                  </test-case>
                                </results>
                              </test-suite>
                            </results>
                          </test-suite>
                          <test-suite type="TestFixture" name="ReflectionBasedPropertyFinderTest" executed="True" result="Success" success="True" time="0.034" asserts="0">
                            <results>
                              <test-case name="Remotion.ObjectBinding.UnitTests.Core.BindableObject.ReflectionBasedPropertyFinderTest.ExplicitInterfaceProperties_GetInterfaceBasedPropertyInfo" executed="True" result="Success" success="True" time="0.002" asserts="4" />
                              <test-case name="Remotion.ObjectBinding.UnitTests.Core.BindableObject.ReflectionBasedPropertyFinderTest.FindsPropertiesFromExplicitInterfaceImplementations" executed="True" result="Success" success="True" time="0.003" asserts="1" />
                              <test-case name="Remotion.ObjectBinding.UnitTests.Core.BindableObject.ReflectionBasedPropertyFinderTest.FindsPropertiesFromExplicitInterfaceImplementationsOnBase" executed="True" result="Success" success="True" time="0.001" asserts="1" />
                              <test-case name="Remotion.ObjectBinding.UnitTests.Core.BindableObject.ReflectionBasedPropertyFinderTest.FindsPropertiesFromImplicitInterfaceImplementations" executed="True" result="Success" success="True" time="0.001" asserts="1" />
                              <test-case name="Remotion.ObjectBinding.UnitTests.Core.BindableObject.ReflectionBasedPropertyFinderTest.GetPropertyInfos_MixedProperties" executed="True" result="Success" success="True" time="0.007" asserts="31" />
                              <test-case name="Remotion.ObjectBinding.UnitTests.Core.BindableObject.ReflectionBasedPropertyFinderTest.GetPropertyInfos_MixedProperties_DuplicatesNotRemoved" executed="True" result="Success" success="True" time="0.005" asserts="6" />
                              <test-case name="Remotion.ObjectBinding.UnitTests.Core.BindableObject.ReflectionBasedPropertyFinderTest.IgnoresBasePropertiesWithSameName" executed="True" result="Success" success="True" time="0.003" asserts="1" />
                              <test-case name="Remotion.ObjectBinding.UnitTests.Core.BindableObject.ReflectionBasedPropertyFinderTest.IgnoresIndexedProperties" executed="True" result="Success" success="True" time="0.002" asserts="1" />
                              <test-case name="Remotion.ObjectBinding.UnitTests.Core.BindableObject.ReflectionBasedPropertyFinderTest.IgnoresPropertiesWithOjectBindingVisibleFalseAttribute" executed="True" result="Success" success="True" time="0.004" asserts="1" />
                              <test-case name="Remotion.ObjectBinding.UnitTests.Core.BindableObject.ReflectionBasedPropertyFinderTest.ImplicitInterfaceProperties_GetInterfaceBasedPropertyInfo" executed="True" result="Success" success="True" time="0.001" asserts="3" />
                              <test-case name="Remotion.ObjectBinding.UnitTests.Core.BindableObject.ReflectionBasedPropertyFinderTest.InterfaceProperties_PropertyWithoutGetter" executed="True" result="Success" success="True" time="0.001" asserts="1" />
                              <test-case name="Remotion.ObjectBinding.UnitTests.Core.BindableObject.ReflectionBasedPropertyFinderTest.NoPropertiesFromBindableObjectMixins" executed="True" result="Success" success="True" time="0.002" asserts="1" />
                              <test-case name="Remotion.ObjectBinding.UnitTests.Core.BindableObject.ReflectionBasedPropertyFinderTest.PropertyWithDoubleInterfaceMethod" executed="True" result="Success" success="True" time="0.001" asserts="2" />
                              <test-case name="Remotion.ObjectBinding.UnitTests.Core.BindableObject.ReflectionBasedPropertyFinderTest.ReturnsPublicInstancePropertiesFromThisAndBase" executed="True" result="Success" success="True" time="0.001" asserts="1" />
                            </results>
                          </test-suite>
                          <test-suite type="TestFixture" name="SecurityIntegrationTest" executed="True" result="Success" success="True" time="0.375" asserts="0">
                            <results>
                              <test-case name="Remotion.ObjectBinding.UnitTests.Core.BindableObject.SecurityIntegrationTest.AccessGranted_DefaultPropertyInMixedClass_IsAccessible" executed="True" result="Success" success="True" time="0.268" asserts="1" />
                              <test-case name="Remotion.ObjectBinding.UnitTests.Core.BindableObject.SecurityIntegrationTest.AccessGranted_DefaultPropertyInMixedClass_IsReadOnly" executed="True" result="Success" success="True" time="0.009" asserts="1" />
                              <test-case name="Remotion.ObjectBinding.UnitTests.Core.BindableObject.SecurityIntegrationTest.AccessGranted_PropertyWithDefaultPermission_IsAccessible" executed="True" result="Success" success="True" time="0.007" asserts="1" />
                              <test-case name="Remotion.ObjectBinding.UnitTests.Core.BindableObject.SecurityIntegrationTest.AccessGranted_PropertyWithDefaultPermission_IsReadonly" executed="True" result="Success" success="True" time="0.005" asserts="1" />
                              <test-case name="Remotion.ObjectBinding.UnitTests.Core.BindableObject.SecurityIntegrationTest.AccessGranted_PropertyWithWriteAccess_IsAccessible" executed="True" result="Success" success="True" time="0.006" asserts="1" />
                              <test-case name="Remotion.ObjectBinding.UnitTests.Core.BindableObject.SecurityIntegrationTest.AccessGranted_PropertyWithWriteAccess_IsReadonly" executed="True" result="Success" success="True" time="0.009" asserts="1" />
                              <test-case name="Remotion.ObjectBinding.UnitTests.Core.BindableObject.SecurityIntegrationTest.AccessGranted_ReadOnlyProperty_IsReadonly" executed="True" result="Success" success="True" time="0.007" asserts="1" />
                              <test-case name="Remotion.ObjectBinding.UnitTests.Core.BindableObject.SecurityIntegrationTest.AccessGranted_ReadOnlyPropertyInDerivedClass_IsReadOnly" executed="True" result="Success" success="True" time="0.030" asserts="1" />
                              <test-case name="Remotion.ObjectBinding.UnitTests.Core.BindableObject.SecurityIntegrationTest.AccessGranted_ReadOnlyPropertyInMixedClass_IsReadOnly" executed="True" result="Success" success="True" time="0.004" asserts="1" />
                              <test-case name="Remotion.ObjectBinding.UnitTests.Core.BindableObject.SecurityIntegrationTest.AccessGranted_WritablePropertyInDeriveClass_IsAccessible" executed="True" result="Success" success="True" time="0.004" asserts="1" />
                              <test-case name="Remotion.ObjectBinding.UnitTests.Core.BindableObject.SecurityIntegrationTest.AccessGranted_WritablePropertyInDerivedClass_IsReadOnly" executed="True" result="Success" success="True" time="0.004" asserts="1" />
                              <test-case name="Remotion.ObjectBinding.UnitTests.Core.BindableObject.SecurityIntegrationTest.AccessGranted_WritablePropertyInMixedClass_IsAccessible" executed="True" result="Success" success="True" time="0.005" asserts="1" />
                              <test-case name="Remotion.ObjectBinding.UnitTests.Core.BindableObject.SecurityIntegrationTest.AccessGranted_WritablePropertyInMixedClass_IsReadOnly" executed="True" result="Success" success="True" time="0.004" asserts="1" />
                              <test-case name="Remotion.ObjectBinding.UnitTests.Core.BindableObject.SecurityIntegrationTest.NoAccessGranted_ReadOnlyProperty_IsAccessible" executed="True" result="Success" success="True" time="0.003" asserts="1" />
                              <test-case name="Remotion.ObjectBinding.UnitTests.Core.BindableObject.SecurityIntegrationTest.NoAccessGranted_ReadOnlyPropertyInDeriveClass_IsAccessible" executed="True" result="Success" success="True" time="0.003" asserts="1" />
                              <test-case name="Remotion.ObjectBinding.UnitTests.Core.BindableObject.SecurityIntegrationTest.NoAccessGranted_ReadOnlyPropertyInMixedClass_IsAccessible" executed="True" result="Success" success="True" time="0.004" asserts="1" />
                            </results>
                          </test-suite>
                          <test-suite type="TestFixture" name="UndefinedEnumValueAttributeTest" executed="True" result="Success" success="True" time="0.005" asserts="0">
                            <results>
                              <test-case name="Remotion.ObjectBinding.UnitTests.Core.BindableObject.UndefinedEnumValueAttributeTest.Initialize" executed="True" result="Success" success="True" time="0.001" asserts="1" />
                              <test-case name="Remotion.ObjectBinding.UnitTests.Core.BindableObject.UndefinedEnumValueAttributeTest.InitializeWithInvalidValue" executed="True" result="Success" success="True" time="0.001" asserts="0" />
                              <test-case name="Remotion.ObjectBinding.UnitTests.Core.BindableObject.UndefinedEnumValueAttributeTest.InitializeWithNull" executed="True" result="Success" success="True" time="0.000" asserts="0" />
                              <test-case name="Remotion.ObjectBinding.UnitTests.Core.BindableObject.UndefinedEnumValueAttributeTest.InitializeWithObjectOfInvalidType" executed="True" result="Success" success="True" time="0.001" asserts="0" />
                            </results>
                          </test-suite>
                        </results>
                      </test-suite>
                      <test-suite type="TestFixture" name="BusinessObjectDataSourceTest" executed="True" result="Success" success="True" time="0.147" asserts="0">
                        <results>
                          <test-case name="Remotion.ObjectBinding.UnitTests.Core.BusinessObjectDataSourceTest.GetBusinessObjectProvider" executed="True" result="Success" success="True" time="0.038" asserts="1" />
                          <test-case name="Remotion.ObjectBinding.UnitTests.Core.BusinessObjectDataSourceTest.GetBusinessObjectProvider_WithoutbusinessObjectClass" executed="True" result="Success" success="True" time="0.000" asserts="1" />
                          <test-case name="Remotion.ObjectBinding.UnitTests.Core.BusinessObjectDataSourceTest.LoadValues" executed="True" result="Success" success="True" time="0.041" asserts="0" />
                          <test-case name="Remotion.ObjectBinding.UnitTests.Core.BusinessObjectDataSourceTest.Register_SameTwice" executed="True" result="Success" success="True" time="0.003" asserts="1" />
                          <test-case name="Remotion.ObjectBinding.UnitTests.Core.BusinessObjectDataSourceTest.RegisterAndGetBoundControls" executed="True" result="Success" success="True" time="0.002" asserts="1" />
                          <test-case name="Remotion.ObjectBinding.UnitTests.Core.BusinessObjectDataSourceTest.SaveValues" executed="True" result="Success" success="True" time="0.046" asserts="0" />
                          <test-case name="Remotion.ObjectBinding.UnitTests.Core.BusinessObjectDataSourceTest.SetAndGetMode" executed="True" result="Success" success="True" time="0.001" asserts="1" />
                          <test-case name="Remotion.ObjectBinding.UnitTests.Core.BusinessObjectDataSourceTest.Unegister_SameTwice" executed="True" result="Success" success="True" time="0.002" asserts="2" />
                          <test-case name="Remotion.ObjectBinding.UnitTests.Core.BusinessObjectDataSourceTest.Unregister" executed="True" result="Success" success="True" time="0.002" asserts="3" />
                        </results>
                      </test-suite>
                      <test-suite type="TestFixture" name="BusinessObjectExtensionMethodsTest" executed="True" result="Success" success="True" time="0.014" asserts="0">
                        <results>
                          <test-case name="Remotion.ObjectBinding.UnitTests.Core.BusinessObjectExtensionMethodsTest.GetProperty" executed="True" result="Success" success="True" time="0.005" asserts="1" />
                          <test-case name="Remotion.ObjectBinding.UnitTests.Core.BusinessObjectExtensionMethodsTest.GetProperty_WithInvalidPropertyIdentifier" executed="True" result="Success" success="True" time="0.003" asserts="0" />
                          <test-case name="Remotion.ObjectBinding.UnitTests.Core.BusinessObjectExtensionMethodsTest.GetPropertyString" executed="True" result="Success" success="True" time="0.003" asserts="1" />
                          <test-case name="Remotion.ObjectBinding.UnitTests.Core.BusinessObjectExtensionMethodsTest.SetProperty" executed="True" result="Success" success="True" time="0.002" asserts="0" />
                        </results>
                      </test-suite>
                      <test-suite type="Namespace" name="BusinessObjectPropertyPathTests" executed="True" result="Success" success="True" time="0.333" asserts="0">
                        <results>
                          <test-suite type="TestFixture" name="CascadedListPropertyPathTest" executed="True" result="Success" success="True" time="0.210" asserts="0">
                            <results>
                              <test-case name="Remotion.ObjectBinding.UnitTests.Core.BusinessObjectPropertyPathTests.CascadedListPropertyPathTest.GetPropertyString_WithUnreachableObject" executed="True" result="Success" success="True" time="0.140" asserts="1" />
                              <test-case name="Remotion.ObjectBinding.UnitTests.Core.BusinessObjectPropertyPathTests.CascadedListPropertyPathTest.GetString" executed="True" result="Success" success="True" time="0.011" asserts="1" />
                              <test-case name="Remotion.ObjectBinding.UnitTests.Core.BusinessObjectPropertyPathTests.CascadedListPropertyPathTest.GetString_WithAccessDenied" executed="True" result="Success" success="True" time="0.009" asserts="1" />
                              <test-case name="Remotion.ObjectBinding.UnitTests.Core.BusinessObjectPropertyPathTests.CascadedListPropertyPathTest.GetValue" executed="True" result="Success" success="True" time="0.011" asserts="1" />
                              <test-case name="Remotion.ObjectBinding.UnitTests.Core.BusinessObjectPropertyPathTests.CascadedListPropertyPathTest.GetValue_ThrowsInvalidOperationExceptionBecauseOfListProperty" executed="True" result="Success" success="True" time="0.005" asserts="0" />
                              <test-case name="Remotion.ObjectBinding.UnitTests.Core.BusinessObjectPropertyPathTests.CascadedListPropertyPathTest.GetValue_ThrowsInvalidOperationExceptionBecauseOfUnreachableObject" executed="True" result="Success" success="True" time="0.008" asserts="0" />
                              <test-case name="Remotion.ObjectBinding.UnitTests.Core.BusinessObjectPropertyPathTests.CascadedListPropertyPathTest.GetValue_WithAccessDenied" executed="True" result="Success" success="True" time="0.009" asserts="1" />
                              <test-case name="Remotion.ObjectBinding.UnitTests.Core.BusinessObjectPropertyPathTests.CascadedListPropertyPathTest.GetValue_WithUnreachableObject" executed="True" result="Success" success="True" time="0.009" asserts="1" />
                            </results>
                          </test-suite>
                          <test-suite type="TestFixture" name="CascadedPropertyPathTest" executed="True" result="Success" success="True" time="0.064" asserts="0">
                            <results>
                              <test-case name="Remotion.ObjectBinding.UnitTests.Core.BusinessObjectPropertyPathTests.CascadedPropertyPathTest.GeBusinessObject" executed="True" result="Success" success="True" time="0.008" asserts="1" />
                              <test-case name="Remotion.ObjectBinding.UnitTests.Core.BusinessObjectPropertyPathTests.CascadedPropertyPathTest.GetPropertyString" executed="True" result="Success" success="True" time="0.010" asserts="1" />
                              <test-case name="Remotion.ObjectBinding.UnitTests.Core.BusinessObjectPropertyPathTests.CascadedPropertyPathTest.GetPropertyString_WithAccessDenied" executed="True" result="Success" success="True" time="0.008" asserts="1" />
                              <test-case name="Remotion.ObjectBinding.UnitTests.Core.BusinessObjectPropertyPathTests.CascadedPropertyPathTest.GetPropertyString_WithUnreachableObject" executed="True" result="Success" success="True" time="0.005" asserts="1" />
                              <test-case name="Remotion.ObjectBinding.UnitTests.Core.BusinessObjectPropertyPathTests.CascadedPropertyPathTest.GetValue" executed="True" result="Success" success="True" time="0.009" asserts="1" />
                              <test-case name="Remotion.ObjectBinding.UnitTests.Core.BusinessObjectPropertyPathTests.CascadedPropertyPathTest.GetValue_ThrowsInvalidOperationExceptionBecauseOfUnreachableObject" executed="True" result="Success" success="True" time="0.008" asserts="0" />
                              <test-case name="Remotion.ObjectBinding.UnitTests.Core.BusinessObjectPropertyPathTests.CascadedPropertyPathTest.GetValue_WithAccessDenied" executed="True" result="Success" success="True" time="0.008" asserts="1" />
                              <test-case name="Remotion.ObjectBinding.UnitTests.Core.BusinessObjectPropertyPathTests.CascadedPropertyPathTest.GetValue_WithUnreachableObject" executed="True" result="Success" success="True" time="0.005" asserts="1" />
                            </results>
                          </test-suite>
                          <test-suite type="TestFixture" name="SingleValuePropertyPathTest" executed="True" result="Success" success="True" time="0.056" asserts="0">
                            <results>
                              <test-case name="Remotion.ObjectBinding.UnitTests.Core.BusinessObjectPropertyPathTests.SingleValuePropertyPathTest.GetPropertyString" executed="True" result="Success" success="True" time="0.018" asserts="1" />
                              <test-case name="Remotion.ObjectBinding.UnitTests.Core.BusinessObjectPropertyPathTests.SingleValuePropertyPathTest.GetPropertyString_WithAccessDenied" executed="True" result="Success" success="True" time="0.010" asserts="1" />
                              <test-case name="Remotion.ObjectBinding.UnitTests.Core.BusinessObjectPropertyPathTests.SingleValuePropertyPathTest.GetValue" executed="True" result="Success" success="True" time="0.009" asserts="1" />
                              <test-case name="Remotion.ObjectBinding.UnitTests.Core.BusinessObjectPropertyPathTests.SingleValuePropertyPathTest.GetValue_WithAccessDenied" executed="True" result="Success" success="True" time="0.010" asserts="1" />
                            </results>
                          </test-suite>
                        </results>
                      </test-suite>
                      <test-suite type="TestFixture" name="BusinessObjectProviderAttributeTest" executed="True" result="Success" success="True" time="0.001" asserts="0">
                        <results>
                          <test-case name="Remotion.ObjectBinding.UnitTests.Core.BusinessObjectProviderAttributeTest.Initialize_WithInvalidType" executed="True" result="Success" success="True" time="0.001" asserts="0" />
                          <test-case name="Remotion.ObjectBinding.UnitTests.Core.BusinessObjectProviderAttributeTest.Initialize_WithValidType" executed="True" result="Success" success="True" time="0.000" asserts="1" />
                        </results>
                      </test-suite>
                      <test-suite type="TestFixture" name="BusinessObjectProviderTest" executed="True" result="Success" success="True" time="0.077" asserts="0">
                        <results>
                          <test-case name="Remotion.ObjectBinding.UnitTests.Core.BusinessObjectProviderTest.AddAndGetService" executed="True" result="Success" success="True" time="0.033" asserts="2" />
                          <test-case name="Remotion.ObjectBinding.UnitTests.Core.BusinessObjectProviderTest.AddService_Twice" executed="True" result="Success" success="True" time="0.002" asserts="2" />
                          <test-case name="Remotion.ObjectBinding.UnitTests.Core.BusinessObjectProviderTest.AddService_WithGeneric" executed="True" result="Success" success="True" time="0.002" asserts="4" />
                          <test-case name="Remotion.ObjectBinding.UnitTests.Core.BusinessObjectProviderTest.GetProvider" executed="True" result="Success" success="True" time="0.002" asserts="2" />
                          <test-case name="Remotion.ObjectBinding.UnitTests.Core.BusinessObjectProviderTest.GetProvider_FromGeneric" executed="True" result="Success" success="True" time="0.001" asserts="1" />
                          <test-case name="Remotion.ObjectBinding.UnitTests.Core.BusinessObjectProviderTest.GetProvider_FromOtherBusinessObjectImplementation" executed="True" result="Success" success="True" time="0.001" asserts="1" />
                          <test-case name="Remotion.ObjectBinding.UnitTests.Core.BusinessObjectProviderTest.GetProvider_SameTwice" executed="True" result="Success" success="True" time="0.001" asserts="1" />
                          <test-case name="Remotion.ObjectBinding.UnitTests.Core.BusinessObjectProviderTest.GetProvider_WithDifferentAttributesResultingInDifferentProviders" executed="True" result="Success" success="True" time="0.003" asserts="3" />
                          <test-case name="Remotion.ObjectBinding.UnitTests.Core.BusinessObjectProviderTest.GetProvider_WithMixin" executed="True" result="Success" success="True" time="0.014" asserts="1" />
                          <test-case name="Remotion.ObjectBinding.UnitTests.Core.BusinessObjectProviderTest.GetService_FromExplictValue" executed="True" result="Success" success="True" time="0.003" asserts="2" />
                          <test-case name="Remotion.ObjectBinding.UnitTests.Core.BusinessObjectProviderTest.GetService_FromGeneric" executed="True" result="Success" success="True" time="0.001" asserts="1" />
                          <test-case name="Remotion.ObjectBinding.UnitTests.Core.BusinessObjectProviderTest.GetService_FromServiceFactory" executed="True" result="Success" success="True" time="0.003" asserts="2" />
                          <test-case name="Remotion.ObjectBinding.UnitTests.Core.BusinessObjectProviderTest.Initialize" executed="True" result="Success" success="True" time="0.000" asserts="1" />
                          <test-case name="Remotion.ObjectBinding.UnitTests.Core.BusinessObjectProviderTest.SetProvider" executed="True" result="Success" success="True" time="0.001" asserts="2" />
                          <test-case name="Remotion.ObjectBinding.UnitTests.Core.BusinessObjectProviderTest.SetProvider_FromOtherBusinessObjectImplementation" executed="True" result="Success" success="True" time="0.001" asserts="1" />
                          <test-case name="Remotion.ObjectBinding.UnitTests.Core.BusinessObjectProviderTest.SetProvider_Null" executed="True" result="Success" success="True" time="0.001" asserts="2" />
                          <test-case name="Remotion.ObjectBinding.UnitTests.Core.BusinessObjectProviderTest.SetProvider_Twice" executed="True" result="Success" success="True" time="0.000" asserts="1" />
                          <test-case name="Remotion.ObjectBinding.UnitTests.Core.BusinessObjectProviderTest.SetProvider_WithGeneric" executed="True" result="Success" success="True" time="0.001" asserts="1" />
                          <test-case name="Remotion.ObjectBinding.UnitTests.Core.BusinessObjectProviderTest.SetProvider_WithMismatchedTypes" executed="True" result="Success" success="True" time="0.001" asserts="0" />
                        </results>
                      </test-suite>
                      <test-suite type="Namespace" name="BusinessObjectStringFormatterServiceTests" executed="True" result="Success" success="True" time="0.336" asserts="0">
                        <results>
                          <test-suite type="TestFixture" name="GetPropertyString_WithBooleanProperty" executed="True" result="Success" success="True" time="0.067" asserts="0">
                            <results>
                              <test-case name="Remotion.ObjectBinding.UnitTests.Core.BusinessObjectStringFormatterServiceTests.GetPropertyString_WithBooleanProperty.Scalar_WithNull" executed="True" result="Success" success="True" time="0.063" asserts="1" />
                              <test-case name="Remotion.ObjectBinding.UnitTests.Core.BusinessObjectStringFormatterServiceTests.GetPropertyString_WithBooleanProperty.Scalar_WithValue" executed="True" result="Success" success="True" time="0.004" asserts="1" />
                            </results>
                          </test-suite>
                          <test-suite type="TestFixture" name="GetPropertyString_WithDateTimeProperty" executed="True" result="Success" success="True" time="0.065" asserts="0">
                            <results>
                              <test-case name="Remotion.ObjectBinding.UnitTests.Core.BusinessObjectStringFormatterServiceTests.GetPropertyString_WithDateTimeProperty.Scalar_WithFormattableValue" executed="True" result="Success" success="True" time="0.060" asserts="1" />
                              <test-case name="Remotion.ObjectBinding.UnitTests.Core.BusinessObjectStringFormatterServiceTests.GetPropertyString_WithDateTimeProperty.Scalar_WithNull" executed="True" result="Success" success="True" time="0.001" asserts="1" />
                              <test-case name="Remotion.ObjectBinding.UnitTests.Core.BusinessObjectStringFormatterServiceTests.GetPropertyString_WithDateTimeProperty.Scalar_WithValue" executed="True" result="Success" success="True" time="0.003" asserts="1" />
                            </results>
                          </test-suite>
                          <test-suite type="TestFixture" name="GetPropertyString_WithEnumerationProperty" executed="True" result="Success" success="True" time="0.046" asserts="0">
                            <results>
                              <test-case name="Remotion.ObjectBinding.UnitTests.Core.BusinessObjectStringFormatterServiceTests.GetPropertyString_WithEnumerationProperty.Scalar_WithNull" executed="True" result="Success" success="True" time="0.041" asserts="1" />
                              <test-case name="Remotion.ObjectBinding.UnitTests.Core.BusinessObjectStringFormatterServiceTests.GetPropertyString_WithEnumerationProperty.Scalar_WithUndefinedValue" executed="True" result="Success" success="True" time="0.002" asserts="1" />
                              <test-case name="Remotion.ObjectBinding.UnitTests.Core.BusinessObjectStringFormatterServiceTests.GetPropertyString_WithEnumerationProperty.Scalar_WithValue" executed="True" result="Success" success="True" time="0.002" asserts="1" />
                            </results>
                          </test-suite>
                          <test-suite type="TestFixture" name="GetPropertyString_WithList" executed="True" result="Success" success="True" time="0.075" asserts="0">
                            <results>
                              <test-case name="Remotion.ObjectBinding.UnitTests.Core.BusinessObjectStringFormatterServiceTests.GetPropertyString_WithList.List_WithInvalidLineCountHavingMissingNumber" executed="True" result="Success" success="True" time="0.045" asserts="1" />
                              <test-case name="Remotion.ObjectBinding.UnitTests.Core.BusinessObjectStringFormatterServiceTests.GetPropertyString_WithList.List_WithInvalidLineCountHavingNonInteger" executed="True" result="Success" success="True" time="0.003" asserts="1" />
                              <test-case name="Remotion.ObjectBinding.UnitTests.Core.BusinessObjectStringFormatterServiceTests.GetPropertyString_WithList.List_WithLineCountAboveListLength" executed="True" result="Success" success="True" time="0.002" asserts="1" />
                              <test-case name="Remotion.ObjectBinding.UnitTests.Core.BusinessObjectStringFormatterServiceTests.GetPropertyString_WithList.List_WithLineCountAll" executed="True" result="Success" success="True" time="0.003" asserts="1" />
                              <test-case name="Remotion.ObjectBinding.UnitTests.Core.BusinessObjectStringFormatterServiceTests.GetPropertyString_WithList.List_WithLineCountAndFormatString" executed="True" result="Success" success="True" time="0.003" asserts="1" />
                              <test-case name="Remotion.ObjectBinding.UnitTests.Core.BusinessObjectStringFormatterServiceTests.GetPropertyString_WithList.List_WithLineCountAndFormatStringWithMultipleSeparatorCharacters" executed="True" result="Success" success="True" time="0.003" asserts="1" />
                              <test-case name="Remotion.ObjectBinding.UnitTests.Core.BusinessObjectStringFormatterServiceTests.GetPropertyString_WithList.List_WithLineCountAndOnlySeparator" executed="True" result="Success" success="True" time="0.003" asserts="1" />
                              <test-case name="Remotion.ObjectBinding.UnitTests.Core.BusinessObjectStringFormatterServiceTests.GetPropertyString_WithList.List_WithLineCountBelowListLength" executed="True" result="Success" success="True" time="0.003" asserts="1" />
                              <test-case name="Remotion.ObjectBinding.UnitTests.Core.BusinessObjectStringFormatterServiceTests.GetPropertyString_WithList.List_WithNull" executed="True" result="Success" success="True" time="0.002" asserts="1" />
                              <test-case name="Remotion.ObjectBinding.UnitTests.Core.BusinessObjectStringFormatterServiceTests.GetPropertyString_WithList.List_WithoutLineCount" executed="True" result="Success" success="True" time="0.002" asserts="1" />
                              <test-case name="Remotion.ObjectBinding.UnitTests.Core.BusinessObjectStringFormatterServiceTests.GetPropertyString_WithList.List_WithoutLineCountHavingFormatString" executed="True" result="Success" success="True" time="0.002" asserts="1" />
                            </results>
                          </test-suite>
                          <test-suite type="TestFixture" name="GetPropertyString_WithNotSupportedProperty" executed="True" result="Success" success="True" time="0.005" asserts="0">
                            <results>
                              <test-case name="Remotion.ObjectBinding.UnitTests.Core.BusinessObjectStringFormatterServiceTests.GetPropertyString_WithNotSupportedProperty.Scalar_WithNull" executed="True" result="Success" success="True" time="0.002" asserts="1" />
                              <test-case name="Remotion.ObjectBinding.UnitTests.Core.BusinessObjectStringFormatterServiceTests.GetPropertyString_WithNotSupportedProperty.Scalar_WithValue" executed="True" result="Success" success="True" time="0.002" asserts="1" />
                            </results>
                          </test-suite>
                          <test-suite type="TestFixture" name="GetPropertyString_WithNumericProperty" executed="True" result="Success" success="True" time="0.009" asserts="0">
                            <results>
                              <test-case name="Remotion.ObjectBinding.UnitTests.Core.BusinessObjectStringFormatterServiceTests.GetPropertyString_WithNumericProperty.Scalar_WithFormattableValue" executed="True" result="Success" success="True" time="0.002" asserts="1" />
                              <test-case name="Remotion.ObjectBinding.UnitTests.Core.BusinessObjectStringFormatterServiceTests.GetPropertyString_WithNumericProperty.Scalar_WithNull" executed="True" result="Success" success="True" time="0.004" asserts="1" />
                              <test-case name="Remotion.ObjectBinding.UnitTests.Core.BusinessObjectStringFormatterServiceTests.GetPropertyString_WithNumericProperty.Scalar_WithValue" executed="True" result="Success" success="True" time="0.002" asserts="1" />
                            </results>
                          </test-suite>
                          <test-suite type="TestFixture" name="GetPropertyString_WithReferenceProperty" executed="True" result="Success" success="True" time="0.008" asserts="0">
                            <results>
                              <test-case name="Remotion.ObjectBinding.UnitTests.Core.BusinessObjectStringFormatterServiceTests.GetPropertyString_WithReferenceProperty.Scalar_WithBusinessObjectValue" executed="True" result="Success" success="True" time="0.003" asserts="1" />
                              <test-case name="Remotion.ObjectBinding.UnitTests.Core.BusinessObjectStringFormatterServiceTests.GetPropertyString_WithReferenceProperty.Scalar_WithBusinessObjectWithIdentityValue" executed="True" result="Success" success="True" time="0.002" asserts="1" />
                              <test-case name="Remotion.ObjectBinding.UnitTests.Core.BusinessObjectStringFormatterServiceTests.GetPropertyString_WithReferenceProperty.Scalar_WithNull" executed="True" result="Success" success="True" time="0.001" asserts="1" />
                            </results>
                          </test-suite>
                          <test-suite type="TestFixture" name="GetPropertyString_WithStringProperty" executed="True" result="Success" success="True" time="0.050" asserts="0">
                            <results>
                              <test-case name="Remotion.ObjectBinding.UnitTests.Core.BusinessObjectStringFormatterServiceTests.GetPropertyString_WithStringProperty.List_WithValue" executed="True" result="Success" success="True" time="0.045" asserts="1" />
                              <test-case name="Remotion.ObjectBinding.UnitTests.Core.BusinessObjectStringFormatterServiceTests.GetPropertyString_WithStringProperty.Scalar_WithNull" executed="True" result="Success" success="True" time="0.003" asserts="1" />
                              <test-case name="Remotion.ObjectBinding.UnitTests.Core.BusinessObjectStringFormatterServiceTests.GetPropertyString_WithStringProperty.Scalar_WithValue" executed="True" result="Success" success="True" time="0.002" asserts="1" />
                            </results>
                          </test-suite>
                        </results>
                      </test-suite>
                      <test-suite type="Namespace" name="Design" executed="True" result="Success" success="True" time="0.844" asserts="0">
                        <results>
                          <test-suite type="Namespace" name="BindableObject" executed="True" result="Success" success="True" time="0.317" asserts="0">
                            <results>
                              <test-suite type="TestFixture" name="BindableObjectTypeFinderTest" executed="True" result="Success" success="True" time="0.050" asserts="0">
                                <results>
                                  <test-case name="Remotion.ObjectBinding.UnitTests.Core.Design.BindableObject.BindableObjectTypeFinderTest.GetMixinConfiguration_IncludeGac" executed="True" result="Success" success="True" time="0.034" asserts="7" />
                                  <test-case name="Remotion.ObjectBinding.UnitTests.Core.Design.BindableObject.BindableObjectTypeFinderTest.GetMixinConfiguration_NotIncludeGac" executed="True" result="Success" success="True" time="0.002" asserts="0" />
                                  <test-case name="Remotion.ObjectBinding.UnitTests.Core.Design.BindableObject.BindableObjectTypeFinderTest.GetTypes_WithoutTypeDiscoveryService" executed="True" result="Success" success="True" time="0.002" asserts="1" />
                                  <test-case name="Remotion.ObjectBinding.UnitTests.Core.Design.BindableObject.BindableObjectTypeFinderTest.GetTypes_WithTypeDiscoveryService_GetsTypeInheritingMixinFromBase" executed="True" result="Success" success="True" time="0.003" asserts="1" />
                                  <test-case name="Remotion.ObjectBinding.UnitTests.Core.Design.BindableObject.BindableObjectTypeFinderTest.GetTypes_WithTypeDiscoveryService_IgnoresActiveMixinConfiguration" executed="True" result="Success" success="True" time="0.003" asserts="1" />
                                  <test-case name="Remotion.ObjectBinding.UnitTests.Core.Design.BindableObject.BindableObjectTypeFinderTest.GetTypes_WithTypeDiscoveryService_IncludeGac" executed="True" result="Success" success="True" time="0.002" asserts="1" />
                                  <test-case name="Remotion.ObjectBinding.UnitTests.Core.Design.BindableObject.BindableObjectTypeFinderTest.GetTypes_WithTypeDiscoveryService_NotIncludeGac" executed="True" result="Success" success="True" time="0.002" asserts="1" />
                                </results>
                              </test-suite>
                              <test-suite type="TestFixture" name="SearchFieldControllerTest" executed="True" result="Success" success="True" time="0.247" asserts="0">
                                <results>
                                  <test-case name="Remotion.ObjectBinding.UnitTests.Core.Design.BindableObject.SearchFieldControllerTest.GetButtonIcon" executed="True" result="Success" success="True" time="0.247" asserts="4" />
                                </results>
                              </test-suite>
                              <test-suite type="TestFixture" name="TypeTreeViewControllerTest" executed="True" result="Success" success="True" time="0.017" asserts="0">
                                <results>
                                  <test-case name="Remotion.ObjectBinding.UnitTests.Core.Design.BindableObject.TypeTreeViewControllerTest.GetTreeViewIcons" executed="True" result="Success" success="True" time="0.017" asserts="3" />
                                </results>
                              </test-suite>
                            </results>
                          </test-suite>
                          <test-suite type="TestFixture" name="DropDownEditorBaseTest" executed="True" result="Success" success="True" time="0.523" asserts="0">
                            <results>
                              <test-case name="Remotion.ObjectBinding.UnitTests.Core.Design.DropDownEditorBaseTest.EditValue" executed="True" result="Success" success="True" time="0.508" asserts="1" />
                              <test-case name="Remotion.ObjectBinding.UnitTests.Core.Design.DropDownEditorBaseTest.EditValue_WithoutServiceProvider" executed="True" result="Success" success="True" time="0.002" asserts="1" />
                              <test-case name="Remotion.ObjectBinding.UnitTests.Core.Design.DropDownEditorBaseTest.EditValue_WithoutTypeDescriptorContext" executed="True" result="Success" success="True" time="0.001" asserts="1" />
                              <test-case name="Remotion.ObjectBinding.UnitTests.Core.Design.DropDownEditorBaseTest.EditValue_WithoutTypeDescriptorContextInstance" executed="True" result="Success" success="True" time="0.001" asserts="1" />
                              <test-case name="Remotion.ObjectBinding.UnitTests.Core.Design.DropDownEditorBaseTest.EditValue_WitoutEditorSerivce" executed="True" result="Success" success="True" time="0.002" asserts="1" />
                              <test-case name="Remotion.ObjectBinding.UnitTests.Core.Design.DropDownEditorBaseTest.GetEditStyle" executed="True" result="Success" success="True" time="0.003" asserts="1" />
                              <test-case name="Remotion.ObjectBinding.UnitTests.Core.Design.DropDownEditorBaseTest.GetEditStyle_WithoutTypeDescriptorContext" executed="True" result="Success" success="True" time="0.001" asserts="1" />
                              <test-case name="Remotion.ObjectBinding.UnitTests.Core.Design.DropDownEditorBaseTest.GetEditStyle_WithoutTypeDescriptorContextInstance" executed="True" result="Success" success="True" time="0.002" asserts="1" />
                            </results>
                          </test-suite>
                        </results>
                      </test-suite>
                      <test-suite type="TestFixture" name="ListInfoTest" executed="True" result="Success" success="True" time="0.009" asserts="0">
                        <results>
                          <test-case name="Remotion.ObjectBinding.UnitTests.Core.ListInfoTest.CreateList_NullableValueType" executed="True" result="Success" success="True" time="0.000" asserts="1" />
                          <test-case name="Remotion.ObjectBinding.UnitTests.Core.ListInfoTest.CreateList_ReferenceType" executed="True" result="Success" success="True" time="0.000" asserts="1" />
                          <test-case name="Remotion.ObjectBinding.UnitTests.Core.ListInfoTest.CreateList_ValueType" executed="True" result="Success" success="True" time="0.000" asserts="1" />
                          <test-case name="Remotion.ObjectBinding.UnitTests.Core.ListInfoTest.GetItemType" executed="True" result="Success" success="True" time="0.000" asserts="1" />
                          <test-case name="Remotion.ObjectBinding.UnitTests.Core.ListInfoTest.GetPropertyType" executed="True" result="Success" success="True" time="0.001" asserts="1" />
                          <test-case name="Remotion.ObjectBinding.UnitTests.Core.ListInfoTest.GetRequiresWriteBack_WithArray" executed="True" result="Success" success="True" time="0.000" asserts="1" />
                          <test-case name="Remotion.ObjectBinding.UnitTests.Core.ListInfoTest.GetRequiresWriteBack_WithIList" executed="True" result="Success" success="True" time="0.000" asserts="1" />
                          <test-case name="Remotion.ObjectBinding.UnitTests.Core.ListInfoTest.Initialize_WithMismatchedItemType" executed="False" result="Ignored">
                            <reason>
                              <message><![CDATA[TODO: test]]></message>
                            </reason>
                          </test-case>
                          <test-case name="Remotion.ObjectBinding.UnitTests.Core.ListInfoTest.InsertItem" executed="False" result="Ignored">
                            <reason>
                              <message><![CDATA[TODO: implement and integrate with BocList]]></message>
                            </reason>
                          </test-case>
                          <test-case name="Remotion.ObjectBinding.UnitTests.Core.ListInfoTest.RemoveItem" executed="False" result="Ignored">
                            <reason>
                              <message><![CDATA[TODO: implement and integrate with BocList]]></message>
                            </reason>
                          </test-case>
                        </results>
                      </test-suite>
                    </results>
                  </test-suite>
                  <test-suite type="Namespace" name="Web" executed="True" result="Success" success="True" time="17.418" asserts="0">
                    <results>
                      <test-suite type="Namespace" name="Legacy" executed="True" result="Success" success="True" time="10.551" asserts="0">
                        <results>
                          <test-suite type="Namespace" name="UI" executed="True" result="Success" success="True" time="10.551" asserts="0">
                            <results>
                              <test-suite type="Namespace" name="Controls" executed="True" result="Success" success="True" time="10.551" asserts="0">
                                <results>
                                  <test-suite type="Namespace" name="BocBooleanValueImplementation" executed="True" result="Success" success="True" time="1.443" asserts="0">
                                    <results>
                                      <test-suite type="Namespace" name="Rendering" executed="True" result="Success" success="True" time="1.441" asserts="0">
                                        <results>
                                          <test-suite type="TestFixture" name="BocBooleanValueQuirksModeRendererTest" executed="True" result="Success" success="True" time="1.026" asserts="0">
                                            <results>
                                              <test-case name="Remotion.ObjectBinding.UnitTests.Web.Legacy.UI.Controls.BocBooleanValueImplementation.Rendering.BocBooleanValueQuirksModeRendererTest.RenderFalse" executed="True" result="Success" success="True" time="0.841" asserts="62" />
                                              <test-case name="Remotion.ObjectBinding.UnitTests.Web.Legacy.UI.Controls.BocBooleanValueImplementation.Rendering.BocBooleanValueQuirksModeRendererTest.RenderFalseDisabled" executed="True" result="Success" success="True" time="0.012" asserts="64" />
                                              <test-case name="Remotion.ObjectBinding.UnitTests.Web.Legacy.UI.Controls.BocBooleanValueImplementation.Rendering.BocBooleanValueQuirksModeRendererTest.RenderFalseReadOnly" executed="True" result="Success" success="True" time="0.011" asserts="39" />
                                              <test-case name="Remotion.ObjectBinding.UnitTests.Web.Legacy.UI.Controls.BocBooleanValueImplementation.Rendering.BocBooleanValueQuirksModeRendererTest.RenderNull" executed="True" result="Success" success="True" time="0.013" asserts="62" />
                                              <test-case name="Remotion.ObjectBinding.UnitTests.Web.Legacy.UI.Controls.BocBooleanValueImplementation.Rendering.BocBooleanValueQuirksModeRendererTest.RenderNullDisabled" executed="True" result="Success" success="True" time="0.010" asserts="64" />
                                              <test-case name="Remotion.ObjectBinding.UnitTests.Web.Legacy.UI.Controls.BocBooleanValueImplementation.Rendering.BocBooleanValueQuirksModeRendererTest.RenderNullReadOnly" executed="True" result="Success" success="True" time="0.011" asserts="39" />
                                              <test-case name="Remotion.ObjectBinding.UnitTests.Web.Legacy.UI.Controls.BocBooleanValueImplementation.Rendering.BocBooleanValueQuirksModeRendererTest.RenderTrue" executed="True" result="Success" success="True" time="0.013" asserts="62" />
                                              <test-case name="Remotion.ObjectBinding.UnitTests.Web.Legacy.UI.Controls.BocBooleanValueImplementation.Rendering.BocBooleanValueQuirksModeRendererTest.RenderTrueDisabled" executed="True" result="Success" success="True" time="0.011" asserts="64" />
                                              <test-case name="Remotion.ObjectBinding.UnitTests.Web.Legacy.UI.Controls.BocBooleanValueImplementation.Rendering.BocBooleanValueQuirksModeRendererTest.RenderTrueDisabledWithCssClass" executed="True" result="Success" success="True" time="0.012" asserts="64" />
                                              <test-case name="Remotion.ObjectBinding.UnitTests.Web.Legacy.UI.Controls.BocBooleanValueImplementation.Rendering.BocBooleanValueQuirksModeRendererTest.RenderTrueDisabledWithCssClassInStandardProperty" executed="True" result="Success" success="True" time="0.011" asserts="64" />
                                              <test-case name="Remotion.ObjectBinding.UnitTests.Web.Legacy.UI.Controls.BocBooleanValueImplementation.Rendering.BocBooleanValueQuirksModeRendererTest.RenderTrueReadOnly" executed="True" result="Success" success="True" time="0.011" asserts="39" />
                                              <test-case name="Remotion.ObjectBinding.UnitTests.Web.Legacy.UI.Controls.BocBooleanValueImplementation.Rendering.BocBooleanValueQuirksModeRendererTest.RenderTrueReadonlyWithCssClass" executed="True" result="Success" success="True" time="0.011" asserts="39" />
                                              <test-case name="Remotion.ObjectBinding.UnitTests.Web.Legacy.UI.Controls.BocBooleanValueImplementation.Rendering.BocBooleanValueQuirksModeRendererTest.RenderTrueReadonlyWithCssClassInStandardProperty" executed="True" result="Success" success="True" time="0.012" asserts="39" />
                                              <test-case name="Remotion.ObjectBinding.UnitTests.Web.Legacy.UI.Controls.BocBooleanValueImplementation.Rendering.BocBooleanValueQuirksModeRendererTest.RenderTrueWithAutoPostback" executed="True" result="Success" success="True" time="0.019" asserts="62" />
                                              <test-case name="Remotion.ObjectBinding.UnitTests.Web.Legacy.UI.Controls.BocBooleanValueImplementation.Rendering.BocBooleanValueQuirksModeRendererTest.RenderTrueWithCssClass" executed="True" result="Success" success="True" time="0.013" asserts="62" />
                                              <test-case name="Remotion.ObjectBinding.UnitTests.Web.Legacy.UI.Controls.BocBooleanValueImplementation.Rendering.BocBooleanValueQuirksModeRendererTest.RenderTrueWithCssClassInStandardProperty" executed="True" result="Success" success="True" time="0.013" asserts="62" />
                                            </results>
                                          </test-suite>
                                          <test-suite type="TestFixture" name="BocCheckBoxQuirksModeRendererTest" executed="True" result="Success" success="True" time="0.412" asserts="0">
                                            <results>
                                              <test-case name="Remotion.ObjectBinding.UnitTests.Web.Legacy.UI.Controls.BocBooleanValueImplementation.Rendering.BocCheckBoxQuirksModeRendererTest.RenderFalse" executed="True" result="Success" success="True" time="0.216" asserts="30" />
                                              <test-case name="Remotion.ObjectBinding.UnitTests.Web.Legacy.UI.Controls.BocBooleanValueImplementation.Rendering.BocCheckBoxQuirksModeRendererTest.RenderFalseDisabled" executed="True" result="Success" success="True" time="0.009" asserts="33" />
                                              <test-case name="Remotion.ObjectBinding.UnitTests.Web.Legacy.UI.Controls.BocBooleanValueImplementation.Rendering.BocCheckBoxQuirksModeRendererTest.RenderFalseDisabledWithCssClass" executed="True" result="Success" success="True" time="0.010" asserts="33" />
                                              <test-case name="Remotion.ObjectBinding.UnitTests.Web.Legacy.UI.Controls.BocBooleanValueImplementation.Rendering.BocCheckBoxQuirksModeRendererTest.RenderFalseDisabledWithCssClassInStandardProperties" executed="True" result="Success" success="True" time="0.009" asserts="33" />
                                              <test-case name="Remotion.ObjectBinding.UnitTests.Web.Legacy.UI.Controls.BocBooleanValueImplementation.Rendering.BocCheckBoxQuirksModeRendererTest.RenderFalseReadOnly" executed="True" result="Success" success="True" time="0.013" asserts="30" />
                                              <test-case name="Remotion.ObjectBinding.UnitTests.Web.Legacy.UI.Controls.BocBooleanValueImplementation.Rendering.BocCheckBoxQuirksModeRendererTest.RenderFalseReadOnlyWithCssClass" executed="True" result="Success" success="True" time="0.010" asserts="33" />
                                              <test-case name="Remotion.ObjectBinding.UnitTests.Web.Legacy.UI.Controls.BocBooleanValueImplementation.Rendering.BocCheckBoxQuirksModeRendererTest.RenderFalseReadOnlyWithCssClassInStandardProperties" executed="True" result="Success" success="True" time="0.013" asserts="30" />
                                              <test-case name="Remotion.ObjectBinding.UnitTests.Web.Legacy.UI.Controls.BocBooleanValueImplementation.Rendering.BocCheckBoxQuirksModeRendererTest.RenderFalseWithCssClass" executed="True" result="Success" success="True" time="0.013" asserts="30" />
                                              <test-case name="Remotion.ObjectBinding.UnitTests.Web.Legacy.UI.Controls.BocBooleanValueImplementation.Rendering.BocCheckBoxQuirksModeRendererTest.RenderFalseWithCssClassInStandardProperties" executed="True" result="Success" success="True" time="0.012" asserts="30" />
                                              <test-case name="Remotion.ObjectBinding.UnitTests.Web.Legacy.UI.Controls.BocBooleanValueImplementation.Rendering.BocCheckBoxQuirksModeRendererTest.RenderTrue" executed="True" result="Success" success="True" time="0.012" asserts="31" />
                                              <test-case name="Remotion.ObjectBinding.UnitTests.Web.Legacy.UI.Controls.BocBooleanValueImplementation.Rendering.BocCheckBoxQuirksModeRendererTest.RenderTrueDisabled" executed="True" result="Success" success="True" time="0.009" asserts="34" />
                                              <test-case name="Remotion.ObjectBinding.UnitTests.Web.Legacy.UI.Controls.BocBooleanValueImplementation.Rendering.BocCheckBoxQuirksModeRendererTest.RenderTrueDisabledWithCssClass" executed="True" result="Success" success="True" time="0.010" asserts="34" />
                                              <test-case name="Remotion.ObjectBinding.UnitTests.Web.Legacy.UI.Controls.BocBooleanValueImplementation.Rendering.BocCheckBoxQuirksModeRendererTest.RenderTrueDisabledWithCssClassInStandardProperties" executed="True" result="Success" success="True" time="0.010" asserts="34" />
                                              <test-case name="Remotion.ObjectBinding.UnitTests.Web.Legacy.UI.Controls.BocBooleanValueImplementation.Rendering.BocCheckBoxQuirksModeRendererTest.RenderTrueReadOnly" executed="True" result="Success" success="True" time="0.011" asserts="31" />
                                              <test-case name="Remotion.ObjectBinding.UnitTests.Web.Legacy.UI.Controls.BocBooleanValueImplementation.Rendering.BocCheckBoxQuirksModeRendererTest.RenderTrueReadOnlyWithCssClass" executed="True" result="Success" success="True" time="0.012" asserts="31" />
                                              <test-case name="Remotion.ObjectBinding.UnitTests.Web.Legacy.UI.Controls.BocBooleanValueImplementation.Rendering.BocCheckBoxQuirksModeRendererTest.RenderTrueReadOnlyWithCssClassInStandardProperties" executed="True" result="Success" success="True" time="0.012" asserts="31" />
                                              <test-case name="Remotion.ObjectBinding.UnitTests.Web.Legacy.UI.Controls.BocBooleanValueImplementation.Rendering.BocCheckBoxQuirksModeRendererTest.RenderTrueWithCssClass" executed="True" result="Success" success="True" time="0.015" asserts="31" />
                                              <test-case name="Remotion.ObjectBinding.UnitTests.Web.Legacy.UI.Controls.BocBooleanValueImplementation.Rendering.BocCheckBoxQuirksModeRendererTest.RenderTrueWithCssClassInStandardProperties" executed="True" result="Success" success="True" time="0.014" asserts="31" />
                                            </results>
                                          </test-suite>
                                        </results>
                                      </test-suite>
                                    </results>
                                  </test-suite>
                                  <test-suite type="Namespace" name="BocDateTimeValueImplementation" executed="True" result="Success" success="True" time="1.757" asserts="0">
                                    <results>
                                      <test-suite type="Namespace" name="Rendering" executed="True" result="Success" success="True" time="1.754" asserts="0">
                                        <results>
                                          <test-suite type="TestFixture" name="BocDateTimeValueQuirksModeRendererTest" executed="True" result="Success" success="True" time="1.753" asserts="0">
                                            <results>
                                              <test-case name="Remotion.ObjectBinding.UnitTests.Web.Legacy.UI.Controls.BocDateTimeValueImplementation.Rendering.BocDateTimeValueQuirksModeRendererTest.RenderDate" executed="True" result="Success" success="True" time="0.519" asserts="55" />
                                              <test-case name="Remotion.ObjectBinding.UnitTests.Web.Legacy.UI.Controls.BocDateTimeValueImplementation.Rendering.BocDateTimeValueQuirksModeRendererTest.RenderDateDisabled" executed="True" result="Success" success="True" time="0.030" asserts="57" />
                                              <test-case name="Remotion.ObjectBinding.UnitTests.Web.Legacy.UI.Controls.BocDateTimeValueImplementation.Rendering.BocDateTimeValueQuirksModeRendererTest.RenderDateDisabledWithStyle" executed="True" result="Success" success="True" time="0.036" asserts="61" />
                                              <test-case name="Remotion.ObjectBinding.UnitTests.Web.Legacy.UI.Controls.BocDateTimeValueImplementation.Rendering.BocDateTimeValueQuirksModeRendererTest.RenderDateDisabledWithStyleInAttributes" executed="True" result="Success" success="True" time="0.031" asserts="60" />
                                              <test-case name="Remotion.ObjectBinding.UnitTests.Web.Legacy.UI.Controls.BocDateTimeValueImplementation.Rendering.BocDateTimeValueQuirksModeRendererTest.RenderDateReadOnly" executed="True" result="Success" success="True" time="0.040" asserts="19" />
                                              <test-case name="Remotion.ObjectBinding.UnitTests.Web.Legacy.UI.Controls.BocDateTimeValueImplementation.Rendering.BocDateTimeValueQuirksModeRendererTest.RenderDateReadOnlyWithStyle" executed="True" result="Success" success="True" time="0.044" asserts="21" />
                                              <test-case name="Remotion.ObjectBinding.UnitTests.Web.Legacy.UI.Controls.BocDateTimeValueImplementation.Rendering.BocDateTimeValueQuirksModeRendererTest.RenderDateReadOnlyWithStyleInAttributes" executed="True" result="Success" success="True" time="0.031" asserts="20" />
                                              <test-case name="Remotion.ObjectBinding.UnitTests.Web.Legacy.UI.Controls.BocDateTimeValueImplementation.Rendering.BocDateTimeValueQuirksModeRendererTest.RenderDateTime" executed="True" result="Success" success="True" time="0.034" asserts="77" />
                                              <test-case name="Remotion.ObjectBinding.UnitTests.Web.Legacy.UI.Controls.BocDateTimeValueImplementation.Rendering.BocDateTimeValueQuirksModeRendererTest.RenderDateTimeAutoPostback" executed="True" result="Success" success="True" time="0.051" asserts="81" />
                                              <test-case name="Remotion.ObjectBinding.UnitTests.Web.Legacy.UI.Controls.BocDateTimeValueImplementation.Rendering.BocDateTimeValueQuirksModeRendererTest.RenderDateTimeDisabled" executed="True" result="Success" success="True" time="0.054" asserts="83" />
                                              <test-case name="Remotion.ObjectBinding.UnitTests.Web.Legacy.UI.Controls.BocDateTimeValueImplementation.Rendering.BocDateTimeValueQuirksModeRendererTest.RenderDateTimeDisabledWithStyle" executed="True" result="Success" success="True" time="0.053" asserts="89" />
                                              <test-case name="Remotion.ObjectBinding.UnitTests.Web.Legacy.UI.Controls.BocDateTimeValueImplementation.Rendering.BocDateTimeValueQuirksModeRendererTest.RenderDateTimeDisabledWithStyleInAttributes" executed="True" result="Success" success="True" time="0.103" asserts="88" />
                                              <test-case name="Remotion.ObjectBinding.UnitTests.Web.Legacy.UI.Controls.BocDateTimeValueImplementation.Rendering.BocDateTimeValueQuirksModeRendererTest.RenderDateTimeReadOnly" executed="True" result="Success" success="True" time="0.051" asserts="19" />
                                              <test-case name="Remotion.ObjectBinding.UnitTests.Web.Legacy.UI.Controls.BocDateTimeValueImplementation.Rendering.BocDateTimeValueQuirksModeRendererTest.RenderDateTimeReadOnlyWithStyle" executed="True" result="Success" success="True" time="0.041" asserts="21" />
                                              <test-case name="Remotion.ObjectBinding.UnitTests.Web.Legacy.UI.Controls.BocDateTimeValueImplementation.Rendering.BocDateTimeValueQuirksModeRendererTest.RenderDateTimeReadOnlyWithStyleInAttributes" executed="True" result="Success" success="True" time="0.033" asserts="20" />
                                              <test-case name="Remotion.ObjectBinding.UnitTests.Web.Legacy.UI.Controls.BocDateTimeValueImplementation.Rendering.BocDateTimeValueQuirksModeRendererTest.RenderDateTimeWithSeconds" executed="True" result="Success" success="True" time="0.038" asserts="77" />
                                              <test-case name="Remotion.ObjectBinding.UnitTests.Web.Legacy.UI.Controls.BocDateTimeValueImplementation.Rendering.BocDateTimeValueQuirksModeRendererTest.RenderDateTimeWithStyle" executed="True" result="Success" success="True" time="0.033" asserts="83" />
                                              <test-case name="Remotion.ObjectBinding.UnitTests.Web.Legacy.UI.Controls.BocDateTimeValueImplementation.Rendering.BocDateTimeValueQuirksModeRendererTest.RenderDateTimeWithStyleInAttributes" executed="True" result="Success" success="True" time="0.033" asserts="82" />
                                              <test-case name="Remotion.ObjectBinding.UnitTests.Web.Legacy.UI.Controls.BocDateTimeValueImplementation.Rendering.BocDateTimeValueQuirksModeRendererTest.RenderDateWithStyle" executed="True" result="Success" success="True" time="0.031" asserts="59" />
                                              <test-case name="Remotion.ObjectBinding.UnitTests.Web.Legacy.UI.Controls.BocDateTimeValueImplementation.Rendering.BocDateTimeValueQuirksModeRendererTest.RenderDateWithStyleInAttributes" executed="True" result="Success" success="True" time="0.033" asserts="58" />
                                              <test-case name="Remotion.ObjectBinding.UnitTests.Web.Legacy.UI.Controls.BocDateTimeValueImplementation.Rendering.BocDateTimeValueQuirksModeRendererTest.RenderEmptyDateTime" executed="True" result="Success" success="True" time="0.032" asserts="75" />
                                              <test-case name="Remotion.ObjectBinding.UnitTests.Web.Legacy.UI.Controls.BocDateTimeValueImplementation.Rendering.BocDateTimeValueQuirksModeRendererTest.RenderEmptyDateTimeReadOnly" executed="True" result="Success" success="True" time="0.031" asserts="19" />
                                              <test-case name="Remotion.ObjectBinding.UnitTests.Web.Legacy.UI.Controls.BocDateTimeValueImplementation.Rendering.BocDateTimeValueQuirksModeRendererTest.RenderUndefined" executed="True" result="Success" success="True" time="0.030" asserts="77" />
                                              <test-case name="Remotion.ObjectBinding.UnitTests.Web.Legacy.UI.Controls.BocDateTimeValueImplementation.Rendering.BocDateTimeValueQuirksModeRendererTest.RenderUndefinedDisabled" executed="True" result="Success" success="True" time="0.029" asserts="83" />
                                              <test-case name="Remotion.ObjectBinding.UnitTests.Web.Legacy.UI.Controls.BocDateTimeValueImplementation.Rendering.BocDateTimeValueQuirksModeRendererTest.RenderUndefinedDisabledWithStyle" executed="True" result="Success" success="True" time="0.032" asserts="89" />
                                              <test-case name="Remotion.ObjectBinding.UnitTests.Web.Legacy.UI.Controls.BocDateTimeValueImplementation.Rendering.BocDateTimeValueQuirksModeRendererTest.RenderUndefinedDisabledWithStyleInAttributes" executed="True" result="Success" success="True" time="0.044" asserts="88" />
                                              <test-case name="Remotion.ObjectBinding.UnitTests.Web.Legacy.UI.Controls.BocDateTimeValueImplementation.Rendering.BocDateTimeValueQuirksModeRendererTest.RenderUndefinedReadOnly" executed="True" result="Success" success="True" time="0.029" asserts="19" />
                                              <test-case name="Remotion.ObjectBinding.UnitTests.Web.Legacy.UI.Controls.BocDateTimeValueImplementation.Rendering.BocDateTimeValueQuirksModeRendererTest.RenderUndefinedReadOnlyWithStyle" executed="True" result="Success" success="True" time="0.032" asserts="21" />
                                              <test-case name="Remotion.ObjectBinding.UnitTests.Web.Legacy.UI.Controls.BocDateTimeValueImplementation.Rendering.BocDateTimeValueQuirksModeRendererTest.RenderUndefinedReadOnlyWithStyleInAttributes" executed="True" result="Success" success="True" time="0.071" asserts="20" />
                                              <test-case name="Remotion.ObjectBinding.UnitTests.Web.Legacy.UI.Controls.BocDateTimeValueImplementation.Rendering.BocDateTimeValueQuirksModeRendererTest.RenderUndefinedWithStyle" executed="True" result="Success" success="True" time="0.054" asserts="83" />
                                              <test-case name="Remotion.ObjectBinding.UnitTests.Web.Legacy.UI.Controls.BocDateTimeValueImplementation.Rendering.BocDateTimeValueQuirksModeRendererTest.RenderUndefinedWithStyleInAttributes" executed="True" result="Success" success="True" time="0.043" asserts="82" />
                                            </results>
                                          </test-suite>
                                        </results>
                                      </test-suite>
                                    </results>
                                  </test-suite>
                                  <test-suite type="Namespace" name="BocEnumValueImplementation" executed="True" result="Success" success="True" time="0.841" asserts="0">
                                    <results>
                                      <test-suite type="Namespace" name="Rendering" executed="True" result="Success" success="True" time="0.836" asserts="0">
                                        <results>
                                          <test-suite type="TestFixture" name="BocEnumValueQuirksModeRendererTest" executed="True" result="Success" success="True" time="0.835" asserts="0">
                                            <results>
                                              <test-case name="Remotion.ObjectBinding.UnitTests.Web.Legacy.UI.Controls.BocEnumValueImplementation.Rendering.BocEnumValueQuirksModeRendererTest.RenderFirstValue" executed="True" result="Success" success="True" time="0.234" asserts="39" />
                                              <test-case name="Remotion.ObjectBinding.UnitTests.Web.Legacy.UI.Controls.BocEnumValueImplementation.Rendering.BocEnumValueQuirksModeRendererTest.RenderFirstValueAutoPostback" executed="True" result="Success" success="True" time="0.029" asserts="41" />
                                              <test-case name="Remotion.ObjectBinding.UnitTests.Web.Legacy.UI.Controls.BocEnumValueImplementation.Rendering.BocEnumValueQuirksModeRendererTest.RenderFirstValueDisabled" executed="True" result="Success" success="True" time="0.024" asserts="41" />
                                              <test-case name="Remotion.ObjectBinding.UnitTests.Web.Legacy.UI.Controls.BocEnumValueImplementation.Rendering.BocEnumValueQuirksModeRendererTest.RenderFirstValueDisabledWithCssClass" executed="True" result="Success" success="True" time="0.027" asserts="41" />
                                              <test-case name="Remotion.ObjectBinding.UnitTests.Web.Legacy.UI.Controls.BocEnumValueImplementation.Rendering.BocEnumValueQuirksModeRendererTest.RenderFirstValueDisabledWithCssClassInAttributes" executed="True" result="Success" success="True" time="0.025" asserts="41" />
                                              <test-case name="Remotion.ObjectBinding.UnitTests.Web.Legacy.UI.Controls.BocEnumValueImplementation.Rendering.BocEnumValueQuirksModeRendererTest.RenderFirstValueDisabledWithStyle" executed="True" result="Success" success="True" time="0.031" asserts="43" />
                                              <test-case name="Remotion.ObjectBinding.UnitTests.Web.Legacy.UI.Controls.BocEnumValueImplementation.Rendering.BocEnumValueQuirksModeRendererTest.RenderFirstValueDisabledWithStyleInAttributes" executed="True" result="Success" success="True" time="0.026" asserts="43" />
                                              <test-case name="Remotion.ObjectBinding.UnitTests.Web.Legacy.UI.Controls.BocEnumValueImplementation.Rendering.BocEnumValueQuirksModeRendererTest.RenderFirstValueReadOnly" executed="True" result="Success" success="True" time="0.034" asserts="17" />
                                              <test-case name="Remotion.ObjectBinding.UnitTests.Web.Legacy.UI.Controls.BocEnumValueImplementation.Rendering.BocEnumValueQuirksModeRendererTest.RenderFirstValueReadOnlyWithCssClass" executed="True" result="Success" success="True" time="0.032" asserts="17" />
                                              <test-case name="Remotion.ObjectBinding.UnitTests.Web.Legacy.UI.Controls.BocEnumValueImplementation.Rendering.BocEnumValueQuirksModeRendererTest.RenderFirstValueReadOnlyWithCssClassInAttributes" executed="True" result="Success" success="True" time="0.033" asserts="17" />
                                              <test-case name="Remotion.ObjectBinding.UnitTests.Web.Legacy.UI.Controls.BocEnumValueImplementation.Rendering.BocEnumValueQuirksModeRendererTest.RenderFirstValueReadOnlyWithStyle" executed="True" result="Success" success="True" time="0.033" asserts="21" />
                                              <test-case name="Remotion.ObjectBinding.UnitTests.Web.Legacy.UI.Controls.BocEnumValueImplementation.Rendering.BocEnumValueQuirksModeRendererTest.RenderFirstValueReadOnlyWithStyleInAttributes" executed="True" result="Success" success="True" time="0.032" asserts="17" />
                                              <test-case name="Remotion.ObjectBinding.UnitTests.Web.Legacy.UI.Controls.BocEnumValueImplementation.Rendering.BocEnumValueQuirksModeRendererTest.RenderFirstValueWithCssClass" executed="True" result="Success" success="True" time="0.039" asserts="39" />
                                              <test-case name="Remotion.ObjectBinding.UnitTests.Web.Legacy.UI.Controls.BocEnumValueImplementation.Rendering.BocEnumValueQuirksModeRendererTest.RenderFirstValueWithCssClassInAttributes" executed="True" result="Success" success="True" time="0.033" asserts="39" />
                                              <test-case name="Remotion.ObjectBinding.UnitTests.Web.Legacy.UI.Controls.BocEnumValueImplementation.Rendering.BocEnumValueQuirksModeRendererTest.RenderFirstValueWithNullOption" executed="True" result="Success" success="True" time="0.030" asserts="44" />
                                              <test-case name="Remotion.ObjectBinding.UnitTests.Web.Legacy.UI.Controls.BocEnumValueImplementation.Rendering.BocEnumValueQuirksModeRendererTest.RenderFirstValueWithNullOptionDisabled" executed="True" result="Success" success="True" time="0.025" asserts="46" />
                                              <test-case name="Remotion.ObjectBinding.UnitTests.Web.Legacy.UI.Controls.BocEnumValueImplementation.Rendering.BocEnumValueQuirksModeRendererTest.RenderFirstValueWithStyle" executed="True" result="Success" success="True" time="0.028" asserts="41" />
                                              <test-case name="Remotion.ObjectBinding.UnitTests.Web.Legacy.UI.Controls.BocEnumValueImplementation.Rendering.BocEnumValueQuirksModeRendererTest.RenderFirstValueWithStyleInAttributes" executed="True" result="Success" success="True" time="0.030" asserts="41" />
                                              <test-case name="Remotion.ObjectBinding.UnitTests.Web.Legacy.UI.Controls.BocEnumValueImplementation.Rendering.BocEnumValueQuirksModeRendererTest.RenderNullValue" executed="True" result="Success" success="True" time="0.027" asserts="44" />
                                              <test-case name="Remotion.ObjectBinding.UnitTests.Web.Legacy.UI.Controls.BocEnumValueImplementation.Rendering.BocEnumValueQuirksModeRendererTest.RenderNullValueDisabled" executed="True" result="Success" success="True" time="0.025" asserts="46" />
                                              <test-case name="Remotion.ObjectBinding.UnitTests.Web.Legacy.UI.Controls.BocEnumValueImplementation.Rendering.BocEnumValueQuirksModeRendererTest.RenderNullValueReadOnly" executed="True" result="Success" success="True" time="0.030" asserts="17" />
                                            </results>
                                          </test-suite>
                                        </results>
                                      </test-suite>
                                    </results>
                                  </test-suite>
                                  <test-suite type="Namespace" name="BocListImplementation" executed="True" result="Success" success="True" time="2.386" asserts="0">
                                    <results>
                                      <test-suite type="Namespace" name="Rendering" executed="True" result="Success" success="True" time="2.384" asserts="0">
                                        <results>
                                          <test-suite type="TestFixture" name="BocColumnQuirksModeRendererTest" executed="True" result="Success" success="True" time="0.718" asserts="0">
                                            <results>
                                              <test-case name="Remotion.ObjectBinding.UnitTests.Web.Legacy.UI.Controls.BocListImplementation.Rendering.BocColumnQuirksModeRendererTest.IsNull" executed="True" result="Success" success="True" time="0.580" asserts="1" />
                                              <test-case name="Remotion.ObjectBinding.UnitTests.Web.Legacy.UI.Controls.BocListImplementation.Rendering.BocColumnQuirksModeRendererTest.RenderTitleCellAscendingThree" executed="True" result="Success" success="True" time="0.103" asserts="29" />
                                              <test-case name="Remotion.ObjectBinding.UnitTests.Web.Legacy.UI.Controls.BocListImplementation.Rendering.BocColumnQuirksModeRendererTest.RenderTitleCellAscendingZero" executed="True" result="Success" success="True" time="0.008" asserts="29" />
                                              <test-case name="Remotion.ObjectBinding.UnitTests.Web.Legacy.UI.Controls.BocListImplementation.Rendering.BocColumnQuirksModeRendererTest.RenderTitleCellDescendingFour" executed="True" result="Success" success="True" time="0.008" asserts="29" />
                                              <test-case name="Remotion.ObjectBinding.UnitTests.Web.Legacy.UI.Controls.BocListImplementation.Rendering.BocColumnQuirksModeRendererTest.RenderTitleCellDescendingZero" executed="True" result="Success" success="True" time="0.009" asserts="29" />
                                              <test-case name="Remotion.ObjectBinding.UnitTests.Web.Legacy.UI.Controls.BocListImplementation.Rendering.BocColumnQuirksModeRendererTest.RenderTitleCellNoSorting" executed="True" result="Success" success="True" time="0.008" asserts="15" />
                                            </results>
                                          </test-suite>
                                          <test-suite type="TestFixture" name="BocCommandColumnQuirksModeRendererTest" executed="True" result="Success" success="True" time="0.094" asserts="0">
                                            <results>
                                              <test-case name="Remotion.ObjectBinding.UnitTests.Web.Legacy.UI.Controls.BocListImplementation.Rendering.BocCommandColumnQuirksModeRendererTest.RenderBasicCell" executed="True" result="Success" success="True" time="0.060" asserts="15" />
                                              <test-case name="Remotion.ObjectBinding.UnitTests.Web.Legacy.UI.Controls.BocListImplementation.Rendering.BocCommandColumnQuirksModeRendererTest.RenderCommandIconCell" executed="True" result="Success" success="True" time="0.014" asserts="26" />
                                              <test-case name="Remotion.ObjectBinding.UnitTests.Web.Legacy.UI.Controls.BocListImplementation.Rendering.BocCommandColumnQuirksModeRendererTest.RenderDisabledCommandForWaiConformanceLevelA" executed="True" result="Success" success="True" time="0.009" asserts="13" />
                                              <test-case name="Remotion.ObjectBinding.UnitTests.Web.Legacy.UI.Controls.BocListImplementation.Rendering.BocCommandColumnQuirksModeRendererTest.RenderIconCell" executed="True" result="Success" success="True" time="0.010" asserts="26" />
                                            </results>
                                          </test-suite>
                                          <test-suite type="TestFixture" name="BocCompoundColumnQuirksModeRendererTest" executed="True" result="Success" success="True" time="0.058" asserts="0">
                                            <results>
                                              <test-case name="Remotion.ObjectBinding.UnitTests.Web.Legacy.UI.Controls.BocListImplementation.Rendering.BocCompoundColumnQuirksModeRendererTest.RenderBasicCell" executed="True" result="Success" success="True" time="0.030" asserts="16" />
                                              <test-case name="Remotion.ObjectBinding.UnitTests.Web.Legacy.UI.Controls.BocListImplementation.Rendering.BocCompoundColumnQuirksModeRendererTest.RenderEmptyCell" executed="True" result="Success" success="True" time="0.012" asserts="16" />
                                              <test-case name="Remotion.ObjectBinding.UnitTests.Web.Legacy.UI.Controls.BocListImplementation.Rendering.BocCompoundColumnQuirksModeRendererTest.RenderEnforcedWidthCell" executed="True" result="Success" success="True" time="0.015" asserts="29" />
                                            </results>
                                          </test-suite>
                                          <test-suite type="TestFixture" name="BocCustomColumnQuirksModeRendererTest" executed="True" result="Success" success="True" time="0.068" asserts="0">
                                            <results>
                                              <test-case name="Remotion.ObjectBinding.UnitTests.Web.Legacy.UI.Controls.BocListImplementation.Rendering.BocCustomColumnQuirksModeRendererTest.RenderCellDirectly" executed="True" result="Success" success="True" time="0.042" asserts="5" />
                                              <test-case name="Remotion.ObjectBinding.UnitTests.Web.Legacy.UI.Controls.BocListImplementation.Rendering.BocCustomColumnQuirksModeRendererTest.RenderCellWithInnerHtmlControl" executed="True" result="Success" success="True" time="0.015" asserts="10" />
                                              <test-case name="Remotion.ObjectBinding.UnitTests.Web.Legacy.UI.Controls.BocListImplementation.Rendering.BocCustomColumnQuirksModeRendererTest.RenderCellWithInnerWebControl" executed="True" result="Success" success="True" time="0.008" asserts="10" />
                                            </results>
                                          </test-suite>
                                          <test-suite type="TestFixture" name="BocDropDownMenuColumnQuirksModeRendererTest" executed="True" result="Success" success="True" time="0.267" asserts="0">
                                            <results>
                                              <test-case name="Remotion.ObjectBinding.UnitTests.Web.Legacy.UI.Controls.BocListImplementation.Rendering.BocDropDownMenuColumnQuirksModeRendererTest.RenderCellWithEmptyMenu" executed="True" result="Success" success="True" time="0.228" asserts="13" />
                                              <test-case name="Remotion.ObjectBinding.UnitTests.Web.Legacy.UI.Controls.BocListImplementation.Rendering.BocDropDownMenuColumnQuirksModeRendererTest.RenderCellWithNullMenu" executed="True" result="Success" success="True" time="0.017" asserts="6" />
                                              <test-case name="Remotion.ObjectBinding.UnitTests.Web.Legacy.UI.Controls.BocListImplementation.Rendering.BocDropDownMenuColumnQuirksModeRendererTest.RenderCellWithPopulatedMenu" executed="True" result="Success" success="True" time="0.019" asserts="13" />
                                            </results>
                                          </test-suite>
                                          <test-suite type="TestFixture" name="BocIndexColumnQuirksModeRendererTest" executed="True" result="Success" success="True" time="0.066" asserts="0">
                                            <results>
                                              <test-case name="Remotion.ObjectBinding.UnitTests.Web.Legacy.UI.Controls.BocListImplementation.Rendering.BocIndexColumnQuirksModeRendererTest.RenderIndexDataCellInitialOrder" executed="True" result="Success" success="True" time="0.029" asserts="17" />
                                              <test-case name="Remotion.ObjectBinding.UnitTests.Web.Legacy.UI.Controls.BocListImplementation.Rendering.BocIndexColumnQuirksModeRendererTest.RenderIndexDataCellSortedOrderAndIndexOffset" executed="True" result="Success" success="True" time="0.018" asserts="17" />
                                              <test-case name="Remotion.ObjectBinding.UnitTests.Web.Legacy.UI.Controls.BocListImplementation.Rendering.BocIndexColumnQuirksModeRendererTest.RenderIndexTitleCell" executed="True" result="Success" success="True" time="0.017" asserts="13" />
                                            </results>
                                          </test-suite>
                                          <test-suite type="TestFixture" name="BocListMenuBlockQuirksModeRendererTest" executed="True" result="Success" success="True" time="0.339" asserts="0">
                                            <results>
                                              <test-case name="Remotion.ObjectBinding.UnitTests.Web.Legacy.UI.Controls.BocListImplementation.Rendering.BocListMenuBlockQuirksModeRendererTest.RenderWithAvailableViews" executed="True" result="Success" success="True" time="0.210" asserts="18" />
                                              <test-case name="Remotion.ObjectBinding.UnitTests.Web.Legacy.UI.Controls.BocListImplementation.Rendering.BocListMenuBlockQuirksModeRendererTest.RenderWithListMenu" executed="True" result="Success" success="True" time="0.016" asserts="8" />
                                              <test-case name="Remotion.ObjectBinding.UnitTests.Web.Legacy.UI.Controls.BocListImplementation.Rendering.BocListMenuBlockQuirksModeRendererTest.RenderWithOptions" executed="True" result="Success" success="True" time="0.113" asserts="1" />
                                            </results>
                                          </test-suite>
                                          <test-suite type="TestFixture" name="BocListNavigationBlockQuirksModeRendererTest" executed="True" result="Success" success="True" time="0.084" asserts="0">
                                            <results>
                                              <test-case name="Remotion.ObjectBinding.UnitTests.Web.Legacy.UI.Controls.BocListImplementation.Rendering.BocListNavigationBlockQuirksModeRendererTest.RenderFirstPage" executed="True" result="Success" success="True" time="0.040" asserts="58" />
                                              <test-case name="Remotion.ObjectBinding.UnitTests.Web.Legacy.UI.Controls.BocListImplementation.Rendering.BocListNavigationBlockQuirksModeRendererTest.RenderLastPage" executed="True" result="Success" success="True" time="0.016" asserts="58" />
                                              <test-case name="Remotion.ObjectBinding.UnitTests.Web.Legacy.UI.Controls.BocListImplementation.Rendering.BocListNavigationBlockQuirksModeRendererTest.RenderMiddlePage" executed="True" result="Success" success="True" time="0.015" asserts="72" />
                                              <test-case name="Remotion.ObjectBinding.UnitTests.Web.Legacy.UI.Controls.BocListImplementation.Rendering.BocListNavigationBlockQuirksModeRendererTest.RenderOnlyPage" executed="True" result="Success" success="True" time="0.013" asserts="44" />
                                            </results>
                                          </test-suite>
                                          <test-suite type="TestFixture" name="BocListQuirksModeCssClassDefinitionTest" executed="True" result="Inconclusive" success="False" time="0.000" asserts="0" />
                                          <test-suite type="TestFixture" name="BocListQuirksModeCssClassDefinitionTest+BocListCssClassDefinitionTest" executed="True" result="Success" success="True" time="0.002" asserts="0">
                                            <results>
                                              <test-case name="Remotion.ObjectBinding.UnitTests.Web.Legacy.UI.Controls.BocListImplementation.Rendering.BocListQuirksModeCssClassDefinitionTest+BocListCssClassDefinitionTest.GetInstance_Once" executed="True" result="Success" success="True" time="0.001" asserts="2" />
                                              <test-case name="Remotion.ObjectBinding.UnitTests.Web.Legacy.UI.Controls.BocListImplementation.Rendering.BocListQuirksModeCssClassDefinitionTest+BocListCssClassDefinitionTest.GetInstance_Twice_ReturnsSameInstance" executed="True" result="Success" success="True" time="0.000" asserts="1" />
                                            </results>
                                          </test-suite>
                                          <test-suite type="TestFixture" name="BocListQuirksModeRendererTest" executed="True" result="Success" success="True" time="0.046" asserts="0">
                                            <results>
                                              <test-case name="Remotion.ObjectBinding.UnitTests.Web.Legacy.UI.Controls.BocListImplementation.Rendering.BocListQuirksModeRendererTest.RenderWithMenuBlock" executed="True" result="Success" success="True" time="0.031" asserts="38" />
                                              <test-case name="Remotion.ObjectBinding.UnitTests.Web.Legacy.UI.Controls.BocListImplementation.Rendering.BocListQuirksModeRendererTest.RenderWithoutMenuBlock" executed="True" result="Success" success="True" time="0.014" asserts="32" />
                                            </results>
                                          </test-suite>
                                          <test-suite type="TestFixture" name="BocListTableBlockQuirksModeRendererTest" executed="True" result="Success" success="True" time="0.099" asserts="0">
                                            <results>
                                              <test-case name="Remotion.ObjectBinding.UnitTests.Web.Legacy.UI.Controls.BocListImplementation.Rendering.BocListTableBlockQuirksModeRendererTest.RenderDummyTable" executed="True" result="Success" success="True" time="0.032" asserts="12" />
                                              <test-case name="Remotion.ObjectBinding.UnitTests.Web.Legacy.UI.Controls.BocListImplementation.Rendering.BocListTableBlockQuirksModeRendererTest.RenderEmptyList" executed="True" result="Success" success="True" time="0.026" asserts="34" />
                                              <test-case name="Remotion.ObjectBinding.UnitTests.Web.Legacy.UI.Controls.BocListImplementation.Rendering.BocListTableBlockQuirksModeRendererTest.RenderPopulatedList" executed="True" result="Success" success="True" time="0.040" asserts="39" />
                                            </results>
                                          </test-suite>
                                          <test-suite type="TestFixture" name="BocRowEditModeColumnQuirksModeRendererTest" executed="True" result="Success" success="True" time="0.035" asserts="0">
                                            <results>
                                              <test-case name="Remotion.ObjectBinding.UnitTests.Web.Legacy.UI.Controls.BocListImplementation.Rendering.BocRowEditModeColumnQuirksModeRendererTest.RenderEditable" executed="True" result="Success" success="True" time="0.023" asserts="15" />
                                              <test-case name="Remotion.ObjectBinding.UnitTests.Web.Legacy.UI.Controls.BocListImplementation.Rendering.BocRowEditModeColumnQuirksModeRendererTest.RenderEditing" executed="True" result="Success" success="True" time="0.012" asserts="25" />
                                            </results>
                                          </test-suite>
                                          <test-suite type="TestFixture" name="BocRowQuirksModeRendererTest" executed="True" result="Success" success="True" time="0.090" asserts="0">
                                            <results>
                                              <test-case name="Remotion.ObjectBinding.UnitTests.Web.Legacy.UI.Controls.BocListImplementation.Rendering.BocRowQuirksModeRendererTest.RenderDataRow" executed="True" result="Success" success="True" time="0.018" asserts="8" />
                                              <test-case name="Remotion.ObjectBinding.UnitTests.Web.Legacy.UI.Controls.BocListImplementation.Rendering.BocRowQuirksModeRendererTest.RenderDataRowSelected" executed="True" result="Success" success="True" time="0.008" asserts="8" />
                                              <test-case name="Remotion.ObjectBinding.UnitTests.Web.Legacy.UI.Controls.BocListImplementation.Rendering.BocRowQuirksModeRendererTest.RenderEmptyDataRow" executed="True" result="Success" success="True" time="0.013" asserts="6" />
                                              <test-case name="Remotion.ObjectBinding.UnitTests.Web.Legacy.UI.Controls.BocListImplementation.Rendering.BocRowQuirksModeRendererTest.RenderTitlesRow" executed="True" result="Success" success="True" time="0.013" asserts="6" />
                                              <test-case name="Remotion.ObjectBinding.UnitTests.Web.Legacy.UI.Controls.BocListImplementation.Rendering.BocRowQuirksModeRendererTest.RenderTitlesRowWithIndex" executed="True" result="Success" success="True" time="0.013" asserts="13" />
                                              <test-case name="Remotion.ObjectBinding.UnitTests.Web.Legacy.UI.Controls.BocListImplementation.Rendering.BocRowQuirksModeRendererTest.RenderTitlesRowWithSelector" executed="True" result="Success" success="True" time="0.025" asserts="9" />
                                            </results>
                                          </test-suite>
                                          <test-suite type="TestFixture" name="BocSelectorColumnQuirksModeRendererTest" executed="True" result="Success" success="True" time="0.053" asserts="0">
                                            <results>
                                              <test-case name="Remotion.ObjectBinding.UnitTests.Web.Legacy.UI.Controls.BocListImplementation.Rendering.BocSelectorColumnQuirksModeRendererTest.RenderDataCellForMultiSelect" executed="True" result="Success" success="True" time="0.016" asserts="16" />
                                              <test-case name="Remotion.ObjectBinding.UnitTests.Web.Legacy.UI.Controls.BocListImplementation.Rendering.BocSelectorColumnQuirksModeRendererTest.RenderDataCellForSingleSelect" executed="True" result="Success" success="True" time="0.018" asserts="16" />
                                              <test-case name="Remotion.ObjectBinding.UnitTests.Web.Legacy.UI.Controls.BocListImplementation.Rendering.BocSelectorColumnQuirksModeRendererTest.RenderTitleCellForMultiSelect" executed="True" result="Success" success="True" time="0.009" asserts="16" />
                                              <test-case name="Remotion.ObjectBinding.UnitTests.Web.Legacy.UI.Controls.BocListImplementation.Rendering.BocSelectorColumnQuirksModeRendererTest.RenderTitleCellForSingleSelect" executed="True" result="Success" success="True" time="0.007" asserts="8" />
                                            </results>
                                          </test-suite>
                                          <test-suite type="TestFixture" name="BocSimpleColumnQuirksModeRendererTest" executed="True" result="Success" success="True" time="0.345" asserts="0">
                                            <results>
                                              <test-case name="Remotion.ObjectBinding.UnitTests.Web.Legacy.UI.Controls.BocListImplementation.Rendering.BocSimpleColumnQuirksModeRendererTest.RenderBasicCell" executed="True" result="Success" success="True" time="0.011" asserts="16" />
                                              <test-case name="Remotion.ObjectBinding.UnitTests.Web.Legacy.UI.Controls.BocListImplementation.Rendering.BocSimpleColumnQuirksModeRendererTest.RenderCommandCell" executed="True" result="Success" success="True" time="0.012" asserts="18" />
                                              <test-case name="Remotion.ObjectBinding.UnitTests.Web.Legacy.UI.Controls.BocListImplementation.Rendering.BocSimpleColumnQuirksModeRendererTest.RenderEditModeControl" executed="True" result="Success" success="True" time="0.313" asserts="15" />
                                              <test-case name="Remotion.ObjectBinding.UnitTests.Web.Legacy.UI.Controls.BocListImplementation.Rendering.BocSimpleColumnQuirksModeRendererTest.RenderIconCell" executed="True" result="Success" success="True" time="0.008" asserts="30" />
                                            </results>
                                          </test-suite>
                                        </results>
                                      </test-suite>
                                    </results>
                                  </test-suite>
                                  <test-suite type="Namespace" name="BocReferenceValueImplementation" executed="True" result="Success" success="True" time="3.611" asserts="0">
                                    <results>
                                      <test-suite type="Namespace" name="Rendering" executed="True" result="Success" success="True" time="3.610" asserts="0">
                                        <results>
                                          <test-suite type="TestFixture" name="BocAutoCompleteReferenceValueQuirksModeRendererTest" executed="True" result="Success" success="True" time="1.849" asserts="0">
                                            <results>
                                              <test-case name="Remotion.ObjectBinding.UnitTests.Web.Legacy.UI.Controls.BocReferenceValueImplementation.Rendering.BocAutoCompleteReferenceValueQuirksModeRendererTest.RenderNullReferenceValue" executed="True" result="Success" success="True" time="0.664" asserts="39" />
                                              <test-case name="Remotion.ObjectBinding.UnitTests.Web.Legacy.UI.Controls.BocReferenceValueImplementation.Rendering.BocAutoCompleteReferenceValueQuirksModeRendererTest.RenderNullReferenceValueReadOnly" executed="True" result="Success" success="True" time="0.065" asserts="42" />
                                              <test-case name="Remotion.ObjectBinding.UnitTests.Web.Legacy.UI.Controls.BocReferenceValueImplementation.Rendering.BocAutoCompleteReferenceValueQuirksModeRendererTest.RenderNullReferenceValueReadOnlyWithOptionsMenu" executed="False" result="Ignored">
                                                <reason>
                                                  <message><![CDATA[Assertions for embedded menu are incorrect: COMMONS-2431]]></message>
                                                </reason>
                                              </test-case>
                                              <test-case name="Remotion.ObjectBinding.UnitTests.Web.Legacy.UI.Controls.BocReferenceValueImplementation.Rendering.BocAutoCompleteReferenceValueQuirksModeRendererTest.RenderNullReferenceValueReadOnlyWithStyle" executed="True" result="Success" success="True" time="0.058" asserts="48" />
                                              <test-case name="Remotion.ObjectBinding.UnitTests.Web.Legacy.UI.Controls.BocReferenceValueImplementation.Rendering.BocAutoCompleteReferenceValueQuirksModeRendererTest.RenderNullReferenceValueWithEmbeddedOptionsMenu" executed="True" result="Success" success="True" time="0.057" asserts="15" />
                                              <test-case name="Remotion.ObjectBinding.UnitTests.Web.Legacy.UI.Controls.BocReferenceValueImplementation.Rendering.BocAutoCompleteReferenceValueQuirksModeRendererTest.RenderNullReferenceValueWithEmbeddedOptionsMenuAndStyle" executed="True" result="Success" success="True" time="0.054" asserts="15" />
                                              <test-case name="Remotion.ObjectBinding.UnitTests.Web.Legacy.UI.Controls.BocReferenceValueImplementation.Rendering.BocAutoCompleteReferenceValueQuirksModeRendererTest.RenderNullReferenceValueWithIcon" executed="True" result="Success" success="True" time="0.063" asserts="56" />
                                              <test-case name="Remotion.ObjectBinding.UnitTests.Web.Legacy.UI.Controls.BocReferenceValueImplementation.Rendering.BocAutoCompleteReferenceValueQuirksModeRendererTest.RenderNullReferenceValueWithOptionsAndStyle" executed="True" result="Success" success="True" time="0.052" asserts="58" />
                                              <test-case name="Remotion.ObjectBinding.UnitTests.Web.Legacy.UI.Controls.BocReferenceValueImplementation.Rendering.BocAutoCompleteReferenceValueQuirksModeRendererTest.RenderNullReferenceValueWithOptionsMenu" executed="True" result="Success" success="True" time="0.053" asserts="52" />
                                              <test-case name="Remotion.ObjectBinding.UnitTests.Web.Legacy.UI.Controls.BocReferenceValueImplementation.Rendering.BocAutoCompleteReferenceValueQuirksModeRendererTest.RenderNullReferenceValueWithStyle" executed="True" result="Success" success="True" time="0.048" asserts="45" />
                                              <test-case name="Remotion.ObjectBinding.UnitTests.Web.Legacy.UI.Controls.BocReferenceValueImplementation.Rendering.BocAutoCompleteReferenceValueQuirksModeRendererTest.RenderOptions" executed="True" result="Success" success="True" time="0.048" asserts="15" />
                                              <test-case name="Remotion.ObjectBinding.UnitTests.Web.Legacy.UI.Controls.BocReferenceValueImplementation.Rendering.BocAutoCompleteReferenceValueQuirksModeRendererTest.RenderOptionsReadOnly" executed="True" result="Success" success="True" time="0.051" asserts="18" />
                                              <test-case name="Remotion.ObjectBinding.UnitTests.Web.Legacy.UI.Controls.BocReferenceValueImplementation.Rendering.BocAutoCompleteReferenceValueQuirksModeRendererTest.RenderOptionsReadOnlyWithStyle" executed="True" result="Success" success="True" time="0.050" asserts="24" />
                                              <test-case name="Remotion.ObjectBinding.UnitTests.Web.Legacy.UI.Controls.BocReferenceValueImplementation.Rendering.BocAutoCompleteReferenceValueQuirksModeRendererTest.RenderReferenceValue" executed="True" result="Success" success="True" time="0.056" asserts="39" />
                                              <test-case name="Remotion.ObjectBinding.UnitTests.Web.Legacy.UI.Controls.BocReferenceValueImplementation.Rendering.BocAutoCompleteReferenceValueQuirksModeRendererTest.RenderReferenceValueAutoPostback" executed="False" result="Ignored">
                                                <reason>
                                                  <message><![CDATA[Assertions for embedded menu are incorrect: COMMONS-2431]]></message>
                                                </reason>
                                              </test-case>
                                              <test-case name="Remotion.ObjectBinding.UnitTests.Web.Legacy.UI.Controls.BocReferenceValueImplementation.Rendering.BocAutoCompleteReferenceValueQuirksModeRendererTest.RenderReferenceValueReadOnly" executed="True" result="Success" success="True" time="0.059" asserts="42" />
                                              <test-case name="Remotion.ObjectBinding.UnitTests.Web.Legacy.UI.Controls.BocReferenceValueImplementation.Rendering.BocAutoCompleteReferenceValueQuirksModeRendererTest.RenderReferenceValueReadOnlyWithOptionsMenu" executed="False" result="Ignored">
                                                <reason>
                                                  <message><![CDATA[Assertions for embedded menu are incorrect: COMMONS-2431]]></message>
                                                </reason>
                                              </test-case>
                                              <test-case name="Remotion.ObjectBinding.UnitTests.Web.Legacy.UI.Controls.BocReferenceValueImplementation.Rendering.BocAutoCompleteReferenceValueQuirksModeRendererTest.RenderReferenceValueReadOnlyWithStyle" executed="True" result="Success" success="True" time="0.059" asserts="48" />
                                              <test-case name="Remotion.ObjectBinding.UnitTests.Web.Legacy.UI.Controls.BocReferenceValueImplementation.Rendering.BocAutoCompleteReferenceValueQuirksModeRendererTest.RenderReferenceValueWithEmbeddedOptionsMenu" executed="True" result="Success" success="True" time="0.071" asserts="15" />
                                              <test-case name="Remotion.ObjectBinding.UnitTests.Web.Legacy.UI.Controls.BocReferenceValueImplementation.Rendering.BocAutoCompleteReferenceValueQuirksModeRendererTest.RenderReferenceValueWithEmbeddedOptionsMenuAndStyle" executed="True" result="Success" success="True" time="0.067" asserts="15" />
                                              <test-case name="Remotion.ObjectBinding.UnitTests.Web.Legacy.UI.Controls.BocReferenceValueImplementation.Rendering.BocAutoCompleteReferenceValueQuirksModeRendererTest.RenderReferenceValueWithIcon" executed="True" result="Success" success="True" time="0.102" asserts="56" />
                                              <test-case name="Remotion.ObjectBinding.UnitTests.Web.Legacy.UI.Controls.BocReferenceValueImplementation.Rendering.BocAutoCompleteReferenceValueQuirksModeRendererTest.RenderReferenceValueWithOptionsAndStyle" executed="True" result="Success" success="True" time="0.058" asserts="58" />
                                              <test-case name="Remotion.ObjectBinding.UnitTests.Web.Legacy.UI.Controls.BocReferenceValueImplementation.Rendering.BocAutoCompleteReferenceValueQuirksModeRendererTest.RenderReferenceValueWithOptionsMenu" executed="True" result="Success" success="True" time="0.056" asserts="52" />
                                              <test-case name="Remotion.ObjectBinding.UnitTests.Web.Legacy.UI.Controls.BocReferenceValueImplementation.Rendering.BocAutoCompleteReferenceValueQuirksModeRendererTest.RenderReferenceValueWithStyle" executed="True" result="Success" success="True" time="0.052" asserts="45" />
                                            </results>
                                          </test-suite>
                                          <test-suite type="TestFixture" name="BocReferenceValueQuirksModeRendererTest" executed="True" result="Success" success="True" time="1.758" asserts="0">
                                            <results>
                                              <test-case name="Remotion.ObjectBinding.UnitTests.Web.Legacy.UI.Controls.BocReferenceValueImplementation.Rendering.BocReferenceValueQuirksModeRendererTest.RenderNullReferenceValue" executed="True" result="Success" success="True" time="0.402" asserts="39" />
                                              <test-case name="Remotion.ObjectBinding.UnitTests.Web.Legacy.UI.Controls.BocReferenceValueImplementation.Rendering.BocReferenceValueQuirksModeRendererTest.RenderNullReferenceValueReadOnly" executed="True" result="Success" success="True" time="0.049" asserts="44" />
                                              <test-case name="Remotion.ObjectBinding.UnitTests.Web.Legacy.UI.Controls.BocReferenceValueImplementation.Rendering.BocReferenceValueQuirksModeRendererTest.RenderNullReferenceValueReadOnlyWithOptionsMenu" executed="True" result="Success" success="True" time="0.060" asserts="17" />
                                              <test-case name="Remotion.ObjectBinding.UnitTests.Web.Legacy.UI.Controls.BocReferenceValueImplementation.Rendering.BocReferenceValueQuirksModeRendererTest.RenderNullReferenceValueReadOnlyWithStyle" executed="True" result="Success" success="True" time="0.058" asserts="50" />
                                              <test-case name="Remotion.ObjectBinding.UnitTests.Web.Legacy.UI.Controls.BocReferenceValueImplementation.Rendering.BocReferenceValueQuirksModeRendererTest.RenderNullReferenceValueWithEmbeddedOptionsMenu" executed="True" result="Success" success="True" time="0.053" asserts="15" />
                                              <test-case name="Remotion.ObjectBinding.UnitTests.Web.Legacy.UI.Controls.BocReferenceValueImplementation.Rendering.BocReferenceValueQuirksModeRendererTest.RenderNullReferenceValueWithEmbeddedOptionsMenuAndStyle" executed="True" result="Success" success="True" time="0.052" asserts="15" />
                                              <test-case name="Remotion.ObjectBinding.UnitTests.Web.Legacy.UI.Controls.BocReferenceValueImplementation.Rendering.BocReferenceValueQuirksModeRendererTest.RenderNullReferenceValueWithIcon" executed="True" result="Success" success="True" time="0.059" asserts="56" />
                                              <test-case name="Remotion.ObjectBinding.UnitTests.Web.Legacy.UI.Controls.BocReferenceValueImplementation.Rendering.BocReferenceValueQuirksModeRendererTest.RenderNullReferenceValueWithOptionsAndStyle" executed="True" result="Success" success="True" time="0.064" asserts="60" />
                                              <test-case name="Remotion.ObjectBinding.UnitTests.Web.Legacy.UI.Controls.BocReferenceValueImplementation.Rendering.BocReferenceValueQuirksModeRendererTest.RenderNullReferenceValueWithOptionsMenu" executed="True" result="Success" success="True" time="0.050" asserts="54" />
                                              <test-case name="Remotion.ObjectBinding.UnitTests.Web.Legacy.UI.Controls.BocReferenceValueImplementation.Rendering.BocReferenceValueQuirksModeRendererTest.RenderNullReferenceValueWithStyle" executed="True" result="Success" success="True" time="0.056" asserts="45" />
                                              <test-case name="Remotion.ObjectBinding.UnitTests.Web.Legacy.UI.Controls.BocReferenceValueImplementation.Rendering.BocReferenceValueQuirksModeRendererTest.RenderOptions" executed="True" result="Success" success="True" time="0.050" asserts="15" />
                                              <test-case name="Remotion.ObjectBinding.UnitTests.Web.Legacy.UI.Controls.BocReferenceValueImplementation.Rendering.BocReferenceValueQuirksModeRendererTest.RenderOptionsReadOnly" executed="True" result="Success" success="True" time="0.092" asserts="20" />
                                              <test-case name="Remotion.ObjectBinding.UnitTests.Web.Legacy.UI.Controls.BocReferenceValueImplementation.Rendering.BocReferenceValueQuirksModeRendererTest.RenderOptionsReadOnlyWithStyle" executed="True" result="Success" success="True" time="0.070" asserts="26" />
                                              <test-case name="Remotion.ObjectBinding.UnitTests.Web.Legacy.UI.Controls.BocReferenceValueImplementation.Rendering.BocReferenceValueQuirksModeRendererTest.RenderReferenceValue" executed="True" result="Success" success="True" time="0.059" asserts="39" />
                                              <test-case name="Remotion.ObjectBinding.UnitTests.Web.Legacy.UI.Controls.BocReferenceValueImplementation.Rendering.BocReferenceValueQuirksModeRendererTest.RenderReferenceValueAutoPostback" executed="True" result="Success" success="True" time="0.054" asserts="40" />
                                              <test-case name="Remotion.ObjectBinding.UnitTests.Web.Legacy.UI.Controls.BocReferenceValueImplementation.Rendering.BocReferenceValueQuirksModeRendererTest.RenderReferenceValueReadOnly" executed="True" result="Success" success="True" time="0.054" asserts="44" />
                                              <test-case name="Remotion.ObjectBinding.UnitTests.Web.Legacy.UI.Controls.BocReferenceValueImplementation.Rendering.BocReferenceValueQuirksModeRendererTest.RenderReferenceValueReadOnlyWithOptionsMenu" executed="True" result="Success" success="True" time="0.067" asserts="17" />
                                              <test-case name="Remotion.ObjectBinding.UnitTests.Web.Legacy.UI.Controls.BocReferenceValueImplementation.Rendering.BocReferenceValueQuirksModeRendererTest.RenderReferenceValueReadOnlyWithStyle" executed="True" result="Success" success="True" time="0.061" asserts="50" />
                                              <test-case name="Remotion.ObjectBinding.UnitTests.Web.Legacy.UI.Controls.BocReferenceValueImplementation.Rendering.BocReferenceValueQuirksModeRendererTest.RenderReferenceValueWithEmbeddedOptionsMenu" executed="True" result="Success" success="True" time="0.054" asserts="15" />
                                              <test-case name="Remotion.ObjectBinding.UnitTests.Web.Legacy.UI.Controls.BocReferenceValueImplementation.Rendering.BocReferenceValueQuirksModeRendererTest.RenderReferenceValueWithEmbeddedOptionsMenuAndStyle" executed="True" result="Success" success="True" time="0.074" asserts="15" />
                                              <test-case name="Remotion.ObjectBinding.UnitTests.Web.Legacy.UI.Controls.BocReferenceValueImplementation.Rendering.BocReferenceValueQuirksModeRendererTest.RenderReferenceValueWithIcon" executed="True" result="Success" success="True" time="0.060" asserts="56" />
                                              <test-case name="Remotion.ObjectBinding.UnitTests.Web.Legacy.UI.Controls.BocReferenceValueImplementation.Rendering.BocReferenceValueQuirksModeRendererTest.RenderReferenceValueWithOptionsAndStyle" executed="True" result="Success" success="True" time="0.055" asserts="60" />
                                              <test-case name="Remotion.ObjectBinding.UnitTests.Web.Legacy.UI.Controls.BocReferenceValueImplementation.Rendering.BocReferenceValueQuirksModeRendererTest.RenderReferenceValueWithOptionsMenu" executed="True" result="Success" success="True" time="0.051" asserts="54" />
                                              <test-case name="Remotion.ObjectBinding.UnitTests.Web.Legacy.UI.Controls.BocReferenceValueImplementation.Rendering.BocReferenceValueQuirksModeRendererTest.RenderReferenceValueWithStyle" executed="True" result="Success" success="True" time="0.046" asserts="45" />
                                            </results>
                                          </test-suite>
                                        </results>
                                      </test-suite>
                                    </results>
                                  </test-suite>
                                  <test-suite type="Namespace" name="BocTextValueImplementation" executed="True" result="Success" success="True" time="0.470" asserts="0">
                                    <results>
                                      <test-suite type="Namespace" name="Rendering" executed="True" result="Success" success="True" time="0.470" asserts="0">
                                        <results>
                                          <test-suite type="TestFixture" name="BocMultilineTextValueQuirksModeRendererTest" executed="True" result="Success" success="True" time="0.285" asserts="0">
                                            <results>
                                              <test-case name="Remotion.ObjectBinding.UnitTests.Web.Legacy.UI.Controls.BocTextValueImplementation.Rendering.BocMultilineTextValueQuirksModeRendererTest.RenderMultiLineDisabled" executed="True" result="Success" success="True" time="0.183" asserts="26" />
                                              <test-case name="Remotion.ObjectBinding.UnitTests.Web.Legacy.UI.Controls.BocTextValueImplementation.Rendering.BocMultilineTextValueQuirksModeRendererTest.RenderMultiLineDisabledWithStyle" executed="True" result="Success" success="True" time="0.009" asserts="26" />
                                              <test-case name="Remotion.ObjectBinding.UnitTests.Web.Legacy.UI.Controls.BocTextValueImplementation.Rendering.BocMultilineTextValueQuirksModeRendererTest.RenderMultiLineDisabledWithStyleInStandardProperties" executed="True" result="Success" success="True" time="0.007" asserts="26" />
                                              <test-case name="Remotion.ObjectBinding.UnitTests.Web.Legacy.UI.Controls.BocTextValueImplementation.Rendering.BocMultilineTextValueQuirksModeRendererTest.RenderMultiLineEditable" executed="True" result="Success" success="True" time="0.009" asserts="24" />
                                              <test-case name="Remotion.ObjectBinding.UnitTests.Web.Legacy.UI.Controls.BocTextValueImplementation.Rendering.BocMultilineTextValueQuirksModeRendererTest.RenderMultiLineEditableAutoPostback" executed="True" result="Success" success="True" time="0.007" asserts="26" />
                                              <test-case name="Remotion.ObjectBinding.UnitTests.Web.Legacy.UI.Controls.BocTextValueImplementation.Rendering.BocMultilineTextValueQuirksModeRendererTest.RenderMultiLineEditableWithStyle" executed="True" result="Success" success="True" time="0.008" asserts="24" />
                                              <test-case name="Remotion.ObjectBinding.UnitTests.Web.Legacy.UI.Controls.BocTextValueImplementation.Rendering.BocMultilineTextValueQuirksModeRendererTest.RenderMultiLineEditableWithStyleAndCssClass" executed="True" result="Success" success="True" time="0.007" asserts="24" />
                                              <test-case name="Remotion.ObjectBinding.UnitTests.Web.Legacy.UI.Controls.BocTextValueImplementation.Rendering.BocMultilineTextValueQuirksModeRendererTest.RenderMultiLineEditableWithStyleAndCssClassInStandardProperties" executed="True" result="Success" success="True" time="0.007" asserts="24" />
                                              <test-case name="Remotion.ObjectBinding.UnitTests.Web.Legacy.UI.Controls.BocTextValueImplementation.Rendering.BocMultilineTextValueQuirksModeRendererTest.RenderMultiLineEditableWithStyleInStandardProperties" executed="True" result="Success" success="True" time="0.007" asserts="24" />
                                              <test-case name="Remotion.ObjectBinding.UnitTests.Web.Legacy.UI.Controls.BocTextValueImplementation.Rendering.BocMultilineTextValueQuirksModeRendererTest.RenderMultiLineReadonly" executed="True" result="Success" success="True" time="0.013" asserts="26" />
                                              <test-case name="Remotion.ObjectBinding.UnitTests.Web.Legacy.UI.Controls.BocTextValueImplementation.Rendering.BocMultilineTextValueQuirksModeRendererTest.RenderMultiLineReadonlyWithStyle" executed="True" result="Success" success="True" time="0.007" asserts="28" />
                                              <test-case name="Remotion.ObjectBinding.UnitTests.Web.Legacy.UI.Controls.BocTextValueImplementation.Rendering.BocMultilineTextValueQuirksModeRendererTest.RenderMultiLineReadonlyWithStyleAndCssClass" executed="True" result="Success" success="True" time="0.008" asserts="28" />
                                              <test-case name="Remotion.ObjectBinding.UnitTests.Web.Legacy.UI.Controls.BocTextValueImplementation.Rendering.BocMultilineTextValueQuirksModeRendererTest.RenderMultiLineReadonlyWithStyleAndCssClassInStandardProperties" executed="True" result="Success" success="True" time="0.006" asserts="28" />
                                              <test-case name="Remotion.ObjectBinding.UnitTests.Web.Legacy.UI.Controls.BocTextValueImplementation.Rendering.BocMultilineTextValueQuirksModeRendererTest.RenderMultiLineReadonlyWithStyleInStandardProperties" executed="True" result="Success" success="True" time="0.007" asserts="28" />
                                            </results>
                                          </test-suite>
                                          <test-suite type="TestFixture" name="BocTextValueQuirksModeRendererTest" executed="True" result="Success" success="True" time="0.181" asserts="0">
                                            <results>
                                              <test-case name="Remotion.ObjectBinding.UnitTests.Web.Legacy.UI.Controls.BocTextValueImplementation.Rendering.BocTextValueQuirksModeRendererTest.RenderMultiLineReadonly" executed="True" result="Success" success="True" time="0.034" asserts="26" />
                                              <test-case name="Remotion.ObjectBinding.UnitTests.Web.Legacy.UI.Controls.BocTextValueImplementation.Rendering.BocTextValueQuirksModeRendererTest.RenderMultiLineReadonlyWithStyle" executed="True" result="Success" success="True" time="0.009" asserts="32" />
                                              <test-case name="Remotion.ObjectBinding.UnitTests.Web.Legacy.UI.Controls.BocTextValueImplementation.Rendering.BocTextValueQuirksModeRendererTest.RenderMultiLineReadonlyWithStyleAndCssClass" executed="True" result="Success" success="True" time="0.007" asserts="32" />
                                              <test-case name="Remotion.ObjectBinding.UnitTests.Web.Legacy.UI.Controls.BocTextValueImplementation.Rendering.BocTextValueQuirksModeRendererTest.RenderMultiLineReadonlyWithStyleAndCssClassInStandardProperties" executed="True" result="Success" success="True" time="0.007" asserts="32" />
                                              <test-case name="Remotion.ObjectBinding.UnitTests.Web.Legacy.UI.Controls.BocTextValueImplementation.Rendering.BocTextValueQuirksModeRendererTest.RenderMultiLineReadonlyWithStyleInStandardProperties" executed="True" result="Success" success="True" time="0.006" asserts="32" />
                                              <test-case name="Remotion.ObjectBinding.UnitTests.Web.Legacy.UI.Controls.BocTextValueImplementation.Rendering.BocTextValueQuirksModeRendererTest.RenderSingleLineDisabled" executed="True" result="Success" success="True" time="0.009" asserts="22" />
                                              <test-case name="Remotion.ObjectBinding.UnitTests.Web.Legacy.UI.Controls.BocTextValueImplementation.Rendering.BocTextValueQuirksModeRendererTest.RenderSingleLineDisabledWithStyle" executed="True" result="Success" success="True" time="0.007" asserts="28" />
                                              <test-case name="Remotion.ObjectBinding.UnitTests.Web.Legacy.UI.Controls.BocTextValueImplementation.Rendering.BocTextValueQuirksModeRendererTest.RenderSingleLineDisabledWithStyleAndCssClass" executed="True" result="Success" success="True" time="0.007" asserts="28" />
                                              <test-case name="Remotion.ObjectBinding.UnitTests.Web.Legacy.UI.Controls.BocTextValueImplementation.Rendering.BocTextValueQuirksModeRendererTest.RenderSingleLineDisabledWithStyleAndCssClassInStandardProperties" executed="True" result="Success" success="True" time="0.006" asserts="28" />
                                              <test-case name="Remotion.ObjectBinding.UnitTests.Web.Legacy.UI.Controls.BocTextValueImplementation.Rendering.BocTextValueQuirksModeRendererTest.RenderSingleLineDisabledWithStyleInStandardProperties" executed="True" result="Success" success="True" time="0.007" asserts="28" />
                                              <test-case name="Remotion.ObjectBinding.UnitTests.Web.Legacy.UI.Controls.BocTextValueImplementation.Rendering.BocTextValueQuirksModeRendererTest.RenderSingleLineEditabaleAutoPostback" executed="True" result="Success" success="True" time="0.008" asserts="20" />
                                              <test-case name="Remotion.ObjectBinding.UnitTests.Web.Legacy.UI.Controls.BocTextValueImplementation.Rendering.BocTextValueQuirksModeRendererTest.RenderSingleLineEditable" executed="True" result="Success" success="True" time="0.007" asserts="18" />
                                              <test-case name="Remotion.ObjectBinding.UnitTests.Web.Legacy.UI.Controls.BocTextValueImplementation.Rendering.BocTextValueQuirksModeRendererTest.RenderSingleLineEditableWithStyle" executed="True" result="Success" success="True" time="0.006" asserts="24" />
                                              <test-case name="Remotion.ObjectBinding.UnitTests.Web.Legacy.UI.Controls.BocTextValueImplementation.Rendering.BocTextValueQuirksModeRendererTest.RenderSingleLineEditableWithStyleAndCssClass" executed="True" result="Success" success="True" time="0.009" asserts="24" />
                                              <test-case name="Remotion.ObjectBinding.UnitTests.Web.Legacy.UI.Controls.BocTextValueImplementation.Rendering.BocTextValueQuirksModeRendererTest.RenderSingleLineEditableWithStyleAndCssClassInStandardProperties" executed="True" result="Success" success="True" time="0.007" asserts="24" />
                                              <test-case name="Remotion.ObjectBinding.UnitTests.Web.Legacy.UI.Controls.BocTextValueImplementation.Rendering.BocTextValueQuirksModeRendererTest.RenderSingleLineEditableWithStyleInStandardProperties" executed="True" result="Success" success="True" time="0.006" asserts="24" />
                                              <test-case name="Remotion.ObjectBinding.UnitTests.Web.Legacy.UI.Controls.BocTextValueImplementation.Rendering.BocTextValueQuirksModeRendererTest.RenderSingleLineReadonly" executed="True" result="Success" success="True" time="0.008" asserts="19" />
                                              <test-case name="Remotion.ObjectBinding.UnitTests.Web.Legacy.UI.Controls.BocTextValueImplementation.Rendering.BocTextValueQuirksModeRendererTest.RenderSingleLineReadonlyWithStyle" executed="True" result="Success" success="True" time="0.008" asserts="25" />
                                              <test-case name="Remotion.ObjectBinding.UnitTests.Web.Legacy.UI.Controls.BocTextValueImplementation.Rendering.BocTextValueQuirksModeRendererTest.RenderSingleLineReadonlyWithStyleAndCssClass" executed="True" result="Success" success="True" time="0.008" asserts="25" />
                                              <test-case name="Remotion.ObjectBinding.UnitTests.Web.Legacy.UI.Controls.BocTextValueImplementation.Rendering.BocTextValueQuirksModeRendererTest.RenderSingleLineReadonlyWithStyleAndCssClassInStandardProperties" executed="True" result="Success" success="True" time="0.006" asserts="25" />
                                              <test-case name="Remotion.ObjectBinding.UnitTests.Web.Legacy.UI.Controls.BocTextValueImplementation.Rendering.BocTextValueQuirksModeRendererTest.RenderSingleLineReadonlyWithStyleInStandardProperties" executed="True" result="Success" success="True" time="0.006" asserts="25" />
                                            </results>
                                          </test-suite>
                                        </results>
                                      </test-suite>
                                    </results>
                                  </test-suite>
                                </results>
                              </test-suite>
                            </results>
                          </test-suite>
                        </results>
                      </test-suite>
                      <test-suite type="Namespace" name="UI" executed="True" result="Success" success="True" time="6.718" asserts="0">
                        <results>
                          <test-suite type="Namespace" name="Controls" executed="True" result="Success" success="True" time="6.716" asserts="0">
                            <results>
                              <test-suite type="TestFixture" name="BocAutoCompleteReferenceValueTest" executed="True" result="Success" success="True" time="0.748" asserts="0">
                                <results>
                                  <test-case name="Remotion.ObjectBinding.UnitTests.Web.UI.Controls.BocAutoCompleteReferenceValueTest.CreateValidatorsEditableRequired" executed="True" result="Success" success="True" time="0.636" asserts="2" />
                                  <test-case name="Remotion.ObjectBinding.UnitTests.Web.UI.Controls.BocAutoCompleteReferenceValueTest.CreateValidatorsNotRequired" executed="True" result="Success" success="True" time="0.003" asserts="1" />
                                  <test-case name="Remotion.ObjectBinding.UnitTests.Web.UI.Controls.BocAutoCompleteReferenceValueTest.CreateValidatorsReadOnly" executed="True" result="Success" success="True" time="0.002" asserts="1" />
                                  <test-case name="Remotion.ObjectBinding.UnitTests.Web.UI.Controls.BocAutoCompleteReferenceValueTest.EvaluateWaiConformityDebugLevelA" executed="True" result="Success" success="True" time="0.005" asserts="3" />
                                  <test-case name="Remotion.ObjectBinding.UnitTests.Web.UI.Controls.BocAutoCompleteReferenceValueTest.EvaluateWaiConformityDebugLevelUndefined" executed="True" result="Success" success="True" time="0.002" asserts="2" />
                                  <test-case name="Remotion.ObjectBinding.UnitTests.Web.UI.Controls.BocAutoCompleteReferenceValueTest.GetTrackedClientIDsInEditMode" executed="True" result="Success" success="True" time="0.005" asserts="3" />
                                  <test-case name="Remotion.ObjectBinding.UnitTests.Web.UI.Controls.BocAutoCompleteReferenceValueTest.GetTrackedClientIDsInReadOnlyMode" executed="True" result="Success" success="True" time="0.002" asserts="2" />
                                  <test-case name="Remotion.ObjectBinding.UnitTests.Web.UI.Controls.BocAutoCompleteReferenceValueTest.IsEventCommandDisabledWithWcagOverride" executed="True" result="Success" success="True" time="0.004" asserts="1" />
                                  <test-case name="Remotion.ObjectBinding.UnitTests.Web.UI.Controls.BocAutoCompleteReferenceValueTest.IsEventCommandEnabledWithoutWcagOverride" executed="True" result="Success" success="True" time="0.012" asserts="1" />
                                  <test-case name="Remotion.ObjectBinding.UnitTests.Web.UI.Controls.BocAutoCompleteReferenceValueTest.IsWxeFunctionCommandDisabledWithWcagOverride" executed="True" result="Success" success="True" time="0.001" asserts="1" />
                                  <test-case name="Remotion.ObjectBinding.UnitTests.Web.UI.Controls.BocAutoCompleteReferenceValueTest.IsWxeFunctionCommandEnabledWithoutWcagOverride" executed="True" result="Success" success="True" time="0.001" asserts="1" />
                                  <test-case name="Remotion.ObjectBinding.UnitTests.Web.UI.Controls.BocAutoCompleteReferenceValueTest.LoadControlState" executed="True" result="Success" success="True" time="0.004" asserts="2" />
                                  <test-case name="Remotion.ObjectBinding.UnitTests.Web.UI.Controls.BocAutoCompleteReferenceValueTest.LoadPostDataEmptyValue" executed="True" result="Success" success="True" time="0.017" asserts="3" />
                                  <test-case name="Remotion.ObjectBinding.UnitTests.Web.UI.Controls.BocAutoCompleteReferenceValueTest.LoadPostDataNotRequired" executed="True" result="Success" success="True" time="0.001" asserts="1" />
                                  <test-case name="Remotion.ObjectBinding.UnitTests.Web.UI.Controls.BocAutoCompleteReferenceValueTest.LoadPostDataNullValue" executed="True" result="Success" success="True" time="0.003" asserts="2" />
                                  <test-case name="Remotion.ObjectBinding.UnitTests.Web.UI.Controls.BocAutoCompleteReferenceValueTest.LoadPostDataReferenceValue" executed="True" result="Success" success="True" time="0.003" asserts="4" />
                                  <test-case name="Remotion.ObjectBinding.UnitTests.Web.UI.Controls.BocAutoCompleteReferenceValueTest.LoadPostDataSameReferenceValue" executed="True" result="Success" success="True" time="0.002" asserts="2" />
                                  <test-case name="Remotion.ObjectBinding.UnitTests.Web.UI.Controls.BocAutoCompleteReferenceValueTest.LoadUnboundValueAndInterimFalseWithNull" executed="True" result="Success" success="True" time="0.001" asserts="2" />
                                  <test-case name="Remotion.ObjectBinding.UnitTests.Web.UI.Controls.BocAutoCompleteReferenceValueTest.LoadUnboundValueAndInterimFalseWithObject" executed="True" result="Success" success="True" time="0.001" asserts="2" />
                                  <test-case name="Remotion.ObjectBinding.UnitTests.Web.UI.Controls.BocAutoCompleteReferenceValueTest.LoadUnboundValueAndInterimTrue" executed="True" result="Success" success="True" time="0.001" asserts="2" />
                                  <test-case name="Remotion.ObjectBinding.UnitTests.Web.UI.Controls.BocAutoCompleteReferenceValueTest.LoadUnboundValueInitial" executed="True" result="Success" success="True" time="0.002" asserts="2" />
                                  <test-case name="Remotion.ObjectBinding.UnitTests.Web.UI.Controls.BocAutoCompleteReferenceValueTest.LoadUnboundValueInterim" executed="True" result="Success" success="True" time="0.001" asserts="2" />
                                  <test-case name="Remotion.ObjectBinding.UnitTests.Web.UI.Controls.BocAutoCompleteReferenceValueTest.LoadValueAndInterimFalseWithNull" executed="True" result="Success" success="True" time="0.002" asserts="2" />
                                  <test-case name="Remotion.ObjectBinding.UnitTests.Web.UI.Controls.BocAutoCompleteReferenceValueTest.LoadValueAndInterimFalseWithObject" executed="True" result="Success" success="True" time="0.001" asserts="2" />
                                  <test-case name="Remotion.ObjectBinding.UnitTests.Web.UI.Controls.BocAutoCompleteReferenceValueTest.LoadValueAndInterimTrue" executed="True" result="Success" success="True" time="0.002" asserts="2" />
                                  <test-case name="Remotion.ObjectBinding.UnitTests.Web.UI.Controls.BocAutoCompleteReferenceValueTest.LoadValueInitial" executed="True" result="Success" success="True" time="0.002" asserts="3" />
                                  <test-case name="Remotion.ObjectBinding.UnitTests.Web.UI.Controls.BocAutoCompleteReferenceValueTest.LoadValueInterim" executed="True" result="Success" success="True" time="0.001" asserts="3" />
                                  <test-case name="Remotion.ObjectBinding.UnitTests.Web.UI.Controls.BocAutoCompleteReferenceValueTest.RaisePostDataChangedEvent" executed="True" result="Success" success="True" time="0.003" asserts="1" />
                                  <test-case name="Remotion.ObjectBinding.UnitTests.Web.UI.Controls.BocAutoCompleteReferenceValueTest.RaisePostDataChangedEventDisabled" executed="True" result="Success" success="True" time="0.001" asserts="1" />
                                  <test-case name="Remotion.ObjectBinding.UnitTests.Web.UI.Controls.BocAutoCompleteReferenceValueTest.RaisePostDataChangedEventReadOnly" executed="True" result="Success" success="True" time="0.002" asserts="1" />
                                  <test-case name="Remotion.ObjectBinding.UnitTests.Web.UI.Controls.BocAutoCompleteReferenceValueTest.SaveControlState" executed="True" result="Success" success="True" time="0.002" asserts="4" />
                                  <test-case name="Remotion.ObjectBinding.UnitTests.Web.UI.Controls.BocAutoCompleteReferenceValueTest.SaveValueCommit" executed="True" result="Success" success="True" time="0.002" asserts="2" />
                                  <test-case name="Remotion.ObjectBinding.UnitTests.Web.UI.Controls.BocAutoCompleteReferenceValueTest.SaveValueInterim" executed="True" result="Success" success="True" time="0.002" asserts="2" />
                                  <test-case name="Remotion.ObjectBinding.UnitTests.Web.UI.Controls.BocAutoCompleteReferenceValueTest.SetValueToNull" executed="True" result="Success" success="True" time="0.001" asserts="2" />
                                  <test-case name="Remotion.ObjectBinding.UnitTests.Web.UI.Controls.BocAutoCompleteReferenceValueTest.SetValueToObject" executed="True" result="Success" success="True" time="0.001" asserts="2" />
                                </results>
                              </test-suite>
                              <test-suite type="Namespace" name="BocBooleanValueImplementation" executed="True" result="Success" success="True" time="0.463" asserts="0">
                                <results>
                                  <test-suite type="Namespace" name="Rendering" executed="True" result="Success" success="True" time="0.462" asserts="0">
                                    <results>
                                      <test-suite type="TestFixture" name="BocBooleanValueRendererTest" executed="True" result="Success" success="True" time="0.222" asserts="0">
                                        <results>
                                          <test-case name="Remotion.ObjectBinding.UnitTests.Web.UI.Controls.BocBooleanValueImplementation.Rendering.BocBooleanValueRendererTest.RenderFalse" executed="True" result="Success" success="True" time="0.058" asserts="48" />
                                          <test-case name="Remotion.ObjectBinding.UnitTests.Web.UI.Controls.BocBooleanValueImplementation.Rendering.BocBooleanValueRendererTest.RenderFalseDisabled" executed="True" result="Success" success="True" time="0.011" asserts="50" />
                                          <test-case name="Remotion.ObjectBinding.UnitTests.Web.UI.Controls.BocBooleanValueImplementation.Rendering.BocBooleanValueRendererTest.RenderFalseReadOnly" executed="True" result="Success" success="True" time="0.012" asserts="33" />
                                          <test-case name="Remotion.ObjectBinding.UnitTests.Web.UI.Controls.BocBooleanValueImplementation.Rendering.BocBooleanValueRendererTest.RenderNull" executed="True" result="Success" success="True" time="0.011" asserts="48" />
                                          <test-case name="Remotion.ObjectBinding.UnitTests.Web.UI.Controls.BocBooleanValueImplementation.Rendering.BocBooleanValueRendererTest.RenderNullDisabled" executed="True" result="Success" success="True" time="0.010" asserts="50" />
                                          <test-case name="Remotion.ObjectBinding.UnitTests.Web.UI.Controls.BocBooleanValueImplementation.Rendering.BocBooleanValueRendererTest.RenderNullReadOnly" executed="True" result="Success" success="True" time="0.010" asserts="33" />
                                          <test-case name="Remotion.ObjectBinding.UnitTests.Web.UI.Controls.BocBooleanValueImplementation.Rendering.BocBooleanValueRendererTest.RenderTrue" executed="True" result="Success" success="True" time="0.012" asserts="48" />
                                          <test-case name="Remotion.ObjectBinding.UnitTests.Web.UI.Controls.BocBooleanValueImplementation.Rendering.BocBooleanValueRendererTest.RenderTrueDisabled" executed="True" result="Success" success="True" time="0.010" asserts="50" />
                                          <test-case name="Remotion.ObjectBinding.UnitTests.Web.UI.Controls.BocBooleanValueImplementation.Rendering.BocBooleanValueRendererTest.RenderTrueDisabledWithCssClass" executed="True" result="Success" success="True" time="0.009" asserts="50" />
                                          <test-case name="Remotion.ObjectBinding.UnitTests.Web.UI.Controls.BocBooleanValueImplementation.Rendering.BocBooleanValueRendererTest.RenderTrueDisabledWithCssClassInStandardProperty" executed="True" result="Success" success="True" time="0.010" asserts="50" />
                                          <test-case name="Remotion.ObjectBinding.UnitTests.Web.UI.Controls.BocBooleanValueImplementation.Rendering.BocBooleanValueRendererTest.RenderTrueReadOnly" executed="True" result="Success" success="True" time="0.010" asserts="33" />
                                          <test-case name="Remotion.ObjectBinding.UnitTests.Web.UI.Controls.BocBooleanValueImplementation.Rendering.BocBooleanValueRendererTest.RenderTrueReadonlyWithCssClass" executed="True" result="Success" success="True" time="0.010" asserts="33" />
                                          <test-case name="Remotion.ObjectBinding.UnitTests.Web.UI.Controls.BocBooleanValueImplementation.Rendering.BocBooleanValueRendererTest.RenderTrueReadonlyWithCssClassInStandardProperty" executed="True" result="Success" success="True" time="0.011" asserts="33" />
                                          <test-case name="Remotion.ObjectBinding.UnitTests.Web.UI.Controls.BocBooleanValueImplementation.Rendering.BocBooleanValueRendererTest.RenderTrueWithAutoPostback" executed="True" result="Success" success="True" time="0.013" asserts="48" />
                                          <test-case name="Remotion.ObjectBinding.UnitTests.Web.UI.Controls.BocBooleanValueImplementation.Rendering.BocBooleanValueRendererTest.RenderTrueWithCssClass" executed="True" result="Success" success="True" time="0.012" asserts="48" />
                                          <test-case name="Remotion.ObjectBinding.UnitTests.Web.UI.Controls.BocBooleanValueImplementation.Rendering.BocBooleanValueRendererTest.RenderTrueWithCssClassInStandardProperty" executed="True" result="Success" success="True" time="0.012" asserts="48" />
                                        </results>
                                      </test-suite>
                                      <test-suite type="TestFixture" name="BocCheckBoxRendererTest" executed="True" result="Success" success="True" time="0.217" asserts="0">
                                        <results>
                                          <test-case name="Remotion.ObjectBinding.UnitTests.Web.UI.Controls.BocBooleanValueImplementation.Rendering.BocCheckBoxRendererTest.RenderFalse" executed="True" result="Success" success="True" time="0.028" asserts="26" />
                                          <test-case name="Remotion.ObjectBinding.UnitTests.Web.UI.Controls.BocBooleanValueImplementation.Rendering.BocCheckBoxRendererTest.RenderFalseDisabled" executed="True" result="Success" success="True" time="0.008" asserts="29" />
                                          <test-case name="Remotion.ObjectBinding.UnitTests.Web.UI.Controls.BocBooleanValueImplementation.Rendering.BocCheckBoxRendererTest.RenderFalseDisabledWithCssClass" executed="True" result="Success" success="True" time="0.009" asserts="29" />
                                          <test-case name="Remotion.ObjectBinding.UnitTests.Web.UI.Controls.BocBooleanValueImplementation.Rendering.BocCheckBoxRendererTest.RenderFalseDisabledWithCssClassInStandardProperties" executed="True" result="Success" success="True" time="0.009" asserts="29" />
                                          <test-case name="Remotion.ObjectBinding.UnitTests.Web.UI.Controls.BocBooleanValueImplementation.Rendering.BocCheckBoxRendererTest.RenderFalseReadOnly" executed="True" result="Success" success="True" time="0.011" asserts="26" />
                                          <test-case name="Remotion.ObjectBinding.UnitTests.Web.UI.Controls.BocBooleanValueImplementation.Rendering.BocCheckBoxRendererTest.RenderFalseReadOnlyWithCssClass" executed="True" result="Success" success="True" time="0.009" asserts="29" />
                                          <test-case name="Remotion.ObjectBinding.UnitTests.Web.UI.Controls.BocBooleanValueImplementation.Rendering.BocCheckBoxRendererTest.RenderFalseReadOnlyWithCssClassInStandardProperties" executed="True" result="Success" success="True" time="0.011" asserts="26" />
                                          <test-case name="Remotion.ObjectBinding.UnitTests.Web.UI.Controls.BocBooleanValueImplementation.Rendering.BocCheckBoxRendererTest.RenderFalseWithCssClass" executed="True" result="Success" success="True" time="0.011" asserts="26" />
                                          <test-case name="Remotion.ObjectBinding.UnitTests.Web.UI.Controls.BocBooleanValueImplementation.Rendering.BocCheckBoxRendererTest.RenderFalseWithCssClassInStandardProperties" executed="True" result="Success" success="True" time="0.014" asserts="26" />
                                          <test-case name="Remotion.ObjectBinding.UnitTests.Web.UI.Controls.BocBooleanValueImplementation.Rendering.BocCheckBoxRendererTest.RenderTrue" executed="True" result="Success" success="True" time="0.012" asserts="27" />
                                          <test-case name="Remotion.ObjectBinding.UnitTests.Web.UI.Controls.BocBooleanValueImplementation.Rendering.BocCheckBoxRendererTest.RenderTrueDisabled" executed="True" result="Success" success="True" time="0.013" asserts="30" />
                                          <test-case name="Remotion.ObjectBinding.UnitTests.Web.UI.Controls.BocBooleanValueImplementation.Rendering.BocCheckBoxRendererTest.RenderTrueDisabledWithCssClass" executed="True" result="Success" success="True" time="0.010" asserts="30" />
                                          <test-case name="Remotion.ObjectBinding.UnitTests.Web.UI.Controls.BocBooleanValueImplementation.Rendering.BocCheckBoxRendererTest.RenderTrueDisabledWithCssClassInStandardProperties" executed="True" result="Success" success="True" time="0.009" asserts="30" />
                                          <test-case name="Remotion.ObjectBinding.UnitTests.Web.UI.Controls.BocBooleanValueImplementation.Rendering.BocCheckBoxRendererTest.RenderTrueReadOnly" executed="True" result="Success" success="True" time="0.015" asserts="27" />
                                          <test-case name="Remotion.ObjectBinding.UnitTests.Web.UI.Controls.BocBooleanValueImplementation.Rendering.BocCheckBoxRendererTest.RenderTrueReadOnlyWithCssClass" executed="True" result="Success" success="True" time="0.011" asserts="27" />
                                          <test-case name="Remotion.ObjectBinding.UnitTests.Web.UI.Controls.BocBooleanValueImplementation.Rendering.BocCheckBoxRendererTest.RenderTrueReadOnlyWithCssClassInStandardProperties" executed="True" result="Success" success="True" time="0.012" asserts="27" />
                                          <test-case name="Remotion.ObjectBinding.UnitTests.Web.UI.Controls.BocBooleanValueImplementation.Rendering.BocCheckBoxRendererTest.RenderTrueWithCssClass" executed="True" result="Success" success="True" time="0.011" asserts="27" />
                                          <test-case name="Remotion.ObjectBinding.UnitTests.Web.UI.Controls.BocBooleanValueImplementation.Rendering.BocCheckBoxRendererTest.RenderTrueWithCssClassInStandardProperties" executed="True" result="Success" success="True" time="0.011" asserts="27" />
                                        </results>
                                      </test-suite>
                                      <test-suite type="TestFixture" name="IBocBooleanValueRendererTest" executed="True" result="Success" success="True" time="0.007" asserts="0">
                                        <results>
                                          <test-case name="Remotion.ObjectBinding.UnitTests.Web.UI.Controls.BocBooleanValueImplementation.Rendering.IBocBooleanValueRendererTest.GetInstance_Once" executed="True" result="Success" success="True" time="0.003" asserts="2" />
                                          <test-case name="Remotion.ObjectBinding.UnitTests.Web.UI.Controls.BocBooleanValueImplementation.Rendering.IBocBooleanValueRendererTest.GetInstance_Twice_ReturnsSameInstance" executed="True" result="Success" success="True" time="0.003" asserts="1" />
                                        </results>
                                      </test-suite>
                                      <test-suite type="TestFixture" name="IBocBooleanValueResourceSetFactoryTest" executed="True" result="Success" success="True" time="0.004" asserts="0">
                                        <results>
                                          <test-case name="Remotion.ObjectBinding.UnitTests.Web.UI.Controls.BocBooleanValueImplementation.Rendering.IBocBooleanValueResourceSetFactoryTest.GetInstance_Once" executed="True" result="Success" success="True" time="0.002" asserts="2" />
                                          <test-case name="Remotion.ObjectBinding.UnitTests.Web.UI.Controls.BocBooleanValueImplementation.Rendering.IBocBooleanValueResourceSetFactoryTest.GetInstance_Twice_ReturnsSameInstance" executed="True" result="Success" success="True" time="0.002" asserts="1" />
                                        </results>
                                      </test-suite>
                                      <test-suite type="TestFixture" name="IBocCheckBoxRendererFactoryTest" executed="True" result="Success" success="True" time="0.004" asserts="0">
                                        <results>
                                          <test-case name="Remotion.ObjectBinding.UnitTests.Web.UI.Controls.BocBooleanValueImplementation.Rendering.IBocCheckBoxRendererFactoryTest.GetInstance_Once" executed="True" result="Success" success="True" time="0.002" asserts="2" />
                                          <test-case name="Remotion.ObjectBinding.UnitTests.Web.UI.Controls.BocBooleanValueImplementation.Rendering.IBocCheckBoxRendererFactoryTest.GetInstance_Twice_ReturnsSameInstance" executed="True" result="Success" success="True" time="0.002" asserts="1" />
                                        </results>
                                      </test-suite>
                                    </results>
                                  </test-suite>
                                </results>
                              </test-suite>
                              <test-suite type="TestFixture" name="BocBooleanValueTest" executed="True" result="Success" success="True" time="0.048" asserts="0">
                                <results>
                                  <test-case name="Remotion.ObjectBinding.UnitTests.Web.UI.Controls.BocBooleanValueTest.EvaluateWaiConformityDebugLevelA" executed="True" result="Success" success="True" time="0.016" asserts="4" />
                                  <test-case name="Remotion.ObjectBinding.UnitTests.Web.UI.Controls.BocBooleanValueTest.EvaluateWaiConformityDebugLevelUndefined" executed="True" result="Success" success="True" time="0.001" asserts="2" />
                                  <test-case name="Remotion.ObjectBinding.UnitTests.Web.UI.Controls.BocBooleanValueTest.EvaluateWaiConformityLevelA" executed="True" result="Success" success="True" time="0.000" asserts="2" />
                                  <test-case name="Remotion.ObjectBinding.UnitTests.Web.UI.Controls.BocBooleanValueTest.GetTrackedClientIDsInEditMode" executed="True" result="Success" success="True" time="0.003" asserts="3" />
                                  <test-case name="Remotion.ObjectBinding.UnitTests.Web.UI.Controls.BocBooleanValueTest.GetTrackedClientIDsInReadOnlyMode" executed="True" result="Success" success="True" time="0.001" asserts="2" />
                                  <test-case name="Remotion.ObjectBinding.UnitTests.Web.UI.Controls.BocBooleanValueTest.IBusinessObjectBoundControl_SetValueToFalse" executed="True" result="Success" success="True" time="0.002" asserts="2" />
                                  <test-case name="Remotion.ObjectBinding.UnitTests.Web.UI.Controls.BocBooleanValueTest.IBusinessObjectBoundControl_SetValueToNull" executed="True" result="Success" success="True" time="0.001" asserts="2" />
                                  <test-case name="Remotion.ObjectBinding.UnitTests.Web.UI.Controls.BocBooleanValueTest.IBusinessObjectBoundControl_SetValueToNullableBooleanFalse" executed="True" result="Success" success="True" time="0.001" asserts="2" />
                                  <test-case name="Remotion.ObjectBinding.UnitTests.Web.UI.Controls.BocBooleanValueTest.IBusinessObjectBoundControl_SetValueToNullableBooleanNull" executed="True" result="Success" success="True" time="0.000" asserts="2" />
                                  <test-case name="Remotion.ObjectBinding.UnitTests.Web.UI.Controls.BocBooleanValueTest.IBusinessObjectBoundControl_SetValueToNullableBooleanTrue" executed="True" result="Success" success="True" time="0.000" asserts="2" />
                                  <test-case name="Remotion.ObjectBinding.UnitTests.Web.UI.Controls.BocBooleanValueTest.IBusinessObjectBoundControl_SetValueToTrue" executed="True" result="Success" success="True" time="0.001" asserts="2" />
                                  <test-case name="Remotion.ObjectBinding.UnitTests.Web.UI.Controls.BocBooleanValueTest.LoadUnboundValueAndInterimFalseWithValueFalse" executed="True" result="Success" success="True" time="0.001" asserts="2" />
                                  <test-case name="Remotion.ObjectBinding.UnitTests.Web.UI.Controls.BocBooleanValueTest.LoadUnboundValueAndInterimFalseWithValueNull" executed="True" result="Success" success="True" time="0.001" asserts="2" />
                                  <test-case name="Remotion.ObjectBinding.UnitTests.Web.UI.Controls.BocBooleanValueTest.LoadUnboundValueAndInterimFalseWithValueNullableBooelanFalse" executed="True" result="Success" success="True" time="0.000" asserts="2" />
                                  <test-case name="Remotion.ObjectBinding.UnitTests.Web.UI.Controls.BocBooleanValueTest.LoadUnboundValueAndInterimFalseWithValueNullableBooelanNull" executed="True" result="Success" success="True" time="0.001" asserts="2" />
                                  <test-case name="Remotion.ObjectBinding.UnitTests.Web.UI.Controls.BocBooleanValueTest.LoadUnboundValueAndInterimFalseWithValueNullableBooelanTrue" executed="True" result="Success" success="True" time="0.001" asserts="2" />
                                  <test-case name="Remotion.ObjectBinding.UnitTests.Web.UI.Controls.BocBooleanValueTest.LoadUnboundValueAndInterimFalseWithValueTrue" executed="True" result="Success" success="True" time="0.001" asserts="2" />
                                  <test-case name="Remotion.ObjectBinding.UnitTests.Web.UI.Controls.BocBooleanValueTest.LoadUnboundValueAndInterimTrue" executed="True" result="Success" success="True" time="0.000" asserts="2" />
                                  <test-case name="Remotion.ObjectBinding.UnitTests.Web.UI.Controls.BocBooleanValueTest.LoadValueAndInterimFalseWithValueFalse" executed="True" result="Success" success="True" time="0.003" asserts="2" />
                                  <test-case name="Remotion.ObjectBinding.UnitTests.Web.UI.Controls.BocBooleanValueTest.LoadValueAndInterimFalseWithValueNullableBooelanFalse" executed="True" result="Success" success="True" time="0.001" asserts="2" />
                                  <test-case name="Remotion.ObjectBinding.UnitTests.Web.UI.Controls.BocBooleanValueTest.LoadValueAndInterimFalseWithValueNullableBooelanNull" executed="True" result="Success" success="True" time="0.001" asserts="2" />
                                  <test-case name="Remotion.ObjectBinding.UnitTests.Web.UI.Controls.BocBooleanValueTest.LoadValueAndInterimFalseWithValueNullableBooelanTrue" executed="True" result="Success" success="True" time="0.001" asserts="2" />
                                  <test-case name="Remotion.ObjectBinding.UnitTests.Web.UI.Controls.BocBooleanValueTest.LoadValueAndInterimFalseWithValueTrue" executed="True" result="Success" success="True" time="0.001" asserts="2" />
                                  <test-case name="Remotion.ObjectBinding.UnitTests.Web.UI.Controls.BocBooleanValueTest.LoadValueAndInterimTrue" executed="True" result="Success" success="True" time="0.001" asserts="2" />
                                  <test-case name="Remotion.ObjectBinding.UnitTests.Web.UI.Controls.BocBooleanValueTest.SetValueToFalse" executed="True" result="Success" success="True" time="0.001" asserts="2" />
                                  <test-case name="Remotion.ObjectBinding.UnitTests.Web.UI.Controls.BocBooleanValueTest.SetValueToNull" executed="True" result="Success" success="True" time="0.001" asserts="2" />
                                  <test-case name="Remotion.ObjectBinding.UnitTests.Web.UI.Controls.BocBooleanValueTest.SetValueToNullableBooleanFalse" executed="True" result="Success" success="True" time="0.001" asserts="2" />
                                  <test-case name="Remotion.ObjectBinding.UnitTests.Web.UI.Controls.BocBooleanValueTest.SetValueToNullableBooleanNull" executed="True" result="Success" success="True" time="0.000" asserts="2" />
                                  <test-case name="Remotion.ObjectBinding.UnitTests.Web.UI.Controls.BocBooleanValueTest.SetValueToNullableBooleanTrue" executed="True" result="Success" success="True" time="0.000" asserts="2" />
                                  <test-case name="Remotion.ObjectBinding.UnitTests.Web.UI.Controls.BocBooleanValueTest.SetValueToTrue" executed="True" result="Success" success="True" time="0.000" asserts="2" />
                                </results>
                              </test-suite>
                              <test-suite type="TestFixture" name="BocCheckBoxTest" executed="True" result="Success" success="True" time="0.040" asserts="0">
                                <results>
                                  <test-case name="Remotion.ObjectBinding.UnitTests.Web.UI.Controls.BocCheckBoxTest.EvaluateWaiConformityDebugLevelAWithAutoPostBackTrue" executed="True" result="Success" success="True" time="0.003" asserts="4" />
                                  <test-case name="Remotion.ObjectBinding.UnitTests.Web.UI.Controls.BocCheckBoxTest.EvaluateWaiConformityDebugLevelUndefined" executed="True" result="Success" success="True" time="0.001" asserts="2" />
                                  <test-case name="Remotion.ObjectBinding.UnitTests.Web.UI.Controls.BocCheckBoxTest.EvaluateWaiConformityLevelA" executed="True" result="Success" success="True" time="0.001" asserts="2" />
                                  <test-case name="Remotion.ObjectBinding.UnitTests.Web.UI.Controls.BocCheckBoxTest.GetTrackedClientIDsInEditMode" executed="True" result="Success" success="True" time="0.004" asserts="3" />
                                  <test-case name="Remotion.ObjectBinding.UnitTests.Web.UI.Controls.BocCheckBoxTest.GetTrackedClientIDsInReadOnlyMode" executed="True" result="Success" success="True" time="0.000" asserts="2" />
                                  <test-case name="Remotion.ObjectBinding.UnitTests.Web.UI.Controls.BocCheckBoxTest.IBusinessObjectBoundControl_SetValueToFalse" executed="True" result="Success" success="True" time="0.001" asserts="2" />
                                  <test-case name="Remotion.ObjectBinding.UnitTests.Web.UI.Controls.BocCheckBoxTest.IBusinessObjectBoundControl_SetValueToNull" executed="True" result="Success" success="True" time="0.002" asserts="2" />
                                  <test-case name="Remotion.ObjectBinding.UnitTests.Web.UI.Controls.BocCheckBoxTest.IBusinessObjectBoundControl_SetValueToNullableBooleanFalse" executed="True" result="Success" success="True" time="0.001" asserts="2" />
                                  <test-case name="Remotion.ObjectBinding.UnitTests.Web.UI.Controls.BocCheckBoxTest.IBusinessObjectBoundControl_SetValueToNullableBooleanNull" executed="True" result="Success" success="True" time="0.000" asserts="2" />
                                  <test-case name="Remotion.ObjectBinding.UnitTests.Web.UI.Controls.BocCheckBoxTest.IBusinessObjectBoundControl_SetValueToNullableBooleanTrue" executed="True" result="Success" success="True" time="0.000" asserts="2" />
                                  <test-case name="Remotion.ObjectBinding.UnitTests.Web.UI.Controls.BocCheckBoxTest.IBusinessObjectBoundControl_SetValueToTrue" executed="True" result="Success" success="True" time="0.001" asserts="2" />
                                  <test-case name="Remotion.ObjectBinding.UnitTests.Web.UI.Controls.BocCheckBoxTest.LoadUnboundValueAndInterimFalseWithValueFalse" executed="True" result="Success" success="True" time="0.001" asserts="2" />
                                  <test-case name="Remotion.ObjectBinding.UnitTests.Web.UI.Controls.BocCheckBoxTest.LoadUnboundValueAndInterimFalseWithValueNull" executed="True" result="Success" success="True" time="0.001" asserts="2" />
                                  <test-case name="Remotion.ObjectBinding.UnitTests.Web.UI.Controls.BocCheckBoxTest.LoadUnboundValueAndInterimFalseWithValueNullableBooelanFalse" executed="True" result="Success" success="True" time="0.001" asserts="2" />
                                  <test-case name="Remotion.ObjectBinding.UnitTests.Web.UI.Controls.BocCheckBoxTest.LoadUnboundValueAndInterimFalseWithValueNullableBooelanNull" executed="True" result="Success" success="True" time="0.001" asserts="2" />
                                  <test-case name="Remotion.ObjectBinding.UnitTests.Web.UI.Controls.BocCheckBoxTest.LoadUnboundValueAndInterimFalseWithValueNullableBooelanTrue" executed="True" result="Success" success="True" time="0.001" asserts="2" />
                                  <test-case name="Remotion.ObjectBinding.UnitTests.Web.UI.Controls.BocCheckBoxTest.LoadUnboundValueAndInterimFalseWithValueTrue" executed="True" result="Success" success="True" time="0.000" asserts="2" />
                                  <test-case name="Remotion.ObjectBinding.UnitTests.Web.UI.Controls.BocCheckBoxTest.LoadUnboundValueAndInterimTrue" executed="True" result="Success" success="True" time="0.000" asserts="2" />
                                  <test-case name="Remotion.ObjectBinding.UnitTests.Web.UI.Controls.BocCheckBoxTest.LoadValueAndInterimFalseWithValueFalse" executed="True" result="Success" success="True" time="0.001" asserts="2" />
                                  <test-case name="Remotion.ObjectBinding.UnitTests.Web.UI.Controls.BocCheckBoxTest.LoadValueAndInterimFalseWithValueNullableBooelanFalse" executed="True" result="Success" success="True" time="0.000" asserts="2" />
                                  <test-case name="Remotion.ObjectBinding.UnitTests.Web.UI.Controls.BocCheckBoxTest.LoadValueAndInterimFalseWithValueNullableBooelanNull" executed="True" result="Success" success="True" time="0.001" asserts="2" />
                                  <test-case name="Remotion.ObjectBinding.UnitTests.Web.UI.Controls.BocCheckBoxTest.LoadValueAndInterimFalseWithValueNullableBooelanTrue" executed="True" result="Success" success="True" time="0.001" asserts="2" />
                                  <test-case name="Remotion.ObjectBinding.UnitTests.Web.UI.Controls.BocCheckBoxTest.LoadValueAndInterimFalseWithValueTrue" executed="True" result="Success" success="True" time="0.001" asserts="2" />
                                  <test-case name="Remotion.ObjectBinding.UnitTests.Web.UI.Controls.BocCheckBoxTest.LoadValueAndInterimTrue" executed="True" result="Success" success="True" time="0.000" asserts="2" />
                                  <test-case name="Remotion.ObjectBinding.UnitTests.Web.UI.Controls.BocCheckBoxTest.SetValueToFalse" executed="True" result="Success" success="True" time="0.001" asserts="2" />
                                  <test-case name="Remotion.ObjectBinding.UnitTests.Web.UI.Controls.BocCheckBoxTest.SetValueToNull" executed="True" result="Success" success="True" time="0.001" asserts="2" />
                                  <test-case name="Remotion.ObjectBinding.UnitTests.Web.UI.Controls.BocCheckBoxTest.SetValueToNullableBooleanFalse" executed="True" result="Success" success="True" time="0.001" asserts="2" />
                                  <test-case name="Remotion.ObjectBinding.UnitTests.Web.UI.Controls.BocCheckBoxTest.SetValueToNullableBooleanNull" executed="True" result="Success" success="True" time="0.000" asserts="2" />
                                  <test-case name="Remotion.ObjectBinding.UnitTests.Web.UI.Controls.BocCheckBoxTest.SetValueToNullableBooleanTrue" executed="True" result="Success" success="True" time="0.000" asserts="2" />
                                  <test-case name="Remotion.ObjectBinding.UnitTests.Web.UI.Controls.BocCheckBoxTest.SetValueToTrue" executed="True" result="Success" success="True" time="0.001" asserts="2" />
                                </results>
                              </test-suite>
                              <test-suite type="Namespace" name="BocDateTimeValueImplementation" executed="True" result="Success" success="True" time="0.102" asserts="0">
                                <results>
                                  <test-suite type="Namespace" name="Rendering" executed="True" result="Success" success="True" time="0.100" asserts="0">
                                    <results>
                                      <test-suite type="TestFixture" name="BocDateTimeValueRendererTest" executed="True" result="Success" success="True" time="0.095" asserts="0">
                                        <results>
                                          <test-case name="Remotion.ObjectBinding.UnitTests.Web.UI.Controls.BocDateTimeValueImplementation.Rendering.BocDateTimeValueRendererTest.RenderDateTimeValue" executed="True" result="Success" success="True" time="0.058" asserts="41" />
                                          <test-case name="Remotion.ObjectBinding.UnitTests.Web.UI.Controls.BocDateTimeValueImplementation.Rendering.BocDateTimeValueRendererTest.RenderDateValue" executed="True" result="Success" success="True" time="0.037" asserts="26" />
                                        </results>
                                      </test-suite>
                                      <test-suite type="TestFixture" name="IBocDateTimeValueRendererTest" executed="True" result="Success" success="True" time="0.004" asserts="0">
                                        <results>
                                          <test-case name="Remotion.ObjectBinding.UnitTests.Web.UI.Controls.BocDateTimeValueImplementation.Rendering.IBocDateTimeValueRendererTest.GetInstance_Once" executed="True" result="Success" success="True" time="0.002" asserts="2" />
                                          <test-case name="Remotion.ObjectBinding.UnitTests.Web.UI.Controls.BocDateTimeValueImplementation.Rendering.IBocDateTimeValueRendererTest.GetInstance_Twice_ReturnsSameInstance" executed="True" result="Success" success="True" time="0.002" asserts="1" />
                                        </results>
                                      </test-suite>
                                    </results>
                                  </test-suite>
                                </results>
                              </test-suite>
                              <test-suite type="TestFixture" name="BocDateTimeValueTest" executed="True" result="Success" success="True" time="0.066" asserts="0">
                                <results>
                                  <test-case name="Remotion.ObjectBinding.UnitTests.Web.UI.Controls.BocDateTimeValueTest.EvaluateWaiConformityDebugLevelAWithDateTextBoxStyleAutoPostBackTrue" executed="True" result="Success" success="True" time="0.022" asserts="4" />
                                  <test-case name="Remotion.ObjectBinding.UnitTests.Web.UI.Controls.BocDateTimeValueTest.EvaluateWaiConformityDebugLevelAWithDateTimeTextBoxStyleAutoPostBackTrue" executed="True" result="Success" success="True" time="0.002" asserts="4" />
                                  <test-case name="Remotion.ObjectBinding.UnitTests.Web.UI.Controls.BocDateTimeValueTest.EvaluateWaiConformityDebugLevelAWithTimeTextBoxStyleAutoPostBackTrue" executed="True" result="Success" success="True" time="0.001" asserts="4" />
                                  <test-case name="Remotion.ObjectBinding.UnitTests.Web.UI.Controls.BocDateTimeValueTest.EvaluateWaiConformityDebugLevelDoubleAWithTimeTextBoxActive" executed="True" result="Success" success="True" time="0.002" asserts="4" />
                                  <test-case name="Remotion.ObjectBinding.UnitTests.Web.UI.Controls.BocDateTimeValueTest.EvaluateWaiConformityDebugLevelUndefined" executed="True" result="Success" success="True" time="0.001" asserts="2" />
                                  <test-case name="Remotion.ObjectBinding.UnitTests.Web.UI.Controls.BocDateTimeValueTest.EvaluateWaiConformityLevelA" executed="True" result="Success" success="True" time="0.001" asserts="2" />
                                  <test-case name="Remotion.ObjectBinding.UnitTests.Web.UI.Controls.BocDateTimeValueTest.GetTrackedClientIDsInEditModeAndValueTypeIsDate" executed="True" result="Success" success="True" time="0.001" asserts="3" />
                                  <test-case name="Remotion.ObjectBinding.UnitTests.Web.UI.Controls.BocDateTimeValueTest.GetTrackedClientIDsInEditModeAndValueTypeIsDateTime" executed="True" result="Success" success="True" time="0.002" asserts="4" />
                                  <test-case name="Remotion.ObjectBinding.UnitTests.Web.UI.Controls.BocDateTimeValueTest.GetTrackedClientIDsInEditModeAndValueTypeIsUndefined" executed="True" result="Success" success="True" time="0.001" asserts="4" />
                                  <test-case name="Remotion.ObjectBinding.UnitTests.Web.UI.Controls.BocDateTimeValueTest.GetTrackedClientIDsInReadOnlyMode" executed="True" result="Success" success="True" time="0.001" asserts="2" />
                                  <test-case name="Remotion.ObjectBinding.UnitTests.Web.UI.Controls.BocDateTimeValueTest.IBusinessObjectBoundControl_SetValueToDateTime" executed="True" result="Success" success="True" time="0.006" asserts="2" />
                                  <test-case name="Remotion.ObjectBinding.UnitTests.Web.UI.Controls.BocDateTimeValueTest.IBusinessObjectBoundControl_SetValueToNull" executed="True" result="Success" success="True" time="0.001" asserts="2" />
                                  <test-case name="Remotion.ObjectBinding.UnitTests.Web.UI.Controls.BocDateTimeValueTest.IBusinessObjectBoundControl_SetValueToNullableDateTime" executed="True" result="Success" success="True" time="0.000" asserts="2" />
                                  <test-case name="Remotion.ObjectBinding.UnitTests.Web.UI.Controls.BocDateTimeValueTest.IBusinessObjectBoundControl_SetValueToNullableDateTimeNull" executed="True" result="Success" success="True" time="0.000" asserts="2" />
                                  <test-case name="Remotion.ObjectBinding.UnitTests.Web.UI.Controls.BocDateTimeValueTest.LoadUnboundValueAndInterimFalseWithDateTime" executed="True" result="Success" success="True" time="0.001" asserts="2" />
                                  <test-case name="Remotion.ObjectBinding.UnitTests.Web.UI.Controls.BocDateTimeValueTest.LoadUnboundValueAndInterimFalseWithValueNull" executed="True" result="Success" success="True" time="0.001" asserts="2" />
                                  <test-case name="Remotion.ObjectBinding.UnitTests.Web.UI.Controls.BocDateTimeValueTest.LoadUnboundValueAndInterimFalseWithValueNullableDateTime" executed="True" result="Success" success="True" time="0.001" asserts="2" />
                                  <test-case name="Remotion.ObjectBinding.UnitTests.Web.UI.Controls.BocDateTimeValueTest.LoadUnboundValueAndInterimFalseWithValueNullableDateTimeNull" executed="True" result="Success" success="True" time="0.001" asserts="2" />
                                  <test-case name="Remotion.ObjectBinding.UnitTests.Web.UI.Controls.BocDateTimeValueTest.LoadUnboundValueAndInterimTrue" executed="True" result="Success" success="True" time="0.001" asserts="2" />
                                  <test-case name="Remotion.ObjectBinding.UnitTests.Web.UI.Controls.BocDateTimeValueTest.LoadValueAndInterimFalseWithDateTime" executed="True" result="Success" success="True" time="0.003" asserts="2" />
                                  <test-case name="Remotion.ObjectBinding.UnitTests.Web.UI.Controls.BocDateTimeValueTest.LoadValueAndInterimFalseWithValueNullableDateTime" executed="True" result="Success" success="True" time="0.001" asserts="2" />
                                  <test-case name="Remotion.ObjectBinding.UnitTests.Web.UI.Controls.BocDateTimeValueTest.LoadValueAndInterimFalseWithValueNullableDateTimeNull" executed="True" result="Success" success="True" time="0.001" asserts="2" />
                                  <test-case name="Remotion.ObjectBinding.UnitTests.Web.UI.Controls.BocDateTimeValueTest.LoadValueAndInterimTrue" executed="True" result="Success" success="True" time="0.001" asserts="2" />
                                  <test-case name="Remotion.ObjectBinding.UnitTests.Web.UI.Controls.BocDateTimeValueTest.SetValueToDateTime" executed="True" result="Success" success="True" time="0.000" asserts="2" />
                                  <test-case name="Remotion.ObjectBinding.UnitTests.Web.UI.Controls.BocDateTimeValueTest.SetValueToNull" executed="True" result="Success" success="True" time="0.001" asserts="2" />
                                  <test-case name="Remotion.ObjectBinding.UnitTests.Web.UI.Controls.BocDateTimeValueTest.SetValueToNullableDateTime" executed="True" result="Success" success="True" time="0.000" asserts="2" />
                                  <test-case name="Remotion.ObjectBinding.UnitTests.Web.UI.Controls.BocDateTimeValueTest.SetValueToNullableDateTimeNull" executed="True" result="Success" success="True" time="0.001" asserts="2" />
                                </results>
                              </test-suite>
                              <test-suite type="TestFixture" name="BocDropDownMenuTest" executed="True" result="Success" success="True" time="0.022" asserts="0">
                                <results>
                                  <test-case name="Remotion.ObjectBinding.UnitTests.Web.UI.Controls.BocDropDownMenuTest.EvaluateWaiConformityDebugLevelA" executed="True" result="Success" success="True" time="0.002" asserts="4" />
                                  <test-case name="Remotion.ObjectBinding.UnitTests.Web.UI.Controls.BocDropDownMenuTest.EvaluateWaiConformityDebugLevelUndefined" executed="True" result="Success" success="True" time="0.001" asserts="2" />
                                  <test-case name="Remotion.ObjectBinding.UnitTests.Web.UI.Controls.BocDropDownMenuTest.EvaluateWaiConformityLevelA" executed="True" result="Success" success="True" time="0.000" asserts="2" />
                                  <test-case name="Remotion.ObjectBinding.UnitTests.Web.UI.Controls.BocDropDownMenuTest.LoadUnboundValueAndInterimFalseWithNull" executed="True" result="Success" success="True" time="0.001" asserts="1" />
                                  <test-case name="Remotion.ObjectBinding.UnitTests.Web.UI.Controls.BocDropDownMenuTest.LoadUnboundValueAndInterimFalseWithObject" executed="True" result="Success" success="True" time="0.001" asserts="1" />
                                  <test-case name="Remotion.ObjectBinding.UnitTests.Web.UI.Controls.BocDropDownMenuTest.LoadUnboundValueAndInterimTrueWithNull" executed="True" result="Success" success="True" time="0.000" asserts="1" />
                                  <test-case name="Remotion.ObjectBinding.UnitTests.Web.UI.Controls.BocDropDownMenuTest.LoadUnboundValueAndInterimTrueWithObject" executed="True" result="Success" success="True" time="0.001" asserts="1" />
                                  <test-case name="Remotion.ObjectBinding.UnitTests.Web.UI.Controls.BocDropDownMenuTest.LoadValueAndInterimFalseWithNull" executed="True" result="Success" success="True" time="0.003" asserts="1" />
                                  <test-case name="Remotion.ObjectBinding.UnitTests.Web.UI.Controls.BocDropDownMenuTest.LoadValueAndInterimFalseWithObject" executed="True" result="Success" success="True" time="0.001" asserts="1" />
                                  <test-case name="Remotion.ObjectBinding.UnitTests.Web.UI.Controls.BocDropDownMenuTest.LoadValueAndInterimFalseWithObjectAndNoProperty" executed="True" result="Success" success="True" time="0.001" asserts="1" />
                                  <test-case name="Remotion.ObjectBinding.UnitTests.Web.UI.Controls.BocDropDownMenuTest.LoadValueAndInterimTrueWithNull" executed="True" result="Success" success="True" time="0.001" asserts="1" />
                                  <test-case name="Remotion.ObjectBinding.UnitTests.Web.UI.Controls.BocDropDownMenuTest.LoadValueAndInterimTrueWithObject" executed="True" result="Success" success="True" time="0.000" asserts="1" />
                                  <test-case name="Remotion.ObjectBinding.UnitTests.Web.UI.Controls.BocDropDownMenuTest.LoadValueAndInterimTrueWithObjectAndNoProperty" executed="True" result="Success" success="True" time="0.001" asserts="1" />
                                  <test-case name="Remotion.ObjectBinding.UnitTests.Web.UI.Controls.BocDropDownMenuTest.SetValueToNull" executed="True" result="Success" success="True" time="0.001" asserts="1" />
                                  <test-case name="Remotion.ObjectBinding.UnitTests.Web.UI.Controls.BocDropDownMenuTest.SetValueToObject" executed="True" result="Success" success="True" time="0.000" asserts="1" />
                                </results>
                              </test-suite>
                              <test-suite type="Namespace" name="BocEnumValueImplementation" executed="True" result="Success" success="True" time="0.745" asserts="0">
                                <results>
                                  <test-suite type="Namespace" name="Rendering" executed="True" result="Success" success="True" time="0.743" asserts="0">
                                    <results>
                                      <test-suite type="TestFixture" name="BocEnumValueRendererTest" executed="True" result="Success" success="True" time="0.733" asserts="0">
                                        <results>
                                          <test-case name="Remotion.ObjectBinding.UnitTests.Web.UI.Controls.BocEnumValueImplementation.Rendering.BocEnumValueRendererTest.RenderFirstValue" executed="True" result="Success" success="True" time="0.045" asserts="37" />
                                          <test-case name="Remotion.ObjectBinding.UnitTests.Web.UI.Controls.BocEnumValueImplementation.Rendering.BocEnumValueRendererTest.RenderFirstValueAutoPostback" executed="True" result="Success" success="True" time="0.032" asserts="39" />
                                          <test-case name="Remotion.ObjectBinding.UnitTests.Web.UI.Controls.BocEnumValueImplementation.Rendering.BocEnumValueRendererTest.RenderFirstValueDisabled" executed="True" result="Success" success="True" time="0.055" asserts="39" />
                                          <test-case name="Remotion.ObjectBinding.UnitTests.Web.UI.Controls.BocEnumValueImplementation.Rendering.BocEnumValueRendererTest.RenderFirstValueDisabledWithCssClass" executed="True" result="Success" success="True" time="0.026" asserts="39" />
                                          <test-case name="Remotion.ObjectBinding.UnitTests.Web.UI.Controls.BocEnumValueImplementation.Rendering.BocEnumValueRendererTest.RenderFirstValueDisabledWithCssClassInAttributes" executed="True" result="Success" success="True" time="0.027" asserts="39" />
                                          <test-case name="Remotion.ObjectBinding.UnitTests.Web.UI.Controls.BocEnumValueImplementation.Rendering.BocEnumValueRendererTest.RenderFirstValueDisabledWithStyle" executed="True" result="Success" success="True" time="0.025" asserts="41" />
                                          <test-case name="Remotion.ObjectBinding.UnitTests.Web.UI.Controls.BocEnumValueImplementation.Rendering.BocEnumValueRendererTest.RenderFirstValueDisabledWithStyleInAttributes" executed="True" result="Success" success="True" time="0.028" asserts="41" />
                                          <test-case name="Remotion.ObjectBinding.UnitTests.Web.UI.Controls.BocEnumValueImplementation.Rendering.BocEnumValueRendererTest.RenderFirstValueReadOnly" executed="True" result="Success" success="True" time="0.042" asserts="17" />
                                          <test-case name="Remotion.ObjectBinding.UnitTests.Web.UI.Controls.BocEnumValueImplementation.Rendering.BocEnumValueRendererTest.RenderFirstValueReadOnlyWithCssClass" executed="True" result="Success" success="True" time="0.034" asserts="17" />
                                          <test-case name="Remotion.ObjectBinding.UnitTests.Web.UI.Controls.BocEnumValueImplementation.Rendering.BocEnumValueRendererTest.RenderFirstValueReadOnlyWithCssClassInAttributes" executed="True" result="Success" success="True" time="0.036" asserts="17" />
                                          <test-case name="Remotion.ObjectBinding.UnitTests.Web.UI.Controls.BocEnumValueImplementation.Rendering.BocEnumValueRendererTest.RenderFirstValueReadOnlyWithStyle" executed="True" result="Success" success="True" time="0.051" asserts="21" />
                                          <test-case name="Remotion.ObjectBinding.UnitTests.Web.UI.Controls.BocEnumValueImplementation.Rendering.BocEnumValueRendererTest.RenderFirstValueReadOnlyWithStyleInAttributes" executed="True" result="Success" success="True" time="0.038" asserts="17" />
                                          <test-case name="Remotion.ObjectBinding.UnitTests.Web.UI.Controls.BocEnumValueImplementation.Rendering.BocEnumValueRendererTest.RenderFirstValueWithCssClass" executed="True" result="Success" success="True" time="0.028" asserts="37" />
                                          <test-case name="Remotion.ObjectBinding.UnitTests.Web.UI.Controls.BocEnumValueImplementation.Rendering.BocEnumValueRendererTest.RenderFirstValueWithCssClassInAttributes" executed="True" result="Success" success="True" time="0.026" asserts="37" />
                                          <test-case name="Remotion.ObjectBinding.UnitTests.Web.UI.Controls.BocEnumValueImplementation.Rendering.BocEnumValueRendererTest.RenderFirstValueWithNullOption" executed="True" result="Success" success="True" time="0.027" asserts="42" />
                                          <test-case name="Remotion.ObjectBinding.UnitTests.Web.UI.Controls.BocEnumValueImplementation.Rendering.BocEnumValueRendererTest.RenderFirstValueWithNullOptionDisabled" executed="True" result="Success" success="True" time="0.024" asserts="44" />
                                          <test-case name="Remotion.ObjectBinding.UnitTests.Web.UI.Controls.BocEnumValueImplementation.Rendering.BocEnumValueRendererTest.RenderFirstValueWithStyle" executed="True" result="Success" success="True" time="0.028" asserts="39" />
                                          <test-case name="Remotion.ObjectBinding.UnitTests.Web.UI.Controls.BocEnumValueImplementation.Rendering.BocEnumValueRendererTest.RenderFirstValueWithStyleInAttributes" executed="True" result="Success" success="True" time="0.044" asserts="39" />
                                          <test-case name="Remotion.ObjectBinding.UnitTests.Web.UI.Controls.BocEnumValueImplementation.Rendering.BocEnumValueRendererTest.RenderNullValue" executed="True" result="Success" success="True" time="0.029" asserts="42" />
                                          <test-case name="Remotion.ObjectBinding.UnitTests.Web.UI.Controls.BocEnumValueImplementation.Rendering.BocEnumValueRendererTest.RenderNullValueDisabled" executed="True" result="Success" success="True" time="0.050" asserts="44" />
                                          <test-case name="Remotion.ObjectBinding.UnitTests.Web.UI.Controls.BocEnumValueImplementation.Rendering.BocEnumValueRendererTest.RenderNullValueReadOnly" executed="True" result="Success" success="True" time="0.035" asserts="15" />
                                        </results>
                                      </test-suite>
                                      <test-suite type="TestFixture" name="IBocEnumValueRendererTest" executed="True" result="Success" success="True" time="0.005" asserts="0">
                                        <results>
                                          <test-case name="Remotion.ObjectBinding.UnitTests.Web.UI.Controls.BocEnumValueImplementation.Rendering.IBocEnumValueRendererTest.GetInstance_Once" executed="True" result="Success" success="True" time="0.003" asserts="2" />
                                          <test-case name="Remotion.ObjectBinding.UnitTests.Web.UI.Controls.BocEnumValueImplementation.Rendering.IBocEnumValueRendererTest.GetInstance_Twice_ReturnsSameInstance" executed="True" result="Success" success="True" time="0.002" asserts="1" />
                                        </results>
                                      </test-suite>
                                    </results>
                                  </test-suite>
                                </results>
                              </test-suite>
                              <test-suite type="TestFixture" name="BocEnumValueTest" executed="True" result="Success" success="True" time="0.043" asserts="0">
                                <results>
                                  <test-case name="Remotion.ObjectBinding.UnitTests.Web.UI.Controls.BocEnumValueTest.EvaluateWaiConformityDebugLevelAWithListControlStyleAutoPostBackTrue" executed="True" result="Success" success="True" time="0.017" asserts="4" />
                                  <test-case name="Remotion.ObjectBinding.UnitTests.Web.UI.Controls.BocEnumValueTest.EvaluateWaiConformityDebugLevelUndefined" executed="True" result="Success" success="True" time="0.001" asserts="2" />
                                  <test-case name="Remotion.ObjectBinding.UnitTests.Web.UI.Controls.BocEnumValueTest.EvaluateWaiConformityLevelA" executed="True" result="Success" success="True" time="0.000" asserts="2" />
                                  <test-case name="Remotion.ObjectBinding.UnitTests.Web.UI.Controls.BocEnumValueTest.GetTrackedClientIDsInEditModeAsDropDownList" executed="True" result="Success" success="True" time="0.002" asserts="3" />
                                  <test-case name="Remotion.ObjectBinding.UnitTests.Web.UI.Controls.BocEnumValueTest.GetTrackedClientIDsInEditModeAsListBox" executed="True" result="Success" success="True" time="0.000" asserts="3" />
                                  <test-case name="Remotion.ObjectBinding.UnitTests.Web.UI.Controls.BocEnumValueTest.GetTrackedClientIDsInEditModeAsRadioButtonList" executed="True" result="Success" success="True" time="0.003" asserts="7" />
                                  <test-case name="Remotion.ObjectBinding.UnitTests.Web.UI.Controls.BocEnumValueTest.GetTrackedClientIDsInReadOnlyMode" executed="True" result="Success" success="True" time="0.003" asserts="2" />
                                  <test-case name="Remotion.ObjectBinding.UnitTests.Web.UI.Controls.BocEnumValueTest.LoadUnboundValueAndInterimFalseWithEnum" executed="True" result="Success" success="True" time="0.003" asserts="2" />
                                  <test-case name="Remotion.ObjectBinding.UnitTests.Web.UI.Controls.BocEnumValueTest.LoadUnboundValueAndInterimFalseWithNull" executed="True" result="Success" success="True" time="0.001" asserts="2" />
                                  <test-case name="Remotion.ObjectBinding.UnitTests.Web.UI.Controls.BocEnumValueTest.LoadUnboundValueAndInterimTrue" executed="True" result="Success" success="True" time="0.000" asserts="2" />
                                  <test-case name="Remotion.ObjectBinding.UnitTests.Web.UI.Controls.BocEnumValueTest.LoadValueAndInterimFalseWithEnum" executed="True" result="Success" success="True" time="0.002" asserts="2" />
                                  <test-case name="Remotion.ObjectBinding.UnitTests.Web.UI.Controls.BocEnumValueTest.LoadValueAndInterimTrue" executed="True" result="Success" success="True" time="0.001" asserts="2" />
                                  <test-case name="Remotion.ObjectBinding.UnitTests.Web.UI.Controls.BocEnumValueTest.SetValueToEnum" executed="True" result="Success" success="True" time="0.001" asserts="2" />
                                  <test-case name="Remotion.ObjectBinding.UnitTests.Web.UI.Controls.BocEnumValueTest.SetValueToNull" executed="True" result="Success" success="True" time="0.000" asserts="2" />
                                </results>
                              </test-suite>
                              <test-suite type="Namespace" name="BocListImplementation" executed="True" result="Success" success="True" time="1.429" asserts="0">
                                <results>
                                  <test-suite type="Namespace" name="EditableRowSupport" executed="True" result="Success" success="True" time="0.560" asserts="0">
                                    <results>
                                      <test-suite type="TestFixture" name="EditableRowControlFactoryTest" executed="True" result="Success" success="True" time="0.018" asserts="0">
                                        <results>
                                          <test-case name="Remotion.ObjectBinding.UnitTests.Web.UI.Controls.BocListImplementation.EditableRowSupport.EditableRowControlFactoryTest.CreateWithNegativeIndex" executed="True" result="Success" success="True" time="0.014" asserts="0" />
                                          <test-case name="Remotion.ObjectBinding.UnitTests.Web.UI.Controls.BocListImplementation.EditableRowSupport.EditableRowControlFactoryTest.CreateWithStringProperty" executed="True" result="Success" success="True" time="0.004" asserts="2" />
                                        </results>
                                      </test-suite>
                                      <test-suite type="TestFixture" name="EditableRowDataSourceFactoryTest" executed="True" result="Success" success="True" time="0.004" asserts="0">
                                        <results>
                                          <test-case name="Remotion.ObjectBinding.UnitTests.Web.UI.Controls.BocListImplementation.EditableRowSupport.EditableRowDataSourceFactoryTest.Create" executed="True" result="Success" success="True" time="0.004" asserts="2" />
                                        </results>
                                      </test-suite>
                                      <test-suite type="TestFixture" name="EditableRowIDProviderTest" executed="True" result="Success" success="True" time="0.008" asserts="0">
                                        <results>
                                          <test-case name="Remotion.ObjectBinding.UnitTests.Web.UI.Controls.BocListImplementation.EditableRowSupport.EditableRowIDProviderTest.ExcludeIDIntegration" executed="True" result="Success" success="True" time="0.003" asserts="7" />
                                          <test-case name="Remotion.ObjectBinding.UnitTests.Web.UI.Controls.BocListImplementation.EditableRowSupport.EditableRowIDProviderTest.ExcludeIDOne" executed="True" result="Success" success="True" time="0.000" asserts="3" />
                                          <test-case name="Remotion.ObjectBinding.UnitTests.Web.UI.Controls.BocListImplementation.EditableRowSupport.EditableRowIDProviderTest.ExcludeIDZero" executed="True" result="Success" success="True" time="0.001" asserts="3" />
                                          <test-case name="Remotion.ObjectBinding.UnitTests.Web.UI.Controls.BocListImplementation.EditableRowSupport.EditableRowIDProviderTest.GetNextID" executed="True" result="Success" success="True" time="0.001" asserts="2" />
                                          <test-case name="Remotion.ObjectBinding.UnitTests.Web.UI.Controls.BocListImplementation.EditableRowSupport.EditableRowIDProviderTest.Reset" executed="True" result="Success" success="True" time="0.000" asserts="6" />
                                          <test-case name="Remotion.ObjectBinding.UnitTests.Web.UI.Controls.BocListImplementation.EditableRowSupport.EditableRowIDProviderTest.ResetWithExcludedIDs" executed="True" result="Success" success="True" time="0.001" asserts="14" />
                                          <test-case name="Remotion.ObjectBinding.UnitTests.Web.UI.Controls.BocListImplementation.EditableRowSupport.EditableRowIDProviderTest.Serialization" executed="True" result="Success" success="True" time="0.002" asserts="14" />
                                        </results>
                                      </test-suite>
                                      <test-suite type="TestFixture" name="EditableRowTest" executed="True" result="Success" success="True" time="0.247" asserts="0">
                                        <results>
                                          <test-case name="Remotion.ObjectBinding.UnitTests.Web.UI.Controls.BocListImplementation.EditableRowSupport.EditableRowTest.ControlInit" executed="True" result="Success" success="True" time="0.076" asserts="6" />
                                          <test-case name="Remotion.ObjectBinding.UnitTests.Web.UI.Controls.BocListImplementation.EditableRowSupport.EditableRowTest.ControlLoad" executed="True" result="Success" success="True" time="0.019" asserts="6" />
                                          <test-case name="Remotion.ObjectBinding.UnitTests.Web.UI.Controls.BocListImplementation.EditableRowSupport.EditableRowTest.CreateControlsControlFactoryNull" executed="True" result="Success" success="True" time="0.006" asserts="0" />
                                          <test-case name="Remotion.ObjectBinding.UnitTests.Web.UI.Controls.BocListImplementation.EditableRowSupport.EditableRowTest.CreateControlsDataSourceFactoryNull" executed="True" result="Success" success="True" time="0.002" asserts="0" />
                                          <test-case name="Remotion.ObjectBinding.UnitTests.Web.UI.Controls.BocListImplementation.EditableRowSupport.EditableRowTest.CreateControlsWithColumns" executed="True" result="Success" success="True" time="0.009" asserts="23" />
                                          <test-case name="Remotion.ObjectBinding.UnitTests.Web.UI.Controls.BocListImplementation.EditableRowSupport.EditableRowTest.CreateControlsWithEmptyColumns" executed="True" result="Success" success="True" time="0.002" asserts="8" />
                                          <test-case name="Remotion.ObjectBinding.UnitTests.Web.UI.Controls.BocListImplementation.EditableRowSupport.EditableRowTest.EnsureValidators" executed="True" result="Success" success="True" time="0.015" asserts="15" />
                                          <test-case name="Remotion.ObjectBinding.UnitTests.Web.UI.Controls.BocListImplementation.EditableRowSupport.EditableRowTest.EnsureValidatorsWithoutCreateControls" executed="True" result="Success" success="True" time="0.002" asserts="16" />
                                          <test-case name="Remotion.ObjectBinding.UnitTests.Web.UI.Controls.BocListImplementation.EditableRowSupport.EditableRowTest.GetEditControl" executed="True" result="Success" success="True" time="0.002" asserts="9" />
                                          <test-case name="Remotion.ObjectBinding.UnitTests.Web.UI.Controls.BocListImplementation.EditableRowSupport.EditableRowTest.GetEditControlWithIndexOutOfPositiveRange" executed="True" result="Success" success="True" time="0.001" asserts="0" />
                                          <test-case name="Remotion.ObjectBinding.UnitTests.Web.UI.Controls.BocListImplementation.EditableRowSupport.EditableRowTest.GetEditControlWithNegativeIndex" executed="True" result="Success" success="True" time="0.001" asserts="0" />
                                          <test-case name="Remotion.ObjectBinding.UnitTests.Web.UI.Controls.BocListImplementation.EditableRowSupport.EditableRowTest.GetTrackedIDs" executed="True" result="Success" success="True" time="0.006" asserts="1" />
                                          <test-case name="Remotion.ObjectBinding.UnitTests.Web.UI.Controls.BocListImplementation.EditableRowSupport.EditableRowTest.GetValidators" executed="True" result="Success" success="True" time="0.002" asserts="8" />
                                          <test-case name="Remotion.ObjectBinding.UnitTests.Web.UI.Controls.BocListImplementation.EditableRowSupport.EditableRowTest.GetValidatorsWithIndexOutOfPositiveRange" executed="True" result="Success" success="True" time="0.001" asserts="0" />
                                          <test-case name="Remotion.ObjectBinding.UnitTests.Web.UI.Controls.BocListImplementation.EditableRowSupport.EditableRowTest.GetValidatorsWithNegativeIndex" executed="True" result="Success" success="True" time="0.002" asserts="0" />
                                          <test-case name="Remotion.ObjectBinding.UnitTests.Web.UI.Controls.BocListImplementation.EditableRowSupport.EditableRowTest.GetValidatorsWithoutCreateControls" executed="True" result="Success" success="True" time="0.001" asserts="8" />
                                          <test-case name="Remotion.ObjectBinding.UnitTests.Web.UI.Controls.BocListImplementation.EditableRowSupport.EditableRowTest.HasEditControl" executed="True" result="Success" success="True" time="0.002" asserts="6" />
                                          <test-case name="Remotion.ObjectBinding.UnitTests.Web.UI.Controls.BocListImplementation.EditableRowSupport.EditableRowTest.HasEditControlWithIndexOutOfPositiveRange" executed="True" result="Success" success="True" time="0.001" asserts="0" />
                                          <test-case name="Remotion.ObjectBinding.UnitTests.Web.UI.Controls.BocListImplementation.EditableRowSupport.EditableRowTest.HasEditControlWithNegativeIndex" executed="True" result="Success" success="True" time="0.002" asserts="0" />
                                          <test-case name="Remotion.ObjectBinding.UnitTests.Web.UI.Controls.BocListImplementation.EditableRowSupport.EditableRowTest.HasValidators" executed="True" result="Success" success="True" time="0.001" asserts="9" />
                                          <test-case name="Remotion.ObjectBinding.UnitTests.Web.UI.Controls.BocListImplementation.EditableRowSupport.EditableRowTest.HasValidatorsWithIndexOutOfPositiveRange" executed="True" result="Success" success="True" time="0.002" asserts="0" />
                                          <test-case name="Remotion.ObjectBinding.UnitTests.Web.UI.Controls.BocListImplementation.EditableRowSupport.EditableRowTest.HasValidatorsWithNegativeIndex" executed="True" result="Success" success="True" time="0.002" asserts="0" />
                                          <test-case name="Remotion.ObjectBinding.UnitTests.Web.UI.Controls.BocListImplementation.EditableRowSupport.EditableRowTest.HasValidatorsWithoutCreateControls" executed="True" result="Success" success="True" time="0.002" asserts="12" />
                                          <test-case name="Remotion.ObjectBinding.UnitTests.Web.UI.Controls.BocListImplementation.EditableRowSupport.EditableRowTest.Initialize" executed="True" result="Success" success="True" time="0.000" asserts="3" />
                                          <test-case name="Remotion.ObjectBinding.UnitTests.Web.UI.Controls.BocListImplementation.EditableRowSupport.EditableRowTest.IsDirty" executed="True" result="Success" success="True" time="0.002" asserts="2" />
                                          <test-case name="Remotion.ObjectBinding.UnitTests.Web.UI.Controls.BocListImplementation.EditableRowSupport.EditableRowTest.IsRequired" executed="True" result="Success" success="True" time="0.001" asserts="3" />
                                          <test-case name="Remotion.ObjectBinding.UnitTests.Web.UI.Controls.BocListImplementation.EditableRowSupport.EditableRowTest.LoadValue" executed="True" result="Success" success="True" time="0.010" asserts="2" />
                                          <test-case name="Remotion.ObjectBinding.UnitTests.Web.UI.Controls.BocListImplementation.EditableRowSupport.EditableRowTest.PrepareValidation" executed="True" result="Success" success="True" time="0.003" asserts="2" />
                                          <test-case name="Remotion.ObjectBinding.UnitTests.Web.UI.Controls.BocListImplementation.EditableRowSupport.EditableRowTest.SaveValue" executed="True" result="Success" success="True" time="0.004" asserts="4" />
                                          <test-case name="Remotion.ObjectBinding.UnitTests.Web.UI.Controls.BocListImplementation.EditableRowSupport.EditableRowTest.ValidateWithInvalidValues" executed="True" result="Success" success="True" time="0.061" asserts="1" />
                                          <test-case name="Remotion.ObjectBinding.UnitTests.Web.UI.Controls.BocListImplementation.EditableRowSupport.EditableRowTest.ValidateWithValidValues" executed="True" result="Success" success="True" time="0.003" asserts="1" />
                                        </results>
                                      </test-suite>
                                      <test-suite type="TestFixture" name="EditModeControllerInListEditModeTest" executed="True" result="Success" success="True" time="0.148" asserts="0">
                                        <results>
                                          <test-case name="Remotion.ObjectBinding.UnitTests.Web.UI.Controls.BocListImplementation.EditableRowSupport.EditModeControllerInListEditModeTest.AddRow" executed="True" result="Success" success="True" time="0.015" asserts="14" />
                                          <test-case name="Remotion.ObjectBinding.UnitTests.Web.UI.Controls.BocListImplementation.EditableRowSupport.EditModeControllerInListEditModeTest.AddRows" executed="True" result="Success" success="True" time="0.006" asserts="15" />
                                          <test-case name="Remotion.ObjectBinding.UnitTests.Web.UI.Controls.BocListImplementation.EditableRowSupport.EditModeControllerInListEditModeTest.CreateValidators" executed="True" result="Success" success="True" time="0.005" asserts="6" />
                                          <test-case name="Remotion.ObjectBinding.UnitTests.Web.UI.Controls.BocListImplementation.EditableRowSupport.EditModeControllerInListEditModeTest.CreateValidatorsWithErrorMessageFromOwnerControl" executed="True" result="Success" success="True" time="0.002" asserts="6" />
                                          <test-case name="Remotion.ObjectBinding.UnitTests.Web.UI.Controls.BocListImplementation.EditableRowSupport.EditModeControllerInListEditModeTest.EndListEditModeAndDiscardChangesWithInvalidValues" executed="True" result="Success" success="True" time="0.013" asserts="13" />
                                          <test-case name="Remotion.ObjectBinding.UnitTests.Web.UI.Controls.BocListImplementation.EditableRowSupport.EditModeControllerInListEditModeTest.EndListEditModeAndDiscardChangesWithValidValues" executed="True" result="Success" success="True" time="0.004" asserts="13" />
                                          <test-case name="Remotion.ObjectBinding.UnitTests.Web.UI.Controls.BocListImplementation.EditableRowSupport.EditModeControllerInListEditModeTest.EndListEditModeAndSaveChangesWithInvalidValues" executed="True" result="Success" success="True" time="0.008" asserts="13" />
                                          <test-case name="Remotion.ObjectBinding.UnitTests.Web.UI.Controls.BocListImplementation.EditableRowSupport.EditModeControllerInListEditModeTest.EndListEditModeAndSaveChangesWithValidValues" executed="True" result="Success" success="True" time="0.007" asserts="13" />
                                          <test-case name="Remotion.ObjectBinding.UnitTests.Web.UI.Controls.BocListImplementation.EditableRowSupport.EditModeControllerInListEditModeTest.EndListEditModeWithoutBeingActive" executed="True" result="Success" success="True" time="0.002" asserts="3" />
                                          <test-case name="Remotion.ObjectBinding.UnitTests.Web.UI.Controls.BocListImplementation.EditableRowSupport.EditModeControllerInListEditModeTest.EndListEditModeWithoutBeingActiveAndValueNull" executed="True" result="Success" success="True" time="0.001" asserts="3" />
                                          <test-case name="Remotion.ObjectBinding.UnitTests.Web.UI.Controls.BocListImplementation.EditableRowSupport.EditModeControllerInListEditModeTest.EnsureEditModeRestored" executed="True" result="Success" success="True" time="0.008" asserts="14" />
                                          <test-case name="Remotion.ObjectBinding.UnitTests.Web.UI.Controls.BocListImplementation.EditableRowSupport.EditModeControllerInListEditModeTest.GetTrackedIDs" executed="True" result="Success" success="True" time="0.005" asserts="1" />
                                          <test-case name="Remotion.ObjectBinding.UnitTests.Web.UI.Controls.BocListImplementation.EditableRowSupport.EditModeControllerInListEditModeTest.IsDirty" executed="True" result="Success" success="True" time="0.003" asserts="1" />
                                          <test-case name="Remotion.ObjectBinding.UnitTests.Web.UI.Controls.BocListImplementation.EditableRowSupport.EditModeControllerInListEditModeTest.IsRequired" executed="True" result="Success" success="True" time="0.002" asserts="3" />
                                          <test-case name="Remotion.ObjectBinding.UnitTests.Web.UI.Controls.BocListImplementation.EditableRowSupport.EditModeControllerInListEditModeTest.PrepareValidation" executed="True" result="Success" success="True" time="0.004" asserts="2" />
                                          <test-case name="Remotion.ObjectBinding.UnitTests.Web.UI.Controls.BocListImplementation.EditableRowSupport.EditModeControllerInListEditModeTest.RemoveRow" executed="True" result="Success" success="True" time="0.011" asserts="14" />
                                          <test-case name="Remotion.ObjectBinding.UnitTests.Web.UI.Controls.BocListImplementation.EditableRowSupport.EditModeControllerInListEditModeTest.RemoveRows" executed="True" result="Success" success="True" time="0.010" asserts="14" />
                                          <test-case name="Remotion.ObjectBinding.UnitTests.Web.UI.Controls.BocListImplementation.EditableRowSupport.EditModeControllerInListEditModeTest.SaveAndLoadControlState" executed="True" result="Success" success="True" time="0.002" asserts="4" />
                                          <test-case name="Remotion.ObjectBinding.UnitTests.Web.UI.Controls.BocListImplementation.EditableRowSupport.EditModeControllerInListEditModeTest.SaveAndLoadControlStateAfterRemovingMultipleRow" executed="True" result="Success" success="True" time="0.003" asserts="9" />
                                          <test-case name="Remotion.ObjectBinding.UnitTests.Web.UI.Controls.BocListImplementation.EditableRowSupport.EditModeControllerInListEditModeTest.SaveAndLoadControlStateAfterRemovingSingleRow" executed="True" result="Success" success="True" time="0.002" asserts="9" />
                                          <test-case name="Remotion.ObjectBinding.UnitTests.Web.UI.Controls.BocListImplementation.EditableRowSupport.EditModeControllerInListEditModeTest.SwitchListIntoEditMode" executed="True" result="Success" success="True" time="0.003" asserts="8" />
                                          <test-case name="Remotion.ObjectBinding.UnitTests.Web.UI.Controls.BocListImplementation.EditableRowSupport.EditModeControllerInListEditModeTest.SwitchListIntoEditModeWhileListEditModeIsActiveWithInvalidValues" executed="True" result="Success" success="True" time="0.004" asserts="13" />
                                          <test-case name="Remotion.ObjectBinding.UnitTests.Web.UI.Controls.BocListImplementation.EditableRowSupport.EditModeControllerInListEditModeTest.SwitchListIntoEditModeWhileListEditModeIsActiveWithValidValues" executed="True" result="Success" success="True" time="0.006" asserts="13" />
                                          <test-case name="Remotion.ObjectBinding.UnitTests.Web.UI.Controls.BocListImplementation.EditableRowSupport.EditModeControllerInListEditModeTest.SwitchListIntoEditModeWhileRowEditModeIsActiveWithInvalidValues" executed="True" result="Success" success="True" time="0.006" asserts="7" />
                                          <test-case name="Remotion.ObjectBinding.UnitTests.Web.UI.Controls.BocListImplementation.EditableRowSupport.EditModeControllerInListEditModeTest.SwitchListIntoEditModeWhileRowEditModeIsActiveWithValidValues" executed="True" result="Success" success="True" time="0.005" asserts="6" />
                                          <test-case name="Remotion.ObjectBinding.UnitTests.Web.UI.Controls.BocListImplementation.EditableRowSupport.EditModeControllerInListEditModeTest.SwitchListIntoEditModeWithValueEmpty" executed="True" result="Success" success="True" time="0.001" asserts="3" />
                                          <test-case name="Remotion.ObjectBinding.UnitTests.Web.UI.Controls.BocListImplementation.EditableRowSupport.EditModeControllerInListEditModeTest.SwitchListIntoEditModeWithValueNull" executed="True" result="Success" success="True" time="0.002" asserts="0" />
                                          <test-case name="Remotion.ObjectBinding.UnitTests.Web.UI.Controls.BocListImplementation.EditableRowSupport.EditModeControllerInListEditModeTest.ValidateWithInvalidValues" executed="True" result="Success" success="True" time="0.003" asserts="1" />
                                          <test-case name="Remotion.ObjectBinding.UnitTests.Web.UI.Controls.BocListImplementation.EditableRowSupport.EditModeControllerInListEditModeTest.ValidateWithValidValues" executed="True" result="Success" success="True" time="0.002" asserts="1" />
                                        </results>
                                      </test-suite>
                                      <test-suite type="TestFixture" name="EditModeControllerInRowEditModeTest" executed="True" result="Success" success="True" time="0.097" asserts="0">
                                        <results>
                                          <test-case name="Remotion.ObjectBinding.UnitTests.Web.UI.Controls.BocListImplementation.EditableRowSupport.EditModeControllerInRowEditModeTest.AddAndEditRow" executed="True" result="Success" success="True" time="0.003" asserts="9" />
                                          <test-case name="Remotion.ObjectBinding.UnitTests.Web.UI.Controls.BocListImplementation.EditableRowSupport.EditModeControllerInRowEditModeTest.AddAndEditRowWhileListEditModeIsActiveWithInvalidValues" executed="True" result="Success" success="True" time="0.004" asserts="15" />
                                          <test-case name="Remotion.ObjectBinding.UnitTests.Web.UI.Controls.BocListImplementation.EditableRowSupport.EditModeControllerInRowEditModeTest.AddAndEditRowWhileListEditModeIsActiveWithValidValues" executed="True" result="Success" success="True" time="0.006" asserts="17" />
                                          <test-case name="Remotion.ObjectBinding.UnitTests.Web.UI.Controls.BocListImplementation.EditableRowSupport.EditModeControllerInRowEditModeTest.AddAndEditRowWhileRowEditModeIsActiveWithInvalidValues" executed="True" result="Success" success="True" time="0.002" asserts="9" />
                                          <test-case name="Remotion.ObjectBinding.UnitTests.Web.UI.Controls.BocListImplementation.EditableRowSupport.EditModeControllerInRowEditModeTest.AddAndEditRowWhileRowEditModeIsActiveWithValidValues" executed="True" result="Success" success="True" time="0.003" asserts="10" />
                                          <test-case name="Remotion.ObjectBinding.UnitTests.Web.UI.Controls.BocListImplementation.EditableRowSupport.EditModeControllerInRowEditModeTest.AddRow" executed="True" result="Success" success="True" time="0.005" asserts="9" />
                                          <test-case name="Remotion.ObjectBinding.UnitTests.Web.UI.Controls.BocListImplementation.EditableRowSupport.EditModeControllerInRowEditModeTest.AddRows" executed="True" result="Success" success="True" time="0.002" asserts="9" />
                                          <test-case name="Remotion.ObjectBinding.UnitTests.Web.UI.Controls.BocListImplementation.EditableRowSupport.EditModeControllerInRowEditModeTest.CreateValidators" executed="True" result="Success" success="True" time="0.003" asserts="7" />
                                          <test-case name="Remotion.ObjectBinding.UnitTests.Web.UI.Controls.BocListImplementation.EditableRowSupport.EditModeControllerInRowEditModeTest.CreateValidatorsWithErrorMessageFromOwnerControl" executed="True" result="Success" success="True" time="0.002" asserts="7" />
                                          <test-case name="Remotion.ObjectBinding.UnitTests.Web.UI.Controls.BocListImplementation.EditableRowSupport.EditModeControllerInRowEditModeTest.EndRowEditModeAndDiscardChangesWithInvalidValues" executed="True" result="Success" success="True" time="0.002" asserts="7" />
                                          <test-case name="Remotion.ObjectBinding.UnitTests.Web.UI.Controls.BocListImplementation.EditableRowSupport.EditModeControllerInRowEditModeTest.EndRowEditModeAndDiscardChangesWithValidValues" executed="True" result="Success" success="True" time="0.002" asserts="7" />
                                          <test-case name="Remotion.ObjectBinding.UnitTests.Web.UI.Controls.BocListImplementation.EditableRowSupport.EditModeControllerInRowEditModeTest.EndRowEditModeAndSaveChangesWithInvalidValues" executed="True" result="Success" success="True" time="0.002" asserts="7" />
                                          <test-case name="Remotion.ObjectBinding.UnitTests.Web.UI.Controls.BocListImplementation.EditableRowSupport.EditModeControllerInRowEditModeTest.EndRowEditModeAndSaveChangesWithValidValues" executed="True" result="Success" success="True" time="0.003" asserts="7" />
                                          <test-case name="Remotion.ObjectBinding.UnitTests.Web.UI.Controls.BocListImplementation.EditableRowSupport.EditModeControllerInRowEditModeTest.EndRowEditModeWithNewRowAndDiscardChangesWithValidValues" executed="True" result="Success" success="True" time="0.002" asserts="8" />
                                          <test-case name="Remotion.ObjectBinding.UnitTests.Web.UI.Controls.BocListImplementation.EditableRowSupport.EditModeControllerInRowEditModeTest.EndRowEditModeWithNewRowAndSaveChangesWithValidValues" executed="True" result="Success" success="True" time="0.003" asserts="8" />
                                          <test-case name="Remotion.ObjectBinding.UnitTests.Web.UI.Controls.BocListImplementation.EditableRowSupport.EditModeControllerInRowEditModeTest.EndRowEditModeWithoutBeingActive" executed="True" result="Success" success="True" time="0.001" asserts="3" />
                                          <test-case name="Remotion.ObjectBinding.UnitTests.Web.UI.Controls.BocListImplementation.EditableRowSupport.EditModeControllerInRowEditModeTest.EndRowEditModeWithoutBeingActiveAndValueNull" executed="True" result="Success" success="True" time="0.001" asserts="3" />
                                          <test-case name="Remotion.ObjectBinding.UnitTests.Web.UI.Controls.BocListImplementation.EditableRowSupport.EditModeControllerInRowEditModeTest.EnsureEditModeRestored" executed="True" result="Success" success="True" time="0.000" asserts="3" />
                                          <test-case name="Remotion.ObjectBinding.UnitTests.Web.UI.Controls.BocListImplementation.EditableRowSupport.EditModeControllerInRowEditModeTest.EnsureEditModeRestoredWithInvalidRowIndex" executed="True" result="Success" success="True" time="0.002" asserts="2" />
                                          <test-case name="Remotion.ObjectBinding.UnitTests.Web.UI.Controls.BocListImplementation.EditableRowSupport.EditModeControllerInRowEditModeTest.EnsureEditModeRestoredWithValueNull" executed="True" result="Success" success="True" time="0.001" asserts="2" />
                                          <test-case name="Remotion.ObjectBinding.UnitTests.Web.UI.Controls.BocListImplementation.EditableRowSupport.EditModeControllerInRowEditModeTest.GetFactoriesFromOwnerControl" executed="True" result="Success" success="True" time="0.002" asserts="2" />
                                          <test-case name="Remotion.ObjectBinding.UnitTests.Web.UI.Controls.BocListImplementation.EditableRowSupport.EditModeControllerInRowEditModeTest.GetTrackedIDs" executed="True" result="Success" success="True" time="0.004" asserts="1" />
                                          <test-case name="Remotion.ObjectBinding.UnitTests.Web.UI.Controls.BocListImplementation.EditableRowSupport.EditModeControllerInRowEditModeTest.IsDirty" executed="True" result="Success" success="True" time="0.001" asserts="1" />
                                          <test-case name="Remotion.ObjectBinding.UnitTests.Web.UI.Controls.BocListImplementation.EditableRowSupport.EditModeControllerInRowEditModeTest.IsRequired" executed="True" result="Success" success="True" time="0.001" asserts="3" />
                                          <test-case name="Remotion.ObjectBinding.UnitTests.Web.UI.Controls.BocListImplementation.EditableRowSupport.EditModeControllerInRowEditModeTest.PrepareValidation" executed="True" result="Success" success="True" time="0.002" asserts="2" />
                                          <test-case name="Remotion.ObjectBinding.UnitTests.Web.UI.Controls.BocListImplementation.EditableRowSupport.EditModeControllerInRowEditModeTest.RemoveRow" executed="True" result="Success" success="True" time="0.002" asserts="3" />
                                          <test-case name="Remotion.ObjectBinding.UnitTests.Web.UI.Controls.BocListImplementation.EditableRowSupport.EditModeControllerInRowEditModeTest.RemoveRows" executed="True" result="Success" success="True" time="0.001" asserts="3" />
                                          <test-case name="Remotion.ObjectBinding.UnitTests.Web.UI.Controls.BocListImplementation.EditableRowSupport.EditModeControllerInRowEditModeTest.SaveAndLoadControlState" executed="True" result="Success" success="True" time="0.002" asserts="7" />
                                          <test-case name="Remotion.ObjectBinding.UnitTests.Web.UI.Controls.BocListImplementation.EditableRowSupport.EditModeControllerInRowEditModeTest.SwitchRowIntoEditMode" executed="True" result="Success" success="True" time="0.002" asserts="6" />
                                          <test-case name="Remotion.ObjectBinding.UnitTests.Web.UI.Controls.BocListImplementation.EditableRowSupport.EditModeControllerInRowEditModeTest.SwitchRowIntoEditModeWhileListEditModeIsActiveWithInvalidValues" executed="True" result="Success" success="True" time="0.005" asserts="14" />
                                          <test-case name="Remotion.ObjectBinding.UnitTests.Web.UI.Controls.BocListImplementation.EditableRowSupport.EditModeControllerInRowEditModeTest.SwitchRowIntoEditModeWhileListEditModeIsActiveWithValidValues" executed="True" result="Success" success="True" time="0.005" asserts="14" />
                                          <test-case name="Remotion.ObjectBinding.UnitTests.Web.UI.Controls.BocListImplementation.EditableRowSupport.EditModeControllerInRowEditModeTest.SwitchRowIntoEditModeWhileRowEditModeIsActiveOnOtherRowWithInvalidValues" executed="True" result="Success" success="True" time="0.002" asserts="7" />
                                          <test-case name="Remotion.ObjectBinding.UnitTests.Web.UI.Controls.BocListImplementation.EditableRowSupport.EditModeControllerInRowEditModeTest.SwitchRowIntoEditModeWhileRowEditModeIsActiveOnOtherRowWithValidValues" executed="True" result="Success" success="True" time="0.002" asserts="7" />
                                          <test-case name="Remotion.ObjectBinding.UnitTests.Web.UI.Controls.BocListImplementation.EditableRowSupport.EditModeControllerInRowEditModeTest.SwitchRowIntoEditModeWhileRowEditModeIsActiveOnThisRowWithInvalidValues" executed="True" result="Success" success="True" time="0.002" asserts="7" />
                                          <test-case name="Remotion.ObjectBinding.UnitTests.Web.UI.Controls.BocListImplementation.EditableRowSupport.EditModeControllerInRowEditModeTest.SwitchRowIntoEditModeWhileRowEditModeIsActiveOnThisRowWithValidValues" executed="True" result="Success" success="True" time="0.003" asserts="7" />
                                          <test-case name="Remotion.ObjectBinding.UnitTests.Web.UI.Controls.BocListImplementation.EditableRowSupport.EditModeControllerInRowEditModeTest.SwitchRowIntoEditModeWithIndexToHigh" executed="True" result="Success" success="True" time="0.004" asserts="0" />
                                          <test-case name="Remotion.ObjectBinding.UnitTests.Web.UI.Controls.BocListImplementation.EditableRowSupport.EditModeControllerInRowEditModeTest.SwitchRowIntoEditModeWithIndexToLow" executed="True" result="Success" success="True" time="0.001" asserts="0" />
                                          <test-case name="Remotion.ObjectBinding.UnitTests.Web.UI.Controls.BocListImplementation.EditableRowSupport.EditModeControllerInRowEditModeTest.SwitchRowIntoEditModeWithValueNull" executed="True" result="Success" success="True" time="0.002" asserts="0" />
                                          <test-case name="Remotion.ObjectBinding.UnitTests.Web.UI.Controls.BocListImplementation.EditableRowSupport.EditModeControllerInRowEditModeTest.ValidateWithInvalidValues" executed="True" result="Success" success="True" time="0.002" asserts="1" />
                                          <test-case name="Remotion.ObjectBinding.UnitTests.Web.UI.Controls.BocListImplementation.EditableRowSupport.EditModeControllerInRowEditModeTest.ValidateWithValidValues" executed="True" result="Success" success="True" time="0.001" asserts="3" />
                                        </results>
                                      </test-suite>
                                      <test-suite type="TestFixture" name="EditModeControllerWithoutEditModeTest" executed="True" result="Success" success="True" time="0.024" asserts="0">
                                        <results>
                                          <test-case name="Remotion.ObjectBinding.UnitTests.Web.UI.Controls.BocListImplementation.EditableRowSupport.EditModeControllerWithoutEditModeTest.CreateValidators" executed="True" result="Success" success="True" time="0.001" asserts="2" />
                                          <test-case name="Remotion.ObjectBinding.UnitTests.Web.UI.Controls.BocListImplementation.EditableRowSupport.EditModeControllerWithoutEditModeTest.EnsureEditModeRestored" executed="True" result="Success" success="True" time="0.001" asserts="2" />
                                          <test-case name="Remotion.ObjectBinding.UnitTests.Web.UI.Controls.BocListImplementation.EditableRowSupport.EditModeControllerWithoutEditModeTest.EnsureEditModeRestoredWithValueNull" executed="True" result="Success" success="True" time="0.001" asserts="2" />
                                          <test-case name="Remotion.ObjectBinding.UnitTests.Web.UI.Controls.BocListImplementation.EditableRowSupport.EditModeControllerWithoutEditModeTest.GetTrackedIDs" executed="True" result="Success" success="True" time="0.001" asserts="1" />
                                          <test-case name="Remotion.ObjectBinding.UnitTests.Web.UI.Controls.BocListImplementation.EditableRowSupport.EditModeControllerWithoutEditModeTest.Initialize" executed="True" result="Success" success="True" time="0.001" asserts="3" />
                                          <test-case name="Remotion.ObjectBinding.UnitTests.Web.UI.Controls.BocListImplementation.EditableRowSupport.EditModeControllerWithoutEditModeTest.InitRecursive" executed="True" result="Success" success="True" time="0.001" asserts="1" />
                                          <test-case name="Remotion.ObjectBinding.UnitTests.Web.UI.Controls.BocListImplementation.EditableRowSupport.EditModeControllerWithoutEditModeTest.IsDirty" executed="True" result="Success" success="True" time="0.001" asserts="1" />
                                          <test-case name="Remotion.ObjectBinding.UnitTests.Web.UI.Controls.BocListImplementation.EditableRowSupport.EditModeControllerWithoutEditModeTest.IsRequired" executed="True" result="Success" success="True" time="0.001" asserts="2" />
                                          <test-case name="Remotion.ObjectBinding.UnitTests.Web.UI.Controls.BocListImplementation.EditableRowSupport.EditModeControllerWithoutEditModeTest.LoadControlStateWithNull" executed="True" result="Success" success="True" time="0.002" asserts="2" />
                                          <test-case name="Remotion.ObjectBinding.UnitTests.Web.UI.Controls.BocListImplementation.EditableRowSupport.EditModeControllerWithoutEditModeTest.SaveAndLoadControlState" executed="True" result="Success" success="True" time="0.001" asserts="1" />
                                          <test-case name="Remotion.ObjectBinding.UnitTests.Web.UI.Controls.BocListImplementation.EditableRowSupport.EditModeControllerWithoutEditModeTest.Validate" executed="True" result="Success" success="True" time="0.010" asserts="1" />
                                        </results>
                                      </test-suite>
                                    </results>
                                  </test-suite>
                                  <test-suite type="Namespace" name="Rendering" executed="True" result="Success" success="True" time="0.857" asserts="0">
                                    <results>
                                      <test-suite type="TestFixture" name="BocColumnRendererArrayBuilderTest" executed="True" result="Success" success="True" time="0.063" asserts="0">
                                        <results>
                                          <test-case name="Remotion.ObjectBinding.UnitTests.Web.UI.Controls.BocListImplementation.Rendering.BocColumnRendererArrayBuilderTest.GetColumnRenderers" executed="True" result="Success" success="True" time="0.046" asserts="4" />
                                          <test-case name="Remotion.ObjectBinding.UnitTests.Web.UI.Controls.BocListImplementation.Rendering.BocColumnRendererArrayBuilderTest.GetColumnRenderers_BocValueColumnDefinition_EnableIcon_False" executed="True" result="Success" success="True" time="0.002" asserts="2" />
                                          <test-case name="Remotion.ObjectBinding.UnitTests.Web.UI.Controls.BocListImplementation.Rendering.BocColumnRendererArrayBuilderTest.GetColumnRenderers_BocValueColumnDefinition_EnableIcon_True" executed="True" result="Success" success="True" time="0.001" asserts="2" />
                                          <test-case name="Remotion.ObjectBinding.UnitTests.Web.UI.Controls.BocListImplementation.Rendering.BocColumnRendererArrayBuilderTest.GetColumnRenderers_PrepareSorting_IsClientSideSortingEnabled_False_And_HasSortingKeys_False" executed="True" result="Success" success="True" time="0.002" asserts="3" />
                                          <test-case name="Remotion.ObjectBinding.UnitTests.Web.UI.Controls.BocListImplementation.Rendering.BocColumnRendererArrayBuilderTest.GetColumnRenderers_PrepareSorting_IsClientSideSortingEnabled_False_And_HasSortingKeys_True" executed="True" result="Success" success="True" time="0.005" asserts="3" />
                                          <test-case name="Remotion.ObjectBinding.UnitTests.Web.UI.Controls.BocListImplementation.Rendering.BocColumnRendererArrayBuilderTest.GetColumnRenderers_PrepareSorting_IsClientSideSortingEnabledTrue_And_HasSortingKeys_False" executed="True" result="Success" success="True" time="0.000" asserts="3" />
                                          <test-case name="Remotion.ObjectBinding.UnitTests.Web.UI.Controls.BocListImplementation.Rendering.BocColumnRendererArrayBuilderTest.GetColumnRenderers_PrepareSorting_SeveralColumns" executed="True" result="Success" success="True" time="0.002" asserts="9" />
                                          <test-case name="Remotion.ObjectBinding.UnitTests.Web.UI.Controls.BocListImplementation.Rendering.BocColumnRendererArrayBuilderTest.GetColumnRenderers_PrepareSorting_SeveralMixedColumns" executed="True" result="Success" success="True" time="0.002" asserts="9" />
                                          <test-case name="Remotion.ObjectBinding.UnitTests.Web.UI.Controls.BocListImplementation.Rendering.BocColumnRendererArrayBuilderTest.GetColumnRenderers_SeveralBocValueColumnDefinitions_EnableIcon_True" executed="True" result="Success" success="True" time="0.001" asserts="4" />
                                        </results>
                                      </test-suite>
                                      <test-suite type="TestFixture" name="BocColumnRendererBaseTest" executed="True" result="Success" success="True" time="0.063" asserts="0">
                                        <results>
                                          <test-case name="Remotion.ObjectBinding.UnitTests.Web.UI.Controls.BocListImplementation.Rendering.BocColumnRendererBaseTest.IsNull" executed="True" result="Success" success="True" time="0.014" asserts="1" />
                                          <test-case name="Remotion.ObjectBinding.UnitTests.Web.UI.Controls.BocListImplementation.Rendering.BocColumnRendererBaseTest.RenderTitleCellAscendingThree" executed="True" result="Success" success="True" time="0.017" asserts="29" />
                                          <test-case name="Remotion.ObjectBinding.UnitTests.Web.UI.Controls.BocListImplementation.Rendering.BocColumnRendererBaseTest.RenderTitleCellAscendingZero" executed="True" result="Success" success="True" time="0.008" asserts="29" />
                                          <test-case name="Remotion.ObjectBinding.UnitTests.Web.UI.Controls.BocListImplementation.Rendering.BocColumnRendererBaseTest.RenderTitleCellDescendingFour" executed="True" result="Success" success="True" time="0.007" asserts="29" />
                                          <test-case name="Remotion.ObjectBinding.UnitTests.Web.UI.Controls.BocListImplementation.Rendering.BocColumnRendererBaseTest.RenderTitleCellDescendingZero" executed="True" result="Success" success="True" time="0.008" asserts="29" />
                                          <test-case name="Remotion.ObjectBinding.UnitTests.Web.UI.Controls.BocListImplementation.Rendering.BocColumnRendererBaseTest.RenderTitleCellNoSorting" executed="True" result="Success" success="True" time="0.008" asserts="15" />
                                        </results>
                                      </test-suite>
                                      <test-suite type="TestFixture" name="BocColumnRendererTest" executed="True" result="Success" success="True" time="0.054" asserts="0">
                                        <results>
                                          <test-case name="Remotion.ObjectBinding.UnitTests.Web.UI.Controls.BocListImplementation.Rendering.BocColumnRendererTest.RenderDataCell" executed="True" result="Success" success="True" time="0.041" asserts="0" />
                                          <test-case name="Remotion.ObjectBinding.UnitTests.Web.UI.Controls.BocListImplementation.Rendering.BocColumnRendererTest.RenderDataColumnDeclaration" executed="True" result="Success" success="True" time="0.006" asserts="0" />
                                          <test-case name="Remotion.ObjectBinding.UnitTests.Web.UI.Controls.BocListImplementation.Rendering.BocColumnRendererTest.RenderTitleCell" executed="True" result="Success" success="True" time="0.007" asserts="0" />
                                        </results>
                                      </test-suite>
                                      <test-suite type="TestFixture" name="BocCommandColumnRendererTest" executed="True" result="Success" success="True" time="0.039" asserts="0">
                                        <results>
                                          <test-case name="Remotion.ObjectBinding.UnitTests.Web.UI.Controls.BocListImplementation.Rendering.BocCommandColumnRendererTest.RenderBasicCell" executed="True" result="Success" success="True" time="0.014" asserts="15" />
                                          <test-case name="Remotion.ObjectBinding.UnitTests.Web.UI.Controls.BocListImplementation.Rendering.BocCommandColumnRendererTest.RenderCommandIconCell" executed="True" result="Success" success="True" time="0.008" asserts="26" />
                                          <test-case name="Remotion.ObjectBinding.UnitTests.Web.UI.Controls.BocListImplementation.Rendering.BocCommandColumnRendererTest.RenderDisabledCommandForWaiConformanceLevelA" executed="True" result="Success" success="True" time="0.007" asserts="13" />
                                          <test-case name="Remotion.ObjectBinding.UnitTests.Web.UI.Controls.BocListImplementation.Rendering.BocCommandColumnRendererTest.RenderIconCell" executed="True" result="Success" success="True" time="0.010" asserts="26" />
                                        </results>
                                      </test-suite>
                                      <test-suite type="TestFixture" name="BocCompoundColumnRendererTest" executed="True" result="Success" success="True" time="0.026" asserts="0">
                                        <results>
                                          <test-case name="Remotion.ObjectBinding.UnitTests.Web.UI.Controls.BocListImplementation.Rendering.BocCompoundColumnRendererTest.RenderBasicCell" executed="True" result="Success" success="True" time="0.012" asserts="16" />
                                          <test-case name="Remotion.ObjectBinding.UnitTests.Web.UI.Controls.BocListImplementation.Rendering.BocCompoundColumnRendererTest.RenderEmptyCell" executed="True" result="Success" success="True" time="0.007" asserts="16" />
                                          <test-case name="Remotion.ObjectBinding.UnitTests.Web.UI.Controls.BocListImplementation.Rendering.BocCompoundColumnRendererTest.RenderEnforcedWidthCell" executed="True" result="Success" success="True" time="0.007" asserts="29" />
                                        </results>
                                      </test-suite>
                                      <test-suite type="TestFixture" name="BocCustomColumnRendererTest" executed="True" result="Success" success="True" time="0.027" asserts="0">
                                        <results>
                                          <test-case name="Remotion.ObjectBinding.UnitTests.Web.UI.Controls.BocListImplementation.Rendering.BocCustomColumnRendererTest.RenderCellDirectly" executed="True" result="Success" success="True" time="0.010" asserts="5" />
                                          <test-case name="Remotion.ObjectBinding.UnitTests.Web.UI.Controls.BocListImplementation.Rendering.BocCustomColumnRendererTest.RenderCellWithInnerHtmlControl" executed="True" result="Success" success="True" time="0.009" asserts="10" />
                                          <test-case name="Remotion.ObjectBinding.UnitTests.Web.UI.Controls.BocListImplementation.Rendering.BocCustomColumnRendererTest.RenderCellWithInnerWebControl" executed="True" result="Success" success="True" time="0.007" asserts="10" />
                                        </results>
                                      </test-suite>
                                      <test-suite type="TestFixture" name="BocDropDownMenuColumnRendererTest" executed="True" result="Success" success="True" time="0.030" asserts="0">
                                        <results>
                                          <test-case name="Remotion.ObjectBinding.UnitTests.Web.UI.Controls.BocListImplementation.Rendering.BocDropDownMenuColumnRendererTest.RenderCellWithEmptyMenu" executed="True" result="Success" success="True" time="0.013" asserts="13" />
                                          <test-case name="Remotion.ObjectBinding.UnitTests.Web.UI.Controls.BocListImplementation.Rendering.BocDropDownMenuColumnRendererTest.RenderCellWithNullMenu" executed="True" result="Success" success="True" time="0.007" asserts="6" />
                                          <test-case name="Remotion.ObjectBinding.UnitTests.Web.UI.Controls.BocListImplementation.Rendering.BocDropDownMenuColumnRendererTest.RenderCellWithPopulatedMenu" executed="True" result="Success" success="True" time="0.009" asserts="13" />
                                        </results>
                                      </test-suite>
                                      <test-suite type="TestFixture" name="BocIndexColumnRendererTest" executed="True" result="Success" success="True" time="0.026" asserts="0">
                                        <results>
                                          <test-case name="Remotion.ObjectBinding.UnitTests.Web.UI.Controls.BocListImplementation.Rendering.BocIndexColumnRendererTest.RenderIndexDataCellInitialOrder" executed="True" result="Success" success="True" time="0.010" asserts="17" />
                                          <test-case name="Remotion.ObjectBinding.UnitTests.Web.UI.Controls.BocListImplementation.Rendering.BocIndexColumnRendererTest.RenderIndexDataCellSortedOrderAndIndexOffset" executed="True" result="Success" success="True" time="0.008" asserts="17" />
                                          <test-case name="Remotion.ObjectBinding.UnitTests.Web.UI.Controls.BocListImplementation.Rendering.BocIndexColumnRendererTest.RenderIndexTitleCell" executed="True" result="Success" success="True" time="0.008" asserts="13" />
                                        </results>
                                      </test-suite>
                                      <test-suite type="TestFixture" name="BocListCssClassDefinitionTest" executed="True" result="Success" success="True" time="0.002" asserts="0">
                                        <results>
                                          <test-case name="Remotion.ObjectBinding.UnitTests.Web.UI.Controls.BocListImplementation.Rendering.BocListCssClassDefinitionTest.GetInstance_Once" executed="True" result="Success" success="True" time="0.001" asserts="2" />
                                          <test-case name="Remotion.ObjectBinding.UnitTests.Web.UI.Controls.BocListImplementation.Rendering.BocListCssClassDefinitionTest.GetInstance_Twice_ReturnsSameInstance" executed="True" result="Success" success="True" time="0.000" asserts="1" />
                                        </results>
                                      </test-suite>
                                      <test-suite type="TestFixture" name="BocListMenuBlockRendererTest" executed="True" result="Success" success="True" time="0.037" asserts="0">
                                        <results>
                                          <test-case name="Remotion.ObjectBinding.UnitTests.Web.UI.Controls.BocListImplementation.Rendering.BocListMenuBlockRendererTest.RenderWithAvailableViews" executed="True" result="Success" success="True" time="0.015" asserts="18" />
                                          <test-case name="Remotion.ObjectBinding.UnitTests.Web.UI.Controls.BocListImplementation.Rendering.BocListMenuBlockRendererTest.RenderWithListMenu" executed="True" result="Success" success="True" time="0.009" asserts="8" />
                                          <test-case name="Remotion.ObjectBinding.UnitTests.Web.UI.Controls.BocListImplementation.Rendering.BocListMenuBlockRendererTest.RenderWithOptions" executed="True" result="Success" success="True" time="0.012" asserts="1" />
                                        </results>
                                      </test-suite>
                                      <test-suite type="TestFixture" name="BocListNavigationBlockRendererTest" executed="True" result="Success" success="True" time="0.051" asserts="0">
                                        <results>
                                          <test-case name="Remotion.ObjectBinding.UnitTests.Web.UI.Controls.BocListImplementation.Rendering.BocListNavigationBlockRendererTest.RenderFirstPage" executed="True" result="Success" success="True" time="0.020" asserts="54" />
                                          <test-case name="Remotion.ObjectBinding.UnitTests.Web.UI.Controls.BocListImplementation.Rendering.BocListNavigationBlockRendererTest.RenderLastPage" executed="True" result="Success" success="True" time="0.010" asserts="54" />
                                          <test-case name="Remotion.ObjectBinding.UnitTests.Web.UI.Controls.BocListImplementation.Rendering.BocListNavigationBlockRendererTest.RenderMiddlePage" executed="True" result="Success" success="True" time="0.012" asserts="68" />
                                          <test-case name="Remotion.ObjectBinding.UnitTests.Web.UI.Controls.BocListImplementation.Rendering.BocListNavigationBlockRendererTest.RenderOnlyPage" executed="True" result="Success" success="True" time="0.009" asserts="40" />
                                        </results>
                                      </test-suite>
                                      <test-suite type="TestFixture" name="BocListRendererTest" executed="True" result="Success" success="True" time="0.049" asserts="0">
                                        <results>
                                          <test-case name="Remotion.ObjectBinding.UnitTests.Web.UI.Controls.BocListImplementation.Rendering.BocListRendererTest.RenderOnlyTableBlock" executed="True" result="Success" success="True" time="0.014" asserts="14" />
                                          <test-case name="Remotion.ObjectBinding.UnitTests.Web.UI.Controls.BocListImplementation.Rendering.BocListRendererTest.RenderWithMenuBlock" executed="True" result="Success" success="True" time="0.014" asserts="27" />
                                          <test-case name="Remotion.ObjectBinding.UnitTests.Web.UI.Controls.BocListImplementation.Rendering.BocListRendererTest.RenderWithMenuBlockWithoutWidth" executed="True" result="Success" success="True" time="0.009" asserts="21" />
                                          <test-case name="Remotion.ObjectBinding.UnitTests.Web.UI.Controls.BocListImplementation.Rendering.BocListRendererTest.RenderWithNavigationBlock" executed="True" result="Success" success="True" time="0.011" asserts="17" />
                                        </results>
                                      </test-suite>
                                      <test-suite type="TestFixture" name="BocListTableBlockRendererTest" executed="True" result="Success" success="True" time="0.052" asserts="0">
                                        <results>
                                          <test-case name="Remotion.ObjectBinding.UnitTests.Web.UI.Controls.BocListImplementation.Rendering.BocListTableBlockRendererTest.RenderDummyTable" executed="True" result="Success" success="True" time="0.015" asserts="12" />
                                          <test-case name="Remotion.ObjectBinding.UnitTests.Web.UI.Controls.BocListImplementation.Rendering.BocListTableBlockRendererTest.RenderEmptyList" executed="True" result="Success" success="True" time="0.023" asserts="34" />
                                          <test-case name="Remotion.ObjectBinding.UnitTests.Web.UI.Controls.BocListImplementation.Rendering.BocListTableBlockRendererTest.RenderPopulatedList" executed="True" result="Success" success="True" time="0.013" asserts="39" />
                                        </results>
                                      </test-suite>
                                      <test-suite type="TestFixture" name="BocRowEditModeColumnRendererTest" executed="True" result="Success" success="True" time="0.027" asserts="0">
                                        <results>
                                          <test-case name="Remotion.ObjectBinding.UnitTests.Web.UI.Controls.BocListImplementation.Rendering.BocRowEditModeColumnRendererTest.RenderEditable" executed="True" result="Success" success="True" time="0.015" asserts="15" />
                                          <test-case name="Remotion.ObjectBinding.UnitTests.Web.UI.Controls.BocListImplementation.Rendering.BocRowEditModeColumnRendererTest.RenderEditing" executed="True" result="Success" success="True" time="0.010" asserts="25" />
                                        </results>
                                      </test-suite>
                                      <test-suite type="TestFixture" name="BocRowRendererTest" executed="True" result="Success" success="True" time="0.063" asserts="0">
                                        <results>
                                          <test-case name="Remotion.ObjectBinding.UnitTests.Web.UI.Controls.BocListImplementation.Rendering.BocRowRendererTest.RenderDataRow" executed="True" result="Success" success="True" time="0.013" asserts="8" />
                                          <test-case name="Remotion.ObjectBinding.UnitTests.Web.UI.Controls.BocListImplementation.Rendering.BocRowRendererTest.RenderDataRowSelected" executed="True" result="Success" success="True" time="0.008" asserts="8" />
                                          <test-case name="Remotion.ObjectBinding.UnitTests.Web.UI.Controls.BocListImplementation.Rendering.BocRowRendererTest.RenderEmptyDataRow" executed="True" result="Success" success="True" time="0.009" asserts="6" />
                                          <test-case name="Remotion.ObjectBinding.UnitTests.Web.UI.Controls.BocListImplementation.Rendering.BocRowRendererTest.RenderTitlesRow" executed="True" result="Success" success="True" time="0.010" asserts="6" />
                                          <test-case name="Remotion.ObjectBinding.UnitTests.Web.UI.Controls.BocListImplementation.Rendering.BocRowRendererTest.RenderTitlesRowWithIndex" executed="True" result="Success" success="True" time="0.009" asserts="13" />
                                          <test-case name="Remotion.ObjectBinding.UnitTests.Web.UI.Controls.BocListImplementation.Rendering.BocRowRendererTest.RenderTitlesRowWithSelector" executed="True" result="Success" success="True" time="0.014" asserts="9" />
                                        </results>
                                      </test-suite>
                                      <test-suite type="TestFixture" name="BocSelectorColumnRendererTest" executed="True" result="Success" success="True" time="0.033" asserts="0">
                                        <results>
                                          <test-case name="Remotion.ObjectBinding.UnitTests.Web.UI.Controls.BocListImplementation.Rendering.BocSelectorColumnRendererTest.RenderDataCellForMultiSelect" executed="True" result="Success" success="True" time="0.010" asserts="16" />
                                          <test-case name="Remotion.ObjectBinding.UnitTests.Web.UI.Controls.BocListImplementation.Rendering.BocSelectorColumnRendererTest.RenderDataCellForSingleSelect" executed="True" result="Success" success="True" time="0.007" asserts="16" />
                                          <test-case name="Remotion.ObjectBinding.UnitTests.Web.UI.Controls.BocListImplementation.Rendering.BocSelectorColumnRendererTest.RenderTitleCellForMultiSelect" executed="True" result="Success" success="True" time="0.009" asserts="16" />
                                          <test-case name="Remotion.ObjectBinding.UnitTests.Web.UI.Controls.BocListImplementation.Rendering.BocSelectorColumnRendererTest.RenderTitleCellForSingleSelect" executed="True" result="Success" success="True" time="0.007" asserts="8" />
                                        </results>
                                      </test-suite>
                                      <test-suite type="TestFixture" name="BocSimpleColumnRendererTest" executed="True" result="Success" success="True" time="0.044" asserts="0">
                                        <results>
                                          <test-case name="Remotion.ObjectBinding.UnitTests.Web.UI.Controls.BocListImplementation.Rendering.BocSimpleColumnRendererTest.RenderBasicCell" executed="True" result="Success" success="True" time="0.009" asserts="16" />
                                          <test-case name="Remotion.ObjectBinding.UnitTests.Web.UI.Controls.BocListImplementation.Rendering.BocSimpleColumnRendererTest.RenderCommandCell" executed="True" result="Success" success="True" time="0.008" asserts="18" />
                                          <test-case name="Remotion.ObjectBinding.UnitTests.Web.UI.Controls.BocListImplementation.Rendering.BocSimpleColumnRendererTest.RenderEditModeControl" executed="True" result="Success" success="True" time="0.018" asserts="15" />
                                          <test-case name="Remotion.ObjectBinding.UnitTests.Web.UI.Controls.BocListImplementation.Rendering.BocSimpleColumnRendererTest.RenderIconCell" executed="True" result="Success" success="True" time="0.009" asserts="30" />
                                        </results>
                                      </test-suite>
                                      <test-suite type="TestFixture" name="IBocCommandColumnRendererTest" executed="True" result="Success" success="True" time="0.005" asserts="0">
                                        <results>
                                          <test-case name="Remotion.ObjectBinding.UnitTests.Web.UI.Controls.BocListImplementation.Rendering.IBocCommandColumnRendererTest.GetInstance_Once" executed="True" result="Success" success="True" time="0.003" asserts="2" />
                                          <test-case name="Remotion.ObjectBinding.UnitTests.Web.UI.Controls.BocListImplementation.Rendering.IBocCommandColumnRendererTest.GetInstance_Twice_ReturnsSameInstance" executed="True" result="Success" success="True" time="0.002" asserts="1" />
                                        </results>
                                      </test-suite>
                                      <test-suite type="TestFixture" name="IBocCompoundColumnRendererTest" executed="True" result="Success" success="True" time="0.005" asserts="0">
                                        <results>
                                          <test-case name="Remotion.ObjectBinding.UnitTests.Web.UI.Controls.BocListImplementation.Rendering.IBocCompoundColumnRendererTest.GetInstance_Once" executed="True" result="Success" success="True" time="0.002" asserts="2" />
                                          <test-case name="Remotion.ObjectBinding.UnitTests.Web.UI.Controls.BocListImplementation.Rendering.IBocCompoundColumnRendererTest.GetInstance_Twice_ReturnsSameInstance" executed="True" result="Success" success="True" time="0.003" asserts="1" />
                                        </results>
                                      </test-suite>
                                      <test-suite type="TestFixture" name="IBocCustomColumnRendererTest" executed="True" result="Success" success="True" time="0.006" asserts="0">
                                        <results>
                                          <test-case name="Remotion.ObjectBinding.UnitTests.Web.UI.Controls.BocListImplementation.Rendering.IBocCustomColumnRendererTest.GetInstance_Once" executed="True" result="Success" success="True" time="0.003" asserts="2" />
                                          <test-case name="Remotion.ObjectBinding.UnitTests.Web.UI.Controls.BocListImplementation.Rendering.IBocCustomColumnRendererTest.GetInstance_Twice_ReturnsSameInstance" executed="True" result="Success" success="True" time="0.003" asserts="1" />
                                        </results>
                                      </test-suite>
                                      <test-suite type="TestFixture" name="IBocDropDownMenuColumnRendererTest" executed="True" result="Success" success="True" time="0.005" asserts="0">
                                        <results>
                                          <test-case name="Remotion.ObjectBinding.UnitTests.Web.UI.Controls.BocListImplementation.Rendering.IBocDropDownMenuColumnRendererTest.GetInstance_Once" executed="True" result="Success" success="True" time="0.003" asserts="2" />
                                          <test-case name="Remotion.ObjectBinding.UnitTests.Web.UI.Controls.BocListImplementation.Rendering.IBocDropDownMenuColumnRendererTest.GetInstance_Twice_ReturnsSameInstance" executed="True" result="Success" success="True" time="0.002" asserts="1" />
                                        </results>
                                      </test-suite>
                                      <test-suite type="TestFixture" name="IBocIndexColumnRendererTest" executed="True" result="Success" success="True" time="0.003" asserts="0">
                                        <results>
                                          <test-case name="Remotion.ObjectBinding.UnitTests.Web.UI.Controls.BocListImplementation.Rendering.IBocIndexColumnRendererTest.GetInstance_Once" executed="True" result="Success" success="True" time="0.001" asserts="2" />
                                          <test-case name="Remotion.ObjectBinding.UnitTests.Web.UI.Controls.BocListImplementation.Rendering.IBocIndexColumnRendererTest.GetInstance_Twice_ReturnsSameInstance" executed="True" result="Success" success="True" time="0.001" asserts="1" />
                                        </results>
                                      </test-suite>
                                      <test-suite type="TestFixture" name="IBocListMenuBlockRendererTest" executed="True" result="Success" success="True" time="0.003" asserts="0">
                                        <results>
                                          <test-case name="Remotion.ObjectBinding.UnitTests.Web.UI.Controls.BocListImplementation.Rendering.IBocListMenuBlockRendererTest.GetInstance_Once" executed="True" result="Success" success="True" time="0.001" asserts="2" />
                                          <test-case name="Remotion.ObjectBinding.UnitTests.Web.UI.Controls.BocListImplementation.Rendering.IBocListMenuBlockRendererTest.GetInstance_Twice_ReturnsSameInstance" executed="True" result="Success" success="True" time="0.002" asserts="1" />
                                        </results>
                                      </test-suite>
                                      <test-suite type="TestFixture" name="IBocListNavigationBlockRendererTest" executed="True" result="Success" success="True" time="0.005" asserts="0">
                                        <results>
                                          <test-case name="Remotion.ObjectBinding.UnitTests.Web.UI.Controls.BocListImplementation.Rendering.IBocListNavigationBlockRendererTest.GetInstance_Once" executed="True" result="Success" success="True" time="0.003" asserts="2" />
                                          <test-case name="Remotion.ObjectBinding.UnitTests.Web.UI.Controls.BocListImplementation.Rendering.IBocListNavigationBlockRendererTest.GetInstance_Twice_ReturnsSameInstance" executed="True" result="Success" success="True" time="0.002" asserts="1" />
                                        </results>
                                      </test-suite>
                                      <test-suite type="TestFixture" name="IBocListRendererTest" executed="True" result="Success" success="True" time="0.016" asserts="0">
                                        <results>
                                          <test-case name="Remotion.ObjectBinding.UnitTests.Web.UI.Controls.BocListImplementation.Rendering.IBocListRendererTest.GetInstance_Once" executed="True" result="Success" success="True" time="0.008" asserts="2" />
                                          <test-case name="Remotion.ObjectBinding.UnitTests.Web.UI.Controls.BocListImplementation.Rendering.IBocListRendererTest.GetInstance_Twice_ReturnsSameInstance" executed="True" result="Success" success="True" time="0.007" asserts="1" />
                                        </results>
                                      </test-suite>
                                      <test-suite type="TestFixture" name="IBocListTableBlockRendererTest" executed="True" result="Success" success="True" time="0.008" asserts="0">
                                        <results>
                                          <test-case name="Remotion.ObjectBinding.UnitTests.Web.UI.Controls.BocListImplementation.Rendering.IBocListTableBlockRendererTest.GetInstance_Once" executed="True" result="Success" success="True" time="0.004" asserts="2" />
                                          <test-case name="Remotion.ObjectBinding.UnitTests.Web.UI.Controls.BocListImplementation.Rendering.IBocListTableBlockRendererTest.GetInstance_Twice_ReturnsSameInstance" executed="True" result="Success" success="True" time="0.004" asserts="1" />
                                        </results>
                                      </test-suite>
                                      <test-suite type="TestFixture" name="IBocRowEditModeColumnRendererTest" executed="True" result="Success" success="True" time="0.007" asserts="0">
                                        <results>
                                          <test-case name="Remotion.ObjectBinding.UnitTests.Web.UI.Controls.BocListImplementation.Rendering.IBocRowEditModeColumnRendererTest.GetInstance_Once" executed="True" result="Success" success="True" time="0.004" asserts="2" />
                                          <test-case name="Remotion.ObjectBinding.UnitTests.Web.UI.Controls.BocListImplementation.Rendering.IBocRowEditModeColumnRendererTest.GetInstance_Twice_ReturnsSameInstance" executed="True" result="Success" success="True" time="0.003" asserts="1" />
                                        </results>
                                      </test-suite>
                                      <test-suite type="TestFixture" name="IBocRowRendererTest" executed="True" result="Success" success="True" time="0.006" asserts="0">
                                        <results>
                                          <test-case name="Remotion.ObjectBinding.UnitTests.Web.UI.Controls.BocListImplementation.Rendering.IBocRowRendererTest.GetInstance_Once" executed="True" result="Success" success="True" time="0.003" asserts="2" />
                                          <test-case name="Remotion.ObjectBinding.UnitTests.Web.UI.Controls.BocListImplementation.Rendering.IBocRowRendererTest.GetInstance_Twice_ReturnsSameInstance" executed="True" result="Success" success="True" time="0.003" asserts="1" />
                                        </results>
                                      </test-suite>
                                      <test-suite type="TestFixture" name="IBocSelectorColumnRendererTest" executed="True" result="Success" success="True" time="0.003" asserts="0">
                                        <results>
                                          <test-case name="Remotion.ObjectBinding.UnitTests.Web.UI.Controls.BocListImplementation.Rendering.IBocSelectorColumnRendererTest.GetInstance_Once" executed="True" result="Success" success="True" time="0.001" asserts="2" />
                                          <test-case name="Remotion.ObjectBinding.UnitTests.Web.UI.Controls.BocListImplementation.Rendering.IBocSelectorColumnRendererTest.GetInstance_Twice_ReturnsSameInstance" executed="True" result="Success" success="True" time="0.001" asserts="1" />
                                        </results>
                                      </test-suite>
                                      <test-suite type="TestFixture" name="IBocSimpleColumnRendererTest" executed="True" result="Success" success="True" time="0.005" asserts="0">
                                        <results>
                                          <test-case name="Remotion.ObjectBinding.UnitTests.Web.UI.Controls.BocListImplementation.Rendering.IBocSimpleColumnRendererTest.GetInstance_Once" executed="True" result="Success" success="True" time="0.003" asserts="2" />
                                          <test-case name="Remotion.ObjectBinding.UnitTests.Web.UI.Controls.BocListImplementation.Rendering.IBocSimpleColumnRendererTest.GetInstance_Twice_ReturnsSameInstance" executed="True" result="Success" success="True" time="0.002" asserts="1" />
                                        </results>
                                      </test-suite>
                                      <test-suite type="TestFixture" name="IsColumnVisible_BocColumnRendererArrayBuilderTest" executed="True" result="Success" success="True" time="0.042" asserts="0">
                                        <results>
                                          <test-case name="Remotion.ObjectBinding.UnitTests.Web.UI.Controls.BocListImplementation.Rendering.IsColumnVisible_BocColumnRendererArrayBuilderTest.BocCommandColumnDefinition_IsWaiConformanceLevelARequired_False_And_CommandType_Event" executed="True" result="Success" success="True" time="0.008" asserts="3" />
                                          <test-case name="Remotion.ObjectBinding.UnitTests.Web.UI.Controls.BocListImplementation.Rendering.IsColumnVisible_BocColumnRendererArrayBuilderTest.BocCommandColumnDefinition_IsWaiConformanceLevelARequired_False_And_CommandType_WxeFunction" executed="True" result="Success" success="True" time="0.003" asserts="3" />
                                          <test-case name="Remotion.ObjectBinding.UnitTests.Web.UI.Controls.BocListImplementation.Rendering.IsColumnVisible_BocColumnRendererArrayBuilderTest.BocCommandColumnDefinition_IsWaiConformanceLevelARequired_True_And_CommandType_Event" executed="True" result="Success" success="True" time="0.002" asserts="3" />
                                          <test-case name="Remotion.ObjectBinding.UnitTests.Web.UI.Controls.BocListImplementation.Rendering.IsColumnVisible_BocColumnRendererArrayBuilderTest.BocCommandColumnDefinition_IsWaiConformanceLevelARequired_True_And_CommandType_None" executed="True" result="Success" success="True" time="0.004" asserts="3" />
                                          <test-case name="Remotion.ObjectBinding.UnitTests.Web.UI.Controls.BocListImplementation.Rendering.IsColumnVisible_BocColumnRendererArrayBuilderTest.BocCommandColumnDefinition_IsWaiConformanceLevelARequired_True_And_CommandType_WxeFunction" executed="True" result="Success" success="True" time="0.001" asserts="3" />
                                          <test-case name="Remotion.ObjectBinding.UnitTests.Web.UI.Controls.BocListImplementation.Rendering.IsColumnVisible_BocColumnRendererArrayBuilderTest.BocDropDownMenuColumnDefinition_IsWaiConformanceLevelARequired_False_And_IsBrowserCapableOfScripting_False" executed="True" result="Success" success="True" time="0.002" asserts="3" />
                                          <test-case name="Remotion.ObjectBinding.UnitTests.Web.UI.Controls.BocListImplementation.Rendering.IsColumnVisible_BocColumnRendererArrayBuilderTest.BocDropDownMenuColumnDefinition_IsWaiConformanceLevelARequired_False_And_IsBrowserCapableOfScripting_True" executed="True" result="Success" success="True" time="0.004" asserts="3" />
                                          <test-case name="Remotion.ObjectBinding.UnitTests.Web.UI.Controls.BocListImplementation.Rendering.IsColumnVisible_BocColumnRendererArrayBuilderTest.BocDropDownMenuColumnDefinition_IsWaiConformanceLevelARequired_True" executed="True" result="Success" success="True" time="0.002" asserts="3" />
                                          <test-case name="Remotion.ObjectBinding.UnitTests.Web.UI.Controls.BocListImplementation.Rendering.IsColumnVisible_BocColumnRendererArrayBuilderTest.BocRowEditModeColumnDefinition_IsListEditModeActive_False" executed="True" result="Success" success="True" time="0.004" asserts="3" />
                                          <test-case name="Remotion.ObjectBinding.UnitTests.Web.UI.Controls.BocListImplementation.Rendering.IsColumnVisible_BocColumnRendererArrayBuilderTest.BocRowEditModeColumnDefinition_IsListEditModeActive_True" executed="True" result="Success" success="True" time="0.002" asserts="3" />
                                          <test-case name="Remotion.ObjectBinding.UnitTests.Web.UI.Controls.BocListImplementation.Rendering.IsColumnVisible_BocColumnRendererArrayBuilderTest.BocRowEditModeColumnDefinition_IsWaiConformanceLevelARequired_False_And_IsListReadOnly_False_And_EditMode_True" executed="True" result="Success" success="True" time="0.004" asserts="3" />
                                          <test-case name="Remotion.ObjectBinding.UnitTests.Web.UI.Controls.BocListImplementation.Rendering.IsColumnVisible_BocColumnRendererArrayBuilderTest.BocRowEditModeColumnDefinition_IsWaiConformanceLevelARequired_False_And_IsListReadOnly_True_And_EditMode_True" executed="True" result="Success" success="True" time="0.001" asserts="3" />
                                          <test-case name="Remotion.ObjectBinding.UnitTests.Web.UI.Controls.BocListImplementation.Rendering.IsColumnVisible_BocColumnRendererArrayBuilderTest.BocRowEditModeColumnDefinition_IsWaiConformanceLevelARequired_False_AndIsListReadOnly_True_AndEditMode_False" executed="True" result="Success" success="True" time="0.004" asserts="3" />
                                          <test-case name="Remotion.ObjectBinding.UnitTests.Web.UI.Controls.BocListImplementation.Rendering.IsColumnVisible_BocColumnRendererArrayBuilderTest.BocRowEditModeColumnDefinition_IsWaiConformanceLevelARequired_True" executed="True" result="Success" success="True" time="0.001" asserts="3" />
                                        </results>
                                      </test-suite>
                                      <test-suite type="TestFixture" name="NullColumnRendererTest" executed="True" result="Success" success="True" time="0.010" asserts="0">
                                        <results>
                                          <test-case name="Remotion.ObjectBinding.UnitTests.Web.UI.Controls.BocListImplementation.Rendering.NullColumnRendererTest.Initialization" executed="True" result="Success" success="True" time="0.003" asserts="2" />
                                          <test-case name="Remotion.ObjectBinding.UnitTests.Web.UI.Controls.BocListImplementation.Rendering.NullColumnRendererTest.RenderDataCell" executed="True" result="Success" success="True" time="0.002" asserts="0" />
                                          <test-case name="Remotion.ObjectBinding.UnitTests.Web.UI.Controls.BocListImplementation.Rendering.NullColumnRendererTest.RenderDataColumnDeclaration" executed="True" result="Success" success="True" time="0.002" asserts="0" />
                                          <test-case name="Remotion.ObjectBinding.UnitTests.Web.UI.Controls.BocListImplementation.Rendering.NullColumnRendererTest.RenderTitleCell" executed="True" result="Success" success="True" time="0.003" asserts="0" />
                                        </results>
                                      </test-suite>
                                    </results>
                                  </test-suite>
                                </results>
                              </test-suite>
                              <test-suite type="TestFixture" name="BocListManageRowsInListEditModeTest" executed="True" result="Success" success="True" time="0.016" asserts="0">
                                <results>
                                  <test-case name="Remotion.ObjectBinding.UnitTests.Web.UI.Controls.BocListManageRowsInListEditModeTest.AddRow" executed="True" result="Success" success="True" time="0.006" asserts="11" />
                                  <test-case name="Remotion.ObjectBinding.UnitTests.Web.UI.Controls.BocListManageRowsInListEditModeTest.AddRows" executed="True" result="Success" success="True" time="0.002" asserts="11" />
                                  <test-case name="Remotion.ObjectBinding.UnitTests.Web.UI.Controls.BocListManageRowsInListEditModeTest.RemoveRowsWithMultipleRows" executed="True" result="Success" success="True" time="0.002" asserts="7" />
                                  <test-case name="Remotion.ObjectBinding.UnitTests.Web.UI.Controls.BocListManageRowsInListEditModeTest.RemoveRowsWithNoRows" executed="True" result="Success" success="True" time="0.001" asserts="9" />
                                  <test-case name="Remotion.ObjectBinding.UnitTests.Web.UI.Controls.BocListManageRowsInListEditModeTest.RemoveRowsWithSingleRow" executed="True" result="Success" success="True" time="0.001" asserts="8" />
                                  <test-case name="Remotion.ObjectBinding.UnitTests.Web.UI.Controls.BocListManageRowsInListEditModeTest.RemoveRowWithBusinessObject" executed="True" result="Success" success="True" time="0.002" asserts="8" />
                                  <test-case name="Remotion.ObjectBinding.UnitTests.Web.UI.Controls.BocListManageRowsInListEditModeTest.RemoveRowWithIndex" executed="True" result="Success" success="True" time="0.002" asserts="8" />
                                </results>
                              </test-suite>
                              <test-suite type="TestFixture" name="BocListManageRowsInUnboundListTest" executed="True" result="Success" success="True" time="0.014" asserts="0">
                                <results>
                                  <test-case name="Remotion.ObjectBinding.UnitTests.Web.UI.Controls.BocListManageRowsInUnboundListTest.AddRow" executed="True" result="Success" success="True" time="0.003" asserts="9" />
                                  <test-case name="Remotion.ObjectBinding.UnitTests.Web.UI.Controls.BocListManageRowsInUnboundListTest.AddRows" executed="True" result="Success" success="True" time="0.001" asserts="9" />
                                  <test-case name="Remotion.ObjectBinding.UnitTests.Web.UI.Controls.BocListManageRowsInUnboundListTest.AddRowsWithoutValue" executed="True" result="Success" success="True" time="0.001" asserts="0" />
                                  <test-case name="Remotion.ObjectBinding.UnitTests.Web.UI.Controls.BocListManageRowsInUnboundListTest.AddRowWithoutValue" executed="True" result="Success" success="True" time="0.001" asserts="0" />
                                  <test-case name="Remotion.ObjectBinding.UnitTests.Web.UI.Controls.BocListManageRowsInUnboundListTest.RemoveRowsWithMultipleRows" executed="True" result="Success" success="True" time="0.001" asserts="5" />
                                  <test-case name="Remotion.ObjectBinding.UnitTests.Web.UI.Controls.BocListManageRowsInUnboundListTest.RemoveRowsWithNoRows" executed="True" result="Success" success="True" time="0.002" asserts="7" />
                                  <test-case name="Remotion.ObjectBinding.UnitTests.Web.UI.Controls.BocListManageRowsInUnboundListTest.RemoveRowsWithSingleRow" executed="True" result="Success" success="True" time="0.001" asserts="6" />
                                  <test-case name="Remotion.ObjectBinding.UnitTests.Web.UI.Controls.BocListManageRowsInUnboundListTest.RemoveRowWithBusinessObject" executed="True" result="Success" success="True" time="0.001" asserts="6" />
                                  <test-case name="Remotion.ObjectBinding.UnitTests.Web.UI.Controls.BocListManageRowsInUnboundListTest.RemoveRowWithIndex" executed="True" result="Success" success="True" time="0.002" asserts="6" />
                                </results>
                              </test-suite>
                              <test-suite type="TestFixture" name="BocListRowsCompareReferenceValuesTest" executed="True" result="Success" success="True" time="0.018" asserts="0">
                                <results>
                                  <test-case name="Remotion.ObjectBinding.UnitTests.Web.UI.Controls.BocListRowsCompareReferenceValuesTest.CompareRowsWithCompoundColumns" executed="True" result="Success" success="True" time="0.012" asserts="24" />
                                  <test-case name="Remotion.ObjectBinding.UnitTests.Web.UI.Controls.BocListRowsCompareReferenceValuesTest.CompareRowsWithCustomColumns" executed="True" result="Success" success="True" time="0.003" asserts="16" />
                                  <test-case name="Remotion.ObjectBinding.UnitTests.Web.UI.Controls.BocListRowsCompareReferenceValuesTest.CompareRowsWithSimpleColumns" executed="True" result="Success" success="True" time="0.002" asserts="16" />
                                </results>
                              </test-suite>
                              <test-suite type="TestFixture" name="BocListRowsCompareStringValuesTest" executed="True" result="Success" success="True" time="0.006" asserts="0">
                                <results>
                                  <test-case name="Remotion.ObjectBinding.UnitTests.Web.UI.Controls.BocListRowsCompareStringValuesTest.CompareRowsWithCompoundColumns" executed="True" result="Success" success="True" time="0.004" asserts="24" />
                                  <test-case name="Remotion.ObjectBinding.UnitTests.Web.UI.Controls.BocListRowsCompareStringValuesTest.CompareRowsWithCustomColumns" executed="True" result="Success" success="True" time="0.001" asserts="16" />
                                  <test-case name="Remotion.ObjectBinding.UnitTests.Web.UI.Controls.BocListRowsCompareStringValuesTest.CompareRowsWithSimpleColumns" executed="True" result="Success" success="True" time="0.001" asserts="16" />
                                </results>
                              </test-suite>
                              <test-suite type="TestFixture" name="BocListSortingOrderEntryConverterTest" executed="True" result="Success" success="True" time="0.011" asserts="0">
                                <results>
                                  <test-case name="Remotion.ObjectBinding.UnitTests.Web.UI.Controls.BocListSortingOrderEntryConverterTest.ConvertFromStringWithAscending0" executed="True" result="Success" success="True" time="0.005" asserts="2" />
                                  <test-case name="Remotion.ObjectBinding.UnitTests.Web.UI.Controls.BocListSortingOrderEntryConverterTest.ConvertFromStringWithDescending1" executed="True" result="Success" success="True" time="0.000" asserts="2" />
                                  <test-case name="Remotion.ObjectBinding.UnitTests.Web.UI.Controls.BocListSortingOrderEntryConverterTest.ConvertFromStringWithEmpty" executed="True" result="Success" success="True" time="0.000" asserts="2" />
                                  <test-case name="Remotion.ObjectBinding.UnitTests.Web.UI.Controls.BocListSortingOrderEntryConverterTest.ConvertFromStringWithNone2" executed="True" result="Success" success="True" time="0.001" asserts="2" />
                                  <test-case name="Remotion.ObjectBinding.UnitTests.Web.UI.Controls.BocListSortingOrderEntryConverterTest.ConvertToStringWithAscending0" executed="True" result="Success" success="True" time="0.001" asserts="2" />
                                  <test-case name="Remotion.ObjectBinding.UnitTests.Web.UI.Controls.BocListSortingOrderEntryConverterTest.ConvertToStringWithDescending1" executed="True" result="Success" success="True" time="0.000" asserts="2" />
                                  <test-case name="Remotion.ObjectBinding.UnitTests.Web.UI.Controls.BocListSortingOrderEntryConverterTest.ConvertToStringWithEmpty" executed="True" result="Success" success="True" time="0.000" asserts="2" />
                                  <test-case name="Remotion.ObjectBinding.UnitTests.Web.UI.Controls.BocListSortingOrderEntryConverterTest.ConvertToStringWithNone2" executed="True" result="Success" success="True" time="0.000" asserts="2" />
                                </results>
                              </test-suite>
                              <test-suite type="TestFixture" name="BocListTest" executed="True" result="Success" success="True" time="0.062" asserts="0">
                                <results>
                                  <test-case name="Remotion.ObjectBinding.UnitTests.Web.UI.Controls.BocListTest.GetTrackedClientIDsInEditModeWithoutRowEditModeActive" executed="True" result="Success" success="True" time="0.003" asserts="3" />
                                  <test-case name="Remotion.ObjectBinding.UnitTests.Web.UI.Controls.BocListTest.GetTrackedClientIDsInReadOnlyMode" executed="True" result="Success" success="True" time="0.001" asserts="2" />
                                  <test-case name="Remotion.ObjectBinding.UnitTests.Web.UI.Controls.BocListTest.LoadUnboundValueAndInterimFalseWithListAndDirty" executed="True" result="Success" success="True" time="0.002" asserts="2" />
                                  <test-case name="Remotion.ObjectBinding.UnitTests.Web.UI.Controls.BocListTest.LoadUnboundValueAndInterimFalseWithNullAndDirty" executed="True" result="Success" success="True" time="0.002" asserts="2" />
                                  <test-case name="Remotion.ObjectBinding.UnitTests.Web.UI.Controls.BocListTest.LoadUnboundValueAndInterimTrueWithListAndDirty" executed="True" result="Success" success="True" time="0.001" asserts="2" />
                                  <test-case name="Remotion.ObjectBinding.UnitTests.Web.UI.Controls.BocListTest.LoadUnboundValueAndInterimTrueWithListAndNotDirty" executed="True" result="Success" success="True" time="0.002" asserts="2" />
                                  <test-case name="Remotion.ObjectBinding.UnitTests.Web.UI.Controls.BocListTest.LoadUnboundValueAndInterimTrueWithNullAndDirty" executed="True" result="Success" success="True" time="0.001" asserts="2" />
                                  <test-case name="Remotion.ObjectBinding.UnitTests.Web.UI.Controls.BocListTest.LoadUnboundValueAndInterimTrueWithNullAndNotDirty" executed="True" result="Success" success="True" time="0.003" asserts="2" />
                                  <test-case name="Remotion.ObjectBinding.UnitTests.Web.UI.Controls.BocListTest.LoadValueAndInterimFalseWithListAndDirty" executed="True" result="Success" success="True" time="0.004" asserts="2" />
                                  <test-case name="Remotion.ObjectBinding.UnitTests.Web.UI.Controls.BocListTest.LoadValueAndInterimFalseWithNullAndDirty" executed="True" result="Success" success="True" time="0.002" asserts="2" />
                                  <test-case name="Remotion.ObjectBinding.UnitTests.Web.UI.Controls.BocListTest.LoadValueAndInterimTrueWithListAndDirty" executed="True" result="Success" success="True" time="0.003" asserts="2" />
                                  <test-case name="Remotion.ObjectBinding.UnitTests.Web.UI.Controls.BocListTest.LoadValueAndInterimTrueWithListAndNotDirty" executed="True" result="Success" success="True" time="0.003" asserts="2" />
                                  <test-case name="Remotion.ObjectBinding.UnitTests.Web.UI.Controls.BocListTest.LoadValueAndInterimTrueWithNullAndDirty" executed="True" result="Success" success="True" time="0.002" asserts="2" />
                                  <test-case name="Remotion.ObjectBinding.UnitTests.Web.UI.Controls.BocListTest.LoadValueAndInterimTrueWithNullAndNotDirty" executed="True" result="Success" success="True" time="0.009" asserts="2" />
                                  <test-case name="Remotion.ObjectBinding.UnitTests.Web.UI.Controls.BocListTest.SetValueToList" executed="True" result="Success" success="True" time="0.003" asserts="2" />
                                  <test-case name="Remotion.ObjectBinding.UnitTests.Web.UI.Controls.BocListTest.SetValueToNull" executed="True" result="Success" success="True" time="0.002" asserts="2" />
                                </results>
                              </test-suite>
                              <test-suite type="TestFixture" name="BocListWcagTest" executed="True" result="Success" success="True" time="0.046" asserts="0">
                                <results>
                                  <test-case name="Remotion.ObjectBinding.UnitTests.Web.UI.Controls.BocListWcagTest.EvaluateWaiConformityDebugLevelAWithClientSideSortingEnabled" executed="True" result="Success" success="True" time="0.008" asserts="4" />
                                  <test-case name="Remotion.ObjectBinding.UnitTests.Web.UI.Controls.BocListWcagTest.EvaluateWaiConformityDebugLevelAWithCommandColumnSetToEvent" executed="True" result="Success" success="True" time="0.001" asserts="4" />
                                  <test-case name="Remotion.ObjectBinding.UnitTests.Web.UI.Controls.BocListWcagTest.EvaluateWaiConformityDebugLevelAWithCommandColumnSetToHref" executed="True" result="Success" success="True" time="0.001" asserts="2" />
                                  <test-case name="Remotion.ObjectBinding.UnitTests.Web.UI.Controls.BocListWcagTest.EvaluateWaiConformityDebugLevelAWithCommandColumnSetToWxeFunction" executed="True" result="Success" success="True" time="0.001" asserts="4" />
                                  <test-case name="Remotion.ObjectBinding.UnitTests.Web.UI.Controls.BocListWcagTest.EvaluateWaiConformityDebugLevelAWithCommandColumnWithoutCommand" executed="True" result="Success" success="True" time="0.001" asserts="2" />
                                  <test-case name="Remotion.ObjectBinding.UnitTests.Web.UI.Controls.BocListWcagTest.EvaluateWaiConformityDebugLevelAWithDropDownMenuColumn" executed="True" result="Success" success="True" time="0.001" asserts="4" />
                                  <test-case name="Remotion.ObjectBinding.UnitTests.Web.UI.Controls.BocListWcagTest.EvaluateWaiConformityDebugLevelAWithPageSizeNotNull" executed="True" result="Success" success="True" time="0.001" asserts="4" />
                                  <test-case name="Remotion.ObjectBinding.UnitTests.Web.UI.Controls.BocListWcagTest.EvaluateWaiConformityDebugLevelAWithRowEditModeColumn" executed="True" result="Success" success="True" time="0.000" asserts="4" />
                                  <test-case name="Remotion.ObjectBinding.UnitTests.Web.UI.Controls.BocListWcagTest.EvaluateWaiConformityDebugLevelAWithRowMenuDisplayAutomatic" executed="True" result="Success" success="True" time="0.001" asserts="4" />
                                  <test-case name="Remotion.ObjectBinding.UnitTests.Web.UI.Controls.BocListWcagTest.EvaluateWaiConformityDebugLevelAWithShowAvailableViewsListTrue" executed="True" result="Success" success="True" time="0.001" asserts="4" />
                                  <test-case name="Remotion.ObjectBinding.UnitTests.Web.UI.Controls.BocListWcagTest.EvaluateWaiConformityDebugLevelAWithShowListMenuTrue" executed="True" result="Success" success="True" time="0.000" asserts="4" />
                                  <test-case name="Remotion.ObjectBinding.UnitTests.Web.UI.Controls.BocListWcagTest.EvaluateWaiConformityDebugLevelAWithShowOptionsMenuTrue" executed="True" result="Success" success="True" time="0.000" asserts="4" />
                                  <test-case name="Remotion.ObjectBinding.UnitTests.Web.UI.Controls.BocListWcagTest.EvaluateWaiConformityDebugLevelDoubleAWithSelectionAndIndexEnabled" executed="True" result="Success" success="True" time="0.001" asserts="2" />
                                  <test-case name="Remotion.ObjectBinding.UnitTests.Web.UI.Controls.BocListWcagTest.EvaluateWaiConformityDebugLevelDoubleAWithSelectionDisabled" executed="True" result="Success" success="True" time="0.000" asserts="2" />
                                  <test-case name="Remotion.ObjectBinding.UnitTests.Web.UI.Controls.BocListWcagTest.EvaluateWaiConformityDebugLevelDoubleAWithSelectionEnabled" executed="True" result="Success" success="True" time="0.001" asserts="4" />
                                  <test-case name="Remotion.ObjectBinding.UnitTests.Web.UI.Controls.BocListWcagTest.EvaluateWaiConformityDebugLevelUndefined" executed="True" result="Success" success="True" time="0.000" asserts="2" />
                                  <test-case name="Remotion.ObjectBinding.UnitTests.Web.UI.Controls.BocListWcagTest.EvaluateWaiConformityLevelA" executed="True" result="Success" success="True" time="0.000" asserts="2" />
                                  <test-case name="Remotion.ObjectBinding.UnitTests.Web.UI.Controls.BocListWcagTest.IsAvailableViewsListInvisibleWithWcagOverride" executed="True" result="Success" success="True" time="0.002" asserts="1" />
                                  <test-case name="Remotion.ObjectBinding.UnitTests.Web.UI.Controls.BocListWcagTest.IsAvailableViewsListVisibleWithoutWcagOverride" executed="True" result="Success" success="True" time="0.002" asserts="1" />
                                  <test-case name="Remotion.ObjectBinding.UnitTests.Web.UI.Controls.BocListWcagTest.IsClientSideSortingEnabledWithWcagOverride" executed="True" result="Success" success="True" time="0.000" asserts="1" />
                                  <test-case name="Remotion.ObjectBinding.UnitTests.Web.UI.Controls.BocListWcagTest.IsListMenuInvisibleWithWcagOverride" executed="True" result="Success" success="True" time="0.002" asserts="1" />
                                  <test-case name="Remotion.ObjectBinding.UnitTests.Web.UI.Controls.BocListWcagTest.IsListMenuVisibleWithoutWcagOverride" executed="True" result="Success" success="True" time="0.000" asserts="1" />
                                  <test-case name="Remotion.ObjectBinding.UnitTests.Web.UI.Controls.BocListWcagTest.IsOptionsMenuInvisibleWithWcagOverride" executed="True" result="Success" success="True" time="0.001" asserts="1" />
                                  <test-case name="Remotion.ObjectBinding.UnitTests.Web.UI.Controls.BocListWcagTest.IsOptionsMenuVisibleWithoutWcagOverride" executed="True" result="Success" success="True" time="0.001" asserts="1" />
                                  <test-case name="Remotion.ObjectBinding.UnitTests.Web.UI.Controls.BocListWcagTest.IsPagingDisabledWithWcagOverride" executed="True" result="Success" success="True" time="0.000" asserts="1" />
                                  <test-case name="Remotion.ObjectBinding.UnitTests.Web.UI.Controls.BocListWcagTest.IsPagingEnabledWithoutWcagOverride" executed="True" result="Success" success="True" time="0.001" asserts="1" />
                                </results>
                              </test-suite>
                              <test-suite type="TestFixture" name="BocMultilineTextValueTest" executed="True" result="Success" success="True" time="0.015" asserts="0">
                                <results>
                                  <test-case name="Remotion.ObjectBinding.UnitTests.Web.UI.Controls.BocMultilineTextValueTest.EvaluateWaiConformityDebugLevelAWithTextBoxStyleAutoPostBackTrue" executed="True" result="Success" success="True" time="0.002" asserts="4" />
                                  <test-case name="Remotion.ObjectBinding.UnitTests.Web.UI.Controls.BocMultilineTextValueTest.EvaluateWaiConformityDebugLevelUndefined" executed="True" result="Success" success="True" time="0.000" asserts="2" />
                                  <test-case name="Remotion.ObjectBinding.UnitTests.Web.UI.Controls.BocMultilineTextValueTest.EvaluateWaiConformityLevelA" executed="True" result="Success" success="True" time="0.000" asserts="2" />
                                  <test-case name="Remotion.ObjectBinding.UnitTests.Web.UI.Controls.BocMultilineTextValueTest.GetTrackedClientIDsInEditMode" executed="True" result="Success" success="True" time="0.001" asserts="3" />
                                  <test-case name="Remotion.ObjectBinding.UnitTests.Web.UI.Controls.BocMultilineTextValueTest.GetTrackedClientIDsInReadOnlyMode" executed="True" result="Success" success="True" time="0.000" asserts="2" />
                                  <test-case name="Remotion.ObjectBinding.UnitTests.Web.UI.Controls.BocMultilineTextValueTest.LoadUnboundValueAndInterimFalseWithNull" executed="True" result="Success" success="True" time="0.002" asserts="2" />
                                  <test-case name="Remotion.ObjectBinding.UnitTests.Web.UI.Controls.BocMultilineTextValueTest.LoadUnboundValueAndInterimFalseWithString" executed="True" result="Success" success="True" time="0.001" asserts="2" />
                                  <test-case name="Remotion.ObjectBinding.UnitTests.Web.UI.Controls.BocMultilineTextValueTest.LoadUnboundValueAndInterimTrue" executed="True" result="Success" success="True" time="0.000" asserts="2" />
                                  <test-case name="Remotion.ObjectBinding.UnitTests.Web.UI.Controls.BocMultilineTextValueTest.LoadValueAndInterimFalseWithNull" executed="True" result="Success" success="True" time="0.002" asserts="2" />
                                  <test-case name="Remotion.ObjectBinding.UnitTests.Web.UI.Controls.BocMultilineTextValueTest.LoadValueAndInterimFalseWithString" executed="True" result="Success" success="True" time="0.001" asserts="2" />
                                  <test-case name="Remotion.ObjectBinding.UnitTests.Web.UI.Controls.BocMultilineTextValueTest.LoadValueAndInterimTrue" executed="True" result="Success" success="True" time="0.001" asserts="2" />
                                  <test-case name="Remotion.ObjectBinding.UnitTests.Web.UI.Controls.BocMultilineTextValueTest.SetValueToNull" executed="True" result="Success" success="True" time="0.001" asserts="2" />
                                  <test-case name="Remotion.ObjectBinding.UnitTests.Web.UI.Controls.BocMultilineTextValueTest.SetValueToString" executed="True" result="Success" success="True" time="0.001" asserts="2" />
                                </results>
                              </test-suite>
                              <test-suite type="Namespace" name="BocReferenceValueImplementation" executed="True" result="Success" success="True" time="2.301" asserts="0">
                                <results>
                                  <test-suite type="Namespace" name="Rendering" executed="True" result="Success" success="True" time="2.301" asserts="0">
                                    <results>
                                      <test-suite type="TestFixture" name="BocAutoCompleteReferenceValueRendererTest" executed="True" result="Success" success="True" time="1.391" asserts="0">
                                        <results>
                                          <test-case name="Remotion.ObjectBinding.UnitTests.Web.UI.Controls.BocReferenceValueImplementation.Rendering.BocAutoCompleteReferenceValueRendererTest.RenderNullReferenceValue" executed="True" result="Success" success="True" time="0.208" asserts="45" />
                                          <test-case name="Remotion.ObjectBinding.UnitTests.Web.UI.Controls.BocReferenceValueImplementation.Rendering.BocAutoCompleteReferenceValueRendererTest.RenderNullReferenceValueReadOnly" executed="True" result="Success" success="True" time="0.117" asserts="30" />
                                          <test-case name="Remotion.ObjectBinding.UnitTests.Web.UI.Controls.BocReferenceValueImplementation.Rendering.BocAutoCompleteReferenceValueRendererTest.RenderNullReferenceValueReadOnlyWithOptionsMenu" executed="False" result="Ignored">
                                            <reason>
                                              <message><![CDATA[Assertions for embedded menu are incorrect: COMMONS-2431]]></message>
                                            </reason>
                                          </test-case>
                                          <test-case name="Remotion.ObjectBinding.UnitTests.Web.UI.Controls.BocReferenceValueImplementation.Rendering.BocAutoCompleteReferenceValueRendererTest.RenderNullReferenceValueReadOnlyWithStyle" executed="True" result="Success" success="True" time="0.112" asserts="34" />
                                          <test-case name="Remotion.ObjectBinding.UnitTests.Web.UI.Controls.BocReferenceValueImplementation.Rendering.BocAutoCompleteReferenceValueRendererTest.RenderNullReferenceValueWithEmbeddedOptionsMenu" executed="False" result="Ignored">
                                            <reason>
                                              <message><![CDATA[Assertions for embedded menu are incorrect: COMMONS-2431]]></message>
                                            </reason>
                                          </test-case>
                                          <test-case name="Remotion.ObjectBinding.UnitTests.Web.UI.Controls.BocReferenceValueImplementation.Rendering.BocAutoCompleteReferenceValueRendererTest.RenderNullReferenceValueWithEmbeddedOptionsMenuAndStyle" executed="False" result="Ignored">
                                            <reason>
                                              <message><![CDATA[Assertions for embedded menu are incorrect: COMMONS-2431]]></message>
                                            </reason>
                                          </test-case>
                                          <test-case name="Remotion.ObjectBinding.UnitTests.Web.UI.Controls.BocReferenceValueImplementation.Rendering.BocAutoCompleteReferenceValueRendererTest.RenderNullReferenceValueWithIcon" executed="True" result="Success" success="True" time="0.109" asserts="57" />
                                          <test-case name="Remotion.ObjectBinding.UnitTests.Web.UI.Controls.BocReferenceValueImplementation.Rendering.BocAutoCompleteReferenceValueRendererTest.RenderNullReferenceValueWithOptionsAndStyle" executed="True" result="Success" success="True" time="0.061" asserts="59" />
                                          <test-case name="Remotion.ObjectBinding.UnitTests.Web.UI.Controls.BocReferenceValueImplementation.Rendering.BocAutoCompleteReferenceValueRendererTest.RenderNullReferenceValueWithOptionsMenu" executed="True" result="Success" success="True" time="0.063" asserts="53" />
                                          <test-case name="Remotion.ObjectBinding.UnitTests.Web.UI.Controls.BocReferenceValueImplementation.Rendering.BocAutoCompleteReferenceValueRendererTest.RenderNullReferenceValueWithStyle" executed="True" result="Success" success="True" time="0.054" asserts="49" />
                                          <test-case name="Remotion.ObjectBinding.UnitTests.Web.UI.Controls.BocReferenceValueImplementation.Rendering.BocAutoCompleteReferenceValueRendererTest.RenderOptions" executed="False" result="Ignored">
                                            <reason>
                                              <message><![CDATA[Assertions for embedded menu are incorrect: COMMONS-2431]]></message>
                                            </reason>
                                          </test-case>
                                          <test-case name="Remotion.ObjectBinding.UnitTests.Web.UI.Controls.BocReferenceValueImplementation.Rendering.BocAutoCompleteReferenceValueRendererTest.RenderOptionsReadOnly" executed="True" result="Success" success="True" time="0.056" asserts="21" />
                                          <test-case name="Remotion.ObjectBinding.UnitTests.Web.UI.Controls.BocReferenceValueImplementation.Rendering.BocAutoCompleteReferenceValueRendererTest.RenderReferenceValue" executed="True" result="Success" success="True" time="0.066" asserts="45" />
                                          <test-case name="Remotion.ObjectBinding.UnitTests.Web.UI.Controls.BocReferenceValueImplementation.Rendering.BocAutoCompleteReferenceValueRendererTest.RenderReferenceValueAutoPostback" executed="True" result="Success" success="True" time="0.084" asserts="47" />
                                          <test-case name="Remotion.ObjectBinding.UnitTests.Web.UI.Controls.BocReferenceValueImplementation.Rendering.BocAutoCompleteReferenceValueRendererTest.RenderReferenceValueReadOnly" executed="True" result="Success" success="True" time="0.095" asserts="30" />
                                          <test-case name="Remotion.ObjectBinding.UnitTests.Web.UI.Controls.BocReferenceValueImplementation.Rendering.BocAutoCompleteReferenceValueRendererTest.RenderReferenceValueReadOnlyWithOptionsMenu" executed="False" result="Ignored">
                                            <reason>
                                              <message><![CDATA[Assertions for embedded menu are incorrect: COMMONS-2431]]></message>
                                            </reason>
                                          </test-case>
                                          <test-case name="Remotion.ObjectBinding.UnitTests.Web.UI.Controls.BocReferenceValueImplementation.Rendering.BocAutoCompleteReferenceValueRendererTest.RenderReferenceValueReadOnlyWithStyle" executed="True" result="Success" success="True" time="0.067" asserts="34" />
                                          <test-case name="Remotion.ObjectBinding.UnitTests.Web.UI.Controls.BocReferenceValueImplementation.Rendering.BocAutoCompleteReferenceValueRendererTest.RenderReferenceValueWithEmbeddedOptionsMenu" executed="False" result="Ignored">
                                            <reason>
                                              <message><![CDATA[Assertions for embedded menu are incorrect: COMMONS-2431]]></message>
                                            </reason>
                                          </test-case>
                                          <test-case name="Remotion.ObjectBinding.UnitTests.Web.UI.Controls.BocReferenceValueImplementation.Rendering.BocAutoCompleteReferenceValueRendererTest.RenderReferenceValueWithEmbeddedOptionsMenuAndStyle" executed="False" result="Ignored">
                                            <reason>
                                              <message><![CDATA[Assertions for embedded menu are incorrect: COMMONS-2431]]></message>
                                            </reason>
                                          </test-case>
                                          <test-case name="Remotion.ObjectBinding.UnitTests.Web.UI.Controls.BocReferenceValueImplementation.Rendering.BocAutoCompleteReferenceValueRendererTest.RenderReferenceValueWithIcon" executed="True" result="Success" success="True" time="0.072" asserts="57" />
                                          <test-case name="Remotion.ObjectBinding.UnitTests.Web.UI.Controls.BocReferenceValueImplementation.Rendering.BocAutoCompleteReferenceValueRendererTest.RenderReferenceValueWithOptionsAndStyle" executed="True" result="Success" success="True" time="0.080" asserts="59" />
                                          <test-case name="Remotion.ObjectBinding.UnitTests.Web.UI.Controls.BocReferenceValueImplementation.Rendering.BocAutoCompleteReferenceValueRendererTest.RenderReferenceValueWithOptionsMenu" executed="True" result="Success" success="True" time="0.062" asserts="55" />
                                          <test-case name="Remotion.ObjectBinding.UnitTests.Web.UI.Controls.BocReferenceValueImplementation.Rendering.BocAutoCompleteReferenceValueRendererTest.RenderReferenceValueWithStyle" executed="True" result="Success" success="True" time="0.080" asserts="49" />
                                        </results>
                                      </test-suite>
                                      <test-suite type="TestFixture" name="BocReferenceValueRendererTest" executed="True" result="Success" success="True" time="0.892" asserts="0">
                                        <results>
                                          <test-case name="Remotion.ObjectBinding.UnitTests.Web.UI.Controls.BocReferenceValueImplementation.Rendering.BocReferenceValueRendererTest.RenderNullReferenceValue" executed="True" result="Success" success="True" time="0.063" asserts="20" />
                                          <test-case name="Remotion.ObjectBinding.UnitTests.Web.UI.Controls.BocReferenceValueImplementation.Rendering.BocReferenceValueRendererTest.RenderNullReferenceValueReadOnly" executed="True" result="Success" success="True" time="0.050" asserts="30" />
                                          <test-case name="Remotion.ObjectBinding.UnitTests.Web.UI.Controls.BocReferenceValueImplementation.Rendering.BocReferenceValueRendererTest.RenderNullReferenceValueReadOnlyWithOptionsMenu" executed="False" result="Ignored">
                                            <reason>
                                              <message><![CDATA[Assertions for embedded menu are incorrect: COMMONS-2431]]></message>
                                            </reason>
                                          </test-case>
                                          <test-case name="Remotion.ObjectBinding.UnitTests.Web.UI.Controls.BocReferenceValueImplementation.Rendering.BocReferenceValueRendererTest.RenderNullReferenceValueReadOnlyWithStyle" executed="True" result="Success" success="True" time="0.057" asserts="34" />
                                          <test-case name="Remotion.ObjectBinding.UnitTests.Web.UI.Controls.BocReferenceValueImplementation.Rendering.BocReferenceValueRendererTest.RenderNullReferenceValueWithEmbeddedOptionsMenu" executed="False" result="Ignored">
                                            <reason>
                                              <message><![CDATA[Assertions for embedded menu are incorrect: COMMONS-2431]]></message>
                                            </reason>
                                          </test-case>
                                          <test-case name="Remotion.ObjectBinding.UnitTests.Web.UI.Controls.BocReferenceValueImplementation.Rendering.BocReferenceValueRendererTest.RenderNullReferenceValueWithEmbeddedOptionsMenuAndStyle" executed="False" result="Ignored">
                                            <reason>
                                              <message><![CDATA[Assertions for embedded menu are incorrect: COMMONS-2431]]></message>
                                            </reason>
                                          </test-case>
                                          <test-case name="Remotion.ObjectBinding.UnitTests.Web.UI.Controls.BocReferenceValueImplementation.Rendering.BocReferenceValueRendererTest.RenderNullReferenceValueWithIcon" executed="True" result="Success" success="True" time="0.078" asserts="32" />
                                          <test-case name="Remotion.ObjectBinding.UnitTests.Web.UI.Controls.BocReferenceValueImplementation.Rendering.BocReferenceValueRendererTest.RenderNullReferenceValueWithOptionsAndStyle" executed="True" result="Success" success="True" time="0.052" asserts="34" />
                                          <test-case name="Remotion.ObjectBinding.UnitTests.Web.UI.Controls.BocReferenceValueImplementation.Rendering.BocReferenceValueRendererTest.RenderNullReferenceValueWithOptionsMenu" executed="True" result="Success" success="True" time="0.048" asserts="28" />
                                          <test-case name="Remotion.ObjectBinding.UnitTests.Web.UI.Controls.BocReferenceValueImplementation.Rendering.BocReferenceValueRendererTest.RenderNullReferenceValueWithStyle" executed="True" result="Success" success="True" time="0.044" asserts="24" />
                                          <test-case name="Remotion.ObjectBinding.UnitTests.Web.UI.Controls.BocReferenceValueImplementation.Rendering.BocReferenceValueRendererTest.RenderOptions" executed="False" result="Ignored">
                                            <reason>
                                              <message><![CDATA[Assertions for embedded menu are incorrect: COMMONS-2431]]></message>
                                            </reason>
                                          </test-case>
                                          <test-case name="Remotion.ObjectBinding.UnitTests.Web.UI.Controls.BocReferenceValueImplementation.Rendering.BocReferenceValueRendererTest.RenderOptionsReadOnly" executed="True" result="Success" success="True" time="0.045" asserts="21" />
                                          <test-case name="Remotion.ObjectBinding.UnitTests.Web.UI.Controls.BocReferenceValueImplementation.Rendering.BocReferenceValueRendererTest.RenderReferenceValue" executed="True" result="Success" success="True" time="0.053" asserts="20" />
                                          <test-case name="Remotion.ObjectBinding.UnitTests.Web.UI.Controls.BocReferenceValueImplementation.Rendering.BocReferenceValueRendererTest.RenderReferenceValueAutoPostback" executed="True" result="Success" success="True" time="0.066" asserts="21" />
                                          <test-case name="Remotion.ObjectBinding.UnitTests.Web.UI.Controls.BocReferenceValueImplementation.Rendering.BocReferenceValueRendererTest.RenderReferenceValueReadOnly" executed="True" result="Success" success="True" time="0.063" asserts="30" />
                                          <test-case name="Remotion.ObjectBinding.UnitTests.Web.UI.Controls.BocReferenceValueImplementation.Rendering.BocReferenceValueRendererTest.RenderReferenceValueReadOnlyWithOptionsMenu" executed="False" result="Ignored">
                                            <reason>
                                              <message><![CDATA[Assertions for embedded menu are incorrect: COMMONS-2431]]></message>
                                            </reason>
                                          </test-case>
                                          <test-case name="Remotion.ObjectBinding.UnitTests.Web.UI.Controls.BocReferenceValueImplementation.Rendering.BocReferenceValueRendererTest.RenderReferenceValueReadOnlyWithStyle" executed="True" result="Success" success="True" time="0.056" asserts="34" />
                                          <test-case name="Remotion.ObjectBinding.UnitTests.Web.UI.Controls.BocReferenceValueImplementation.Rendering.BocReferenceValueRendererTest.RenderReferenceValueWithEmbeddedOptionsMenu" executed="False" result="Ignored">
                                            <reason>
                                              <message><![CDATA[Assertions for embedded menu are incorrect: COMMONS-2431]]></message>
                                            </reason>
                                          </test-case>
                                          <test-case name="Remotion.ObjectBinding.UnitTests.Web.UI.Controls.BocReferenceValueImplementation.Rendering.BocReferenceValueRendererTest.RenderReferenceValueWithEmbeddedOptionsMenuAndStyle" executed="False" result="Ignored">
                                            <reason>
                                              <message><![CDATA[Assertions for embedded menu are incorrect: COMMONS-2431]]></message>
                                            </reason>
                                          </test-case>
                                          <test-case name="Remotion.ObjectBinding.UnitTests.Web.UI.Controls.BocReferenceValueImplementation.Rendering.BocReferenceValueRendererTest.RenderReferenceValueWithIcon" executed="True" result="Success" success="True" time="0.059" asserts="32" />
                                          <test-case name="Remotion.ObjectBinding.UnitTests.Web.UI.Controls.BocReferenceValueImplementation.Rendering.BocReferenceValueRendererTest.RenderReferenceValueWithOptionsAndStyle" executed="True" result="Success" success="True" time="0.051" asserts="34" />
                                          <test-case name="Remotion.ObjectBinding.UnitTests.Web.UI.Controls.BocReferenceValueImplementation.Rendering.BocReferenceValueRendererTest.RenderReferenceValueWithOptionsMenu" executed="True" result="Success" success="True" time="0.052" asserts="30" />
                                          <test-case name="Remotion.ObjectBinding.UnitTests.Web.UI.Controls.BocReferenceValueImplementation.Rendering.BocReferenceValueRendererTest.RenderReferenceValueWithStyle" executed="True" result="Success" success="True" time="0.047" asserts="24" />
                                        </results>
                                      </test-suite>
                                      <test-suite type="TestFixture" name="IBocAutoCompleteReferenceValueRendererTest" executed="True" result="Success" success="True" time="0.005" asserts="0">
                                        <results>
                                          <test-case name="Remotion.ObjectBinding.UnitTests.Web.UI.Controls.BocReferenceValueImplementation.Rendering.IBocAutoCompleteReferenceValueRendererTest.GetInstance_Once" executed="True" result="Success" success="True" time="0.003" asserts="2" />
                                          <test-case name="Remotion.ObjectBinding.UnitTests.Web.UI.Controls.BocReferenceValueImplementation.Rendering.IBocAutoCompleteReferenceValueRendererTest.GetInstance_Twice_ReturnsSameInstance" executed="True" result="Success" success="True" time="0.002" asserts="1" />
                                        </results>
                                      </test-suite>
                                      <test-suite type="TestFixture" name="IBocReferenceValueRendererTest" executed="True" result="Success" success="True" time="0.004" asserts="0">
                                        <results>
                                          <test-case name="Remotion.ObjectBinding.UnitTests.Web.UI.Controls.BocReferenceValueImplementation.Rendering.IBocReferenceValueRendererTest.GetInstance_Once" executed="True" result="Success" success="True" time="0.003" asserts="2" />
                                          <test-case name="Remotion.ObjectBinding.UnitTests.Web.UI.Controls.BocReferenceValueImplementation.Rendering.IBocReferenceValueRendererTest.GetInstance_Twice_ReturnsSameInstance" executed="True" result="Success" success="True" time="0.001" asserts="1" />
                                        </results>
                                      </test-suite>
                                    </results>
                                  </test-suite>
                                </results>
                              </test-suite>
                              <test-suite type="TestFixture" name="BocReferenceValueTest" executed="True" result="Success" success="True" time="0.029" asserts="0">
                                <results>
                                  <test-case name="Remotion.ObjectBinding.UnitTests.Web.UI.Controls.BocReferenceValueTest.EvaluateWaiConformityDebugExceptionLevelAWithShowOptionsMenuTrue" executed="True" result="Success" success="True" time="0.004" asserts="4" />
                                  <test-case name="Remotion.ObjectBinding.UnitTests.Web.UI.Controls.BocReferenceValueTest.EvaluateWaiConformityDebugLevelAWithAutoPostBackTrue" executed="True" result="Success" success="True" time="0.001" asserts="4" />
                                  <test-case name="Remotion.ObjectBinding.UnitTests.Web.UI.Controls.BocReferenceValueTest.EvaluateWaiConformityDebugLevelAWithEventCommand" executed="True" result="Success" success="True" time="0.001" asserts="4" />
                                  <test-case name="Remotion.ObjectBinding.UnitTests.Web.UI.Controls.BocReferenceValueTest.EvaluateWaiConformityDebugLevelAWithHrefCommand" executed="True" result="Success" success="True" time="0.000" asserts="2" />
                                  <test-case name="Remotion.ObjectBinding.UnitTests.Web.UI.Controls.BocReferenceValueTest.EvaluateWaiConformityDebugLevelAWithoutCommand" executed="True" result="Success" success="True" time="0.001" asserts="2" />
                                  <test-case name="Remotion.ObjectBinding.UnitTests.Web.UI.Controls.BocReferenceValueTest.EvaluateWaiConformityDebugLevelAWithWxeFunctionCommand" executed="True" result="Success" success="True" time="0.002" asserts="4" />
                                  <test-case name="Remotion.ObjectBinding.UnitTests.Web.UI.Controls.BocReferenceValueTest.EvaluateWaiConformityDebugLevelUndefined" executed="True" result="Success" success="True" time="0.000" asserts="2" />
                                  <test-case name="Remotion.ObjectBinding.UnitTests.Web.UI.Controls.BocReferenceValueTest.EvaluateWaiConformityLevelA" executed="True" result="Success" success="True" time="0.001" asserts="2" />
                                  <test-case name="Remotion.ObjectBinding.UnitTests.Web.UI.Controls.BocReferenceValueTest.GetTrackedClientIDsInEditMode" executed="True" result="Success" success="True" time="0.002" asserts="3" />
                                  <test-case name="Remotion.ObjectBinding.UnitTests.Web.UI.Controls.BocReferenceValueTest.GetTrackedClientIDsInReadOnlyMode" executed="True" result="Success" success="True" time="0.000" asserts="2" />
                                  <test-case name="Remotion.ObjectBinding.UnitTests.Web.UI.Controls.BocReferenceValueTest.IsEventCommandDisabledWithWcagOverride" executed="True" result="Success" success="True" time="0.001" asserts="1" />
                                  <test-case name="Remotion.ObjectBinding.UnitTests.Web.UI.Controls.BocReferenceValueTest.IsEventCommandEnabledWithoutWcagOverride" executed="True" result="Success" success="True" time="0.002" asserts="1" />
                                  <test-case name="Remotion.ObjectBinding.UnitTests.Web.UI.Controls.BocReferenceValueTest.IsOptionsMenuInvisibleWithWcagOverride" executed="True" result="Success" success="True" time="0.001" asserts="1" />
                                  <test-case name="Remotion.ObjectBinding.UnitTests.Web.UI.Controls.BocReferenceValueTest.IsOptionsMenuVisibleWithoutWcagOverride" executed="True" result="Success" success="True" time="0.002" asserts="1" />
                                  <test-case name="Remotion.ObjectBinding.UnitTests.Web.UI.Controls.BocReferenceValueTest.IsWxeFunctionCommandDisabledWithWcagOverride" executed="True" result="Success" success="True" time="0.001" asserts="1" />
                                  <test-case name="Remotion.ObjectBinding.UnitTests.Web.UI.Controls.BocReferenceValueTest.IsWxeFunctionCommandEnabledWithoutWcagOverride" executed="True" result="Success" success="True" time="0.001" asserts="1" />
                                  <test-case name="Remotion.ObjectBinding.UnitTests.Web.UI.Controls.BocReferenceValueTest.LoadUnboundValueAndInterimFalseWithNull" executed="True" result="Success" success="True" time="0.002" asserts="2" />
                                  <test-case name="Remotion.ObjectBinding.UnitTests.Web.UI.Controls.BocReferenceValueTest.LoadUnboundValueAndInterimFalseWithObject" executed="True" result="Success" success="True" time="0.000" asserts="2" />
                                  <test-case name="Remotion.ObjectBinding.UnitTests.Web.UI.Controls.BocReferenceValueTest.LoadUnboundValueAndInterimTrue" executed="True" result="Success" success="True" time="0.001" asserts="2" />
                                  <test-case name="Remotion.ObjectBinding.UnitTests.Web.UI.Controls.BocReferenceValueTest.LoadValueAndInterimFalseWithNull" executed="True" result="Success" success="True" time="0.001" asserts="2" />
                                  <test-case name="Remotion.ObjectBinding.UnitTests.Web.UI.Controls.BocReferenceValueTest.LoadValueAndInterimFalseWithObject" executed="True" result="Success" success="True" time="0.001" asserts="2" />
                                  <test-case name="Remotion.ObjectBinding.UnitTests.Web.UI.Controls.BocReferenceValueTest.LoadValueAndInterimTrue" executed="True" result="Success" success="True" time="0.001" asserts="2" />
                                  <test-case name="Remotion.ObjectBinding.UnitTests.Web.UI.Controls.BocReferenceValueTest.SetValueToNull" executed="True" result="Success" success="True" time="0.001" asserts="2" />
                                  <test-case name="Remotion.ObjectBinding.UnitTests.Web.UI.Controls.BocReferenceValueTest.SetValueToObject" executed="True" result="Success" success="True" time="0.000" asserts="2" />
                                </results>
                              </test-suite>
                              <test-suite type="Namespace" name="BocTextValueImplementation" executed="True" result="Success" success="True" time="0.332" asserts="0">
                                <results>
                                  <test-suite type="Namespace" name="Rendering" executed="True" result="Success" success="True" time="0.330" asserts="0">
                                    <results>
                                      <test-suite type="TestFixture" name="BocMultilineTextValueRendererTest" executed="True" result="Success" success="True" time="0.122" asserts="0">
                                        <results>
                                          <test-case name="Remotion.ObjectBinding.UnitTests.Web.UI.Controls.BocTextValueImplementation.Rendering.BocMultilineTextValueRendererTest.RenderMultiLineDisabled" executed="True" result="Success" success="True" time="0.024" asserts="28" />
                                          <test-case name="Remotion.ObjectBinding.UnitTests.Web.UI.Controls.BocTextValueImplementation.Rendering.BocMultilineTextValueRendererTest.RenderMultiLineDisabledWithStyle" executed="True" result="Success" success="True" time="0.008" asserts="28" />
                                          <test-case name="Remotion.ObjectBinding.UnitTests.Web.UI.Controls.BocTextValueImplementation.Rendering.BocMultilineTextValueRendererTest.RenderMultiLineDisabledWithStyleInStandardProperties" executed="True" result="Success" success="True" time="0.005" asserts="28" />
                                          <test-case name="Remotion.ObjectBinding.UnitTests.Web.UI.Controls.BocTextValueImplementation.Rendering.BocMultilineTextValueRendererTest.RenderMultiLineEditable" executed="True" result="Success" success="True" time="0.006" asserts="26" />
                                          <test-case name="Remotion.ObjectBinding.UnitTests.Web.UI.Controls.BocTextValueImplementation.Rendering.BocMultilineTextValueRendererTest.RenderMultiLineEditableAutoPostback" executed="True" result="Success" success="True" time="0.007" asserts="28" />
                                          <test-case name="Remotion.ObjectBinding.UnitTests.Web.UI.Controls.BocTextValueImplementation.Rendering.BocMultilineTextValueRendererTest.RenderMultiLineEditableWithStyle" executed="True" result="Success" success="True" time="0.006" asserts="26" />
                                          <test-case name="Remotion.ObjectBinding.UnitTests.Web.UI.Controls.BocTextValueImplementation.Rendering.BocMultilineTextValueRendererTest.RenderMultiLineEditableWithStyleAndCssClass" executed="True" result="Success" success="True" time="0.007" asserts="26" />
                                          <test-case name="Remotion.ObjectBinding.UnitTests.Web.UI.Controls.BocTextValueImplementation.Rendering.BocMultilineTextValueRendererTest.RenderMultiLineEditableWithStyleAndCssClassInStandardProperties" executed="True" result="Success" success="True" time="0.006" asserts="26" />
                                          <test-case name="Remotion.ObjectBinding.UnitTests.Web.UI.Controls.BocTextValueImplementation.Rendering.BocMultilineTextValueRendererTest.RenderMultiLineEditableWithStyleInStandardProperties" executed="True" result="Success" success="True" time="0.005" asserts="26" />
                                          <test-case name="Remotion.ObjectBinding.UnitTests.Web.UI.Controls.BocTextValueImplementation.Rendering.BocMultilineTextValueRendererTest.RenderMultiLineReadonly" executed="True" result="Success" success="True" time="0.013" asserts="30" />
                                          <test-case name="Remotion.ObjectBinding.UnitTests.Web.UI.Controls.BocTextValueImplementation.Rendering.BocMultilineTextValueRendererTest.RenderMultiLineReadonlyWithStyle" executed="True" result="Success" success="True" time="0.009" asserts="32" />
                                          <test-case name="Remotion.ObjectBinding.UnitTests.Web.UI.Controls.BocTextValueImplementation.Rendering.BocMultilineTextValueRendererTest.RenderMultiLineReadonlyWithStyleAndCssClass" executed="True" result="Success" success="True" time="0.009" asserts="32" />
                                          <test-case name="Remotion.ObjectBinding.UnitTests.Web.UI.Controls.BocTextValueImplementation.Rendering.BocMultilineTextValueRendererTest.RenderMultiLineReadonlyWithStyleAndCssClassInStandardProperties" executed="True" result="Success" success="True" time="0.006" asserts="32" />
                                          <test-case name="Remotion.ObjectBinding.UnitTests.Web.UI.Controls.BocTextValueImplementation.Rendering.BocMultilineTextValueRendererTest.RenderMultiLineReadonlyWithStyleInStandardProperties" executed="True" result="Success" success="True" time="0.006" asserts="32" />
                                        </results>
                                      </test-suite>
                                      <test-suite type="TestFixture" name="BocTextValueRendererTest" executed="True" result="Success" success="True" time="0.189" asserts="0">
                                        <results>
                                          <test-case name="Remotion.ObjectBinding.UnitTests.Web.UI.Controls.BocTextValueImplementation.Rendering.BocTextValueRendererTest.RenderMultiLineReadonly" executed="True" result="Success" success="True" time="0.014" asserts="30" />
                                          <test-case name="Remotion.ObjectBinding.UnitTests.Web.UI.Controls.BocTextValueImplementation.Rendering.BocTextValueRendererTest.RenderMultiLineReadonlyWithStyle" executed="True" result="Success" success="True" time="0.006" asserts="36" />
                                          <test-case name="Remotion.ObjectBinding.UnitTests.Web.UI.Controls.BocTextValueImplementation.Rendering.BocTextValueRendererTest.RenderMultiLineReadonlyWithStyleAndCssClass" executed="True" result="Success" success="True" time="0.006" asserts="36" />
                                          <test-case name="Remotion.ObjectBinding.UnitTests.Web.UI.Controls.BocTextValueImplementation.Rendering.BocTextValueRendererTest.RenderMultiLineReadonlyWithStyleAndCssClassInStandardProperties" executed="True" result="Success" success="True" time="0.006" asserts="36" />
                                          <test-case name="Remotion.ObjectBinding.UnitTests.Web.UI.Controls.BocTextValueImplementation.Rendering.BocTextValueRendererTest.RenderMultiLineReadonlyWithStyleInStandardProperties" executed="True" result="Success" success="True" time="0.005" asserts="36" />
                                          <test-case name="Remotion.ObjectBinding.UnitTests.Web.UI.Controls.BocTextValueImplementation.Rendering.BocTextValueRendererTest.RenderSingleLineDisabled" executed="True" result="Success" success="True" time="0.008" asserts="26" />
                                          <test-case name="Remotion.ObjectBinding.UnitTests.Web.UI.Controls.BocTextValueImplementation.Rendering.BocTextValueRendererTest.RenderSingleLineDisabledWithStyle" executed="True" result="Success" success="True" time="0.006" asserts="32" />
                                          <test-case name="Remotion.ObjectBinding.UnitTests.Web.UI.Controls.BocTextValueImplementation.Rendering.BocTextValueRendererTest.RenderSingleLineDisabledWithStyleAndCssClass" executed="True" result="Success" success="True" time="0.013" asserts="32" />
                                          <test-case name="Remotion.ObjectBinding.UnitTests.Web.UI.Controls.BocTextValueImplementation.Rendering.BocTextValueRendererTest.RenderSingleLineDisabledWithStyleAndCssClassInStandardProperties" executed="True" result="Success" success="True" time="0.006" asserts="32" />
                                          <test-case name="Remotion.ObjectBinding.UnitTests.Web.UI.Controls.BocTextValueImplementation.Rendering.BocTextValueRendererTest.RenderSingleLineDisabledWithStyleInStandardProperties" executed="True" result="Success" success="True" time="0.011" asserts="32" />
                                          <test-case name="Remotion.ObjectBinding.UnitTests.Web.UI.Controls.BocTextValueImplementation.Rendering.BocTextValueRendererTest.RenderSingleLineEditabaleAutoPostback" executed="True" result="Success" success="True" time="0.010" asserts="24" />
                                          <test-case name="Remotion.ObjectBinding.UnitTests.Web.UI.Controls.BocTextValueImplementation.Rendering.BocTextValueRendererTest.RenderSingleLineEditable" executed="True" result="Success" success="True" time="0.010" asserts="22" />
                                          <test-case name="Remotion.ObjectBinding.UnitTests.Web.UI.Controls.BocTextValueImplementation.Rendering.BocTextValueRendererTest.RenderSingleLineEditableWithStyle" executed="True" result="Success" success="True" time="0.011" asserts="28" />
                                          <test-case name="Remotion.ObjectBinding.UnitTests.Web.UI.Controls.BocTextValueImplementation.Rendering.BocTextValueRendererTest.RenderSingleLineEditableWithStyleAndCssClass" executed="True" result="Success" success="True" time="0.011" asserts="28" />
                                          <test-case name="Remotion.ObjectBinding.UnitTests.Web.UI.Controls.BocTextValueImplementation.Rendering.BocTextValueRendererTest.RenderSingleLineEditableWithStyleAndCssClassInStandardProperties" executed="True" result="Success" success="True" time="0.011" asserts="28" />
                                          <test-case name="Remotion.ObjectBinding.UnitTests.Web.UI.Controls.BocTextValueImplementation.Rendering.BocTextValueRendererTest.RenderSingleLineEditableWithStyleInStandardProperties" executed="True" result="Success" success="True" time="0.008" asserts="28" />
                                          <test-case name="Remotion.ObjectBinding.UnitTests.Web.UI.Controls.BocTextValueImplementation.Rendering.BocTextValueRendererTest.RenderSingleLineReadonly" executed="True" result="Success" success="True" time="0.013" asserts="23" />
                                          <test-case name="Remotion.ObjectBinding.UnitTests.Web.UI.Controls.BocTextValueImplementation.Rendering.BocTextValueRendererTest.RenderSingleLineReadonlyWithStyle" executed="True" result="Success" success="True" time="0.009" asserts="29" />
                                          <test-case name="Remotion.ObjectBinding.UnitTests.Web.UI.Controls.BocTextValueImplementation.Rendering.BocTextValueRendererTest.RenderSingleLineReadonlyWithStyleAndCssClass" executed="True" result="Success" success="True" time="0.006" asserts="29" />
                                          <test-case name="Remotion.ObjectBinding.UnitTests.Web.UI.Controls.BocTextValueImplementation.Rendering.BocTextValueRendererTest.RenderSingleLineReadonlyWithStyleAndCssClassInStandardProperties" executed="True" result="Success" success="True" time="0.006" asserts="29" />
                                          <test-case name="Remotion.ObjectBinding.UnitTests.Web.UI.Controls.BocTextValueImplementation.Rendering.BocTextValueRendererTest.RenderSingleLineReadonlyWithStyleInStandardProperties" executed="True" result="Success" success="True" time="0.005" asserts="29" />
                                        </results>
                                      </test-suite>
                                      <test-suite type="TestFixture" name="IBocMultilineTextValueRendererTest" executed="True" result="Success" success="True" time="0.006" asserts="0">
                                        <results>
                                          <test-case name="Remotion.ObjectBinding.UnitTests.Web.UI.Controls.BocTextValueImplementation.Rendering.IBocMultilineTextValueRendererTest.GetInstance_Once" executed="True" result="Success" success="True" time="0.003" asserts="2" />
                                          <test-case name="Remotion.ObjectBinding.UnitTests.Web.UI.Controls.BocTextValueImplementation.Rendering.IBocMultilineTextValueRendererTest.GetInstance_Twice_ReturnsSameInstance" executed="True" result="Success" success="True" time="0.002" asserts="1" />
                                        </results>
                                      </test-suite>
                                      <test-suite type="TestFixture" name="IBocTextValueRendererTest" executed="True" result="Success" success="True" time="0.005" asserts="0">
                                        <results>
                                          <test-case name="Remotion.ObjectBinding.UnitTests.Web.UI.Controls.BocTextValueImplementation.Rendering.IBocTextValueRendererTest.GetInstance_Once" executed="True" result="Success" success="True" time="0.002" asserts="2" />
                                          <test-case name="Remotion.ObjectBinding.UnitTests.Web.UI.Controls.BocTextValueImplementation.Rendering.IBocTextValueRendererTest.GetInstance_Twice_ReturnsSameInstance" executed="True" result="Success" success="True" time="0.002" asserts="1" />
                                        </results>
                                      </test-suite>
                                    </results>
                                  </test-suite>
                                </results>
                              </test-suite>
                              <test-suite type="Namespace" name="BocTextValueTests" executed="True" result="Success" success="True" time="0.041" asserts="0">
                                <results>
                                  <test-suite type="TestFixture" name="AllDataTypes" executed="True" result="Success" success="True" time="0.026" asserts="0">
                                    <results>
                                      <test-case name="Remotion.ObjectBinding.UnitTests.Web.UI.Controls.BocTextValueTests.AllDataTypes.LoadAndSaveValue_WithByte" executed="True" result="Success" success="True" time="0.007" asserts="6" />
                                      <test-case name="Remotion.ObjectBinding.UnitTests.Web.UI.Controls.BocTextValueTests.AllDataTypes.LoadAndSaveValue_WithDate" executed="True" result="Success" success="True" time="0.002" asserts="6" />
                                      <test-case name="Remotion.ObjectBinding.UnitTests.Web.UI.Controls.BocTextValueTests.AllDataTypes.LoadAndSaveValue_WithDateTime" executed="True" result="Success" success="True" time="0.002" asserts="6" />
                                      <test-case name="Remotion.ObjectBinding.UnitTests.Web.UI.Controls.BocTextValueTests.AllDataTypes.LoadAndSaveValue_WithDecimal" executed="True" result="Success" success="True" time="0.003" asserts="6" />
                                      <test-case name="Remotion.ObjectBinding.UnitTests.Web.UI.Controls.BocTextValueTests.AllDataTypes.LoadAndSaveValue_WithDouble" executed="True" result="Success" success="True" time="0.003" asserts="6" />
                                      <test-case name="Remotion.ObjectBinding.UnitTests.Web.UI.Controls.BocTextValueTests.AllDataTypes.LoadAndSaveValue_WithInt16" executed="True" result="Success" success="True" time="0.002" asserts="6" />
                                      <test-case name="Remotion.ObjectBinding.UnitTests.Web.UI.Controls.BocTextValueTests.AllDataTypes.LoadAndSaveValue_WithInt32" executed="True" result="Success" success="True" time="0.001" asserts="6" />
                                      <test-case name="Remotion.ObjectBinding.UnitTests.Web.UI.Controls.BocTextValueTests.AllDataTypes.LoadAndSaveValue_WithInt64" executed="True" result="Success" success="True" time="0.002" asserts="6" />
                                      <test-case name="Remotion.ObjectBinding.UnitTests.Web.UI.Controls.BocTextValueTests.AllDataTypes.LoadAndSaveValue_WithSingle" executed="True" result="Success" success="True" time="0.002" asserts="6" />
                                      <test-case name="Remotion.ObjectBinding.UnitTests.Web.UI.Controls.BocTextValueTests.AllDataTypes.LoadAndSaveValue_WithString" executed="True" result="Success" success="True" time="0.002" asserts="6" />
                                    </results>
                                  </test-suite>
                                  <test-suite type="TestFixture" name="Common" executed="True" result="Success" success="True" time="0.013" asserts="0">
                                    <results>
                                      <test-case name="Remotion.ObjectBinding.UnitTests.Web.UI.Controls.BocTextValueTests.Common.EvaluateWaiConformityDebugLevelAWithTextBoxStyleAutoPostBackTrue" executed="True" result="Success" success="True" time="0.001" asserts="4" />
                                      <test-case name="Remotion.ObjectBinding.UnitTests.Web.UI.Controls.BocTextValueTests.Common.EvaluateWaiConformityDebugLevelUndefined" executed="True" result="Success" success="True" time="0.001" asserts="2" />
                                      <test-case name="Remotion.ObjectBinding.UnitTests.Web.UI.Controls.BocTextValueTests.Common.EvaluateWaiConformityLevelA" executed="True" result="Success" success="True" time="0.000" asserts="2" />
                                      <test-case name="Remotion.ObjectBinding.UnitTests.Web.UI.Controls.BocTextValueTests.Common.GetTrackedClientIDsInEditMode" executed="True" result="Success" success="True" time="0.001" asserts="3" />
                                      <test-case name="Remotion.ObjectBinding.UnitTests.Web.UI.Controls.BocTextValueTests.Common.GetTrackedClientIDsInReadOnlyMode" executed="True" result="Success" success="True" time="0.001" asserts="2" />
                                      <test-case name="Remotion.ObjectBinding.UnitTests.Web.UI.Controls.BocTextValueTests.Common.LoadUnboundValueAndInterimFalseWithNull" executed="True" result="Success" success="True" time="0.001" asserts="2" />
                                      <test-case name="Remotion.ObjectBinding.UnitTests.Web.UI.Controls.BocTextValueTests.Common.LoadUnboundValueAndInterimFalseWithString" executed="True" result="Success" success="True" time="0.000" asserts="2" />
                                      <test-case name="Remotion.ObjectBinding.UnitTests.Web.UI.Controls.BocTextValueTests.Common.LoadUnboundValueAndInterimTrue" executed="True" result="Success" success="True" time="0.001" asserts="2" />
                                      <test-case name="Remotion.ObjectBinding.UnitTests.Web.UI.Controls.BocTextValueTests.Common.LoadValueAndInterimFalseWithNull" executed="True" result="Success" success="True" time="0.001" asserts="2" />
                                      <test-case name="Remotion.ObjectBinding.UnitTests.Web.UI.Controls.BocTextValueTests.Common.LoadValueAndInterimFalseWithString" executed="True" result="Success" success="True" time="0.000" asserts="2" />
                                      <test-case name="Remotion.ObjectBinding.UnitTests.Web.UI.Controls.BocTextValueTests.Common.LoadValueAndInterimTrue" executed="True" result="Success" success="True" time="0.001" asserts="2" />
                                      <test-case name="Remotion.ObjectBinding.UnitTests.Web.UI.Controls.BocTextValueTests.Common.SetValueToNull" executed="True" result="Success" success="True" time="0.001" asserts="2" />
                                      <test-case name="Remotion.ObjectBinding.UnitTests.Web.UI.Controls.BocTextValueTests.Common.SetValueToString" executed="True" result="Success" success="True" time="0.001" asserts="2" />
                                    </results>
                                  </test-suite>
                                </results>
                              </test-suite>
                              <test-suite type="TestFixture" name="BocTreeViewTest" executed="True" result="Success" success="True" time="0.014" asserts="0">
                                <results>
                                  <test-case name="Remotion.ObjectBinding.UnitTests.Web.UI.Controls.BocTreeViewTest.EvaluateWaiConformityDebugLevelA" executed="True" result="Success" success="True" time="0.004" asserts="4" />
                                  <test-case name="Remotion.ObjectBinding.UnitTests.Web.UI.Controls.BocTreeViewTest.EvaluateWaiConformityDebugLevelUndefined" executed="True" result="Success" success="True" time="0.000" asserts="2" />
                                  <test-case name="Remotion.ObjectBinding.UnitTests.Web.UI.Controls.BocTreeViewTest.EvaluateWaiConformityLevelA" executed="True" result="Success" success="True" time="0.000" asserts="2" />
                                  <test-case name="Remotion.ObjectBinding.UnitTests.Web.UI.Controls.BocTreeViewTest.LoadUnboundValueAndInterimFalseWithList" executed="True" result="Success" success="True" time="0.003" asserts="1" />
                                  <test-case name="Remotion.ObjectBinding.UnitTests.Web.UI.Controls.BocTreeViewTest.LoadUnboundValueAndInterimFalseWithNull" executed="True" result="Success" success="True" time="0.000" asserts="1" />
                                  <test-case name="Remotion.ObjectBinding.UnitTests.Web.UI.Controls.BocTreeViewTest.LoadUnboundValueAndInterimTrueWithList" executed="True" result="Success" success="True" time="0.001" asserts="1" />
                                  <test-case name="Remotion.ObjectBinding.UnitTests.Web.UI.Controls.BocTreeViewTest.LoadUnboundValueAndInterimTrueWithNull" executed="True" result="Success" success="True" time="0.000" asserts="1" />
                                  <test-case name="Remotion.ObjectBinding.UnitTests.Web.UI.Controls.BocTreeViewTest.LoadValueAndInterimFalseWithObject" executed="True" result="Success" success="True" time="0.001" asserts="3" />
                                  <test-case name="Remotion.ObjectBinding.UnitTests.Web.UI.Controls.BocTreeViewTest.LoadValueAndInterimTrueWithObject" executed="True" result="Success" success="True" time="0.001" asserts="3" />
                                  <test-case name="Remotion.ObjectBinding.UnitTests.Web.UI.Controls.BocTreeViewTest.SetValueToList" executed="True" result="Success" success="True" time="0.000" asserts="1" />
                                  <test-case name="Remotion.ObjectBinding.UnitTests.Web.UI.Controls.BocTreeViewTest.SetValueToNull" executed="True" result="Success" success="True" time="0.001" asserts="1" />
                                </results>
                              </test-suite>
                            </results>
                          </test-suite>
                        </results>
                      </test-suite>
                    </results>
                  </test-suite>
                </results>
              </test-suite>
            </results>
          </test-suite>
        </results>
      </test-suite>
    </results>
  </test-suite>
</test-results>